running egg_info
creating ../../build/session7_turtlebot3_robot/session7_turtlebot3_robot.egg-info
writing ../../build/session7_turtlebot3_robot/session7_turtlebot3_robot.egg-info/PKG-INFO
writing dependency_links to ../../build/session7_turtlebot3_robot/session7_turtlebot3_robot.egg-info/dependency_links.txt
writing entry points to ../../build/session7_turtlebot3_robot/session7_turtlebot3_robot.egg-info/entry_points.txt
writing requirements to ../../build/session7_turtlebot3_robot/session7_turtlebot3_robot.egg-info/requires.txt
writing top-level names to ../../build/session7_turtlebot3_robot/session7_turtlebot3_robot.egg-info/top_level.txt
writing manifest file '../../build/session7_turtlebot3_robot/session7_turtlebot3_robot.egg-info/SOURCES.txt'
reading manifest file '../../build/session7_turtlebot3_robot/session7_turtlebot3_robot.egg-info/SOURCES.txt'
writing manifest file '../../build/session7_turtlebot3_robot/session7_turtlebot3_robot.egg-info/SOURCES.txt'
running build
running build_py
creating /home/user/ros2_navigationrobot_ws/build/session7_turtlebot3_robot/build
creating /home/user/ros2_navigationrobot_ws/build/session7_turtlebot3_robot/build/lib
creating /home/user/ros2_navigationrobot_ws/build/session7_turtlebot3_robot/build/lib/session7_turtlebot3_robot
copying session7_turtlebot3_robot/robot_driver.py -> /home/user/ros2_navigationrobot_ws/build/session7_turtlebot3_robot/build/lib/session7_turtlebot3_robot
copying session7_turtlebot3_robot/wall_finder_service_server.py -> /home/user/ros2_navigationrobot_ws/build/session7_turtlebot3_robot/build/lib/session7_turtlebot3_robot
copying session7_turtlebot3_robot/lap_time_action_server.py -> /home/user/ros2_navigationrobot_ws/build/session7_turtlebot3_robot/build/lib/session7_turtlebot3_robot
copying session7_turtlebot3_robot/__init__.py -> /home/user/ros2_navigationrobot_ws/build/session7_turtlebot3_robot/build/lib/session7_turtlebot3_robot
copying session7_turtlebot3_robot/lap_time_action_client.py -> /home/user/ros2_navigationrobot_ws/build/session7_turtlebot3_robot/build/lib/session7_turtlebot3_robot
running install
running install_lib
creating /home/user/ros2_navigationrobot_ws/install/session7_turtlebot3_robot/lib/python3.10/site-packages/session7_turtlebot3_robot
copying /home/user/ros2_navigationrobot_ws/build/session7_turtlebot3_robot/build/lib/session7_turtlebot3_robot/robot_driver.py -> /home/user/ros2_navigationrobot_ws/install/session7_turtlebot3_robot/lib/python3.10/site-packages/session7_turtlebot3_robot
copying /home/user/ros2_navigationrobot_ws/build/session7_turtlebot3_robot/build/lib/session7_turtlebot3_robot/wall_finder_service_server.py -> /home/user/ros2_navigationrobot_ws/install/session7_turtlebot3_robot/lib/python3.10/site-packages/session7_turtlebot3_robot
copying /home/user/ros2_navigationrobot_ws/build/session7_turtlebot3_robot/build/lib/session7_turtlebot3_robot/lap_time_action_server.py -> /home/user/ros2_navigationrobot_ws/install/session7_turtlebot3_robot/lib/python3.10/site-packages/session7_turtlebot3_robot
copying /home/user/ros2_navigationrobot_ws/build/session7_turtlebot3_robot/build/lib/session7_turtlebot3_robot/__init__.py -> /home/user/ros2_navigationrobot_ws/install/session7_turtlebot3_robot/lib/python3.10/site-packages/session7_turtlebot3_robot
copying /home/user/ros2_navigationrobot_ws/build/session7_turtlebot3_robot/build/lib/session7_turtlebot3_robot/lap_time_action_client.py -> /home/user/ros2_navigationrobot_ws/install/session7_turtlebot3_robot/lib/python3.10/site-packages/session7_turtlebot3_robot
byte-compiling /home/user/ros2_navigationrobot_ws/install/session7_turtlebot3_robot/lib/python3.10/site-packages/session7_turtlebot3_robot/robot_driver.py to robot_driver.cpython-310.pyc
byte-compiling /home/user/ros2_navigationrobot_ws/install/session7_turtlebot3_robot/lib/python3.10/site-packages/session7_turtlebot3_robot/wall_finder_service_server.py to wall_finder_service_server.cpython-310.pyc
byte-compiling /home/user/ros2_navigationrobot_ws/install/session7_turtlebot3_robot/lib/python3.10/site-packages/session7_turtlebot3_robot/lap_time_action_server.py to lap_time_action_server.cpython-310.pyc
byte-compiling /home/user/ros2_navigationrobot_ws/install/session7_turtlebot3_robot/lib/python3.10/site-packages/session7_turtlebot3_robot/__init__.py to __init__.cpython-310.pyc
byte-compiling /home/user/ros2_navigationrobot_ws/install/session7_turtlebot3_robot/lib/python3.10/site-packages/session7_turtlebot3_robot/lap_time_action_client.py to lap_time_action_client.cpython-310.pyc
running install_data
creating /home/user/ros2_navigationrobot_ws/install/session7_turtlebot3_robot/share/ament_index
creating /home/user/ros2_navigationrobot_ws/install/session7_turtlebot3_robot/share/ament_index/resource_index
creating /home/user/ros2_navigationrobot_ws/install/session7_turtlebot3_robot/share/ament_index/resource_index/packages
copying resource/session7_turtlebot3_robot -> /home/user/ros2_navigationrobot_ws/install/session7_turtlebot3_robot/share/ament_index/resource_index/packages
copying package.xml -> /home/user/ros2_navigationrobot_ws/install/session7_turtlebot3_robot/share/session7_turtlebot3_robot
creating /home/user/ros2_navigationrobot_ws/install/session7_turtlebot3_robot/share/session7_turtlebot3_robot/launch
copying launch/navigation_robot_launch.py -> /home/user/ros2_navigationrobot_ws/install/session7_turtlebot3_robot/share/session7_turtlebot3_robot/launch
running install_egg_info
Copying ../../build/session7_turtlebot3_robot/session7_turtlebot3_robot.egg-info to /home/user/ros2_navigationrobot_ws/install/session7_turtlebot3_robot/lib/python3.10/site-packages/session7_turtlebot3_robot-0.0.0-py3.10.egg-info
running install_scripts
Installing lap_time_action_client script to /home/user/ros2_navigationrobot_ws/install/session7_turtlebot3_robot/lib/session7_turtlebot3_robot
Installing lap_time_action_server script to /home/user/ros2_navigationrobot_ws/install/session7_turtlebot3_robot/lib/session7_turtlebot3_robot
Installing robot_driver script to /home/user/ros2_navigationrobot_ws/install/session7_turtlebot3_robot/lib/session7_turtlebot3_robot
Installing wall_finder_service_server script to /home/user/ros2_navigationrobot_ws/install/session7_turtlebot3_robot/lib/session7_turtlebot3_robot
writing list of installed files to '/home/user/ros2_navigationrobot_ws/build/session7_turtlebot3_robot/install.log'
