[3.050s] Invoking command in '/home/user/ros2_navigationrobot_ws/src/session7_turtlebot3_robot': PYTHONPATH=/home/user/ros2_navigationrobot_ws/build/session7_turtlebot3_robot/prefix_override:/home/user/ros2_navigationrobot_ws/install/session7_turtlebot3_robot/lib/python3.10/site-packages:${PYTHONPATH} _=/usr/bin/env /usr/bin/python3 -W ignore:setup.py install is deprecated setup.py egg_info --egg-base ../../build/session7_turtlebot3_robot build --build-base /home/user/ros2_navigationrobot_ws/build/session7_turtlebot3_robot/build install --record /home/user/ros2_navigationrobot_ws/build/session7_turtlebot3_robot/install.log --single-version-externally-managed install_data
[4.182s] running egg_info
[4.183s] creating ../../build/session7_turtlebot3_robot/session7_turtlebot3_robot.egg-info
[4.183s] writing ../../build/session7_turtlebot3_robot/session7_turtlebot3_robot.egg-info/PKG-INFO
[4.184s] writing dependency_links to ../../build/session7_turtlebot3_robot/session7_turtlebot3_robot.egg-info/dependency_links.txt
[4.184s] writing entry points to ../../build/session7_turtlebot3_robot/session7_turtlebot3_robot.egg-info/entry_points.txt
[4.185s] writing requirements to ../../build/session7_turtlebot3_robot/session7_turtlebot3_robot.egg-info/requires.txt
[4.185s] writing top-level names to ../../build/session7_turtlebot3_robot/session7_turtlebot3_robot.egg-info/top_level.txt
[4.185s] writing manifest file '../../build/session7_turtlebot3_robot/session7_turtlebot3_robot.egg-info/SOURCES.txt'
[4.187s] reading manifest file '../../build/session7_turtlebot3_robot/session7_turtlebot3_robot.egg-info/SOURCES.txt'
[4.189s] writing manifest file '../../build/session7_turtlebot3_robot/session7_turtlebot3_robot.egg-info/SOURCES.txt'
[4.191s] running build
[4.191s] running build_py
[4.191s] creating /home/user/ros2_navigationrobot_ws/build/session7_turtlebot3_robot/build
[4.191s] creating /home/user/ros2_navigationrobot_ws/build/session7_turtlebot3_robot/build/lib
[4.191s] creating /home/user/ros2_navigationrobot_ws/build/session7_turtlebot3_robot/build/lib/session7_turtlebot3_robot
[4.191s] copying session7_turtlebot3_robot/robot_driver.py -> /home/user/ros2_navigationrobot_ws/build/session7_turtlebot3_robot/build/lib/session7_turtlebot3_robot
[4.191s] copying session7_turtlebot3_robot/wall_finder_service_server.py -> /home/user/ros2_navigationrobot_ws/build/session7_turtlebot3_robot/build/lib/session7_turtlebot3_robot
[4.192s] copying session7_turtlebot3_robot/lap_time_action_server.py -> /home/user/ros2_navigationrobot_ws/build/session7_turtlebot3_robot/build/lib/session7_turtlebot3_robot
[4.192s] copying session7_turtlebot3_robot/__init__.py -> /home/user/ros2_navigationrobot_ws/build/session7_turtlebot3_robot/build/lib/session7_turtlebot3_robot
[4.192s] copying session7_turtlebot3_robot/lap_time_action_client.py -> /home/user/ros2_navigationrobot_ws/build/session7_turtlebot3_robot/build/lib/session7_turtlebot3_robot
[4.192s] running install
[4.192s] running install_lib
[4.193s] creating /home/user/ros2_navigationrobot_ws/install/session7_turtlebot3_robot/lib/python3.10/site-packages/session7_turtlebot3_robot
[4.193s] copying /home/user/ros2_navigationrobot_ws/build/session7_turtlebot3_robot/build/lib/session7_turtlebot3_robot/robot_driver.py -> /home/user/ros2_navigationrobot_ws/install/session7_turtlebot3_robot/lib/python3.10/site-packages/session7_turtlebot3_robot
[4.193s] copying /home/user/ros2_navigationrobot_ws/build/session7_turtlebot3_robot/build/lib/session7_turtlebot3_robot/wall_finder_service_server.py -> /home/user/ros2_navigationrobot_ws/install/session7_turtlebot3_robot/lib/python3.10/site-packages/session7_turtlebot3_robot
[4.194s] copying /home/user/ros2_navigationrobot_ws/build/session7_turtlebot3_robot/build/lib/session7_turtlebot3_robot/lap_time_action_server.py -> /home/user/ros2_navigationrobot_ws/install/session7_turtlebot3_robot/lib/python3.10/site-packages/session7_turtlebot3_robot
[4.194s] copying /home/user/ros2_navigationrobot_ws/build/session7_turtlebot3_robot/build/lib/session7_turtlebot3_robot/__init__.py -> /home/user/ros2_navigationrobot_ws/install/session7_turtlebot3_robot/lib/python3.10/site-packages/session7_turtlebot3_robot
[4.195s] copying /home/user/ros2_navigationrobot_ws/build/session7_turtlebot3_robot/build/lib/session7_turtlebot3_robot/lap_time_action_client.py -> /home/user/ros2_navigationrobot_ws/install/session7_turtlebot3_robot/lib/python3.10/site-packages/session7_turtlebot3_robot
[4.196s] byte-compiling /home/user/ros2_navigationrobot_ws/install/session7_turtlebot3_robot/lib/python3.10/site-packages/session7_turtlebot3_robot/robot_driver.py to robot_driver.cpython-310.pyc
[4.197s] byte-compiling /home/user/ros2_navigationrobot_ws/install/session7_turtlebot3_robot/lib/python3.10/site-packages/session7_turtlebot3_robot/wall_finder_service_server.py to wall_finder_service_server.cpython-310.pyc
[4.199s] byte-compiling /home/user/ros2_navigationrobot_ws/install/session7_turtlebot3_robot/lib/python3.10/site-packages/session7_turtlebot3_robot/lap_time_action_server.py to lap_time_action_server.cpython-310.pyc
[4.200s] byte-compiling /home/user/ros2_navigationrobot_ws/install/session7_turtlebot3_robot/lib/python3.10/site-packages/session7_turtlebot3_robot/__init__.py to __init__.cpython-310.pyc
[4.200s] byte-compiling /home/user/ros2_navigationrobot_ws/install/session7_turtlebot3_robot/lib/python3.10/site-packages/session7_turtlebot3_robot/lap_time_action_client.py to lap_time_action_client.cpython-310.pyc
[4.201s] running install_data
[4.201s] creating /home/user/ros2_navigationrobot_ws/install/session7_turtlebot3_robot/share/ament_index
[4.201s] creating /home/user/ros2_navigationrobot_ws/install/session7_turtlebot3_robot/share/ament_index/resource_index
[4.201s] creating /home/user/ros2_navigationrobot_ws/install/session7_turtlebot3_robot/share/ament_index/resource_index/packages
[4.202s] copying resource/session7_turtlebot3_robot -> /home/user/ros2_navigationrobot_ws/install/session7_turtlebot3_robot/share/ament_index/resource_index/packages
[4.202s] copying package.xml -> /home/user/ros2_navigationrobot_ws/install/session7_turtlebot3_robot/share/session7_turtlebot3_robot
[4.202s] creating /home/user/ros2_navigationrobot_ws/install/session7_turtlebot3_robot/share/session7_turtlebot3_robot/launch
[4.202s] copying launch/navigation_robot_launch.py -> /home/user/ros2_navigationrobot_ws/install/session7_turtlebot3_robot/share/session7_turtlebot3_robot/launch
[4.202s] running install_egg_info
[4.205s] Copying ../../build/session7_turtlebot3_robot/session7_turtlebot3_robot.egg-info to /home/user/ros2_navigationrobot_ws/install/session7_turtlebot3_robot/lib/python3.10/site-packages/session7_turtlebot3_robot-0.0.0-py3.10.egg-info
[4.206s] running install_scripts
[4.333s] Installing lap_time_action_client script to /home/user/ros2_navigationrobot_ws/install/session7_turtlebot3_robot/lib/session7_turtlebot3_robot
[4.333s] Installing lap_time_action_server script to /home/user/ros2_navigationrobot_ws/install/session7_turtlebot3_robot/lib/session7_turtlebot3_robot
[4.334s] Installing robot_driver script to /home/user/ros2_navigationrobot_ws/install/session7_turtlebot3_robot/lib/session7_turtlebot3_robot
[4.334s] Installing wall_finder_service_server script to /home/user/ros2_navigationrobot_ws/install/session7_turtlebot3_robot/lib/session7_turtlebot3_robot
[4.334s] writing list of installed files to '/home/user/ros2_navigationrobot_ws/build/session7_turtlebot3_robot/install.log'
[4.420s] Invoked command in '/home/user/ros2_navigationrobot_ws/src/session7_turtlebot3_robot' returned '0': PYTHONPATH=/home/user/ros2_navigationrobot_ws/build/session7_turtlebot3_robot/prefix_override:/home/user/ros2_navigationrobot_ws/install/session7_turtlebot3_robot/lib/python3.10/site-packages:${PYTHONPATH} _=/usr/bin/env /usr/bin/python3 -W ignore:setup.py install is deprecated setup.py egg_info --egg-base ../../build/session7_turtlebot3_robot build --build-base /home/user/ros2_navigationrobot_ws/build/session7_turtlebot3_robot/build install --record /home/user/ros2_navigationrobot_ws/build/session7_turtlebot3_robot/install.log --single-version-externally-managed install_data
