[0.037s] Invoking command in '/home/user/ros2_navigationrobot_ws/build/navigation_robot_custom_interfaces': CMAKE_PREFIX_PATH=${CMAKE_PREFIX_PATH}:/home/user/ros2_navigationrobot_ws/install/session7_turtlebot3_robot:/home/simulations/ros2_sims_ws/install/rclrs_tests:/home/simulations/ros2_sims_ws/install/examples_rclrs_minimal_client_service:/home/simulations/ros2_sims_ws/install/sensor_msgs_py:/home/simulations/ros2_sims_ws/install/examples_rclrs_minimal_pub_sub:/home/simulations/ros2_sims_ws/install/examples_rclrs_message_demo:/home/simulations/ros2_sims_ws/install/rclrs:/home/simulations/ros2_sims_ws/install/rosidl_runtime_rs:/opt/ros/humble _=/usr/bin/env /usr/bin/cmake --build /home/user/ros2_navigationrobot_ws/build/navigation_robot_custom_interfaces -- -j8 -l8
[0.227s] [  2%] [34m[1mGenerating Rust code for ROS interfaces[0m
[1.242s] [  2%] Built target navigation_robot_custom_interfaces__rs
[1.350s] [  2%] Built target ament_cmake_python_copy_navigation_robot_custom_interfaces
[1.446s] [  5%] Built target navigation_robot_custom_interfaces__cpp
[2.245s] running egg_info
[2.247s] writing navigation_robot_custom_interfaces.egg-info/PKG-INFO
[2.248s] writing dependency_links to navigation_robot_custom_interfaces.egg-info/dependency_links.txt
[2.248s] writing top-level names to navigation_robot_custom_interfaces.egg-info/top_level.txt
[2.251s] reading manifest file 'navigation_robot_custom_interfaces.egg-info/SOURCES.txt'
[2.252s] writing manifest file 'navigation_robot_custom_interfaces.egg-info/SOURCES.txt'
[2.333s] [  5%] Built target ament_cmake_python_build_navigation_robot_custom_interfaces_egg
[2.420s] [ 15%] Built target navigation_robot_custom_interfaces__rosidl_typesupport_cpp
[2.509s] [ 25%] Built target navigation_robot_custom_interfaces__rosidl_typesupport_introspection_cpp
[2.602s] [ 35%] Built target navigation_robot_custom_interfaces__rosidl_typesupport_fastrtps_cpp
[2.661s] [ 45%] Built target navigation_robot_custom_interfaces__rosidl_generator_c
[2.751s] [ 55%] Built target navigation_robot_custom_interfaces__rosidl_typesupport_fastrtps_c
[2.830s] [ 65%] Built target navigation_robot_custom_interfaces__rosidl_typesupport_c
[2.912s] [ 75%] Built target navigation_robot_custom_interfaces__rosidl_typesupport_introspection_c
[3.011s] [ 75%] Built target navigation_robot_custom_interfaces
[3.098s] [ 77%] Built target navigation_robot_custom_interfaces__py
[3.145s] [ 85%] Built target navigation_robot_custom_interfaces__rosidl_generator_py
[3.239s] [ 90%] Built target navigation_robot_custom_interfaces__rosidl_typesupport_fastrtps_c__pyext
[3.334s] [ 95%] Built target navigation_robot_custom_interfaces__rosidl_typesupport_c__pyext
[3.407s] [100%] Built target navigation_robot_custom_interfaces__rosidl_typesupport_introspection_c__pyext
[3.437s] Invoked command in '/home/user/ros2_navigationrobot_ws/build/navigation_robot_custom_interfaces' returned '0': CMAKE_PREFIX_PATH=${CMAKE_PREFIX_PATH}:/home/user/ros2_navigationrobot_ws/install/session7_turtlebot3_robot:/home/simulations/ros2_sims_ws/install/rclrs_tests:/home/simulations/ros2_sims_ws/install/examples_rclrs_minimal_client_service:/home/simulations/ros2_sims_ws/install/sensor_msgs_py:/home/simulations/ros2_sims_ws/install/examples_rclrs_minimal_pub_sub:/home/simulations/ros2_sims_ws/install/examples_rclrs_message_demo:/home/simulations/ros2_sims_ws/install/rclrs:/home/simulations/ros2_sims_ws/install/rosidl_runtime_rs:/opt/ros/humble _=/usr/bin/env /usr/bin/cmake --build /home/user/ros2_navigationrobot_ws/build/navigation_robot_custom_interfaces -- -j8 -l8
[4.036s] Invoking command in '/home/user/ros2_navigationrobot_ws/build/navigation_robot_custom_interfaces': CMAKE_PREFIX_PATH=${CMAKE_PREFIX_PATH}:/home/user/ros2_navigationrobot_ws/install/session7_turtlebot3_robot:/home/simulations/ros2_sims_ws/install/rclrs_tests:/home/simulations/ros2_sims_ws/install/examples_rclrs_minimal_client_service:/home/simulations/ros2_sims_ws/install/sensor_msgs_py:/home/simulations/ros2_sims_ws/install/examples_rclrs_minimal_pub_sub:/home/simulations/ros2_sims_ws/install/examples_rclrs_message_demo:/home/simulations/ros2_sims_ws/install/rclrs:/home/simulations/ros2_sims_ws/install/rosidl_runtime_rs:/opt/ros/humble _=/usr/bin/env /usr/bin/cmake --install /home/user/ros2_navigationrobot_ws/build/navigation_robot_custom_interfaces
[4.062s] -- Install configuration: ""
[4.062s] -- Up-to-date: /home/user/ros2_navigationrobot_ws/install/navigation_robot_custom_interfaces/share/ament_index/resource_index/rosidl_interfaces/navigation_robot_custom_interfaces
[4.063s] -- Up-to-date: /home/user/ros2_navigationrobot_ws/install/navigation_robot_custom_interfaces/include/navigation_robot_custom_interfaces/navigation_robot_custom_interfaces
[4.063s] -- Up-to-date: /home/user/ros2_navigationrobot_ws/install/navigation_robot_custom_interfaces/include/navigation_robot_custom_interfaces/navigation_robot_custom_interfaces/srv
[4.063s] -- Up-to-date: /home/user/ros2_navigationrobot_ws/install/navigation_robot_custom_interfaces/include/navigation_robot_custom_interfaces/navigation_robot_custom_interfaces/srv/detail
[4.063s] -- Up-to-date: /home/user/ros2_navigationrobot_ws/install/navigation_robot_custom_interfaces/include/navigation_robot_custom_interfaces/navigation_robot_custom_interfaces/srv/detail/find_closest_wall__functions.h
[4.063s] -- Up-to-date: /home/user/ros2_navigationrobot_ws/install/navigation_robot_custom_interfaces/include/navigation_robot_custom_interfaces/navigation_robot_custom_interfaces/srv/detail/find_closest_wall__functions.c
[4.064s] -- Up-to-date: /home/user/ros2_navigationrobot_ws/install/navigation_robot_custom_interfaces/include/navigation_robot_custom_interfaces/navigation_robot_custom_interfaces/srv/detail/find_closest_wall__type_support.h
[4.064s] -- Up-to-date: /home/user/ros2_navigationrobot_ws/install/navigation_robot_custom_interfaces/include/navigation_robot_custom_interfaces/navigation_robot_custom_interfaces/srv/detail/find_closest_wall__struct.h
[4.064s] -- Up-to-date: /home/user/ros2_navigationrobot_ws/install/navigation_robot_custom_interfaces/include/navigation_robot_custom_interfaces/navigation_robot_custom_interfaces/srv/find_closest_wall.h
[4.064s] -- Up-to-date: /home/user/ros2_navigationrobot_ws/install/navigation_robot_custom_interfaces/include/navigation_robot_custom_interfaces/navigation_robot_custom_interfaces/msg
[4.064s] -- Up-to-date: /home/user/ros2_navigationrobot_ws/install/navigation_robot_custom_interfaces/include/navigation_robot_custom_interfaces/navigation_robot_custom_interfaces/msg/rosidl_generator_c__visibility_control.h
[4.064s] -- Up-to-date: /home/user/ros2_navigationrobot_ws/install/navigation_robot_custom_interfaces/include/navigation_robot_custom_interfaces/navigation_robot_custom_interfaces/action
[4.065s] -- Up-to-date: /home/user/ros2_navigationrobot_ws/install/navigation_robot_custom_interfaces/include/navigation_robot_custom_interfaces/navigation_robot_custom_interfaces/action/detail
[4.065s] -- Up-to-date: /home/user/ros2_navigationrobot_ws/install/navigation_robot_custom_interfaces/include/navigation_robot_custom_interfaces/navigation_robot_custom_interfaces/action/detail/measure_lap_time__struct.h
[4.065s] -- Up-to-date: /home/user/ros2_navigationrobot_ws/install/navigation_robot_custom_interfaces/include/navigation_robot_custom_interfaces/navigation_robot_custom_interfaces/action/detail/measure_lap_time__type_support.h
[4.065s] -- Up-to-date: /home/user/ros2_navigationrobot_ws/install/navigation_robot_custom_interfaces/include/navigation_robot_custom_interfaces/navigation_robot_custom_interfaces/action/detail/measure_lap_time__functions.h
[4.065s] -- Up-to-date: /home/user/ros2_navigationrobot_ws/install/navigation_robot_custom_interfaces/include/navigation_robot_custom_interfaces/navigation_robot_custom_interfaces/action/detail/measure_lap_time__functions.c
[4.065s] -- Up-to-date: /home/user/ros2_navigationrobot_ws/install/navigation_robot_custom_interfaces/include/navigation_robot_custom_interfaces/navigation_robot_custom_interfaces/action/measure_lap_time.h
[4.065s] -- Up-to-date: /home/user/ros2_navigationrobot_ws/install/navigation_robot_custom_interfaces/share/navigation_robot_custom_interfaces/environment/library_path.sh
[4.065s] -- Up-to-date: /home/user/ros2_navigationrobot_ws/install/navigation_robot_custom_interfaces/share/navigation_robot_custom_interfaces/environment/library_path.dsv
[4.098s] -- Up-to-date: /home/user/ros2_navigationrobot_ws/install/navigation_robot_custom_interfaces/lib/libnavigation_robot_custom_interfaces__rosidl_generator_c.so
[4.099s] -- Up-to-date: /home/user/ros2_navigationrobot_ws/install/navigation_robot_custom_interfaces/include/navigation_robot_custom_interfaces/navigation_robot_custom_interfaces
[4.100s] -- Up-to-date: /home/user/ros2_navigationrobot_ws/install/navigation_robot_custom_interfaces/include/navigation_robot_custom_interfaces/navigation_robot_custom_interfaces/srv
[4.100s] -- Up-to-date: /home/user/ros2_navigationrobot_ws/install/navigation_robot_custom_interfaces/include/navigation_robot_custom_interfaces/navigation_robot_custom_interfaces/srv/detail
[4.100s] -- Up-to-date: /home/user/ros2_navigationrobot_ws/install/navigation_robot_custom_interfaces/include/navigation_robot_custom_interfaces/navigation_robot_custom_interfaces/srv/detail/find_closest_wall__rosidl_typesupport_fastrtps_c.h
[4.100s] -- Up-to-date: /home/user/ros2_navigationrobot_ws/install/navigation_robot_custom_interfaces/include/navigation_robot_custom_interfaces/navigation_robot_custom_interfaces/msg
[4.100s] -- Up-to-date: /home/user/ros2_navigationrobot_ws/install/navigation_robot_custom_interfaces/include/navigation_robot_custom_interfaces/navigation_robot_custom_interfaces/msg/rosidl_typesupport_fastrtps_c__visibility_control.h
[4.100s] -- Up-to-date: /home/user/ros2_navigationrobot_ws/install/navigation_robot_custom_interfaces/include/navigation_robot_custom_interfaces/navigation_robot_custom_interfaces/action
[4.100s] -- Up-to-date: /home/user/ros2_navigationrobot_ws/install/navigation_robot_custom_interfaces/include/navigation_robot_custom_interfaces/navigation_robot_custom_interfaces/action/detail
[4.100s] -- Up-to-date: /home/user/ros2_navigationrobot_ws/install/navigation_robot_custom_interfaces/include/navigation_robot_custom_interfaces/navigation_robot_custom_interfaces/action/detail/measure_lap_time__rosidl_typesupport_fastrtps_c.h
[4.100s] -- Up-to-date: /home/user/ros2_navigationrobot_ws/install/navigation_robot_custom_interfaces/lib/libnavigation_robot_custom_interfaces__rosidl_typesupport_fastrtps_c.so
[4.101s] -- Up-to-date: /home/user/ros2_navigationrobot_ws/install/navigation_robot_custom_interfaces/include/navigation_robot_custom_interfaces/navigation_robot_custom_interfaces
[4.101s] -- Up-to-date: /home/user/ros2_navigationrobot_ws/install/navigation_robot_custom_interfaces/include/navigation_robot_custom_interfaces/navigation_robot_custom_interfaces/srv
[4.101s] -- Up-to-date: /home/user/ros2_navigationrobot_ws/install/navigation_robot_custom_interfaces/include/navigation_robot_custom_interfaces/navigation_robot_custom_interfaces/srv/detail
[4.101s] -- Up-to-date: /home/user/ros2_navigationrobot_ws/install/navigation_robot_custom_interfaces/include/navigation_robot_custom_interfaces/navigation_robot_custom_interfaces/srv/detail/find_closest_wall__traits.hpp
[4.101s] -- Up-to-date: /home/user/ros2_navigationrobot_ws/install/navigation_robot_custom_interfaces/include/navigation_robot_custom_interfaces/navigation_robot_custom_interfaces/srv/detail/find_closest_wall__builder.hpp
[4.101s] -- Up-to-date: /home/user/ros2_navigationrobot_ws/install/navigation_robot_custom_interfaces/include/navigation_robot_custom_interfaces/navigation_robot_custom_interfaces/srv/detail/find_closest_wall__struct.hpp
[4.101s] -- Up-to-date: /home/user/ros2_navigationrobot_ws/install/navigation_robot_custom_interfaces/include/navigation_robot_custom_interfaces/navigation_robot_custom_interfaces/srv/find_closest_wall.hpp
[4.101s] -- Up-to-date: /home/user/ros2_navigationrobot_ws/install/navigation_robot_custom_interfaces/include/navigation_robot_custom_interfaces/navigation_robot_custom_interfaces/action
[4.103s] -- Up-to-date: /home/user/ros2_navigationrobot_ws/install/navigation_robot_custom_interfaces/include/navigation_robot_custom_interfaces/navigation_robot_custom_interfaces/action/detail
[4.103s] -- Up-to-date: /home/user/ros2_navigationrobot_ws/install/navigation_robot_custom_interfaces/include/navigation_robot_custom_interfaces/navigation_robot_custom_interfaces/action/detail/measure_lap_time__builder.hpp
[4.103s] -- Up-to-date: /home/user/ros2_navigationrobot_ws/install/navigation_robot_custom_interfaces/include/navigation_robot_custom_interfaces/navigation_robot_custom_interfaces/action/detail/measure_lap_time__struct.hpp
[4.103s] -- Up-to-date: /home/user/ros2_navigationrobot_ws/install/navigation_robot_custom_interfaces/include/navigation_robot_custom_interfaces/navigation_robot_custom_interfaces/action/detail/measure_lap_time__traits.hpp
[4.103s] -- Up-to-date: /home/user/ros2_navigationrobot_ws/install/navigation_robot_custom_interfaces/include/navigation_robot_custom_interfaces/navigation_robot_custom_interfaces/action/measure_lap_time.hpp
[4.103s] -- Up-to-date: /home/user/ros2_navigationrobot_ws/install/navigation_robot_custom_interfaces/include/navigation_robot_custom_interfaces/navigation_robot_custom_interfaces
[4.103s] -- Up-to-date: /home/user/ros2_navigationrobot_ws/install/navigation_robot_custom_interfaces/include/navigation_robot_custom_interfaces/navigation_robot_custom_interfaces/srv
[4.104s] -- Up-to-date: /home/user/ros2_navigationrobot_ws/install/navigation_robot_custom_interfaces/include/navigation_robot_custom_interfaces/navigation_robot_custom_interfaces/srv/detail
[4.104s] -- Up-to-date: /home/user/ros2_navigationrobot_ws/install/navigation_robot_custom_interfaces/include/navigation_robot_custom_interfaces/navigation_robot_custom_interfaces/srv/detail/dds_fastrtps
[4.104s] -- Up-to-date: /home/user/ros2_navigationrobot_ws/install/navigation_robot_custom_interfaces/include/navigation_robot_custom_interfaces/navigation_robot_custom_interfaces/srv/detail/find_closest_wall__rosidl_typesupport_fastrtps_cpp.hpp
[4.104s] -- Up-to-date: /home/user/ros2_navigationrobot_ws/install/navigation_robot_custom_interfaces/include/navigation_robot_custom_interfaces/navigation_robot_custom_interfaces/msg
[4.104s] -- Up-to-date: /home/user/ros2_navigationrobot_ws/install/navigation_robot_custom_interfaces/include/navigation_robot_custom_interfaces/navigation_robot_custom_interfaces/msg/rosidl_typesupport_fastrtps_cpp__visibility_control.h
[4.104s] -- Up-to-date: /home/user/ros2_navigationrobot_ws/install/navigation_robot_custom_interfaces/include/navigation_robot_custom_interfaces/navigation_robot_custom_interfaces/action
[4.104s] -- Up-to-date: /home/user/ros2_navigationrobot_ws/install/navigation_robot_custom_interfaces/include/navigation_robot_custom_interfaces/navigation_robot_custom_interfaces/action/detail
[4.104s] -- Up-to-date: /home/user/ros2_navigationrobot_ws/install/navigation_robot_custom_interfaces/include/navigation_robot_custom_interfaces/navigation_robot_custom_interfaces/action/detail/measure_lap_time__rosidl_typesupport_fastrtps_cpp.hpp
[4.104s] -- Up-to-date: /home/user/ros2_navigationrobot_ws/install/navigation_robot_custom_interfaces/include/navigation_robot_custom_interfaces/navigation_robot_custom_interfaces/action/detail/dds_fastrtps
[4.105s] -- Up-to-date: /home/user/ros2_navigationrobot_ws/install/navigation_robot_custom_interfaces/lib/libnavigation_robot_custom_interfaces__rosidl_typesupport_fastrtps_cpp.so
[4.105s] -- Up-to-date: /home/user/ros2_navigationrobot_ws/install/navigation_robot_custom_interfaces/include/navigation_robot_custom_interfaces/navigation_robot_custom_interfaces
[4.105s] -- Up-to-date: /home/user/ros2_navigationrobot_ws/install/navigation_robot_custom_interfaces/include/navigation_robot_custom_interfaces/navigation_robot_custom_interfaces/srv
[4.105s] -- Up-to-date: /home/user/ros2_navigationrobot_ws/install/navigation_robot_custom_interfaces/include/navigation_robot_custom_interfaces/navigation_robot_custom_interfaces/srv/detail
[4.105s] -- Up-to-date: /home/user/ros2_navigationrobot_ws/install/navigation_robot_custom_interfaces/include/navigation_robot_custom_interfaces/navigation_robot_custom_interfaces/srv/detail/find_closest_wall__rosidl_typesupport_introspection_c.h
[4.105s] -- Up-to-date: /home/user/ros2_navigationrobot_ws/install/navigation_robot_custom_interfaces/include/navigation_robot_custom_interfaces/navigation_robot_custom_interfaces/srv/detail/find_closest_wall__type_support.c
[4.105s] -- Up-to-date: /home/user/ros2_navigationrobot_ws/install/navigation_robot_custom_interfaces/include/navigation_robot_custom_interfaces/navigation_robot_custom_interfaces/msg
[4.105s] -- Up-to-date: /home/user/ros2_navigationrobot_ws/install/navigation_robot_custom_interfaces/include/navigation_robot_custom_interfaces/navigation_robot_custom_interfaces/msg/rosidl_typesupport_introspection_c__visibility_control.h
[4.105s] -- Up-to-date: /home/user/ros2_navigationrobot_ws/install/navigation_robot_custom_interfaces/include/navigation_robot_custom_interfaces/navigation_robot_custom_interfaces/action
[4.106s] -- Up-to-date: /home/user/ros2_navigationrobot_ws/install/navigation_robot_custom_interfaces/include/navigation_robot_custom_interfaces/navigation_robot_custom_interfaces/action/detail
[4.106s] -- Up-to-date: /home/user/ros2_navigationrobot_ws/install/navigation_robot_custom_interfaces/include/navigation_robot_custom_interfaces/navigation_robot_custom_interfaces/action/detail/measure_lap_time__rosidl_typesupport_introspection_c.h
[4.106s] -- Up-to-date: /home/user/ros2_navigationrobot_ws/install/navigation_robot_custom_interfaces/include/navigation_robot_custom_interfaces/navigation_robot_custom_interfaces/action/detail/measure_lap_time__type_support.c
[4.106s] -- Up-to-date: /home/user/ros2_navigationrobot_ws/install/navigation_robot_custom_interfaces/lib/libnavigation_robot_custom_interfaces__rosidl_typesupport_introspection_c.so
[4.106s] -- Up-to-date: /home/user/ros2_navigationrobot_ws/install/navigation_robot_custom_interfaces/lib/libnavigation_robot_custom_interfaces__rosidl_typesupport_c.so
[4.106s] -- Up-to-date: /home/user/ros2_navigationrobot_ws/install/navigation_robot_custom_interfaces/include/navigation_robot_custom_interfaces/navigation_robot_custom_interfaces
[4.106s] -- Up-to-date: /home/user/ros2_navigationrobot_ws/install/navigation_robot_custom_interfaces/include/navigation_robot_custom_interfaces/navigation_robot_custom_interfaces/srv
[4.107s] -- Up-to-date: /home/user/ros2_navigationrobot_ws/install/navigation_robot_custom_interfaces/include/navigation_robot_custom_interfaces/navigation_robot_custom_interfaces/srv/detail
[4.107s] -- Up-to-date: /home/user/ros2_navigationrobot_ws/install/navigation_robot_custom_interfaces/include/navigation_robot_custom_interfaces/navigation_robot_custom_interfaces/srv/detail/find_closest_wall__type_support.cpp
[4.107s] -- Up-to-date: /home/user/ros2_navigationrobot_ws/install/navigation_robot_custom_interfaces/include/navigation_robot_custom_interfaces/navigation_robot_custom_interfaces/srv/detail/find_closest_wall__rosidl_typesupport_introspection_cpp.hpp
[4.107s] -- Up-to-date: /home/user/ros2_navigationrobot_ws/install/navigation_robot_custom_interfaces/include/navigation_robot_custom_interfaces/navigation_robot_custom_interfaces/action
[4.107s] -- Up-to-date: /home/user/ros2_navigationrobot_ws/install/navigation_robot_custom_interfaces/include/navigation_robot_custom_interfaces/navigation_robot_custom_interfaces/action/detail
[4.107s] -- Up-to-date: /home/user/ros2_navigationrobot_ws/install/navigation_robot_custom_interfaces/include/navigation_robot_custom_interfaces/navigation_robot_custom_interfaces/action/detail/measure_lap_time__type_support.cpp
[4.107s] -- Up-to-date: /home/user/ros2_navigationrobot_ws/install/navigation_robot_custom_interfaces/include/navigation_robot_custom_interfaces/navigation_robot_custom_interfaces/action/detail/measure_lap_time__rosidl_typesupport_introspection_cpp.hpp
[4.107s] -- Up-to-date: /home/user/ros2_navigationrobot_ws/install/navigation_robot_custom_interfaces/lib/libnavigation_robot_custom_interfaces__rosidl_typesupport_introspection_cpp.so
[4.107s] -- Up-to-date: /home/user/ros2_navigationrobot_ws/install/navigation_robot_custom_interfaces/lib/libnavigation_robot_custom_interfaces__rosidl_typesupport_cpp.so
[4.108s] -- Up-to-date: /home/user/ros2_navigationrobot_ws/install/navigation_robot_custom_interfaces/share/ament_index/resource_index/rust_packages/navigation_robot_custom_interfaces
[4.108s] -- Up-to-date: /home/user/ros2_navigationrobot_ws/install/navigation_robot_custom_interfaces/share/navigation_robot_custom_interfaces/rust
[4.108s] -- Installing: /home/user/ros2_navigationrobot_ws/install/navigation_robot_custom_interfaces/share/navigation_robot_custom_interfaces/rust/Cargo.toml
[4.108s] -- Up-to-date: /home/user/ros2_navigationrobot_ws/install/navigation_robot_custom_interfaces/share/navigation_robot_custom_interfaces/rust/src
[4.108s] -- Installing: /home/user/ros2_navigationrobot_ws/install/navigation_robot_custom_interfaces/share/navigation_robot_custom_interfaces/rust/src/srv.rs
[4.108s] -- Installing: /home/user/ros2_navigationrobot_ws/install/navigation_robot_custom_interfaces/share/navigation_robot_custom_interfaces/rust/src/lib.rs
[4.108s] -- Installing: /home/user/ros2_navigationrobot_ws/install/navigation_robot_custom_interfaces/share/navigation_robot_custom_interfaces/rust/build.rs
[4.108s] -- Up-to-date: /home/user/ros2_navigationrobot_ws/install/navigation_robot_custom_interfaces/share/navigation_robot_custom_interfaces/rust
[4.108s] -- Up-to-date: /home/user/ros2_navigationrobot_ws/install/navigation_robot_custom_interfaces/share/navigation_robot_custom_interfaces/rust/Cargo.toml
[4.109s] -- Up-to-date: /home/user/ros2_navigationrobot_ws/install/navigation_robot_custom_interfaces/share/navigation_robot_custom_interfaces/rust/src
[4.109s] -- Up-to-date: /home/user/ros2_navigationrobot_ws/install/navigation_robot_custom_interfaces/share/navigation_robot_custom_interfaces/rust/src/srv.rs
[4.109s] -- Up-to-date: /home/user/ros2_navigationrobot_ws/install/navigation_robot_custom_interfaces/share/navigation_robot_custom_interfaces/rust/src/lib.rs
[4.109s] -- Up-to-date: /home/user/ros2_navigationrobot_ws/install/navigation_robot_custom_interfaces/share/navigation_robot_custom_interfaces/rust/build.rs
[4.109s] -- Up-to-date: /home/user/ros2_navigationrobot_ws/install/navigation_robot_custom_interfaces/share/navigation_robot_custom_interfaces/rust
[4.109s] -- Up-to-date: /home/user/ros2_navigationrobot_ws/install/navigation_robot_custom_interfaces/share/navigation_robot_custom_interfaces/rust/Cargo.toml
[4.109s] -- Up-to-date: /home/user/ros2_navigationrobot_ws/install/navigation_robot_custom_interfaces/share/navigation_robot_custom_interfaces/rust/src
[4.109s] -- Up-to-date: /home/user/ros2_navigationrobot_ws/install/navigation_robot_custom_interfaces/share/navigation_robot_custom_interfaces/rust/src/srv.rs
[4.110s] -- Up-to-date: /home/user/ros2_navigationrobot_ws/install/navigation_robot_custom_interfaces/share/navigation_robot_custom_interfaces/rust/src/lib.rs
[4.110s] -- Up-to-date: /home/user/ros2_navigationrobot_ws/install/navigation_robot_custom_interfaces/share/navigation_robot_custom_interfaces/rust/build.rs
[4.110s] -- Up-to-date: /home/user/ros2_navigationrobot_ws/install/navigation_robot_custom_interfaces/share/navigation_robot_custom_interfaces/environment/pythonpath.sh
[4.110s] -- Up-to-date: /home/user/ros2_navigationrobot_ws/install/navigation_robot_custom_interfaces/share/navigation_robot_custom_interfaces/environment/pythonpath.dsv
[4.110s] -- Up-to-date: /home/user/ros2_navigationrobot_ws/install/navigation_robot_custom_interfaces/local/lib/python3.10/dist-packages/navigation_robot_custom_interfaces-0.0.0-py3.10.egg-info
[4.110s] -- Installing: /home/user/ros2_navigationrobot_ws/install/navigation_robot_custom_interfaces/local/lib/python3.10/dist-packages/navigation_robot_custom_interfaces-0.0.0-py3.10.egg-info/PKG-INFO
[4.110s] -- Installing: /home/user/ros2_navigationrobot_ws/install/navigation_robot_custom_interfaces/local/lib/python3.10/dist-packages/navigation_robot_custom_interfaces-0.0.0-py3.10.egg-info/top_level.txt
[4.110s] -- Installing: /home/user/ros2_navigationrobot_ws/install/navigation_robot_custom_interfaces/local/lib/python3.10/dist-packages/navigation_robot_custom_interfaces-0.0.0-py3.10.egg-info/SOURCES.txt
[4.110s] -- Installing: /home/user/ros2_navigationrobot_ws/install/navigation_robot_custom_interfaces/local/lib/python3.10/dist-packages/navigation_robot_custom_interfaces-0.0.0-py3.10.egg-info/dependency_links.txt
[4.111s] -- Up-to-date: /home/user/ros2_navigationrobot_ws/install/navigation_robot_custom_interfaces/local/lib/python3.10/dist-packages/navigation_robot_custom_interfaces
[4.111s] -- Up-to-date: /home/user/ros2_navigationrobot_ws/install/navigation_robot_custom_interfaces/local/lib/python3.10/dist-packages/navigation_robot_custom_interfaces/libnavigation_robot_custom_interfaces__rosidl_generator_py.so
[4.111s] -- Up-to-date: /home/user/ros2_navigationrobot_ws/install/navigation_robot_custom_interfaces/local/lib/python3.10/dist-packages/navigation_robot_custom_interfaces/_navigation_robot_custom_interfaces_s.ep.rosidl_typesupport_introspection_c.c
[4.111s] -- Up-to-date: /home/user/ros2_navigationrobot_ws/install/navigation_robot_custom_interfaces/local/lib/python3.10/dist-packages/navigation_robot_custom_interfaces/srv
[4.111s] -- Up-to-date: /home/user/ros2_navigationrobot_ws/install/navigation_robot_custom_interfaces/local/lib/python3.10/dist-packages/navigation_robot_custom_interfaces/srv/_find_closest_wall_s.c
[4.111s] -- Up-to-date: /home/user/ros2_navigationrobot_ws/install/navigation_robot_custom_interfaces/local/lib/python3.10/dist-packages/navigation_robot_custom_interfaces/srv/_find_closest_wall.py
[4.111s] -- Up-to-date: /home/user/ros2_navigationrobot_ws/install/navigation_robot_custom_interfaces/local/lib/python3.10/dist-packages/navigation_robot_custom_interfaces/srv/__init__.py
[4.111s] -- Up-to-date: /home/user/ros2_navigationrobot_ws/install/navigation_robot_custom_interfaces/local/lib/python3.10/dist-packages/navigation_robot_custom_interfaces/navigation_robot_custom_interfaces_s__rosidl_typesupport_fastrtps_c.cpython-310-x86_64-linux-gnu.so
[4.111s] -- Up-to-date: /home/user/ros2_navigationrobot_ws/install/navigation_robot_custom_interfaces/local/lib/python3.10/dist-packages/navigation_robot_custom_interfaces/navigation_robot_custom_interfaces_s__rosidl_typesupport_c.cpython-310-x86_64-linux-gnu.so
[4.112s] -- Up-to-date: /home/user/ros2_navigationrobot_ws/install/navigation_robot_custom_interfaces/local/lib/python3.10/dist-packages/navigation_robot_custom_interfaces/__init__.py
[4.112s] -- Up-to-date: /home/user/ros2_navigationrobot_ws/install/navigation_robot_custom_interfaces/local/lib/python3.10/dist-packages/navigation_robot_custom_interfaces/_navigation_robot_custom_interfaces_s.ep.rosidl_typesupport_c.c
[4.112s] -- Up-to-date: /home/user/ros2_navigationrobot_ws/install/navigation_robot_custom_interfaces/local/lib/python3.10/dist-packages/navigation_robot_custom_interfaces/navigation_robot_custom_interfaces_s__rosidl_typesupport_introspection_c.cpython-310-x86_64-linux-gnu.so
[4.112s] -- Up-to-date: /home/user/ros2_navigationrobot_ws/install/navigation_robot_custom_interfaces/local/lib/python3.10/dist-packages/navigation_robot_custom_interfaces/_navigation_robot_custom_interfaces_s.ep.rosidl_typesupport_fastrtps_c.c
[4.112s] -- Up-to-date: /home/user/ros2_navigationrobot_ws/install/navigation_robot_custom_interfaces/local/lib/python3.10/dist-packages/navigation_robot_custom_interfaces/action
[4.112s] -- Up-to-date: /home/user/ros2_navigationrobot_ws/install/navigation_robot_custom_interfaces/local/lib/python3.10/dist-packages/navigation_robot_custom_interfaces/action/_measure_lap_time_s.c
[4.113s] -- Up-to-date: /home/user/ros2_navigationrobot_ws/install/navigation_robot_custom_interfaces/local/lib/python3.10/dist-packages/navigation_robot_custom_interfaces/action/__init__.py
[4.113s] -- Up-to-date: /home/user/ros2_navigationrobot_ws/install/navigation_robot_custom_interfaces/local/lib/python3.10/dist-packages/navigation_robot_custom_interfaces/action/_measure_lap_time.py
[4.226s] Listing '/home/user/ros2_navigationrobot_ws/install/navigation_robot_custom_interfaces/local/lib/python3.10/dist-packages/navigation_robot_custom_interfaces'...
[4.226s] Listing '/home/user/ros2_navigationrobot_ws/install/navigation_robot_custom_interfaces/local/lib/python3.10/dist-packages/navigation_robot_custom_interfaces/action'...
[4.226s] Listing '/home/user/ros2_navigationrobot_ws/install/navigation_robot_custom_interfaces/local/lib/python3.10/dist-packages/navigation_robot_custom_interfaces/srv'...
[4.232s] -- Up-to-date: /home/user/ros2_navigationrobot_ws/install/navigation_robot_custom_interfaces/local/lib/python3.10/dist-packages/navigation_robot_custom_interfaces/navigation_robot_custom_interfaces_s__rosidl_typesupport_fastrtps_c.cpython-310-x86_64-linux-gnu.so
[4.233s] -- Up-to-date: /home/user/ros2_navigationrobot_ws/install/navigation_robot_custom_interfaces/local/lib/python3.10/dist-packages/navigation_robot_custom_interfaces/navigation_robot_custom_interfaces_s__rosidl_typesupport_introspection_c.cpython-310-x86_64-linux-gnu.so
[4.233s] -- Up-to-date: /home/user/ros2_navigationrobot_ws/install/navigation_robot_custom_interfaces/local/lib/python3.10/dist-packages/navigation_robot_custom_interfaces/navigation_robot_custom_interfaces_s__rosidl_typesupport_c.cpython-310-x86_64-linux-gnu.so
[4.233s] -- Up-to-date: /home/user/ros2_navigationrobot_ws/install/navigation_robot_custom_interfaces/lib/libnavigation_robot_custom_interfaces__rosidl_generator_py.so
[4.233s] -- Up-to-date: /home/user/ros2_navigationrobot_ws/install/navigation_robot_custom_interfaces/share/navigation_robot_custom_interfaces/srv/FindClosestWall.idl
[4.233s] -- Up-to-date: /home/user/ros2_navigationrobot_ws/install/navigation_robot_custom_interfaces/share/navigation_robot_custom_interfaces/action/MeasureLapTime.idl
[4.234s] -- Up-to-date: /home/user/ros2_navigationrobot_ws/install/navigation_robot_custom_interfaces/share/navigation_robot_custom_interfaces/srv/FindClosestWall.srv
[4.234s] -- Up-to-date: /home/user/ros2_navigationrobot_ws/install/navigation_robot_custom_interfaces/share/navigation_robot_custom_interfaces/srv/FindClosestWall_Request.msg
[4.234s] -- Up-to-date: /home/user/ros2_navigationrobot_ws/install/navigation_robot_custom_interfaces/share/navigation_robot_custom_interfaces/srv/FindClosestWall_Response.msg
[4.234s] -- Up-to-date: /home/user/ros2_navigationrobot_ws/install/navigation_robot_custom_interfaces/share/navigation_robot_custom_interfaces/action/MeasureLapTime.action
[4.235s] -- Up-to-date: /home/user/ros2_navigationrobot_ws/install/navigation_robot_custom_interfaces/share/ament_index/resource_index/package_run_dependencies/navigation_robot_custom_interfaces
[4.235s] -- Up-to-date: /home/user/ros2_navigationrobot_ws/install/navigation_robot_custom_interfaces/share/ament_index/resource_index/parent_prefix_path/navigation_robot_custom_interfaces
[4.235s] -- Up-to-date: /home/user/ros2_navigationrobot_ws/install/navigation_robot_custom_interfaces/share/navigation_robot_custom_interfaces/environment/ament_prefix_path.sh
[4.235s] -- Up-to-date: /home/user/ros2_navigationrobot_ws/install/navigation_robot_custom_interfaces/share/navigation_robot_custom_interfaces/environment/ament_prefix_path.dsv
[4.235s] -- Up-to-date: /home/user/ros2_navigationrobot_ws/install/navigation_robot_custom_interfaces/share/navigation_robot_custom_interfaces/environment/path.sh
[4.235s] -- Up-to-date: /home/user/ros2_navigationrobot_ws/install/navigation_robot_custom_interfaces/share/navigation_robot_custom_interfaces/environment/path.dsv
[4.235s] -- Up-to-date: /home/user/ros2_navigationrobot_ws/install/navigation_robot_custom_interfaces/share/navigation_robot_custom_interfaces/local_setup.bash
[4.236s] -- Up-to-date: /home/user/ros2_navigationrobot_ws/install/navigation_robot_custom_interfaces/share/navigation_robot_custom_interfaces/local_setup.sh
[4.236s] -- Up-to-date: /home/user/ros2_navigationrobot_ws/install/navigation_robot_custom_interfaces/share/navigation_robot_custom_interfaces/local_setup.zsh
[4.236s] -- Up-to-date: /home/user/ros2_navigationrobot_ws/install/navigation_robot_custom_interfaces/share/navigation_robot_custom_interfaces/local_setup.dsv
[4.236s] -- Installing: /home/user/ros2_navigationrobot_ws/install/navigation_robot_custom_interfaces/share/navigation_robot_custom_interfaces/package.dsv
[4.236s] -- Up-to-date: /home/user/ros2_navigationrobot_ws/install/navigation_robot_custom_interfaces/share/ament_index/resource_index/packages/navigation_robot_custom_interfaces
[4.236s] -- Up-to-date: /home/user/ros2_navigationrobot_ws/install/navigation_robot_custom_interfaces/share/navigation_robot_custom_interfaces/cmake/export_navigation_robot_custom_interfaces__rosidl_generator_cExport.cmake
[4.237s] -- Up-to-date: /home/user/ros2_navigationrobot_ws/install/navigation_robot_custom_interfaces/share/navigation_robot_custom_interfaces/cmake/export_navigation_robot_custom_interfaces__rosidl_generator_cExport-noconfig.cmake
[4.237s] -- Up-to-date: /home/user/ros2_navigationrobot_ws/install/navigation_robot_custom_interfaces/share/navigation_robot_custom_interfaces/cmake/export_navigation_robot_custom_interfaces__rosidl_typesupport_fastrtps_cExport.cmake
[4.237s] -- Up-to-date: /home/user/ros2_navigationrobot_ws/install/navigation_robot_custom_interfaces/share/navigation_robot_custom_interfaces/cmake/export_navigation_robot_custom_interfaces__rosidl_typesupport_fastrtps_cExport-noconfig.cmake
[4.237s] -- Up-to-date: /home/user/ros2_navigationrobot_ws/install/navigation_robot_custom_interfaces/share/navigation_robot_custom_interfaces/cmake/export_navigation_robot_custom_interfaces__rosidl_generator_cppExport.cmake
[4.237s] -- Up-to-date: /home/user/ros2_navigationrobot_ws/install/navigation_robot_custom_interfaces/share/navigation_robot_custom_interfaces/cmake/export_navigation_robot_custom_interfaces__rosidl_typesupport_fastrtps_cppExport.cmake
[4.237s] -- Up-to-date: /home/user/ros2_navigationrobot_ws/install/navigation_robot_custom_interfaces/share/navigation_robot_custom_interfaces/cmake/export_navigation_robot_custom_interfaces__rosidl_typesupport_fastrtps_cppExport-noconfig.cmake
[4.237s] -- Up-to-date: /home/user/ros2_navigationrobot_ws/install/navigation_robot_custom_interfaces/share/navigation_robot_custom_interfaces/cmake/navigation_robot_custom_interfaces__rosidl_typesupport_introspection_cExport.cmake
[4.237s] -- Up-to-date: /home/user/ros2_navigationrobot_ws/install/navigation_robot_custom_interfaces/share/navigation_robot_custom_interfaces/cmake/navigation_robot_custom_interfaces__rosidl_typesupport_introspection_cExport-noconfig.cmake
[4.238s] -- Up-to-date: /home/user/ros2_navigationrobot_ws/install/navigation_robot_custom_interfaces/share/navigation_robot_custom_interfaces/cmake/navigation_robot_custom_interfaces__rosidl_typesupport_cExport.cmake
[4.238s] -- Up-to-date: /home/user/ros2_navigationrobot_ws/install/navigation_robot_custom_interfaces/share/navigation_robot_custom_interfaces/cmake/navigation_robot_custom_interfaces__rosidl_typesupport_cExport-noconfig.cmake
[4.238s] -- Up-to-date: /home/user/ros2_navigationrobot_ws/install/navigation_robot_custom_interfaces/share/navigation_robot_custom_interfaces/cmake/navigation_robot_custom_interfaces__rosidl_typesupport_introspection_cppExport.cmake
[4.238s] -- Up-to-date: /home/user/ros2_navigationrobot_ws/install/navigation_robot_custom_interfaces/share/navigation_robot_custom_interfaces/cmake/navigation_robot_custom_interfaces__rosidl_typesupport_introspection_cppExport-noconfig.cmake
[4.238s] -- Up-to-date: /home/user/ros2_navigationrobot_ws/install/navigation_robot_custom_interfaces/share/navigation_robot_custom_interfaces/cmake/navigation_robot_custom_interfaces__rosidl_typesupport_cppExport.cmake
[4.238s] -- Up-to-date: /home/user/ros2_navigationrobot_ws/install/navigation_robot_custom_interfaces/share/navigation_robot_custom_interfaces/cmake/navigation_robot_custom_interfaces__rosidl_typesupport_cppExport-noconfig.cmake
[4.238s] -- Up-to-date: /home/user/ros2_navigationrobot_ws/install/navigation_robot_custom_interfaces/share/navigation_robot_custom_interfaces/cmake/export_navigation_robot_custom_interfaces__rosidl_generator_pyExport.cmake
[4.239s] -- Up-to-date: /home/user/ros2_navigationrobot_ws/install/navigation_robot_custom_interfaces/share/navigation_robot_custom_interfaces/cmake/export_navigation_robot_custom_interfaces__rosidl_generator_pyExport-noconfig.cmake
[4.239s] -- Up-to-date: /home/user/ros2_navigationrobot_ws/install/navigation_robot_custom_interfaces/share/navigation_robot_custom_interfaces/cmake/rosidl_cmake-extras.cmake
[4.240s] -- Up-to-date: /home/user/ros2_navigationrobot_ws/install/navigation_robot_custom_interfaces/share/navigation_robot_custom_interfaces/cmake/ament_cmake_export_dependencies-extras.cmake
[4.240s] -- Up-to-date: /home/user/ros2_navigationrobot_ws/install/navigation_robot_custom_interfaces/share/navigation_robot_custom_interfaces/cmake/ament_cmake_export_include_directories-extras.cmake
[4.240s] -- Up-to-date: /home/user/ros2_navigationrobot_ws/install/navigation_robot_custom_interfaces/share/navigation_robot_custom_interfaces/cmake/ament_cmake_export_libraries-extras.cmake
[4.240s] -- Up-to-date: /home/user/ros2_navigationrobot_ws/install/navigation_robot_custom_interfaces/share/navigation_robot_custom_interfaces/cmake/ament_cmake_export_targets-extras.cmake
[4.240s] -- Up-to-date: /home/user/ros2_navigationrobot_ws/install/navigation_robot_custom_interfaces/share/navigation_robot_custom_interfaces/cmake/rosidl_cmake_export_typesupport_targets-extras.cmake
[4.240s] -- Up-to-date: /home/user/ros2_navigationrobot_ws/install/navigation_robot_custom_interfaces/share/navigation_robot_custom_interfaces/cmake/rosidl_cmake_export_typesupport_libraries-extras.cmake
[4.240s] -- Up-to-date: /home/user/ros2_navigationrobot_ws/install/navigation_robot_custom_interfaces/share/navigation_robot_custom_interfaces/cmake/navigation_robot_custom_interfacesConfig.cmake
[4.241s] -- Up-to-date: /home/user/ros2_navigationrobot_ws/install/navigation_robot_custom_interfaces/share/navigation_robot_custom_interfaces/cmake/navigation_robot_custom_interfacesConfig-version.cmake
[4.241s] -- Up-to-date: /home/user/ros2_navigationrobot_ws/install/navigation_robot_custom_interfaces/share/navigation_robot_custom_interfaces/package.xml
[4.258s] Invoked command in '/home/user/ros2_navigationrobot_ws/build/navigation_robot_custom_interfaces' returned '0': CMAKE_PREFIX_PATH=${CMAKE_PREFIX_PATH}:/home/user/ros2_navigationrobot_ws/install/session7_turtlebot3_robot:/home/simulations/ros2_sims_ws/install/rclrs_tests:/home/simulations/ros2_sims_ws/install/examples_rclrs_minimal_client_service:/home/simulations/ros2_sims_ws/install/sensor_msgs_py:/home/simulations/ros2_sims_ws/install/examples_rclrs_minimal_pub_sub:/home/simulations/ros2_sims_ws/install/examples_rclrs_message_demo:/home/simulations/ros2_sims_ws/install/rclrs:/home/simulations/ros2_sims_ws/install/rosidl_runtime_rs:/opt/ros/humble _=/usr/bin/env /usr/bin/cmake --install /home/user/ros2_navigationrobot_ws/build/navigation_robot_custom_interfaces
