[0.405s] DEBUG:colcon:Command line arguments: ['/usr/bin/colcon', 'build']
[0.405s] DEBUG:colcon:Parsed command line arguments: Namespace(log_base=None, log_level=None, verb_name='build', build_base='build', install_base='install', merge_install=False, symlink_install=False, test_result_base=None, continue_on_error=False, executor='parallel', parallel_workers=8, event_handlers=None, ignore_user_meta=False, metas=['./colcon.meta'], base_paths=['.'], packages_ignore=None, packages_ignore_regex=None, paths=None, packages_up_to=None, packages_up_to_regex=None, packages_above=None, packages_above_and_dependencies=None, packages_above_depth=None, packages_select_by_dep=None, packages_skip_by_dep=None, packages_skip_up_to=None, packages_select_build_failed=False, packages_skip_build_finished=False, packages_select_test_failures=False, packages_skip_test_passed=False, packages_select=None, packages_skip=None, packages_select_regex=None, packages_skip_regex=None, packages_start=None, packages_end=None, lookup_in_workspace=False, cargo_args=None, clean_build=False, cmake_args=None, cmake_target=None, cmake_target_skip_unavailable=False, cmake_clean_cache=False, cmake_clean_first=False, cmake_force_configure=False, ament_cmake_args=None, catkin_cmake_args=None, catkin_skip_building_tests=False, mixin_files=None, mixin=None, verb_parser=<colcon_mixin.mixin.mixin_argument.MixinArgumentDecorator object at 0x7fba5ec866b0>, verb_extension=<colcon_core.verb.build.BuildVerb object at 0x7fba5ec85b40>, main=<bound method BuildVerb.main of <colcon_core.verb.build.BuildVerb object at 0x7fba5ec85b40>>, mixin_verb=('build',))
[1.060s] Level 1:colcon.colcon_core.package_discovery:discover_packages(colcon_meta) check parameters
[1.060s] Level 1:colcon.colcon_core.package_discovery:discover_packages(recursive) check parameters
[1.060s] Level 1:colcon.colcon_core.package_discovery:discover_packages(ignore) check parameters
[1.060s] Level 1:colcon.colcon_core.package_discovery:discover_packages(path) check parameters
[1.060s] Level 1:colcon.colcon_core.package_discovery:discover_packages(colcon_meta) discover
[1.060s] Level 1:colcon.colcon_core.package_discovery:discover_packages(recursive) discover
[1.060s] INFO:colcon.colcon_core.package_discovery:Crawling recursively for packages in '/home/user/ros2_navigationrobot_ws'
[1.060s] Level 1:colcon.colcon_core.package_identification:_identify(.) by extensions ['ignore', 'ignore_ament_install']
[1.060s] Level 1:colcon.colcon_core.package_identification:_identify(.) by extension 'ignore'
[1.061s] Level 1:colcon.colcon_core.package_identification:_identify(.) by extension 'ignore_ament_install'
[1.061s] Level 1:colcon.colcon_core.package_identification:_identify(.) by extensions ['colcon_pkg']
[1.061s] Level 1:colcon.colcon_core.package_identification:_identify(.) by extension 'colcon_pkg'
[1.061s] Level 1:colcon.colcon_core.package_identification:_identify(.) by extensions ['colcon_meta']
[1.061s] Level 1:colcon.colcon_core.package_identification:_identify(.) by extension 'colcon_meta'
[1.061s] Level 1:colcon.colcon_core.package_identification:_identify(.) by extensions ['ament_cargo']
[1.061s] Level 1:colcon.colcon_core.package_identification:_identify(.) by extension 'ament_cargo'
[1.090s] Level 1:colcon.colcon_core.package_identification:_identify(.) by extensions ['ros']
[1.090s] Level 1:colcon.colcon_core.package_identification:_identify(.) by extension 'ros'
[1.108s] Level 1:colcon.colcon_core.package_identification:_identify(.) by extensions ['cargo', 'cmake', 'python']
[1.110s] Level 1:colcon.colcon_core.package_identification:_identify(.) by extension 'cargo'
[1.110s] Level 1:colcon.colcon_core.package_identification:_identify(.) by extension 'cmake'
[1.110s] Level 1:colcon.colcon_core.package_identification:_identify(.) by extension 'python'
[1.110s] Level 1:colcon.colcon_core.package_identification:_identify(.) by extensions ['python_setup_py']
[1.110s] Level 1:colcon.colcon_core.package_identification:_identify(.) by extension 'python_setup_py'
[1.110s] Level 1:colcon.colcon_core.package_identification:_identify(build) by extensions ['ignore', 'ignore_ament_install']
[1.111s] Level 1:colcon.colcon_core.package_identification:_identify(build) by extension 'ignore'
[1.111s] Level 1:colcon.colcon_core.package_identification:_identify(build) ignored
[1.111s] Level 1:colcon.colcon_core.package_identification:_identify(install) by extensions ['ignore', 'ignore_ament_install']
[1.111s] Level 1:colcon.colcon_core.package_identification:_identify(install) by extension 'ignore'
[1.111s] Level 1:colcon.colcon_core.package_identification:_identify(install) ignored
[1.111s] Level 1:colcon.colcon_core.package_identification:_identify(log) by extensions ['ignore', 'ignore_ament_install']
[1.111s] Level 1:colcon.colcon_core.package_identification:_identify(log) by extension 'ignore'
[1.111s] Level 1:colcon.colcon_core.package_identification:_identify(log) ignored
[1.111s] Level 1:colcon.colcon_core.package_identification:_identify(src) by extensions ['ignore', 'ignore_ament_install']
[1.112s] Level 1:colcon.colcon_core.package_identification:_identify(src) by extension 'ignore'
[1.112s] Level 1:colcon.colcon_core.package_identification:_identify(src) by extension 'ignore_ament_install'
[1.112s] Level 1:colcon.colcon_core.package_identification:_identify(src) by extensions ['colcon_pkg']
[1.112s] Level 1:colcon.colcon_core.package_identification:_identify(src) by extension 'colcon_pkg'
[1.112s] Level 1:colcon.colcon_core.package_identification:_identify(src) by extensions ['colcon_meta']
[1.112s] Level 1:colcon.colcon_core.package_identification:_identify(src) by extension 'colcon_meta'
[1.112s] Level 1:colcon.colcon_core.package_identification:_identify(src) by extensions ['ament_cargo']
[1.112s] Level 1:colcon.colcon_core.package_identification:_identify(src) by extension 'ament_cargo'
[1.112s] Level 1:colcon.colcon_core.package_identification:_identify(src) by extensions ['ros']
[1.112s] Level 1:colcon.colcon_core.package_identification:_identify(src) by extension 'ros'
[1.112s] Level 1:colcon.colcon_core.package_identification:_identify(src) by extensions ['cargo', 'cmake', 'python']
[1.112s] Level 1:colcon.colcon_core.package_identification:_identify(src) by extension 'cargo'
[1.112s] Level 1:colcon.colcon_core.package_identification:_identify(src) by extension 'cmake'
[1.113s] Level 1:colcon.colcon_core.package_identification:_identify(src) by extension 'python'
[1.113s] Level 1:colcon.colcon_core.package_identification:_identify(src) by extensions ['python_setup_py']
[1.113s] Level 1:colcon.colcon_core.package_identification:_identify(src) by extension 'python_setup_py'
[1.113s] Level 1:colcon.colcon_core.package_identification:_identify(src/navigation_robot_custom_interfaces) by extensions ['ignore', 'ignore_ament_install']
[1.113s] Level 1:colcon.colcon_core.package_identification:_identify(src/navigation_robot_custom_interfaces) by extension 'ignore'
[1.113s] Level 1:colcon.colcon_core.package_identification:_identify(src/navigation_robot_custom_interfaces) by extension 'ignore_ament_install'
[1.113s] Level 1:colcon.colcon_core.package_identification:_identify(src/navigation_robot_custom_interfaces) by extensions ['colcon_pkg']
[1.113s] Level 1:colcon.colcon_core.package_identification:_identify(src/navigation_robot_custom_interfaces) by extension 'colcon_pkg'
[1.113s] Level 1:colcon.colcon_core.package_identification:_identify(src/navigation_robot_custom_interfaces) by extensions ['colcon_meta']
[1.113s] Level 1:colcon.colcon_core.package_identification:_identify(src/navigation_robot_custom_interfaces) by extension 'colcon_meta'
[1.113s] Level 1:colcon.colcon_core.package_identification:_identify(src/navigation_robot_custom_interfaces) by extensions ['ament_cargo']
[1.113s] Level 1:colcon.colcon_core.package_identification:_identify(src/navigation_robot_custom_interfaces) by extension 'ament_cargo'
[1.113s] Level 1:colcon.colcon_core.package_identification:_identify(src/navigation_robot_custom_interfaces) by extensions ['ros']
[1.113s] Level 1:colcon.colcon_core.package_identification:_identify(src/navigation_robot_custom_interfaces) by extension 'ros'
[1.119s] DEBUG:colcon.colcon_core.package_identification:Package 'src/navigation_robot_custom_interfaces' with type 'ros.ament_cmake' and name 'navigation_robot_custom_interfaces'
[1.119s] Level 1:colcon.colcon_core.package_identification:_identify(src/session7_turtlebot3_robot) by extensions ['ignore', 'ignore_ament_install']
[1.119s] Level 1:colcon.colcon_core.package_identification:_identify(src/session7_turtlebot3_robot) by extension 'ignore'
[1.119s] Level 1:colcon.colcon_core.package_identification:_identify(src/session7_turtlebot3_robot) by extension 'ignore_ament_install'
[1.119s] Level 1:colcon.colcon_core.package_identification:_identify(src/session7_turtlebot3_robot) by extensions ['colcon_pkg']
[1.119s] Level 1:colcon.colcon_core.package_identification:_identify(src/session7_turtlebot3_robot) by extension 'colcon_pkg'
[1.119s] Level 1:colcon.colcon_core.package_identification:_identify(src/session7_turtlebot3_robot) by extensions ['colcon_meta']
[1.119s] Level 1:colcon.colcon_core.package_identification:_identify(src/session7_turtlebot3_robot) by extension 'colcon_meta'
[1.119s] Level 1:colcon.colcon_core.package_identification:_identify(src/session7_turtlebot3_robot) by extensions ['ament_cargo']
[1.120s] Level 1:colcon.colcon_core.package_identification:_identify(src/session7_turtlebot3_robot) by extension 'ament_cargo'
[1.120s] Level 1:colcon.colcon_core.package_identification:_identify(src/session7_turtlebot3_robot) by extensions ['ros']
[1.120s] Level 1:colcon.colcon_core.package_identification:_identify(src/session7_turtlebot3_robot) by extension 'ros'
[1.121s] DEBUG:colcon.colcon_core.package_identification:Package 'src/session7_turtlebot3_robot' with type 'ros.ament_python' and name 'session7_turtlebot3_robot'
[1.121s] Level 1:colcon.colcon_core.package_discovery:discover_packages(recursive) using defaults
[1.121s] Level 1:colcon.colcon_core.package_discovery:discover_packages(ignore) discover
[1.121s] Level 1:colcon.colcon_core.package_discovery:discover_packages(ignore) using defaults
[1.121s] Level 1:colcon.colcon_core.package_discovery:discover_packages(path) discover
[1.121s] Level 1:colcon.colcon_core.package_discovery:discover_packages(path) using defaults
[1.245s] Level 5:colcon.colcon_core.verb:set package 'navigation_robot_custom_interfaces' build argument 'lookup_in_workspace' from command line to 'False'
[1.245s] Level 5:colcon.colcon_core.verb:set package 'navigation_robot_custom_interfaces' build argument 'cargo_args' from command line to 'None'
[1.245s] Level 5:colcon.colcon_core.verb:set package 'navigation_robot_custom_interfaces' build argument 'clean_build' from command line to 'False'
[1.245s] Level 5:colcon.colcon_core.verb:set package 'navigation_robot_custom_interfaces' build argument 'cmake_args' from command line to 'None'
[1.245s] Level 5:colcon.colcon_core.verb:set package 'navigation_robot_custom_interfaces' build argument 'cmake_target' from command line to 'None'
[1.245s] Level 5:colcon.colcon_core.verb:set package 'navigation_robot_custom_interfaces' build argument 'cmake_target_skip_unavailable' from command line to 'False'
[1.245s] Level 5:colcon.colcon_core.verb:set package 'navigation_robot_custom_interfaces' build argument 'cmake_clean_cache' from command line to 'False'
[1.245s] Level 5:colcon.colcon_core.verb:set package 'navigation_robot_custom_interfaces' build argument 'cmake_clean_first' from command line to 'False'
[1.245s] Level 5:colcon.colcon_core.verb:set package 'navigation_robot_custom_interfaces' build argument 'cmake_force_configure' from command line to 'False'
[1.245s] Level 5:colcon.colcon_core.verb:set package 'navigation_robot_custom_interfaces' build argument 'ament_cmake_args' from command line to 'None'
[1.245s] Level 5:colcon.colcon_core.verb:set package 'navigation_robot_custom_interfaces' build argument 'catkin_cmake_args' from command line to 'None'
[1.245s] Level 5:colcon.colcon_core.verb:set package 'navigation_robot_custom_interfaces' build argument 'catkin_skip_building_tests' from command line to 'False'
[1.245s] DEBUG:colcon.colcon_core.verb:Building package 'navigation_robot_custom_interfaces' with the following arguments: {'ament_cmake_args': None, 'build_base': '/home/user/ros2_navigationrobot_ws/build/navigation_robot_custom_interfaces', 'cargo_args': None, 'catkin_cmake_args': None, 'catkin_skip_building_tests': False, 'clean_build': False, 'cmake_args': None, 'cmake_clean_cache': False, 'cmake_clean_first': False, 'cmake_force_configure': False, 'cmake_target': None, 'cmake_target_skip_unavailable': False, 'install_base': '/home/user/ros2_navigationrobot_ws/install/navigation_robot_custom_interfaces', 'lookup_in_workspace': False, 'merge_install': False, 'path': '/home/user/ros2_navigationrobot_ws/src/navigation_robot_custom_interfaces', 'symlink_install': False, 'test_result_base': None}
[1.246s] Level 5:colcon.colcon_core.verb:set package 'session7_turtlebot3_robot' build argument 'lookup_in_workspace' from command line to 'False'
[1.246s] Level 5:colcon.colcon_core.verb:set package 'session7_turtlebot3_robot' build argument 'cargo_args' from command line to 'None'
[1.246s] Level 5:colcon.colcon_core.verb:set package 'session7_turtlebot3_robot' build argument 'clean_build' from command line to 'False'
[1.246s] Level 5:colcon.colcon_core.verb:set package 'session7_turtlebot3_robot' build argument 'cmake_args' from command line to 'None'
[1.246s] Level 5:colcon.colcon_core.verb:set package 'session7_turtlebot3_robot' build argument 'cmake_target' from command line to 'None'
[1.246s] Level 5:colcon.colcon_core.verb:set package 'session7_turtlebot3_robot' build argument 'cmake_target_skip_unavailable' from command line to 'False'
[1.246s] Level 5:colcon.colcon_core.verb:set package 'session7_turtlebot3_robot' build argument 'cmake_clean_cache' from command line to 'False'
[1.246s] Level 5:colcon.colcon_core.verb:set package 'session7_turtlebot3_robot' build argument 'cmake_clean_first' from command line to 'False'
[1.246s] Level 5:colcon.colcon_core.verb:set package 'session7_turtlebot3_robot' build argument 'cmake_force_configure' from command line to 'False'
[1.246s] Level 5:colcon.colcon_core.verb:set package 'session7_turtlebot3_robot' build argument 'ament_cmake_args' from command line to 'None'
[1.246s] Level 5:colcon.colcon_core.verb:set package 'session7_turtlebot3_robot' build argument 'catkin_cmake_args' from command line to 'None'
[1.246s] Level 5:colcon.colcon_core.verb:set package 'session7_turtlebot3_robot' build argument 'catkin_skip_building_tests' from command line to 'False'
[1.246s] DEBUG:colcon.colcon_core.verb:Building package 'session7_turtlebot3_robot' with the following arguments: {'ament_cmake_args': None, 'build_base': '/home/user/ros2_navigationrobot_ws/build/session7_turtlebot3_robot', 'cargo_args': None, 'catkin_cmake_args': None, 'catkin_skip_building_tests': False, 'clean_build': False, 'cmake_args': None, 'cmake_clean_cache': False, 'cmake_clean_first': False, 'cmake_force_configure': False, 'cmake_target': None, 'cmake_target_skip_unavailable': False, 'install_base': '/home/user/ros2_navigationrobot_ws/install/session7_turtlebot3_robot', 'lookup_in_workspace': False, 'merge_install': False, 'path': '/home/user/ros2_navigationrobot_ws/src/session7_turtlebot3_robot', 'symlink_install': False, 'test_result_base': None}
[1.247s] INFO:colcon.colcon_core.executor:Executing jobs using 'parallel' executor
[1.255s] DEBUG:colcon.colcon_parallel_executor.executor.parallel:run_until_complete
[1.256s] INFO:colcon.colcon_ros.task.ament_cmake.build:Building ROS package in '/home/user/ros2_navigationrobot_ws/src/navigation_robot_custom_interfaces' with build type 'ament_cmake'
[1.256s] INFO:colcon.colcon_cmake.task.cmake.build:Building CMake package in '/home/user/ros2_navigationrobot_ws/src/navigation_robot_custom_interfaces'
[1.259s] INFO:colcon.colcon_core.plugin_system:Skipping extension 'colcon_core.shell.bat': Not used on non-Windows systems
[1.259s] INFO:colcon.colcon_core.shell:Skip shell extension 'powershell' for command environment: Not usable outside of PowerShell
[1.259s] DEBUG:colcon.colcon_core.shell:Skip shell extension 'dsv' for command environment
[1.261s] WARNING:colcon.colcon_core.prefix_path.colcon:The path '/home/user/ros2_ws/install' in the environment variable COLCON_PREFIX_PATH doesn't exist
[1.261s] WARNING:colcon.colcon_ros.prefix_path.ament:The path '/home/user/ros2_navigationrobot_ws/install/session7_turtlebot3_robot' in the environment variable AMENT_PREFIX_PATH doesn't exist
[1.261s] WARNING:colcon.colcon_ros.prefix_path.ament:The path '/home/user/ros2_navigationrobot_ws/install/navigation_robot_custom_interfaces' in the environment variable AMENT_PREFIX_PATH doesn't exist
[1.263s] WARNING:colcon.colcon_ros.prefix_path.catkin:The path '/home/user/ros2_navigationrobot_ws/install/navigation_robot_custom_interfaces' in the environment variable CMAKE_PREFIX_PATH doesn't exist
[1.314s] INFO:colcon.colcon_ros.task.ament_python.build:Building ROS package in '/home/user/ros2_navigationrobot_ws/src/session7_turtlebot3_robot' with build type 'ament_python'
[1.314s] Level 1:colcon.colcon_core.shell:create_environment_hook('session7_turtlebot3_robot', 'ament_prefix_path')
[1.315s] INFO:colcon.colcon_core.shell:Creating environment hook '/home/user/ros2_navigationrobot_ws/install/session7_turtlebot3_robot/share/session7_turtlebot3_robot/hook/ament_prefix_path.ps1'
[1.316s] INFO:colcon.colcon_core.shell:Creating environment descriptor '/home/user/ros2_navigationrobot_ws/install/session7_turtlebot3_robot/share/session7_turtlebot3_robot/hook/ament_prefix_path.dsv'
[1.319s] INFO:colcon.colcon_core.shell:Creating environment hook '/home/user/ros2_navigationrobot_ws/install/session7_turtlebot3_robot/share/session7_turtlebot3_robot/hook/ament_prefix_path.sh'
[1.320s] INFO:colcon.colcon_core.shell:Skip shell extension 'powershell' for command environment: Not usable outside of PowerShell
[1.320s] DEBUG:colcon.colcon_core.shell:Skip shell extension 'dsv' for command environment
[1.346s] DEBUG:colcon.colcon_core.event_handler.log_command:Invoking command in '/home/user/ros2_navigationrobot_ws/build/navigation_robot_custom_interfaces': CMAKE_PREFIX_PATH=${CMAKE_PREFIX_PATH}:/home/user/ros2_navigationrobot_ws/install/session7_turtlebot3_robot:/home/simulations/ros2_sims_ws/install/rclrs_tests:/home/simulations/ros2_sims_ws/install/examples_rclrs_minimal_client_service:/home/simulations/ros2_sims_ws/install/sensor_msgs_py:/home/simulations/ros2_sims_ws/install/examples_rclrs_minimal_pub_sub:/home/simulations/ros2_sims_ws/install/examples_rclrs_message_demo:/home/simulations/ros2_sims_ws/install/rclrs:/home/simulations/ros2_sims_ws/install/rosidl_runtime_rs:/opt/ros/humble _=/usr/bin/env /usr/bin/cmake /home/user/ros2_navigationrobot_ws/src/navigation_robot_custom_interfaces -DCMAKE_INSTALL_PREFIX=/home/user/ros2_navigationrobot_ws/install/navigation_robot_custom_interfaces
[2.716s] INFO:colcon.colcon_core.task.python.build:Building Python package in '/home/user/ros2_navigationrobot_ws/src/session7_turtlebot3_robot'
[2.717s] INFO:colcon.colcon_core.shell:Skip shell extension 'powershell' for command environment: Not usable outside of PowerShell
[2.718s] DEBUG:colcon.colcon_core.shell:Skip shell extension 'dsv' for command environment
[4.365s] DEBUG:colcon.colcon_core.event_handler.log_command:Invoking command in '/home/user/ros2_navigationrobot_ws/src/session7_turtlebot3_robot': PYTHONPATH=/home/user/ros2_navigationrobot_ws/build/session7_turtlebot3_robot/prefix_override:/home/user/ros2_navigationrobot_ws/install/session7_turtlebot3_robot/lib/python3.10/site-packages:${PYTHONPATH} _=/usr/bin/env /usr/bin/python3 -W ignore:setup.py install is deprecated setup.py egg_info --egg-base ../../build/session7_turtlebot3_robot build --build-base /home/user/ros2_navigationrobot_ws/build/session7_turtlebot3_robot/build install --record /home/user/ros2_navigationrobot_ws/build/session7_turtlebot3_robot/install.log --single-version-externally-managed install_data
[5.734s] DEBUG:colcon.colcon_core.event_handler.log_command:Invoked command in '/home/user/ros2_navigationrobot_ws/src/session7_turtlebot3_robot' returned '0': PYTHONPATH=/home/user/ros2_navigationrobot_ws/build/session7_turtlebot3_robot/prefix_override:/home/user/ros2_navigationrobot_ws/install/session7_turtlebot3_robot/lib/python3.10/site-packages:${PYTHONPATH} _=/usr/bin/env /usr/bin/python3 -W ignore:setup.py install is deprecated setup.py egg_info --egg-base ../../build/session7_turtlebot3_robot build --build-base /home/user/ros2_navigationrobot_ws/build/session7_turtlebot3_robot/build install --record /home/user/ros2_navigationrobot_ws/build/session7_turtlebot3_robot/install.log --single-version-externally-managed install_data
[5.737s] Level 1:colcon.colcon_core.environment:checking '/home/user/ros2_navigationrobot_ws/install/session7_turtlebot3_robot' for CMake module files
[5.737s] Level 1:colcon.colcon_core.environment:checking '/home/user/ros2_navigationrobot_ws/install/session7_turtlebot3_robot' for CMake config files
[5.738s] Level 1:colcon.colcon_core.environment:checking '/home/user/ros2_navigationrobot_ws/install/session7_turtlebot3_robot/lib'
[5.742s] Level 1:colcon.colcon_core.environment:checking '/home/user/ros2_navigationrobot_ws/install/session7_turtlebot3_robot/bin'
[5.742s] Level 1:colcon.colcon_core.environment:checking '/home/user/ros2_navigationrobot_ws/install/session7_turtlebot3_robot/lib/pkgconfig/session7_turtlebot3_robot.pc'
[5.743s] Level 1:colcon.colcon_core.environment:checking '/home/user/ros2_navigationrobot_ws/install/session7_turtlebot3_robot/lib/python3.10/site-packages'
[5.743s] Level 1:colcon.colcon_core.shell:create_environment_hook('session7_turtlebot3_robot', 'pythonpath')
[5.743s] INFO:colcon.colcon_core.shell:Creating environment hook '/home/user/ros2_navigationrobot_ws/install/session7_turtlebot3_robot/share/session7_turtlebot3_robot/hook/pythonpath.ps1'
[5.745s] INFO:colcon.colcon_core.shell:Creating environment descriptor '/home/user/ros2_navigationrobot_ws/install/session7_turtlebot3_robot/share/session7_turtlebot3_robot/hook/pythonpath.dsv'
[5.745s] INFO:colcon.colcon_core.shell:Creating environment hook '/home/user/ros2_navigationrobot_ws/install/session7_turtlebot3_robot/share/session7_turtlebot3_robot/hook/pythonpath.sh'
[5.746s] Level 1:colcon.colcon_core.environment:checking '/home/user/ros2_navigationrobot_ws/install/session7_turtlebot3_robot/bin'
[5.746s] Level 1:colcon.colcon_core.environment:create_environment_scripts_only(session7_turtlebot3_robot)
[5.746s] INFO:colcon.colcon_core.shell:Creating package script '/home/user/ros2_navigationrobot_ws/install/session7_turtlebot3_robot/share/session7_turtlebot3_robot/package.ps1'
[5.747s] INFO:colcon.colcon_core.shell:Creating package descriptor '/home/user/ros2_navigationrobot_ws/install/session7_turtlebot3_robot/share/session7_turtlebot3_robot/package.dsv'
[5.748s] INFO:colcon.colcon_core.shell:Creating package script '/home/user/ros2_navigationrobot_ws/install/session7_turtlebot3_robot/share/session7_turtlebot3_robot/package.sh'
[5.749s] INFO:colcon.colcon_core.shell:Creating package script '/home/user/ros2_navigationrobot_ws/install/session7_turtlebot3_robot/share/session7_turtlebot3_robot/package.bash'
[5.749s] INFO:colcon.colcon_core.shell:Creating package script '/home/user/ros2_navigationrobot_ws/install/session7_turtlebot3_robot/share/session7_turtlebot3_robot/package.zsh'
[5.792s] Level 1:colcon.colcon_core.environment:create_file_with_runtime_dependencies(/home/user/ros2_navigationrobot_ws/install/session7_turtlebot3_robot/share/colcon-core/packages/session7_turtlebot3_robot)
[14.331s] DEBUG:colcon.colcon_core.event_handler.log_command:Invoked command in '/home/user/ros2_navigationrobot_ws/build/navigation_robot_custom_interfaces' returned '0': CMAKE_PREFIX_PATH=${CMAKE_PREFIX_PATH}:/home/user/ros2_navigationrobot_ws/install/session7_turtlebot3_robot:/home/simulations/ros2_sims_ws/install/rclrs_tests:/home/simulations/ros2_sims_ws/install/examples_rclrs_minimal_client_service:/home/simulations/ros2_sims_ws/install/sensor_msgs_py:/home/simulations/ros2_sims_ws/install/examples_rclrs_minimal_pub_sub:/home/simulations/ros2_sims_ws/install/examples_rclrs_message_demo:/home/simulations/ros2_sims_ws/install/rclrs:/home/simulations/ros2_sims_ws/install/rosidl_runtime_rs:/opt/ros/humble _=/usr/bin/env /usr/bin/cmake /home/user/ros2_navigationrobot_ws/src/navigation_robot_custom_interfaces -DCMAKE_INSTALL_PREFIX=/home/user/ros2_navigationrobot_ws/install/navigation_robot_custom_interfaces
[14.331s] DEBUG:colcon.colcon_core.event_handler.log_command:Invoking command in '/home/user/ros2_navigationrobot_ws/build/navigation_robot_custom_interfaces': CMAKE_PREFIX_PATH=${CMAKE_PREFIX_PATH}:/home/user/ros2_navigationrobot_ws/install/session7_turtlebot3_robot:/home/simulations/ros2_sims_ws/install/rclrs_tests:/home/simulations/ros2_sims_ws/install/examples_rclrs_minimal_client_service:/home/simulations/ros2_sims_ws/install/sensor_msgs_py:/home/simulations/ros2_sims_ws/install/examples_rclrs_minimal_pub_sub:/home/simulations/ros2_sims_ws/install/examples_rclrs_message_demo:/home/simulations/ros2_sims_ws/install/rclrs:/home/simulations/ros2_sims_ws/install/rosidl_runtime_rs:/opt/ros/humble _=/usr/bin/env /usr/bin/cmake --build /home/user/ros2_navigationrobot_ws/build/navigation_robot_custom_interfaces -- -j8 -l8
[53.158s] DEBUG:colcon.colcon_core.event_handler.log_command:Invoked command in '/home/user/ros2_navigationrobot_ws/build/navigation_robot_custom_interfaces' returned '0': CMAKE_PREFIX_PATH=${CMAKE_PREFIX_PATH}:/home/user/ros2_navigationrobot_ws/install/session7_turtlebot3_robot:/home/simulations/ros2_sims_ws/install/rclrs_tests:/home/simulations/ros2_sims_ws/install/examples_rclrs_minimal_client_service:/home/simulations/ros2_sims_ws/install/sensor_msgs_py:/home/simulations/ros2_sims_ws/install/examples_rclrs_minimal_pub_sub:/home/simulations/ros2_sims_ws/install/examples_rclrs_message_demo:/home/simulations/ros2_sims_ws/install/rclrs:/home/simulations/ros2_sims_ws/install/rosidl_runtime_rs:/opt/ros/humble _=/usr/bin/env /usr/bin/cmake --build /home/user/ros2_navigationrobot_ws/build/navigation_robot_custom_interfaces -- -j8 -l8
[54.093s] DEBUG:colcon.colcon_core.event_handler.log_command:Invoking command in '/home/user/ros2_navigationrobot_ws/build/navigation_robot_custom_interfaces': CMAKE_PREFIX_PATH=${CMAKE_PREFIX_PATH}:/home/user/ros2_navigationrobot_ws/install/session7_turtlebot3_robot:/home/simulations/ros2_sims_ws/install/rclrs_tests:/home/simulations/ros2_sims_ws/install/examples_rclrs_minimal_client_service:/home/simulations/ros2_sims_ws/install/sensor_msgs_py:/home/simulations/ros2_sims_ws/install/examples_rclrs_minimal_pub_sub:/home/simulations/ros2_sims_ws/install/examples_rclrs_message_demo:/home/simulations/ros2_sims_ws/install/rclrs:/home/simulations/ros2_sims_ws/install/rosidl_runtime_rs:/opt/ros/humble _=/usr/bin/env /usr/bin/cmake --install /home/user/ros2_navigationrobot_ws/build/navigation_robot_custom_interfaces
[54.421s] Level 1:colcon.colcon_core.environment:create_environment_scripts_only(navigation_robot_custom_interfaces)
[54.422s] Level 1:colcon.colcon_core.environment:checking '/home/user/ros2_navigationrobot_ws/install/navigation_robot_custom_interfaces' for CMake module files
[54.423s] Level 1:colcon.colcon_core.environment:checking '/home/user/ros2_navigationrobot_ws/install/navigation_robot_custom_interfaces' for CMake config files
[54.424s] Level 1:colcon.colcon_core.shell:create_environment_hook('navigation_robot_custom_interfaces', 'cmake_prefix_path')
[54.424s] INFO:colcon.colcon_core.shell:Creating environment hook '/home/user/ros2_navigationrobot_ws/install/navigation_robot_custom_interfaces/share/navigation_robot_custom_interfaces/hook/cmake_prefix_path.ps1'
[54.425s] INFO:colcon.colcon_core.shell:Creating environment descriptor '/home/user/ros2_navigationrobot_ws/install/navigation_robot_custom_interfaces/share/navigation_robot_custom_interfaces/hook/cmake_prefix_path.dsv'
[54.426s] INFO:colcon.colcon_core.shell:Creating environment hook '/home/user/ros2_navigationrobot_ws/install/navigation_robot_custom_interfaces/share/navigation_robot_custom_interfaces/hook/cmake_prefix_path.sh'
[54.427s] Level 1:colcon.colcon_core.environment:checking '/home/user/ros2_navigationrobot_ws/install/navigation_robot_custom_interfaces/lib'
[54.427s] Level 1:colcon.colcon_core.shell:create_environment_hook('navigation_robot_custom_interfaces', 'ld_library_path_lib')
[54.427s] INFO:colcon.colcon_core.shell:Creating environment hook '/home/user/ros2_navigationrobot_ws/install/navigation_robot_custom_interfaces/share/navigation_robot_custom_interfaces/hook/ld_library_path_lib.ps1'
[54.428s] INFO:colcon.colcon_core.shell:Creating environment descriptor '/home/user/ros2_navigationrobot_ws/install/navigation_robot_custom_interfaces/share/navigation_robot_custom_interfaces/hook/ld_library_path_lib.dsv'
[54.428s] INFO:colcon.colcon_core.shell:Creating environment hook '/home/user/ros2_navigationrobot_ws/install/navigation_robot_custom_interfaces/share/navigation_robot_custom_interfaces/hook/ld_library_path_lib.sh'
[54.429s] Level 1:colcon.colcon_core.environment:checking '/home/user/ros2_navigationrobot_ws/install/navigation_robot_custom_interfaces/bin'
[54.429s] Level 1:colcon.colcon_core.environment:checking '/home/user/ros2_navigationrobot_ws/install/navigation_robot_custom_interfaces/lib/pkgconfig/navigation_robot_custom_interfaces.pc'
[54.429s] Level 1:colcon.colcon_core.environment:checking '/home/user/ros2_navigationrobot_ws/install/navigation_robot_custom_interfaces/lib/python3.10/site-packages'
[54.429s] Level 1:colcon.colcon_core.environment:checking '/home/user/ros2_navigationrobot_ws/install/navigation_robot_custom_interfaces/bin'
[54.430s] INFO:colcon.colcon_core.shell:Creating package script '/home/user/ros2_navigationrobot_ws/install/navigation_robot_custom_interfaces/share/navigation_robot_custom_interfaces/package.ps1'
[54.431s] INFO:colcon.colcon_core.shell:Creating package descriptor '/home/user/ros2_navigationrobot_ws/install/navigation_robot_custom_interfaces/share/navigation_robot_custom_interfaces/package.dsv'
[54.433s] DEBUG:colcon.colcon_core.event_handler.log_command:Invoked command in '/home/user/ros2_navigationrobot_ws/build/navigation_robot_custom_interfaces' returned '0': CMAKE_PREFIX_PATH=${CMAKE_PREFIX_PATH}:/home/user/ros2_navigationrobot_ws/install/session7_turtlebot3_robot:/home/simulations/ros2_sims_ws/install/rclrs_tests:/home/simulations/ros2_sims_ws/install/examples_rclrs_minimal_client_service:/home/simulations/ros2_sims_ws/install/sensor_msgs_py:/home/simulations/ros2_sims_ws/install/examples_rclrs_minimal_pub_sub:/home/simulations/ros2_sims_ws/install/examples_rclrs_message_demo:/home/simulations/ros2_sims_ws/install/rclrs:/home/simulations/ros2_sims_ws/install/rosidl_runtime_rs:/opt/ros/humble _=/usr/bin/env /usr/bin/cmake --install /home/user/ros2_navigationrobot_ws/build/navigation_robot_custom_interfaces
[54.441s] INFO:colcon.colcon_core.shell:Creating package script '/home/user/ros2_navigationrobot_ws/install/navigation_robot_custom_interfaces/share/navigation_robot_custom_interfaces/package.sh'
[54.447s] INFO:colcon.colcon_core.shell:Creating package script '/home/user/ros2_navigationrobot_ws/install/navigation_robot_custom_interfaces/share/navigation_robot_custom_interfaces/package.bash'
[54.449s] INFO:colcon.colcon_core.shell:Creating package script '/home/user/ros2_navigationrobot_ws/install/navigation_robot_custom_interfaces/share/navigation_robot_custom_interfaces/package.zsh'
[54.449s] Level 1:colcon.colcon_core.environment:create_file_with_runtime_dependencies(/home/user/ros2_navigationrobot_ws/install/navigation_robot_custom_interfaces/share/colcon-core/packages/navigation_robot_custom_interfaces)
[55.315s] Level 1:colcon.colcon_core.environment:create_environment_scripts_only(navigation_robot_custom_interfaces)
[55.315s] Level 1:colcon.colcon_core.environment:checking '/home/user/ros2_navigationrobot_ws/install/navigation_robot_custom_interfaces' for CMake module files
[55.316s] Level 1:colcon.colcon_core.environment:checking '/home/user/ros2_navigationrobot_ws/install/navigation_robot_custom_interfaces' for CMake config files
[55.317s] Level 1:colcon.colcon_core.shell:create_environment_hook('navigation_robot_custom_interfaces', 'cmake_prefix_path')
[55.317s] INFO:colcon.colcon_core.shell:Creating environment hook '/home/user/ros2_navigationrobot_ws/install/navigation_robot_custom_interfaces/share/navigation_robot_custom_interfaces/hook/cmake_prefix_path.ps1'
[55.318s] INFO:colcon.colcon_core.shell:Creating environment descriptor '/home/user/ros2_navigationrobot_ws/install/navigation_robot_custom_interfaces/share/navigation_robot_custom_interfaces/hook/cmake_prefix_path.dsv'
[55.319s] INFO:colcon.colcon_core.shell:Creating environment hook '/home/user/ros2_navigationrobot_ws/install/navigation_robot_custom_interfaces/share/navigation_robot_custom_interfaces/hook/cmake_prefix_path.sh'
[55.319s] Level 1:colcon.colcon_core.environment:checking '/home/user/ros2_navigationrobot_ws/install/navigation_robot_custom_interfaces/lib'
[55.319s] Level 1:colcon.colcon_core.shell:create_environment_hook('navigation_robot_custom_interfaces', 'ld_library_path_lib')
[55.320s] INFO:colcon.colcon_core.shell:Creating environment hook '/home/user/ros2_navigationrobot_ws/install/navigation_robot_custom_interfaces/share/navigation_robot_custom_interfaces/hook/ld_library_path_lib.ps1'
[55.322s] INFO:colcon.colcon_core.shell:Creating environment descriptor '/home/user/ros2_navigationrobot_ws/install/navigation_robot_custom_interfaces/share/navigation_robot_custom_interfaces/hook/ld_library_path_lib.dsv'
[55.322s] INFO:colcon.colcon_core.shell:Creating environment hook '/home/user/ros2_navigationrobot_ws/install/navigation_robot_custom_interfaces/share/navigation_robot_custom_interfaces/hook/ld_library_path_lib.sh'
[55.323s] Level 1:colcon.colcon_core.environment:checking '/home/user/ros2_navigationrobot_ws/install/navigation_robot_custom_interfaces/bin'
[55.323s] Level 1:colcon.colcon_core.environment:checking '/home/user/ros2_navigationrobot_ws/install/navigation_robot_custom_interfaces/lib/pkgconfig/navigation_robot_custom_interfaces.pc'
[55.323s] Level 1:colcon.colcon_core.environment:checking '/home/user/ros2_navigationrobot_ws/install/navigation_robot_custom_interfaces/lib/python3.10/site-packages'
[55.324s] Level 1:colcon.colcon_core.environment:checking '/home/user/ros2_navigationrobot_ws/install/navigation_robot_custom_interfaces/bin'
[55.324s] INFO:colcon.colcon_core.shell:Creating package script '/home/user/ros2_navigationrobot_ws/install/navigation_robot_custom_interfaces/share/navigation_robot_custom_interfaces/package.ps1'
[55.324s] INFO:colcon.colcon_core.shell:Creating package descriptor '/home/user/ros2_navigationrobot_ws/install/navigation_robot_custom_interfaces/share/navigation_robot_custom_interfaces/package.dsv'
[55.325s] INFO:colcon.colcon_core.shell:Creating package script '/home/user/ros2_navigationrobot_ws/install/navigation_robot_custom_interfaces/share/navigation_robot_custom_interfaces/package.sh'
[55.326s] INFO:colcon.colcon_core.shell:Creating package script '/home/user/ros2_navigationrobot_ws/install/navigation_robot_custom_interfaces/share/navigation_robot_custom_interfaces/package.bash'
[55.327s] INFO:colcon.colcon_core.shell:Creating package script '/home/user/ros2_navigationrobot_ws/install/navigation_robot_custom_interfaces/share/navigation_robot_custom_interfaces/package.zsh'
[55.327s] Level 1:colcon.colcon_core.environment:create_file_with_runtime_dependencies(/home/user/ros2_navigationrobot_ws/install/navigation_robot_custom_interfaces/share/colcon-core/packages/navigation_robot_custom_interfaces)
[55.328s] DEBUG:colcon.colcon_parallel_executor.executor.parallel:closing loop
[55.328s] DEBUG:colcon.colcon_parallel_executor.executor.parallel:loop closed
[55.329s] DEBUG:colcon.colcon_parallel_executor.executor.parallel:run_until_complete finished with '0'
[55.329s] DEBUG:colcon.colcon_core.event_reactor:joining thread
[55.345s] INFO:colcon.colcon_core.plugin_system:Skipping extension 'colcon_notification.desktop_notification.notify_send': Could not find 'notify-send'
[55.345s] INFO:colcon.colcon_core.plugin_system:Skipping extension 'colcon_notification.desktop_notification.terminal_notifier': Not used on non-Darwin systems
[55.345s] INFO:colcon.colcon_core.plugin_system:Skipping extension 'colcon_notification.desktop_notification.win32': Not used on non-Windows systems
[55.345s] INFO:colcon.colcon_notification.desktop_notification:Sending desktop notification using 'notify2'
[55.393s] DEBUG:colcon.colcon_notification.desktop_notification.notify2:Failed to initialize notify2: org.freedesktop.DBus.Error.Spawn.ExecFailed: /usr/bin/dbus-launch terminated abnormally without any error message
[55.395s] DEBUG:colcon.colcon_core.event_reactor:joined thread
[55.397s] INFO:colcon.colcon_core.shell:Creating prefix script '/home/user/ros2_navigationrobot_ws/install/local_setup.ps1'
[55.399s] INFO:colcon.colcon_core.shell:Creating prefix util module '/home/user/ros2_navigationrobot_ws/install/_local_setup_util_ps1.py'
[55.404s] INFO:colcon.colcon_core.shell:Creating prefix chain script '/home/user/ros2_navigationrobot_ws/install/setup.ps1'
[55.416s] INFO:colcon.colcon_core.shell:Creating prefix script '/home/user/ros2_navigationrobot_ws/install/local_setup.sh'
[55.416s] INFO:colcon.colcon_core.shell:Creating prefix util module '/home/user/ros2_navigationrobot_ws/install/_local_setup_util_sh.py'
[55.419s] INFO:colcon.colcon_core.shell:Creating prefix chain script '/home/user/ros2_navigationrobot_ws/install/setup.sh'
[55.429s] INFO:colcon.colcon_core.shell:Creating prefix script '/home/user/ros2_navigationrobot_ws/install/local_setup.bash'
[55.430s] INFO:colcon.colcon_core.shell:Creating prefix chain script '/home/user/ros2_navigationrobot_ws/install/setup.bash'
[55.434s] INFO:colcon.colcon_core.shell:Creating prefix script '/home/user/ros2_navigationrobot_ws/install/local_setup.zsh'
[55.434s] INFO:colcon.colcon_core.shell:Creating prefix chain script '/home/user/ros2_navigationrobot_ws/install/setup.zsh'
