[0.397s] DEBUG:colcon:Command line arguments: ['/usr/bin/colcon', 'build']
[0.397s] DEBUG:colcon:Parsed command line arguments: Namespace(log_base=None, log_level=None, verb_name='build', build_base='build', install_base='install', merge_install=False, symlink_install=False, test_result_base=None, continue_on_error=False, executor='parallel', parallel_workers=8, event_handlers=None, ignore_user_meta=False, metas=['./colcon.meta'], base_paths=['.'], packages_ignore=None, packages_ignore_regex=None, paths=None, packages_up_to=None, packages_up_to_regex=None, packages_above=None, packages_above_and_dependencies=None, packages_above_depth=None, packages_select_by_dep=None, packages_skip_by_dep=None, packages_skip_up_to=None, packages_select_build_failed=False, packages_skip_build_finished=False, packages_select_test_failures=False, packages_skip_test_passed=False, packages_select=None, packages_skip=None, packages_select_regex=None, packages_skip_regex=None, packages_start=None, packages_end=None, lookup_in_workspace=False, cargo_args=None, clean_build=False, cmake_args=None, cmake_target=None, cmake_target_skip_unavailable=False, cmake_clean_cache=False, cmake_clean_first=False, cmake_force_configure=False, ament_cmake_args=None, catkin_cmake_args=None, catkin_skip_building_tests=False, mixin_files=None, mixin=None, verb_parser=<colcon_mixin.mixin.mixin_argument.MixinArgumentDecorator object at 0x7f2b440e2650>, verb_extension=<colcon_core.verb.build.BuildVerb object at 0x7f2b440e1ae0>, main=<bound method BuildVerb.main of <colcon_core.verb.build.BuildVerb object at 0x7f2b440e1ae0>>, mixin_verb=('build',))
[0.914s] Level 1:colcon.colcon_core.package_discovery:discover_packages(colcon_meta) check parameters
[0.914s] Level 1:colcon.colcon_core.package_discovery:discover_packages(recursive) check parameters
[0.914s] Level 1:colcon.colcon_core.package_discovery:discover_packages(ignore) check parameters
[0.914s] Level 1:colcon.colcon_core.package_discovery:discover_packages(path) check parameters
[0.914s] Level 1:colcon.colcon_core.package_discovery:discover_packages(colcon_meta) discover
[0.914s] Level 1:colcon.colcon_core.package_discovery:discover_packages(recursive) discover
[0.914s] INFO:colcon.colcon_core.package_discovery:Crawling recursively for packages in '/home/user/ros2_navigationrobot_ws'
[0.914s] Level 1:colcon.colcon_core.package_identification:_identify(.) by extensions ['ignore', 'ignore_ament_install']
[0.914s] Level 1:colcon.colcon_core.package_identification:_identify(.) by extension 'ignore'
[0.915s] Level 1:colcon.colcon_core.package_identification:_identify(.) by extension 'ignore_ament_install'
[0.915s] Level 1:colcon.colcon_core.package_identification:_identify(.) by extensions ['colcon_pkg']
[0.915s] Level 1:colcon.colcon_core.package_identification:_identify(.) by extension 'colcon_pkg'
[0.915s] Level 1:colcon.colcon_core.package_identification:_identify(.) by extensions ['colcon_meta']
[0.915s] Level 1:colcon.colcon_core.package_identification:_identify(.) by extension 'colcon_meta'
[0.915s] Level 1:colcon.colcon_core.package_identification:_identify(.) by extensions ['ament_cargo']
[0.915s] Level 1:colcon.colcon_core.package_identification:_identify(.) by extension 'ament_cargo'
[0.915s] Level 1:colcon.colcon_core.package_identification:_identify(.) by extensions ['ros']
[0.915s] Level 1:colcon.colcon_core.package_identification:_identify(.) by extension 'ros'
[0.929s] Level 1:colcon.colcon_core.package_identification:_identify(.) by extensions ['cargo', 'cmake', 'python']
[0.929s] Level 1:colcon.colcon_core.package_identification:_identify(.) by extension 'cargo'
[0.929s] Level 1:colcon.colcon_core.package_identification:_identify(.) by extension 'cmake'
[0.929s] Level 1:colcon.colcon_core.package_identification:_identify(.) by extension 'python'
[0.929s] Level 1:colcon.colcon_core.package_identification:_identify(.) by extensions ['python_setup_py']
[0.929s] Level 1:colcon.colcon_core.package_identification:_identify(.) by extension 'python_setup_py'
[0.930s] Level 1:colcon.colcon_core.package_identification:_identify(build) by extensions ['ignore', 'ignore_ament_install']
[0.930s] Level 1:colcon.colcon_core.package_identification:_identify(build) by extension 'ignore'
[0.930s] Level 1:colcon.colcon_core.package_identification:_identify(build) ignored
[0.930s] Level 1:colcon.colcon_core.package_identification:_identify(install) by extensions ['ignore', 'ignore_ament_install']
[0.930s] Level 1:colcon.colcon_core.package_identification:_identify(install) by extension 'ignore'
[0.930s] Level 1:colcon.colcon_core.package_identification:_identify(install) ignored
[0.930s] Level 1:colcon.colcon_core.package_identification:_identify(log) by extensions ['ignore', 'ignore_ament_install']
[0.930s] Level 1:colcon.colcon_core.package_identification:_identify(log) by extension 'ignore'
[0.930s] Level 1:colcon.colcon_core.package_identification:_identify(log) ignored
[0.930s] Level 1:colcon.colcon_core.package_identification:_identify(src) by extensions ['ignore', 'ignore_ament_install']
[0.931s] Level 1:colcon.colcon_core.package_identification:_identify(src) by extension 'ignore'
[0.931s] Level 1:colcon.colcon_core.package_identification:_identify(src) by extension 'ignore_ament_install'
[0.931s] Level 1:colcon.colcon_core.package_identification:_identify(src) by extensions ['colcon_pkg']
[0.931s] Level 1:colcon.colcon_core.package_identification:_identify(src) by extension 'colcon_pkg'
[0.931s] Level 1:colcon.colcon_core.package_identification:_identify(src) by extensions ['colcon_meta']
[0.931s] Level 1:colcon.colcon_core.package_identification:_identify(src) by extension 'colcon_meta'
[0.931s] Level 1:colcon.colcon_core.package_identification:_identify(src) by extensions ['ament_cargo']
[0.931s] Level 1:colcon.colcon_core.package_identification:_identify(src) by extension 'ament_cargo'
[0.931s] Level 1:colcon.colcon_core.package_identification:_identify(src) by extensions ['ros']
[0.931s] Level 1:colcon.colcon_core.package_identification:_identify(src) by extension 'ros'
[0.931s] Level 1:colcon.colcon_core.package_identification:_identify(src) by extensions ['cargo', 'cmake', 'python']
[0.931s] Level 1:colcon.colcon_core.package_identification:_identify(src) by extension 'cargo'
[0.931s] Level 1:colcon.colcon_core.package_identification:_identify(src) by extension 'cmake'
[0.931s] Level 1:colcon.colcon_core.package_identification:_identify(src) by extension 'python'
[0.931s] Level 1:colcon.colcon_core.package_identification:_identify(src) by extensions ['python_setup_py']
[0.931s] Level 1:colcon.colcon_core.package_identification:_identify(src) by extension 'python_setup_py'
[0.931s] Level 1:colcon.colcon_core.package_identification:_identify(src/navigation_robot_custom_interfaces) by extensions ['ignore', 'ignore_ament_install']
[0.931s] Level 1:colcon.colcon_core.package_identification:_identify(src/navigation_robot_custom_interfaces) by extension 'ignore'
[0.931s] Level 1:colcon.colcon_core.package_identification:_identify(src/navigation_robot_custom_interfaces) by extension 'ignore_ament_install'
[0.932s] Level 1:colcon.colcon_core.package_identification:_identify(src/navigation_robot_custom_interfaces) by extensions ['colcon_pkg']
[0.932s] Level 1:colcon.colcon_core.package_identification:_identify(src/navigation_robot_custom_interfaces) by extension 'colcon_pkg'
[0.932s] Level 1:colcon.colcon_core.package_identification:_identify(src/navigation_robot_custom_interfaces) by extensions ['colcon_meta']
[0.932s] Level 1:colcon.colcon_core.package_identification:_identify(src/navigation_robot_custom_interfaces) by extension 'colcon_meta'
[0.932s] Level 1:colcon.colcon_core.package_identification:_identify(src/navigation_robot_custom_interfaces) by extensions ['ament_cargo']
[0.932s] Level 1:colcon.colcon_core.package_identification:_identify(src/navigation_robot_custom_interfaces) by extension 'ament_cargo'
[0.932s] Level 1:colcon.colcon_core.package_identification:_identify(src/navigation_robot_custom_interfaces) by extensions ['ros']
[0.932s] Level 1:colcon.colcon_core.package_identification:_identify(src/navigation_robot_custom_interfaces) by extension 'ros'
[0.936s] DEBUG:colcon.colcon_core.package_identification:Package 'src/navigation_robot_custom_interfaces' with type 'ros.ament_cmake' and name 'navigation_robot_custom_interfaces'
[0.936s] Level 1:colcon.colcon_core.package_identification:_identify(src/session7_turtlebot3_robot) by extensions ['ignore', 'ignore_ament_install']
[0.937s] Level 1:colcon.colcon_core.package_identification:_identify(src/session7_turtlebot3_robot) by extension 'ignore'
[0.937s] Level 1:colcon.colcon_core.package_identification:_identify(src/session7_turtlebot3_robot) by extension 'ignore_ament_install'
[0.937s] Level 1:colcon.colcon_core.package_identification:_identify(src/session7_turtlebot3_robot) by extensions ['colcon_pkg']
[0.937s] Level 1:colcon.colcon_core.package_identification:_identify(src/session7_turtlebot3_robot) by extension 'colcon_pkg'
[0.937s] Level 1:colcon.colcon_core.package_identification:_identify(src/session7_turtlebot3_robot) by extensions ['colcon_meta']
[0.937s] Level 1:colcon.colcon_core.package_identification:_identify(src/session7_turtlebot3_robot) by extension 'colcon_meta'
[0.937s] Level 1:colcon.colcon_core.package_identification:_identify(src/session7_turtlebot3_robot) by extensions ['ament_cargo']
[0.937s] Level 1:colcon.colcon_core.package_identification:_identify(src/session7_turtlebot3_robot) by extension 'ament_cargo'
[0.937s] Level 1:colcon.colcon_core.package_identification:_identify(src/session7_turtlebot3_robot) by extensions ['ros']
[0.937s] Level 1:colcon.colcon_core.package_identification:_identify(src/session7_turtlebot3_robot) by extension 'ros'
[0.938s] DEBUG:colcon.colcon_core.package_identification:Package 'src/session7_turtlebot3_robot' with type 'ros.ament_python' and name 'session7_turtlebot3_robot'
[0.938s] Level 1:colcon.colcon_core.package_discovery:discover_packages(recursive) using defaults
[0.938s] Level 1:colcon.colcon_core.package_discovery:discover_packages(ignore) discover
[0.938s] Level 1:colcon.colcon_core.package_discovery:discover_packages(ignore) using defaults
[0.938s] Level 1:colcon.colcon_core.package_discovery:discover_packages(path) discover
[0.938s] Level 1:colcon.colcon_core.package_discovery:discover_packages(path) using defaults
[1.032s] Level 5:colcon.colcon_core.verb:set package 'navigation_robot_custom_interfaces' build argument 'lookup_in_workspace' from command line to 'False'
[1.032s] Level 5:colcon.colcon_core.verb:set package 'navigation_robot_custom_interfaces' build argument 'cargo_args' from command line to 'None'
[1.032s] Level 5:colcon.colcon_core.verb:set package 'navigation_robot_custom_interfaces' build argument 'clean_build' from command line to 'False'
[1.032s] Level 5:colcon.colcon_core.verb:set package 'navigation_robot_custom_interfaces' build argument 'cmake_args' from command line to 'None'
[1.032s] Level 5:colcon.colcon_core.verb:set package 'navigation_robot_custom_interfaces' build argument 'cmake_target' from command line to 'None'
[1.032s] Level 5:colcon.colcon_core.verb:set package 'navigation_robot_custom_interfaces' build argument 'cmake_target_skip_unavailable' from command line to 'False'
[1.032s] Level 5:colcon.colcon_core.verb:set package 'navigation_robot_custom_interfaces' build argument 'cmake_clean_cache' from command line to 'False'
[1.032s] Level 5:colcon.colcon_core.verb:set package 'navigation_robot_custom_interfaces' build argument 'cmake_clean_first' from command line to 'False'
[1.032s] Level 5:colcon.colcon_core.verb:set package 'navigation_robot_custom_interfaces' build argument 'cmake_force_configure' from command line to 'False'
[1.032s] Level 5:colcon.colcon_core.verb:set package 'navigation_robot_custom_interfaces' build argument 'ament_cmake_args' from command line to 'None'
[1.032s] Level 5:colcon.colcon_core.verb:set package 'navigation_robot_custom_interfaces' build argument 'catkin_cmake_args' from command line to 'None'
[1.032s] Level 5:colcon.colcon_core.verb:set package 'navigation_robot_custom_interfaces' build argument 'catkin_skip_building_tests' from command line to 'False'
[1.033s] DEBUG:colcon.colcon_core.verb:Building package 'navigation_robot_custom_interfaces' with the following arguments: {'ament_cmake_args': None, 'build_base': '/home/user/ros2_navigationrobot_ws/build/navigation_robot_custom_interfaces', 'cargo_args': None, 'catkin_cmake_args': None, 'catkin_skip_building_tests': False, 'clean_build': False, 'cmake_args': None, 'cmake_clean_cache': False, 'cmake_clean_first': False, 'cmake_force_configure': False, 'cmake_target': None, 'cmake_target_skip_unavailable': False, 'install_base': '/home/user/ros2_navigationrobot_ws/install/navigation_robot_custom_interfaces', 'lookup_in_workspace': False, 'merge_install': False, 'path': '/home/user/ros2_navigationrobot_ws/src/navigation_robot_custom_interfaces', 'symlink_install': False, 'test_result_base': None}
[1.033s] Level 5:colcon.colcon_core.verb:set package 'session7_turtlebot3_robot' build argument 'lookup_in_workspace' from command line to 'False'
[1.034s] Level 5:colcon.colcon_core.verb:set package 'session7_turtlebot3_robot' build argument 'cargo_args' from command line to 'None'
[1.034s] Level 5:colcon.colcon_core.verb:set package 'session7_turtlebot3_robot' build argument 'clean_build' from command line to 'False'
[1.034s] Level 5:colcon.colcon_core.verb:set package 'session7_turtlebot3_robot' build argument 'cmake_args' from command line to 'None'
[1.034s] Level 5:colcon.colcon_core.verb:set package 'session7_turtlebot3_robot' build argument 'cmake_target' from command line to 'None'
[1.034s] Level 5:colcon.colcon_core.verb:set package 'session7_turtlebot3_robot' build argument 'cmake_target_skip_unavailable' from command line to 'False'
[1.034s] Level 5:colcon.colcon_core.verb:set package 'session7_turtlebot3_robot' build argument 'cmake_clean_cache' from command line to 'False'
[1.034s] Level 5:colcon.colcon_core.verb:set package 'session7_turtlebot3_robot' build argument 'cmake_clean_first' from command line to 'False'
[1.034s] Level 5:colcon.colcon_core.verb:set package 'session7_turtlebot3_robot' build argument 'cmake_force_configure' from command line to 'False'
[1.034s] Level 5:colcon.colcon_core.verb:set package 'session7_turtlebot3_robot' build argument 'ament_cmake_args' from command line to 'None'
[1.034s] Level 5:colcon.colcon_core.verb:set package 'session7_turtlebot3_robot' build argument 'catkin_cmake_args' from command line to 'None'
[1.034s] Level 5:colcon.colcon_core.verb:set package 'session7_turtlebot3_robot' build argument 'catkin_skip_building_tests' from command line to 'False'
[1.034s] DEBUG:colcon.colcon_core.verb:Building package 'session7_turtlebot3_robot' with the following arguments: {'ament_cmake_args': None, 'build_base': '/home/user/ros2_navigationrobot_ws/build/session7_turtlebot3_robot', 'cargo_args': None, 'catkin_cmake_args': None, 'catkin_skip_building_tests': False, 'clean_build': False, 'cmake_args': None, 'cmake_clean_cache': False, 'cmake_clean_first': False, 'cmake_force_configure': False, 'cmake_target': None, 'cmake_target_skip_unavailable': False, 'install_base': '/home/user/ros2_navigationrobot_ws/install/session7_turtlebot3_robot', 'lookup_in_workspace': False, 'merge_install': False, 'path': '/home/user/ros2_navigationrobot_ws/src/session7_turtlebot3_robot', 'symlink_install': False, 'test_result_base': None}
[1.034s] INFO:colcon.colcon_core.executor:Executing jobs using 'parallel' executor
[1.089s] DEBUG:colcon.colcon_parallel_executor.executor.parallel:run_until_complete
[1.089s] INFO:colcon.colcon_ros.task.ament_cmake.build:Building ROS package in '/home/user/ros2_navigationrobot_ws/src/navigation_robot_custom_interfaces' with build type 'ament_cmake'
[1.089s] INFO:colcon.colcon_cmake.task.cmake.build:Building CMake package in '/home/user/ros2_navigationrobot_ws/src/navigation_robot_custom_interfaces'
[1.093s] INFO:colcon.colcon_core.plugin_system:Skipping extension 'colcon_core.shell.bat': Not used on non-Windows systems
[1.093s] INFO:colcon.colcon_core.shell:Skip shell extension 'powershell' for command environment: Not usable outside of PowerShell
[1.093s] DEBUG:colcon.colcon_core.shell:Skip shell extension 'dsv' for command environment
[1.119s] DEBUG:colcon.colcon_core.event_handler.log_command:Invoking command in '/home/user/ros2_navigationrobot_ws/build/navigation_robot_custom_interfaces': CMAKE_PREFIX_PATH=${CMAKE_PREFIX_PATH}:/home/user/ros2_navigationrobot_ws/install/session7_turtlebot3_robot:/home/simulations/ros2_sims_ws/install/rclrs_tests:/home/simulations/ros2_sims_ws/install/examples_rclrs_minimal_client_service:/home/simulations/ros2_sims_ws/install/sensor_msgs_py:/home/simulations/ros2_sims_ws/install/examples_rclrs_minimal_pub_sub:/home/simulations/ros2_sims_ws/install/examples_rclrs_message_demo:/home/simulations/ros2_sims_ws/install/rclrs:/home/simulations/ros2_sims_ws/install/rosidl_runtime_rs:/opt/ros/humble _=/usr/bin/env /usr/bin/cmake --build /home/user/ros2_navigationrobot_ws/build/navigation_robot_custom_interfaces -- -j8 -l8
[3.327s] DEBUG:colcon.colcon_core.event_handler.log_command:Invoked command in '/home/user/ros2_navigationrobot_ws/build/navigation_robot_custom_interfaces' returned '0': CMAKE_PREFIX_PATH=${CMAKE_PREFIX_PATH}:/home/user/ros2_navigationrobot_ws/install/session7_turtlebot3_robot:/home/simulations/ros2_sims_ws/install/rclrs_tests:/home/simulations/ros2_sims_ws/install/examples_rclrs_minimal_client_service:/home/simulations/ros2_sims_ws/install/sensor_msgs_py:/home/simulations/ros2_sims_ws/install/examples_rclrs_minimal_pub_sub:/home/simulations/ros2_sims_ws/install/examples_rclrs_message_demo:/home/simulations/ros2_sims_ws/install/rclrs:/home/simulations/ros2_sims_ws/install/rosidl_runtime_rs:/opt/ros/humble _=/usr/bin/env /usr/bin/cmake --build /home/user/ros2_navigationrobot_ws/build/navigation_robot_custom_interfaces -- -j8 -l8
[3.932s] DEBUG:colcon.colcon_core.event_handler.log_command:Invoking command in '/home/user/ros2_navigationrobot_ws/build/navigation_robot_custom_interfaces': CMAKE_PREFIX_PATH=${CMAKE_PREFIX_PATH}:/home/user/ros2_navigationrobot_ws/install/session7_turtlebot3_robot:/home/simulations/ros2_sims_ws/install/rclrs_tests:/home/simulations/ros2_sims_ws/install/examples_rclrs_minimal_client_service:/home/simulations/ros2_sims_ws/install/sensor_msgs_py:/home/simulations/ros2_sims_ws/install/examples_rclrs_minimal_pub_sub:/home/simulations/ros2_sims_ws/install/examples_rclrs_message_demo:/home/simulations/ros2_sims_ws/install/rclrs:/home/simulations/ros2_sims_ws/install/rosidl_runtime_rs:/opt/ros/humble _=/usr/bin/env /usr/bin/cmake --install /home/user/ros2_navigationrobot_ws/build/navigation_robot_custom_interfaces
[4.189s] Level 1:colcon.colcon_core.environment:create_environment_scripts_only(navigation_robot_custom_interfaces)
[4.195s] DEBUG:colcon.colcon_core.event_handler.log_command:Invoked command in '/home/user/ros2_navigationrobot_ws/build/navigation_robot_custom_interfaces' returned '0': CMAKE_PREFIX_PATH=${CMAKE_PREFIX_PATH}:/home/user/ros2_navigationrobot_ws/install/session7_turtlebot3_robot:/home/simulations/ros2_sims_ws/install/rclrs_tests:/home/simulations/ros2_sims_ws/install/examples_rclrs_minimal_client_service:/home/simulations/ros2_sims_ws/install/sensor_msgs_py:/home/simulations/ros2_sims_ws/install/examples_rclrs_minimal_pub_sub:/home/simulations/ros2_sims_ws/install/examples_rclrs_message_demo:/home/simulations/ros2_sims_ws/install/rclrs:/home/simulations/ros2_sims_ws/install/rosidl_runtime_rs:/opt/ros/humble _=/usr/bin/env /usr/bin/cmake --install /home/user/ros2_navigationrobot_ws/build/navigation_robot_custom_interfaces
[4.203s] Level 1:colcon.colcon_core.environment:checking '/home/user/ros2_navigationrobot_ws/install/navigation_robot_custom_interfaces' for CMake module files
[4.204s] Level 1:colcon.colcon_core.environment:checking '/home/user/ros2_navigationrobot_ws/install/navigation_robot_custom_interfaces' for CMake config files
[4.205s] Level 1:colcon.colcon_core.shell:create_environment_hook('navigation_robot_custom_interfaces', 'cmake_prefix_path')
[4.205s] INFO:colcon.colcon_core.shell:Creating environment hook '/home/user/ros2_navigationrobot_ws/install/navigation_robot_custom_interfaces/share/navigation_robot_custom_interfaces/hook/cmake_prefix_path.ps1'
[4.208s] INFO:colcon.colcon_core.shell:Creating environment descriptor '/home/user/ros2_navigationrobot_ws/install/navigation_robot_custom_interfaces/share/navigation_robot_custom_interfaces/hook/cmake_prefix_path.dsv'
[4.209s] INFO:colcon.colcon_core.shell:Creating environment hook '/home/user/ros2_navigationrobot_ws/install/navigation_robot_custom_interfaces/share/navigation_robot_custom_interfaces/hook/cmake_prefix_path.sh'
[4.210s] Level 1:colcon.colcon_core.environment:checking '/home/user/ros2_navigationrobot_ws/install/navigation_robot_custom_interfaces/lib'
[4.210s] Level 1:colcon.colcon_core.shell:create_environment_hook('navigation_robot_custom_interfaces', 'ld_library_path_lib')
[4.211s] INFO:colcon.colcon_core.shell:Creating environment hook '/home/user/ros2_navigationrobot_ws/install/navigation_robot_custom_interfaces/share/navigation_robot_custom_interfaces/hook/ld_library_path_lib.ps1'
[4.211s] INFO:colcon.colcon_core.shell:Creating environment descriptor '/home/user/ros2_navigationrobot_ws/install/navigation_robot_custom_interfaces/share/navigation_robot_custom_interfaces/hook/ld_library_path_lib.dsv'
[4.212s] INFO:colcon.colcon_core.shell:Creating environment hook '/home/user/ros2_navigationrobot_ws/install/navigation_robot_custom_interfaces/share/navigation_robot_custom_interfaces/hook/ld_library_path_lib.sh'
[4.212s] Level 1:colcon.colcon_core.environment:checking '/home/user/ros2_navigationrobot_ws/install/navigation_robot_custom_interfaces/bin'
[4.212s] Level 1:colcon.colcon_core.environment:checking '/home/user/ros2_navigationrobot_ws/install/navigation_robot_custom_interfaces/lib/pkgconfig/navigation_robot_custom_interfaces.pc'
[4.214s] Level 1:colcon.colcon_core.environment:checking '/home/user/ros2_navigationrobot_ws/install/navigation_robot_custom_interfaces/lib/python3.10/site-packages'
[4.215s] Level 1:colcon.colcon_core.environment:checking '/home/user/ros2_navigationrobot_ws/install/navigation_robot_custom_interfaces/bin'
[4.215s] INFO:colcon.colcon_core.shell:Creating package script '/home/user/ros2_navigationrobot_ws/install/navigation_robot_custom_interfaces/share/navigation_robot_custom_interfaces/package.ps1'
[4.216s] INFO:colcon.colcon_core.shell:Creating package descriptor '/home/user/ros2_navigationrobot_ws/install/navigation_robot_custom_interfaces/share/navigation_robot_custom_interfaces/package.dsv'
[4.217s] INFO:colcon.colcon_core.shell:Creating package script '/home/user/ros2_navigationrobot_ws/install/navigation_robot_custom_interfaces/share/navigation_robot_custom_interfaces/package.sh'
[4.217s] INFO:colcon.colcon_core.shell:Creating package script '/home/user/ros2_navigationrobot_ws/install/navigation_robot_custom_interfaces/share/navigation_robot_custom_interfaces/package.bash'
[4.218s] INFO:colcon.colcon_core.shell:Creating package script '/home/user/ros2_navigationrobot_ws/install/navigation_robot_custom_interfaces/share/navigation_robot_custom_interfaces/package.zsh'
[4.219s] Level 1:colcon.colcon_core.environment:create_file_with_runtime_dependencies(/home/user/ros2_navigationrobot_ws/install/navigation_robot_custom_interfaces/share/colcon-core/packages/navigation_robot_custom_interfaces)
[4.825s] Level 1:colcon.colcon_core.environment:create_environment_scripts_only(navigation_robot_custom_interfaces)
[4.826s] Level 1:colcon.colcon_core.environment:checking '/home/user/ros2_navigationrobot_ws/install/navigation_robot_custom_interfaces' for CMake module files
[4.827s] Level 1:colcon.colcon_core.environment:checking '/home/user/ros2_navigationrobot_ws/install/navigation_robot_custom_interfaces' for CMake config files
[4.828s] Level 1:colcon.colcon_core.shell:create_environment_hook('navigation_robot_custom_interfaces', 'cmake_prefix_path')
[4.828s] INFO:colcon.colcon_core.shell:Creating environment hook '/home/user/ros2_navigationrobot_ws/install/navigation_robot_custom_interfaces/share/navigation_robot_custom_interfaces/hook/cmake_prefix_path.ps1'
[4.829s] INFO:colcon.colcon_core.shell:Creating environment descriptor '/home/user/ros2_navigationrobot_ws/install/navigation_robot_custom_interfaces/share/navigation_robot_custom_interfaces/hook/cmake_prefix_path.dsv'
[4.830s] INFO:colcon.colcon_core.shell:Creating environment hook '/home/user/ros2_navigationrobot_ws/install/navigation_robot_custom_interfaces/share/navigation_robot_custom_interfaces/hook/cmake_prefix_path.sh'
[4.830s] Level 1:colcon.colcon_core.environment:checking '/home/user/ros2_navigationrobot_ws/install/navigation_robot_custom_interfaces/lib'
[4.831s] Level 1:colcon.colcon_core.shell:create_environment_hook('navigation_robot_custom_interfaces', 'ld_library_path_lib')
[4.831s] INFO:colcon.colcon_core.shell:Creating environment hook '/home/user/ros2_navigationrobot_ws/install/navigation_robot_custom_interfaces/share/navigation_robot_custom_interfaces/hook/ld_library_path_lib.ps1'
[4.831s] INFO:colcon.colcon_core.shell:Creating environment descriptor '/home/user/ros2_navigationrobot_ws/install/navigation_robot_custom_interfaces/share/navigation_robot_custom_interfaces/hook/ld_library_path_lib.dsv'
[4.832s] INFO:colcon.colcon_core.shell:Creating environment hook '/home/user/ros2_navigationrobot_ws/install/navigation_robot_custom_interfaces/share/navigation_robot_custom_interfaces/hook/ld_library_path_lib.sh'
[4.832s] Level 1:colcon.colcon_core.environment:checking '/home/user/ros2_navigationrobot_ws/install/navigation_robot_custom_interfaces/bin'
[4.832s] Level 1:colcon.colcon_core.environment:checking '/home/user/ros2_navigationrobot_ws/install/navigation_robot_custom_interfaces/lib/pkgconfig/navigation_robot_custom_interfaces.pc'
[4.833s] Level 1:colcon.colcon_core.environment:checking '/home/user/ros2_navigationrobot_ws/install/navigation_robot_custom_interfaces/lib/python3.10/site-packages'
[4.833s] Level 1:colcon.colcon_core.environment:checking '/home/user/ros2_navigationrobot_ws/install/navigation_robot_custom_interfaces/bin'
[4.833s] INFO:colcon.colcon_core.shell:Creating package script '/home/user/ros2_navigationrobot_ws/install/navigation_robot_custom_interfaces/share/navigation_robot_custom_interfaces/package.ps1'
[4.834s] INFO:colcon.colcon_core.shell:Creating package descriptor '/home/user/ros2_navigationrobot_ws/install/navigation_robot_custom_interfaces/share/navigation_robot_custom_interfaces/package.dsv'
[4.834s] INFO:colcon.colcon_core.shell:Creating package script '/home/user/ros2_navigationrobot_ws/install/navigation_robot_custom_interfaces/share/navigation_robot_custom_interfaces/package.sh'
[4.835s] INFO:colcon.colcon_core.shell:Creating package script '/home/user/ros2_navigationrobot_ws/install/navigation_robot_custom_interfaces/share/navigation_robot_custom_interfaces/package.bash'
[4.835s] INFO:colcon.colcon_core.shell:Creating package script '/home/user/ros2_navigationrobot_ws/install/navigation_robot_custom_interfaces/share/navigation_robot_custom_interfaces/package.zsh'
[4.836s] Level 1:colcon.colcon_core.environment:create_file_with_runtime_dependencies(/home/user/ros2_navigationrobot_ws/install/navigation_robot_custom_interfaces/share/colcon-core/packages/navigation_robot_custom_interfaces)
[4.836s] INFO:colcon.colcon_ros.task.ament_python.build:Building ROS package in '/home/user/ros2_navigationrobot_ws/src/session7_turtlebot3_robot' with build type 'ament_python'
[4.836s] Level 1:colcon.colcon_core.shell:create_environment_hook('session7_turtlebot3_robot', 'ament_prefix_path')
[4.837s] INFO:colcon.colcon_core.shell:Creating environment hook '/home/user/ros2_navigationrobot_ws/install/session7_turtlebot3_robot/share/session7_turtlebot3_robot/hook/ament_prefix_path.ps1'
[4.839s] INFO:colcon.colcon_core.shell:Creating environment descriptor '/home/user/ros2_navigationrobot_ws/install/session7_turtlebot3_robot/share/session7_turtlebot3_robot/hook/ament_prefix_path.dsv'
[4.840s] INFO:colcon.colcon_core.shell:Creating environment hook '/home/user/ros2_navigationrobot_ws/install/session7_turtlebot3_robot/share/session7_turtlebot3_robot/hook/ament_prefix_path.sh'
[4.840s] INFO:colcon.colcon_core.shell:Skip shell extension 'powershell' for command environment: Not usable outside of PowerShell
[4.840s] DEBUG:colcon.colcon_core.shell:Skip shell extension 'dsv' for command environment
[5.796s] INFO:colcon.colcon_core.task.python.build:Building Python package in '/home/user/ros2_navigationrobot_ws/src/session7_turtlebot3_robot'
[5.796s] INFO:colcon.colcon_core.shell:Skip shell extension 'powershell' for command environment: Not usable outside of PowerShell
[5.797s] DEBUG:colcon.colcon_core.shell:Skip shell extension 'dsv' for command environment
[7.035s] DEBUG:colcon.colcon_core.event_handler.log_command:Invoking command in '/home/user/ros2_navigationrobot_ws/src/session7_turtlebot3_robot': LD_LIBRARY_PATH=/home/user/ros2_navigationrobot_ws/install/navigation_robot_custom_interfaces/lib:/usr/local/cuda-10.2/lib64:/home/user/.catkin_ws_python3/src/TensorRT-7.0.0.11/lib:/home/simulations/ros2_sims_ws/install/visualization_msgs/lib:/home/simulations/ros2_sims_ws/install/test_msgs/lib:/home/simulations/ros2_sims_ws/install/example_interfaces/lib:/home/simulations/ros2_sims_ws/install/action_msgs/lib:/home/simulations/ros2_sims_ws/install/unique_identifier_msgs/lib:/home/simulations/ros2_sims_ws/install/trajectory_msgs/lib:/home/simulations/ros2_sims_ws/install/stereo_msgs/lib:/home/simulations/ros2_sims_ws/install/std_srvs/lib:/home/simulations/ros2_sims_ws/install/shape_msgs/lib:/home/simulations/ros2_sims_ws/install/sensor_msgs/lib:/home/simulations/ros2_sims_ws/install/nav_msgs/lib:/home/simulations/ros2_sims_ws/install/diagnostic_msgs/lib:/home/simulations/ros2_sims_ws/install/geometry_msgs/lib:/home/simulations/ros2_sims_ws/install/actionlib_msgs/lib:/home/simulations/ros2_sims_ws/install/std_msgs/lib:/home/simulations/ros2_sims_ws/install/statistics_msgs/lib:/home/simulations/ros2_sims_ws/install/rosgraph_msgs/lib:/home/simulations/ros2_sims_ws/install/rclrs_example_msgs/lib:/home/simulations/ros2_sims_ws/install/composition_interfaces/lib:/home/simulations/ros2_sims_ws/install/rcl_interfaces/lib:/home/simulations/ros2_sims_ws/install/lifecycle_msgs/lib:/home/simulations/ros2_sims_ws/install/builtin_interfaces/lib:/opt/ros/humble/opt/rviz_ogre_vendor/lib:/opt/ros/humble/lib/x86_64-linux-gnu:/opt/ros/humble/lib:/usr/local/cuda-10.2/lib64:/home/user/.catkin_ws_python3/src/TensorRT-7.0.0.11/lib:/usr/lib/x86_64-linux-gnu/gazebo-11/plugins:/usr/lib/x86_64-linux-gnu/gazebo-11/plugins:/usr/lib/x86_64-linux-gnu/gazebo-11/plugins PYTHONPATH=/home/user/ros2_navigationrobot_ws/build/session7_turtlebot3_robot/prefix_override:/home/user/ros2_navigationrobot_ws/install/session7_turtlebot3_robot/lib/python3.10/site-packages:${PYTHONPATH} _=/usr/bin/env /usr/bin/python3 -W ignore:setup.py install is deprecated setup.py egg_info --egg-base ../../build/session7_turtlebot3_robot build --build-base /home/user/ros2_navigationrobot_ws/build/session7_turtlebot3_robot/build install --record /home/user/ros2_navigationrobot_ws/build/session7_turtlebot3_robot/install.log --single-version-externally-managed install_data
[7.989s] Level 1:colcon.colcon_core.environment:checking '/home/user/ros2_navigationrobot_ws/install/session7_turtlebot3_robot' for CMake module files
[7.990s] Level 1:colcon.colcon_core.environment:checking '/home/user/ros2_navigationrobot_ws/install/session7_turtlebot3_robot' for CMake config files
[7.990s] Level 1:colcon.colcon_core.environment:checking '/home/user/ros2_navigationrobot_ws/install/session7_turtlebot3_robot/lib'
[7.990s] Level 1:colcon.colcon_core.environment:checking '/home/user/ros2_navigationrobot_ws/install/session7_turtlebot3_robot/bin'
[7.991s] Level 1:colcon.colcon_core.environment:checking '/home/user/ros2_navigationrobot_ws/install/session7_turtlebot3_robot/lib/pkgconfig/session7_turtlebot3_robot.pc'
[7.991s] Level 1:colcon.colcon_core.environment:checking '/home/user/ros2_navigationrobot_ws/install/session7_turtlebot3_robot/lib/python3.10/site-packages'
[7.991s] Level 1:colcon.colcon_core.shell:create_environment_hook('session7_turtlebot3_robot', 'pythonpath')
[7.991s] INFO:colcon.colcon_core.shell:Creating environment hook '/home/user/ros2_navigationrobot_ws/install/session7_turtlebot3_robot/share/session7_turtlebot3_robot/hook/pythonpath.ps1'
[7.992s] INFO:colcon.colcon_core.shell:Creating environment descriptor '/home/user/ros2_navigationrobot_ws/install/session7_turtlebot3_robot/share/session7_turtlebot3_robot/hook/pythonpath.dsv'
[7.993s] DEBUG:colcon.colcon_core.event_handler.log_command:Invoked command in '/home/user/ros2_navigationrobot_ws/src/session7_turtlebot3_robot' returned '0': LD_LIBRARY_PATH=/home/user/ros2_navigationrobot_ws/install/navigation_robot_custom_interfaces/lib:/usr/local/cuda-10.2/lib64:/home/user/.catkin_ws_python3/src/TensorRT-7.0.0.11/lib:/home/simulations/ros2_sims_ws/install/visualization_msgs/lib:/home/simulations/ros2_sims_ws/install/test_msgs/lib:/home/simulations/ros2_sims_ws/install/example_interfaces/lib:/home/simulations/ros2_sims_ws/install/action_msgs/lib:/home/simulations/ros2_sims_ws/install/unique_identifier_msgs/lib:/home/simulations/ros2_sims_ws/install/trajectory_msgs/lib:/home/simulations/ros2_sims_ws/install/stereo_msgs/lib:/home/simulations/ros2_sims_ws/install/std_srvs/lib:/home/simulations/ros2_sims_ws/install/shape_msgs/lib:/home/simulations/ros2_sims_ws/install/sensor_msgs/lib:/home/simulations/ros2_sims_ws/install/nav_msgs/lib:/home/simulations/ros2_sims_ws/install/diagnostic_msgs/lib:/home/simulations/ros2_sims_ws/install/geometry_msgs/lib:/home/simulations/ros2_sims_ws/install/actionlib_msgs/lib:/home/simulations/ros2_sims_ws/install/std_msgs/lib:/home/simulations/ros2_sims_ws/install/statistics_msgs/lib:/home/simulations/ros2_sims_ws/install/rosgraph_msgs/lib:/home/simulations/ros2_sims_ws/install/rclrs_example_msgs/lib:/home/simulations/ros2_sims_ws/install/composition_interfaces/lib:/home/simulations/ros2_sims_ws/install/rcl_interfaces/lib:/home/simulations/ros2_sims_ws/install/lifecycle_msgs/lib:/home/simulations/ros2_sims_ws/install/builtin_interfaces/lib:/opt/ros/humble/opt/rviz_ogre_vendor/lib:/opt/ros/humble/lib/x86_64-linux-gnu:/opt/ros/humble/lib:/usr/local/cuda-10.2/lib64:/home/user/.catkin_ws_python3/src/TensorRT-7.0.0.11/lib:/usr/lib/x86_64-linux-gnu/gazebo-11/plugins:/usr/lib/x86_64-linux-gnu/gazebo-11/plugins:/usr/lib/x86_64-linux-gnu/gazebo-11/plugins PYTHONPATH=/home/user/ros2_navigationrobot_ws/build/session7_turtlebot3_robot/prefix_override:/home/user/ros2_navigationrobot_ws/install/session7_turtlebot3_robot/lib/python3.10/site-packages:${PYTHONPATH} _=/usr/bin/env /usr/bin/python3 -W ignore:setup.py install is deprecated setup.py egg_info --egg-base ../../build/session7_turtlebot3_robot build --build-base /home/user/ros2_navigationrobot_ws/build/session7_turtlebot3_robot/build install --record /home/user/ros2_navigationrobot_ws/build/session7_turtlebot3_robot/install.log --single-version-externally-managed install_data
[7.995s] INFO:colcon.colcon_core.shell:Creating environment hook '/home/user/ros2_navigationrobot_ws/install/session7_turtlebot3_robot/share/session7_turtlebot3_robot/hook/pythonpath.sh'
[7.995s] Level 1:colcon.colcon_core.environment:checking '/home/user/ros2_navigationrobot_ws/install/session7_turtlebot3_robot/bin'
[7.995s] Level 1:colcon.colcon_core.environment:create_environment_scripts_only(session7_turtlebot3_robot)
[7.996s] INFO:colcon.colcon_core.shell:Creating package script '/home/user/ros2_navigationrobot_ws/install/session7_turtlebot3_robot/share/session7_turtlebot3_robot/package.ps1'
[7.997s] INFO:colcon.colcon_core.shell:Creating package descriptor '/home/user/ros2_navigationrobot_ws/install/session7_turtlebot3_robot/share/session7_turtlebot3_robot/package.dsv'
[7.997s] INFO:colcon.colcon_core.shell:Creating package script '/home/user/ros2_navigationrobot_ws/install/session7_turtlebot3_robot/share/session7_turtlebot3_robot/package.sh'
[7.998s] INFO:colcon.colcon_core.shell:Creating package script '/home/user/ros2_navigationrobot_ws/install/session7_turtlebot3_robot/share/session7_turtlebot3_robot/package.bash'
[7.998s] INFO:colcon.colcon_core.shell:Creating package script '/home/user/ros2_navigationrobot_ws/install/session7_turtlebot3_robot/share/session7_turtlebot3_robot/package.zsh'
[7.999s] Level 1:colcon.colcon_core.environment:create_file_with_runtime_dependencies(/home/user/ros2_navigationrobot_ws/install/session7_turtlebot3_robot/share/colcon-core/packages/session7_turtlebot3_robot)
[8.000s] DEBUG:colcon.colcon_parallel_executor.executor.parallel:closing loop
[8.000s] DEBUG:colcon.colcon_parallel_executor.executor.parallel:loop closed
[8.000s] DEBUG:colcon.colcon_parallel_executor.executor.parallel:run_until_complete finished with '0'
[8.000s] DEBUG:colcon.colcon_core.event_reactor:joining thread
[8.009s] INFO:colcon.colcon_core.plugin_system:Skipping extension 'colcon_notification.desktop_notification.notify_send': Could not find 'notify-send'
[8.009s] INFO:colcon.colcon_core.plugin_system:Skipping extension 'colcon_notification.desktop_notification.terminal_notifier': Not used on non-Darwin systems
[8.009s] INFO:colcon.colcon_core.plugin_system:Skipping extension 'colcon_notification.desktop_notification.win32': Not used on non-Windows systems
[8.009s] INFO:colcon.colcon_notification.desktop_notification:Sending desktop notification using 'notify2'
[8.013s] DEBUG:colcon.colcon_notification.desktop_notification.notify2:Failed to initialize notify2: org.freedesktop.DBus.Error.Spawn.ExecFailed: /usr/bin/dbus-launch terminated abnormally without any error message
[8.014s] DEBUG:colcon.colcon_core.event_reactor:joined thread
[8.015s] INFO:colcon.colcon_core.shell:Creating prefix script '/home/user/ros2_navigationrobot_ws/install/local_setup.ps1'
[8.016s] INFO:colcon.colcon_core.shell:Creating prefix util module '/home/user/ros2_navigationrobot_ws/install/_local_setup_util_ps1.py'
[8.017s] INFO:colcon.colcon_core.shell:Creating prefix chain script '/home/user/ros2_navigationrobot_ws/install/setup.ps1'
[8.021s] INFO:colcon.colcon_core.shell:Creating prefix script '/home/user/ros2_navigationrobot_ws/install/local_setup.sh'
[8.022s] INFO:colcon.colcon_core.shell:Creating prefix util module '/home/user/ros2_navigationrobot_ws/install/_local_setup_util_sh.py'
[8.022s] INFO:colcon.colcon_core.shell:Creating prefix chain script '/home/user/ros2_navigationrobot_ws/install/setup.sh'
[8.025s] INFO:colcon.colcon_core.shell:Creating prefix script '/home/user/ros2_navigationrobot_ws/install/local_setup.bash'
[8.025s] INFO:colcon.colcon_core.shell:Creating prefix chain script '/home/user/ros2_navigationrobot_ws/install/setup.bash'
[8.028s] INFO:colcon.colcon_core.shell:Creating prefix script '/home/user/ros2_navigationrobot_ws/install/local_setup.zsh'
[8.028s] INFO:colcon.colcon_core.shell:Creating prefix chain script '/home/user/ros2_navigationrobot_ws/install/setup.zsh'
