[0.062s] Invoking command in '/home/user/ros2_navigationrobot_ws/build/navigation_robot_custom_interfaces': CMAKE_PREFIX_PATH=${CMAKE_PREFIX_PATH}:/home/user/ros2_navigationrobot_ws/install/session7_turtlebot3_robot:/home/simulations/ros2_sims_ws/install/rclrs_tests:/home/simulations/ros2_sims_ws/install/examples_rclrs_minimal_client_service:/home/simulations/ros2_sims_ws/install/sensor_msgs_py:/home/simulations/ros2_sims_ws/install/examples_rclrs_minimal_pub_sub:/home/simulations/ros2_sims_ws/install/examples_rclrs_message_demo:/home/simulations/ros2_sims_ws/install/rclrs:/home/simulations/ros2_sims_ws/install/rosidl_runtime_rs:/opt/ros/humble _=/usr/bin/env /usr/bin/cmake --build /home/user/ros2_navigationrobot_ws/build/navigation_robot_custom_interfaces -- -j8 -l8
[0.451s] [  2%] [34m[1mGenerating Rust code for ROS interfaces[0m
[1.502s] [  2%] Built target navigation_robot_custom_interfaces__rs
[1.614s] [  2%] Built target ament_cmake_python_copy_navigation_robot_custom_interfaces
[1.697s] [  5%] Built target navigation_robot_custom_interfaces__cpp
[2.528s] running egg_info
[2.528s] writing navigation_robot_custom_interfaces.egg-info/PKG-INFO
[2.530s] writing dependency_links to navigation_robot_custom_interfaces.egg-info/dependency_links.txt
[2.530s] writing top-level names to navigation_robot_custom_interfaces.egg-info/top_level.txt
[2.534s] reading manifest file 'navigation_robot_custom_interfaces.egg-info/SOURCES.txt'
[2.534s] writing manifest file 'navigation_robot_custom_interfaces.egg-info/SOURCES.txt'
[2.622s] [  5%] Built target ament_cmake_python_build_navigation_robot_custom_interfaces_egg
[2.723s] [ 15%] Built target navigation_robot_custom_interfaces__rosidl_typesupport_cpp
[2.813s] [ 25%] Built target navigation_robot_custom_interfaces__rosidl_typesupport_introspection_cpp
[2.925s] [ 35%] Built target navigation_robot_custom_interfaces__rosidl_typesupport_fastrtps_cpp
[3.055s] [ 45%] Built target navigation_robot_custom_interfaces__rosidl_generator_c
[3.202s] [ 55%] Built target navigation_robot_custom_interfaces__rosidl_typesupport_fastrtps_c
[3.255s] [ 65%] Built target navigation_robot_custom_interfaces__rosidl_typesupport_c
[3.348s] [ 75%] Built target navigation_robot_custom_interfaces__rosidl_typesupport_introspection_c
[3.452s] [ 75%] Built target navigation_robot_custom_interfaces
[3.548s] [ 77%] Built target navigation_robot_custom_interfaces__py
[3.640s] [ 85%] Built target navigation_robot_custom_interfaces__rosidl_generator_py
[3.733s] [ 90%] Built target navigation_robot_custom_interfaces__rosidl_typesupport_fastrtps_c__pyext
[3.820s] [ 95%] Built target navigation_robot_custom_interfaces__rosidl_typesupport_c__pyext
[3.920s] [100%] Built target navigation_robot_custom_interfaces__rosidl_typesupport_introspection_c__pyext
[3.942s] Invoked command in '/home/user/ros2_navigationrobot_ws/build/navigation_robot_custom_interfaces' returned '0': CMAKE_PREFIX_PATH=${CMAKE_PREFIX_PATH}:/home/user/ros2_navigationrobot_ws/install/session7_turtlebot3_robot:/home/simulations/ros2_sims_ws/install/rclrs_tests:/home/simulations/ros2_sims_ws/install/examples_rclrs_minimal_client_service:/home/simulations/ros2_sims_ws/install/sensor_msgs_py:/home/simulations/ros2_sims_ws/install/examples_rclrs_minimal_pub_sub:/home/simulations/ros2_sims_ws/install/examples_rclrs_message_demo:/home/simulations/ros2_sims_ws/install/rclrs:/home/simulations/ros2_sims_ws/install/rosidl_runtime_rs:/opt/ros/humble _=/usr/bin/env /usr/bin/cmake --build /home/user/ros2_navigationrobot_ws/build/navigation_robot_custom_interfaces -- -j8 -l8
[4.563s] Invoking command in '/home/user/ros2_navigationrobot_ws/build/navigation_robot_custom_interfaces': CMAKE_PREFIX_PATH=${CMAKE_PREFIX_PATH}:/home/user/ros2_navigationrobot_ws/install/session7_turtlebot3_robot:/home/simulations/ros2_sims_ws/install/rclrs_tests:/home/simulations/ros2_sims_ws/install/examples_rclrs_minimal_client_service:/home/simulations/ros2_sims_ws/install/sensor_msgs_py:/home/simulations/ros2_sims_ws/install/examples_rclrs_minimal_pub_sub:/home/simulations/ros2_sims_ws/install/examples_rclrs_message_demo:/home/simulations/ros2_sims_ws/install/rclrs:/home/simulations/ros2_sims_ws/install/rosidl_runtime_rs:/opt/ros/humble _=/usr/bin/env /usr/bin/cmake --install /home/user/ros2_navigationrobot_ws/build/navigation_robot_custom_interfaces
[4.622s] -- Install configuration: ""
[4.624s] -- Up-to-date: /home/user/ros2_navigationrobot_ws/install/navigation_robot_custom_interfaces/share/ament_index/resource_index/rosidl_interfaces/navigation_robot_custom_interfaces
[4.624s] -- Up-to-date: /home/user/ros2_navigationrobot_ws/install/navigation_robot_custom_interfaces/include/navigation_robot_custom_interfaces/navigation_robot_custom_interfaces
[4.625s] -- Up-to-date: /home/user/ros2_navigationrobot_ws/install/navigation_robot_custom_interfaces/include/navigation_robot_custom_interfaces/navigation_robot_custom_interfaces/srv
[4.625s] -- Up-to-date: /home/user/ros2_navigationrobot_ws/install/navigation_robot_custom_interfaces/include/navigation_robot_custom_interfaces/navigation_robot_custom_interfaces/srv/detail
[4.625s] -- Up-to-date: /home/user/ros2_navigationrobot_ws/install/navigation_robot_custom_interfaces/include/navigation_robot_custom_interfaces/navigation_robot_custom_interfaces/srv/detail/find_closest_wall__functions.h
[4.625s] -- Up-to-date: /home/user/ros2_navigationrobot_ws/install/navigation_robot_custom_interfaces/include/navigation_robot_custom_interfaces/navigation_robot_custom_interfaces/srv/detail/find_closest_wall__functions.c
[4.625s] -- Up-to-date: /home/user/ros2_navigationrobot_ws/install/navigation_robot_custom_interfaces/include/navigation_robot_custom_interfaces/navigation_robot_custom_interfaces/srv/detail/find_closest_wall__type_support.h
[4.625s] -- Up-to-date: /home/user/ros2_navigationrobot_ws/install/navigation_robot_custom_interfaces/include/navigation_robot_custom_interfaces/navigation_robot_custom_interfaces/srv/detail/find_closest_wall__struct.h
[4.626s] -- Up-to-date: /home/user/ros2_navigationrobot_ws/install/navigation_robot_custom_interfaces/include/navigation_robot_custom_interfaces/navigation_robot_custom_interfaces/srv/find_closest_wall.h
[4.626s] -- Up-to-date: /home/user/ros2_navigationrobot_ws/install/navigation_robot_custom_interfaces/include/navigation_robot_custom_interfaces/navigation_robot_custom_interfaces/msg
[4.626s] -- Up-to-date: /home/user/ros2_navigationrobot_ws/install/navigation_robot_custom_interfaces/include/navigation_robot_custom_interfaces/navigation_robot_custom_interfaces/msg/rosidl_generator_c__visibility_control.h
[4.626s] -- Up-to-date: /home/user/ros2_navigationrobot_ws/install/navigation_robot_custom_interfaces/include/navigation_robot_custom_interfaces/navigation_robot_custom_interfaces/action
[4.626s] -- Up-to-date: /home/user/ros2_navigationrobot_ws/install/navigation_robot_custom_interfaces/include/navigation_robot_custom_interfaces/navigation_robot_custom_interfaces/action/detail
[4.626s] -- Up-to-date: /home/user/ros2_navigationrobot_ws/install/navigation_robot_custom_interfaces/include/navigation_robot_custom_interfaces/navigation_robot_custom_interfaces/action/detail/measure_lap_time__struct.h
[4.627s] -- Up-to-date: /home/user/ros2_navigationrobot_ws/install/navigation_robot_custom_interfaces/include/navigation_robot_custom_interfaces/navigation_robot_custom_interfaces/action/detail/measure_lap_time__type_support.h
[4.627s] -- Up-to-date: /home/user/ros2_navigationrobot_ws/install/navigation_robot_custom_interfaces/include/navigation_robot_custom_interfaces/navigation_robot_custom_interfaces/action/detail/measure_lap_time__functions.h
[4.627s] -- Up-to-date: /home/user/ros2_navigationrobot_ws/install/navigation_robot_custom_interfaces/include/navigation_robot_custom_interfaces/navigation_robot_custom_interfaces/action/detail/measure_lap_time__functions.c
[4.627s] -- Up-to-date: /home/user/ros2_navigationrobot_ws/install/navigation_robot_custom_interfaces/include/navigation_robot_custom_interfaces/navigation_robot_custom_interfaces/action/measure_lap_time.h
[4.627s] -- Up-to-date: /home/user/ros2_navigationrobot_ws/install/navigation_robot_custom_interfaces/share/navigation_robot_custom_interfaces/environment/library_path.sh
[4.627s] -- Up-to-date: /home/user/ros2_navigationrobot_ws/install/navigation_robot_custom_interfaces/share/navigation_robot_custom_interfaces/environment/library_path.dsv
[4.627s] -- Up-to-date: /home/user/ros2_navigationrobot_ws/install/navigation_robot_custom_interfaces/lib/libnavigation_robot_custom_interfaces__rosidl_generator_c.so
[4.628s] -- Up-to-date: /home/user/ros2_navigationrobot_ws/install/navigation_robot_custom_interfaces/include/navigation_robot_custom_interfaces/navigation_robot_custom_interfaces
[4.628s] -- Up-to-date: /home/user/ros2_navigationrobot_ws/install/navigation_robot_custom_interfaces/include/navigation_robot_custom_interfaces/navigation_robot_custom_interfaces/srv
[4.628s] -- Up-to-date: /home/user/ros2_navigationrobot_ws/install/navigation_robot_custom_interfaces/include/navigation_robot_custom_interfaces/navigation_robot_custom_interfaces/srv/detail
[4.628s] -- Up-to-date: /home/user/ros2_navigationrobot_ws/install/navigation_robot_custom_interfaces/include/navigation_robot_custom_interfaces/navigation_robot_custom_interfaces/srv/detail/find_closest_wall__rosidl_typesupport_fastrtps_c.h
[4.628s] -- Up-to-date: /home/user/ros2_navigationrobot_ws/install/navigation_robot_custom_interfaces/include/navigation_robot_custom_interfaces/navigation_robot_custom_interfaces/msg
[4.628s] -- Up-to-date: /home/user/ros2_navigationrobot_ws/install/navigation_robot_custom_interfaces/include/navigation_robot_custom_interfaces/navigation_robot_custom_interfaces/msg/rosidl_typesupport_fastrtps_c__visibility_control.h
[4.628s] -- Up-to-date: /home/user/ros2_navigationrobot_ws/install/navigation_robot_custom_interfaces/include/navigation_robot_custom_interfaces/navigation_robot_custom_interfaces/action
[4.628s] -- Up-to-date: /home/user/ros2_navigationrobot_ws/install/navigation_robot_custom_interfaces/include/navigation_robot_custom_interfaces/navigation_robot_custom_interfaces/action/detail
[4.629s] -- Up-to-date: /home/user/ros2_navigationrobot_ws/install/navigation_robot_custom_interfaces/include/navigation_robot_custom_interfaces/navigation_robot_custom_interfaces/action/detail/measure_lap_time__rosidl_typesupport_fastrtps_c.h
[4.630s] -- Up-to-date: /home/user/ros2_navigationrobot_ws/install/navigation_robot_custom_interfaces/lib/libnavigation_robot_custom_interfaces__rosidl_typesupport_fastrtps_c.so
[4.630s] -- Up-to-date: /home/user/ros2_navigationrobot_ws/install/navigation_robot_custom_interfaces/include/navigation_robot_custom_interfaces/navigation_robot_custom_interfaces
[4.631s] -- Up-to-date: /home/user/ros2_navigationrobot_ws/install/navigation_robot_custom_interfaces/include/navigation_robot_custom_interfaces/navigation_robot_custom_interfaces/srv
[4.632s] -- Up-to-date: /home/user/ros2_navigationrobot_ws/install/navigation_robot_custom_interfaces/include/navigation_robot_custom_interfaces/navigation_robot_custom_interfaces/srv/detail
[4.632s] -- Up-to-date: /home/user/ros2_navigationrobot_ws/install/navigation_robot_custom_interfaces/include/navigation_robot_custom_interfaces/navigation_robot_custom_interfaces/srv/detail/find_closest_wall__traits.hpp
[4.632s] -- Up-to-date: /home/user/ros2_navigationrobot_ws/install/navigation_robot_custom_interfaces/include/navigation_robot_custom_interfaces/navigation_robot_custom_interfaces/srv/detail/find_closest_wall__builder.hpp
[4.632s] -- Up-to-date: /home/user/ros2_navigationrobot_ws/install/navigation_robot_custom_interfaces/include/navigation_robot_custom_interfaces/navigation_robot_custom_interfaces/srv/detail/find_closest_wall__struct.hpp
[4.632s] -- Up-to-date: /home/user/ros2_navigationrobot_ws/install/navigation_robot_custom_interfaces/include/navigation_robot_custom_interfaces/navigation_robot_custom_interfaces/srv/find_closest_wall.hpp
[4.632s] -- Up-to-date: /home/user/ros2_navigationrobot_ws/install/navigation_robot_custom_interfaces/include/navigation_robot_custom_interfaces/navigation_robot_custom_interfaces/action
[4.632s] -- Up-to-date: /home/user/ros2_navigationrobot_ws/install/navigation_robot_custom_interfaces/include/navigation_robot_custom_interfaces/navigation_robot_custom_interfaces/action/detail
[4.633s] -- Up-to-date: /home/user/ros2_navigationrobot_ws/install/navigation_robot_custom_interfaces/include/navigation_robot_custom_interfaces/navigation_robot_custom_interfaces/action/detail/measure_lap_time__builder.hpp
[4.633s] -- Up-to-date: /home/user/ros2_navigationrobot_ws/install/navigation_robot_custom_interfaces/include/navigation_robot_custom_interfaces/navigation_robot_custom_interfaces/action/detail/measure_lap_time__struct.hpp
[4.633s] -- Up-to-date: /home/user/ros2_navigationrobot_ws/install/navigation_robot_custom_interfaces/include/navigation_robot_custom_interfaces/navigation_robot_custom_interfaces/action/detail/measure_lap_time__traits.hpp
[4.633s] -- Up-to-date: /home/user/ros2_navigationrobot_ws/install/navigation_robot_custom_interfaces/include/navigation_robot_custom_interfaces/navigation_robot_custom_interfaces/action/measure_lap_time.hpp
[4.634s] -- Up-to-date: /home/user/ros2_navigationrobot_ws/install/navigation_robot_custom_interfaces/include/navigation_robot_custom_interfaces/navigation_robot_custom_interfaces
[4.634s] -- Up-to-date: /home/user/ros2_navigationrobot_ws/install/navigation_robot_custom_interfaces/include/navigation_robot_custom_interfaces/navigation_robot_custom_interfaces/srv
[4.634s] -- Up-to-date: /home/user/ros2_navigationrobot_ws/install/navigation_robot_custom_interfaces/include/navigation_robot_custom_interfaces/navigation_robot_custom_interfaces/srv/detail
[4.634s] -- Up-to-date: /home/user/ros2_navigationrobot_ws/install/navigation_robot_custom_interfaces/include/navigation_robot_custom_interfaces/navigation_robot_custom_interfaces/srv/detail/dds_fastrtps
[4.634s] -- Up-to-date: /home/user/ros2_navigationrobot_ws/install/navigation_robot_custom_interfaces/include/navigation_robot_custom_interfaces/navigation_robot_custom_interfaces/srv/detail/find_closest_wall__rosidl_typesupport_fastrtps_cpp.hpp
[4.634s] -- Up-to-date: /home/user/ros2_navigationrobot_ws/install/navigation_robot_custom_interfaces/include/navigation_robot_custom_interfaces/navigation_robot_custom_interfaces/msg
[4.635s] -- Up-to-date: /home/user/ros2_navigationrobot_ws/install/navigation_robot_custom_interfaces/include/navigation_robot_custom_interfaces/navigation_robot_custom_interfaces/msg/rosidl_typesupport_fastrtps_cpp__visibility_control.h
[4.635s] -- Up-to-date: /home/user/ros2_navigationrobot_ws/install/navigation_robot_custom_interfaces/include/navigation_robot_custom_interfaces/navigation_robot_custom_interfaces/action
[4.635s] -- Up-to-date: /home/user/ros2_navigationrobot_ws/install/navigation_robot_custom_interfaces/include/navigation_robot_custom_interfaces/navigation_robot_custom_interfaces/action/detail
[4.635s] -- Up-to-date: /home/user/ros2_navigationrobot_ws/install/navigation_robot_custom_interfaces/include/navigation_robot_custom_interfaces/navigation_robot_custom_interfaces/action/detail/measure_lap_time__rosidl_typesupport_fastrtps_cpp.hpp
[4.636s] -- Up-to-date: /home/user/ros2_navigationrobot_ws/install/navigation_robot_custom_interfaces/include/navigation_robot_custom_interfaces/navigation_robot_custom_interfaces/action/detail/dds_fastrtps
[4.636s] -- Up-to-date: /home/user/ros2_navigationrobot_ws/install/navigation_robot_custom_interfaces/lib/libnavigation_robot_custom_interfaces__rosidl_typesupport_fastrtps_cpp.so
[4.636s] -- Up-to-date: /home/user/ros2_navigationrobot_ws/install/navigation_robot_custom_interfaces/include/navigation_robot_custom_interfaces/navigation_robot_custom_interfaces
[4.636s] -- Up-to-date: /home/user/ros2_navigationrobot_ws/install/navigation_robot_custom_interfaces/include/navigation_robot_custom_interfaces/navigation_robot_custom_interfaces/srv
[4.637s] -- Up-to-date: /home/user/ros2_navigationrobot_ws/install/navigation_robot_custom_interfaces/include/navigation_robot_custom_interfaces/navigation_robot_custom_interfaces/srv/detail
[4.637s] -- Up-to-date: /home/user/ros2_navigationrobot_ws/install/navigation_robot_custom_interfaces/include/navigation_robot_custom_interfaces/navigation_robot_custom_interfaces/srv/detail/find_closest_wall__rosidl_typesupport_introspection_c.h
[4.637s] -- Up-to-date: /home/user/ros2_navigationrobot_ws/install/navigation_robot_custom_interfaces/include/navigation_robot_custom_interfaces/navigation_robot_custom_interfaces/srv/detail/find_closest_wall__type_support.c
[4.637s] -- Up-to-date: /home/user/ros2_navigationrobot_ws/install/navigation_robot_custom_interfaces/include/navigation_robot_custom_interfaces/navigation_robot_custom_interfaces/msg
[4.637s] -- Up-to-date: /home/user/ros2_navigationrobot_ws/install/navigation_robot_custom_interfaces/include/navigation_robot_custom_interfaces/navigation_robot_custom_interfaces/msg/rosidl_typesupport_introspection_c__visibility_control.h
[4.637s] -- Up-to-date: /home/user/ros2_navigationrobot_ws/install/navigation_robot_custom_interfaces/include/navigation_robot_custom_interfaces/navigation_robot_custom_interfaces/action
[4.637s] -- Up-to-date: /home/user/ros2_navigationrobot_ws/install/navigation_robot_custom_interfaces/include/navigation_robot_custom_interfaces/navigation_robot_custom_interfaces/action/detail
[4.637s] -- Up-to-date: /home/user/ros2_navigationrobot_ws/install/navigation_robot_custom_interfaces/include/navigation_robot_custom_interfaces/navigation_robot_custom_interfaces/action/detail/measure_lap_time__rosidl_typesupport_introspection_c.h
[4.637s] -- Up-to-date: /home/user/ros2_navigationrobot_ws/install/navigation_robot_custom_interfaces/include/navigation_robot_custom_interfaces/navigation_robot_custom_interfaces/action/detail/measure_lap_time__type_support.c
[4.639s] -- Up-to-date: /home/user/ros2_navigationrobot_ws/install/navigation_robot_custom_interfaces/lib/libnavigation_robot_custom_interfaces__rosidl_typesupport_introspection_c.so
[4.643s] -- Up-to-date: /home/user/ros2_navigationrobot_ws/install/navigation_robot_custom_interfaces/lib/libnavigation_robot_custom_interfaces__rosidl_typesupport_c.so
[4.644s] -- Up-to-date: /home/user/ros2_navigationrobot_ws/install/navigation_robot_custom_interfaces/include/navigation_robot_custom_interfaces/navigation_robot_custom_interfaces
[4.644s] -- Up-to-date: /home/user/ros2_navigationrobot_ws/install/navigation_robot_custom_interfaces/include/navigation_robot_custom_interfaces/navigation_robot_custom_interfaces/srv
[4.645s] -- Up-to-date: /home/user/ros2_navigationrobot_ws/install/navigation_robot_custom_interfaces/include/navigation_robot_custom_interfaces/navigation_robot_custom_interfaces/srv/detail
[4.645s] -- Up-to-date: /home/user/ros2_navigationrobot_ws/install/navigation_robot_custom_interfaces/include/navigation_robot_custom_interfaces/navigation_robot_custom_interfaces/srv/detail/find_closest_wall__type_support.cpp
[4.645s] -- Up-to-date: /home/user/ros2_navigationrobot_ws/install/navigation_robot_custom_interfaces/include/navigation_robot_custom_interfaces/navigation_robot_custom_interfaces/srv/detail/find_closest_wall__rosidl_typesupport_introspection_cpp.hpp
[4.645s] -- Up-to-date: /home/user/ros2_navigationrobot_ws/install/navigation_robot_custom_interfaces/include/navigation_robot_custom_interfaces/navigation_robot_custom_interfaces/action
[4.645s] -- Up-to-date: /home/user/ros2_navigationrobot_ws/install/navigation_robot_custom_interfaces/include/navigation_robot_custom_interfaces/navigation_robot_custom_interfaces/action/detail
[4.646s] -- Up-to-date: /home/user/ros2_navigationrobot_ws/install/navigation_robot_custom_interfaces/include/navigation_robot_custom_interfaces/navigation_robot_custom_interfaces/action/detail/measure_lap_time__type_support.cpp
[4.646s] -- Up-to-date: /home/user/ros2_navigationrobot_ws/install/navigation_robot_custom_interfaces/include/navigation_robot_custom_interfaces/navigation_robot_custom_interfaces/action/detail/measure_lap_time__rosidl_typesupport_introspection_cpp.hpp
[4.646s] -- Up-to-date: /home/user/ros2_navigationrobot_ws/install/navigation_robot_custom_interfaces/lib/libnavigation_robot_custom_interfaces__rosidl_typesupport_introspection_cpp.so
[4.646s] -- Up-to-date: /home/user/ros2_navigationrobot_ws/install/navigation_robot_custom_interfaces/lib/libnavigation_robot_custom_interfaces__rosidl_typesupport_cpp.so
[4.646s] -- Up-to-date: /home/user/ros2_navigationrobot_ws/install/navigation_robot_custom_interfaces/share/ament_index/resource_index/rust_packages/navigation_robot_custom_interfaces
[4.647s] -- Up-to-date: /home/user/ros2_navigationrobot_ws/install/navigation_robot_custom_interfaces/share/navigation_robot_custom_interfaces/rust
[4.647s] -- Installing: /home/user/ros2_navigationrobot_ws/install/navigation_robot_custom_interfaces/share/navigation_robot_custom_interfaces/rust/Cargo.toml
[4.649s] -- Up-to-date: /home/user/ros2_navigationrobot_ws/install/navigation_robot_custom_interfaces/share/navigation_robot_custom_interfaces/rust/src
[4.651s] -- Installing: /home/user/ros2_navigationrobot_ws/install/navigation_robot_custom_interfaces/share/navigation_robot_custom_interfaces/rust/src/srv.rs
[4.652s] -- Installing: /home/user/ros2_navigationrobot_ws/install/navigation_robot_custom_interfaces/share/navigation_robot_custom_interfaces/rust/src/lib.rs
[4.653s] -- Installing: /home/user/ros2_navigationrobot_ws/install/navigation_robot_custom_interfaces/share/navigation_robot_custom_interfaces/rust/build.rs
[4.653s] -- Up-to-date: /home/user/ros2_navigationrobot_ws/install/navigation_robot_custom_interfaces/share/navigation_robot_custom_interfaces/rust
[4.653s] -- Up-to-date: /home/user/ros2_navigationrobot_ws/install/navigation_robot_custom_interfaces/share/navigation_robot_custom_interfaces/rust/Cargo.toml
[4.653s] -- Up-to-date: /home/user/ros2_navigationrobot_ws/install/navigation_robot_custom_interfaces/share/navigation_robot_custom_interfaces/rust/src
[4.653s] -- Up-to-date: /home/user/ros2_navigationrobot_ws/install/navigation_robot_custom_interfaces/share/navigation_robot_custom_interfaces/rust/src/srv.rs
[4.653s] -- Up-to-date: /home/user/ros2_navigationrobot_ws/install/navigation_robot_custom_interfaces/share/navigation_robot_custom_interfaces/rust/src/lib.rs
[4.653s] -- Up-to-date: /home/user/ros2_navigationrobot_ws/install/navigation_robot_custom_interfaces/share/navigation_robot_custom_interfaces/rust/build.rs
[4.653s] -- Up-to-date: /home/user/ros2_navigationrobot_ws/install/navigation_robot_custom_interfaces/share/navigation_robot_custom_interfaces/rust
[4.654s] -- Up-to-date: /home/user/ros2_navigationrobot_ws/install/navigation_robot_custom_interfaces/share/navigation_robot_custom_interfaces/rust/Cargo.toml
[4.654s] -- Up-to-date: /home/user/ros2_navigationrobot_ws/install/navigation_robot_custom_interfaces/share/navigation_robot_custom_interfaces/rust/src
[4.654s] -- Up-to-date: /home/user/ros2_navigationrobot_ws/install/navigation_robot_custom_interfaces/share/navigation_robot_custom_interfaces/rust/src/srv.rs
[4.654s] -- Up-to-date: /home/user/ros2_navigationrobot_ws/install/navigation_robot_custom_interfaces/share/navigation_robot_custom_interfaces/rust/src/lib.rs
[4.654s] -- Up-to-date: /home/user/ros2_navigationrobot_ws/install/navigation_robot_custom_interfaces/share/navigation_robot_custom_interfaces/rust/build.rs
[4.654s] -- Up-to-date: /home/user/ros2_navigationrobot_ws/install/navigation_robot_custom_interfaces/share/navigation_robot_custom_interfaces/environment/pythonpath.sh
[4.654s] -- Up-to-date: /home/user/ros2_navigationrobot_ws/install/navigation_robot_custom_interfaces/share/navigation_robot_custom_interfaces/environment/pythonpath.dsv
[4.654s] -- Up-to-date: /home/user/ros2_navigationrobot_ws/install/navigation_robot_custom_interfaces/local/lib/python3.10/dist-packages/navigation_robot_custom_interfaces-0.0.0-py3.10.egg-info
[4.654s] -- Installing: /home/user/ros2_navigationrobot_ws/install/navigation_robot_custom_interfaces/local/lib/python3.10/dist-packages/navigation_robot_custom_interfaces-0.0.0-py3.10.egg-info/PKG-INFO
[4.654s] -- Installing: /home/user/ros2_navigationrobot_ws/install/navigation_robot_custom_interfaces/local/lib/python3.10/dist-packages/navigation_robot_custom_interfaces-0.0.0-py3.10.egg-info/top_level.txt
[4.655s] -- Installing: /home/user/ros2_navigationrobot_ws/install/navigation_robot_custom_interfaces/local/lib/python3.10/dist-packages/navigation_robot_custom_interfaces-0.0.0-py3.10.egg-info/SOURCES.txt
[4.655s] -- Installing: /home/user/ros2_navigationrobot_ws/install/navigation_robot_custom_interfaces/local/lib/python3.10/dist-packages/navigation_robot_custom_interfaces-0.0.0-py3.10.egg-info/dependency_links.txt
[4.655s] -- Up-to-date: /home/user/ros2_navigationrobot_ws/install/navigation_robot_custom_interfaces/local/lib/python3.10/dist-packages/navigation_robot_custom_interfaces
[4.655s] -- Up-to-date: /home/user/ros2_navigationrobot_ws/install/navigation_robot_custom_interfaces/local/lib/python3.10/dist-packages/navigation_robot_custom_interfaces/libnavigation_robot_custom_interfaces__rosidl_generator_py.so
[4.655s] -- Up-to-date: /home/user/ros2_navigationrobot_ws/install/navigation_robot_custom_interfaces/local/lib/python3.10/dist-packages/navigation_robot_custom_interfaces/_navigation_robot_custom_interfaces_s.ep.rosidl_typesupport_introspection_c.c
[4.655s] -- Up-to-date: /home/user/ros2_navigationrobot_ws/install/navigation_robot_custom_interfaces/local/lib/python3.10/dist-packages/navigation_robot_custom_interfaces/srv
[4.655s] -- Up-to-date: /home/user/ros2_navigationrobot_ws/install/navigation_robot_custom_interfaces/local/lib/python3.10/dist-packages/navigation_robot_custom_interfaces/srv/_find_closest_wall_s.c
[4.655s] -- Up-to-date: /home/user/ros2_navigationrobot_ws/install/navigation_robot_custom_interfaces/local/lib/python3.10/dist-packages/navigation_robot_custom_interfaces/srv/_find_closest_wall.py
[4.655s] -- Up-to-date: /home/user/ros2_navigationrobot_ws/install/navigation_robot_custom_interfaces/local/lib/python3.10/dist-packages/navigation_robot_custom_interfaces/srv/__init__.py
[4.655s] -- Up-to-date: /home/user/ros2_navigationrobot_ws/install/navigation_robot_custom_interfaces/local/lib/python3.10/dist-packages/navigation_robot_custom_interfaces/navigation_robot_custom_interfaces_s__rosidl_typesupport_fastrtps_c.cpython-310-x86_64-linux-gnu.so
[4.655s] -- Up-to-date: /home/user/ros2_navigationrobot_ws/install/navigation_robot_custom_interfaces/local/lib/python3.10/dist-packages/navigation_robot_custom_interfaces/navigation_robot_custom_interfaces_s__rosidl_typesupport_c.cpython-310-x86_64-linux-gnu.so
[4.656s] -- Up-to-date: /home/user/ros2_navigationrobot_ws/install/navigation_robot_custom_interfaces/local/lib/python3.10/dist-packages/navigation_robot_custom_interfaces/__init__.py
[4.656s] -- Up-to-date: /home/user/ros2_navigationrobot_ws/install/navigation_robot_custom_interfaces/local/lib/python3.10/dist-packages/navigation_robot_custom_interfaces/_navigation_robot_custom_interfaces_s.ep.rosidl_typesupport_c.c
[4.656s] -- Up-to-date: /home/user/ros2_navigationrobot_ws/install/navigation_robot_custom_interfaces/local/lib/python3.10/dist-packages/navigation_robot_custom_interfaces/navigation_robot_custom_interfaces_s__rosidl_typesupport_introspection_c.cpython-310-x86_64-linux-gnu.so
[4.656s] -- Up-to-date: /home/user/ros2_navigationrobot_ws/install/navigation_robot_custom_interfaces/local/lib/python3.10/dist-packages/navigation_robot_custom_interfaces/_navigation_robot_custom_interfaces_s.ep.rosidl_typesupport_fastrtps_c.c
[4.656s] -- Up-to-date: /home/user/ros2_navigationrobot_ws/install/navigation_robot_custom_interfaces/local/lib/python3.10/dist-packages/navigation_robot_custom_interfaces/action
[4.656s] -- Up-to-date: /home/user/ros2_navigationrobot_ws/install/navigation_robot_custom_interfaces/local/lib/python3.10/dist-packages/navigation_robot_custom_interfaces/action/_measure_lap_time_s.c
[4.656s] -- Up-to-date: /home/user/ros2_navigationrobot_ws/install/navigation_robot_custom_interfaces/local/lib/python3.10/dist-packages/navigation_robot_custom_interfaces/action/__init__.py
[4.656s] -- Up-to-date: /home/user/ros2_navigationrobot_ws/install/navigation_robot_custom_interfaces/local/lib/python3.10/dist-packages/navigation_robot_custom_interfaces/action/_measure_lap_time.py
[4.755s] Listing '/home/user/ros2_navigationrobot_ws/install/navigation_robot_custom_interfaces/local/lib/python3.10/dist-packages/navigation_robot_custom_interfaces'...
[4.755s] Listing '/home/user/ros2_navigationrobot_ws/install/navigation_robot_custom_interfaces/local/lib/python3.10/dist-packages/navigation_robot_custom_interfaces/action'...
[4.756s] Listing '/home/user/ros2_navigationrobot_ws/install/navigation_robot_custom_interfaces/local/lib/python3.10/dist-packages/navigation_robot_custom_interfaces/srv'...
[4.797s] -- Up-to-date: /home/user/ros2_navigationrobot_ws/install/navigation_robot_custom_interfaces/local/lib/python3.10/dist-packages/navigation_robot_custom_interfaces/navigation_robot_custom_interfaces_s__rosidl_typesupport_fastrtps_c.cpython-310-x86_64-linux-gnu.so
[4.801s] -- Up-to-date: /home/user/ros2_navigationrobot_ws/install/navigation_robot_custom_interfaces/local/lib/python3.10/dist-packages/navigation_robot_custom_interfaces/navigation_robot_custom_interfaces_s__rosidl_typesupport_introspection_c.cpython-310-x86_64-linux-gnu.so
[4.803s] -- Up-to-date: /home/user/ros2_navigationrobot_ws/install/navigation_robot_custom_interfaces/local/lib/python3.10/dist-packages/navigation_robot_custom_interfaces/navigation_robot_custom_interfaces_s__rosidl_typesupport_c.cpython-310-x86_64-linux-gnu.so
[4.804s] -- Up-to-date: /home/user/ros2_navigationrobot_ws/install/navigation_robot_custom_interfaces/lib/libnavigation_robot_custom_interfaces__rosidl_generator_py.so
[4.806s] -- Up-to-date: /home/user/ros2_navigationrobot_ws/install/navigation_robot_custom_interfaces/share/navigation_robot_custom_interfaces/srv/FindClosestWall.idl
[4.806s] -- Up-to-date: /home/user/ros2_navigationrobot_ws/install/navigation_robot_custom_interfaces/share/navigation_robot_custom_interfaces/action/MeasureLapTime.idl
[4.806s] -- Up-to-date: /home/user/ros2_navigationrobot_ws/install/navigation_robot_custom_interfaces/share/navigation_robot_custom_interfaces/srv/FindClosestWall.srv
[4.806s] -- Up-to-date: /home/user/ros2_navigationrobot_ws/install/navigation_robot_custom_interfaces/share/navigation_robot_custom_interfaces/srv/FindClosestWall_Request.msg
[4.807s] -- Up-to-date: /home/user/ros2_navigationrobot_ws/install/navigation_robot_custom_interfaces/share/navigation_robot_custom_interfaces/srv/FindClosestWall_Response.msg
[4.807s] -- Up-to-date: /home/user/ros2_navigationrobot_ws/install/navigation_robot_custom_interfaces/share/navigation_robot_custom_interfaces/action/MeasureLapTime.action
[4.807s] -- Up-to-date: /home/user/ros2_navigationrobot_ws/install/navigation_robot_custom_interfaces/share/ament_index/resource_index/package_run_dependencies/navigation_robot_custom_interfaces
[4.807s] -- Up-to-date: /home/user/ros2_navigationrobot_ws/install/navigation_robot_custom_interfaces/share/ament_index/resource_index/parent_prefix_path/navigation_robot_custom_interfaces
[4.807s] -- Up-to-date: /home/user/ros2_navigationrobot_ws/install/navigation_robot_custom_interfaces/share/navigation_robot_custom_interfaces/environment/ament_prefix_path.sh
[4.807s] -- Up-to-date: /home/user/ros2_navigationrobot_ws/install/navigation_robot_custom_interfaces/share/navigation_robot_custom_interfaces/environment/ament_prefix_path.dsv
[4.807s] -- Up-to-date: /home/user/ros2_navigationrobot_ws/install/navigation_robot_custom_interfaces/share/navigation_robot_custom_interfaces/environment/path.sh
[4.807s] -- Up-to-date: /home/user/ros2_navigationrobot_ws/install/navigation_robot_custom_interfaces/share/navigation_robot_custom_interfaces/environment/path.dsv
[4.808s] -- Up-to-date: /home/user/ros2_navigationrobot_ws/install/navigation_robot_custom_interfaces/share/navigation_robot_custom_interfaces/local_setup.bash
[4.808s] -- Up-to-date: /home/user/ros2_navigationrobot_ws/install/navigation_robot_custom_interfaces/share/navigation_robot_custom_interfaces/local_setup.sh
[4.808s] -- Up-to-date: /home/user/ros2_navigationrobot_ws/install/navigation_robot_custom_interfaces/share/navigation_robot_custom_interfaces/local_setup.zsh
[4.808s] -- Up-to-date: /home/user/ros2_navigationrobot_ws/install/navigation_robot_custom_interfaces/share/navigation_robot_custom_interfaces/local_setup.dsv
[4.808s] -- Installing: /home/user/ros2_navigationrobot_ws/install/navigation_robot_custom_interfaces/share/navigation_robot_custom_interfaces/package.dsv
[4.808s] -- Up-to-date: /home/user/ros2_navigationrobot_ws/install/navigation_robot_custom_interfaces/share/ament_index/resource_index/packages/navigation_robot_custom_interfaces
[4.809s] -- Up-to-date: /home/user/ros2_navigationrobot_ws/install/navigation_robot_custom_interfaces/share/navigation_robot_custom_interfaces/cmake/export_navigation_robot_custom_interfaces__rosidl_generator_cExport.cmake
[4.810s] -- Up-to-date: /home/user/ros2_navigationrobot_ws/install/navigation_robot_custom_interfaces/share/navigation_robot_custom_interfaces/cmake/export_navigation_robot_custom_interfaces__rosidl_generator_cExport-noconfig.cmake
[4.810s] -- Up-to-date: /home/user/ros2_navigationrobot_ws/install/navigation_robot_custom_interfaces/share/navigation_robot_custom_interfaces/cmake/export_navigation_robot_custom_interfaces__rosidl_typesupport_fastrtps_cExport.cmake
[4.810s] -- Up-to-date: /home/user/ros2_navigationrobot_ws/install/navigation_robot_custom_interfaces/share/navigation_robot_custom_interfaces/cmake/export_navigation_robot_custom_interfaces__rosidl_typesupport_fastrtps_cExport-noconfig.cmake
[4.810s] -- Up-to-date: /home/user/ros2_navigationrobot_ws/install/navigation_robot_custom_interfaces/share/navigation_robot_custom_interfaces/cmake/export_navigation_robot_custom_interfaces__rosidl_generator_cppExport.cmake
[4.810s] -- Up-to-date: /home/user/ros2_navigationrobot_ws/install/navigation_robot_custom_interfaces/share/navigation_robot_custom_interfaces/cmake/export_navigation_robot_custom_interfaces__rosidl_typesupport_fastrtps_cppExport.cmake
[4.810s] -- Up-to-date: /home/user/ros2_navigationrobot_ws/install/navigation_robot_custom_interfaces/share/navigation_robot_custom_interfaces/cmake/export_navigation_robot_custom_interfaces__rosidl_typesupport_fastrtps_cppExport-noconfig.cmake
[4.810s] -- Up-to-date: /home/user/ros2_navigationrobot_ws/install/navigation_robot_custom_interfaces/share/navigation_robot_custom_interfaces/cmake/navigation_robot_custom_interfaces__rosidl_typesupport_introspection_cExport.cmake
[4.810s] -- Up-to-date: /home/user/ros2_navigationrobot_ws/install/navigation_robot_custom_interfaces/share/navigation_robot_custom_interfaces/cmake/navigation_robot_custom_interfaces__rosidl_typesupport_introspection_cExport-noconfig.cmake
[4.810s] -- Up-to-date: /home/user/ros2_navigationrobot_ws/install/navigation_robot_custom_interfaces/share/navigation_robot_custom_interfaces/cmake/navigation_robot_custom_interfaces__rosidl_typesupport_cExport.cmake
[4.811s] -- Up-to-date: /home/user/ros2_navigationrobot_ws/install/navigation_robot_custom_interfaces/share/navigation_robot_custom_interfaces/cmake/navigation_robot_custom_interfaces__rosidl_typesupport_cExport-noconfig.cmake
[4.811s] -- Up-to-date: /home/user/ros2_navigationrobot_ws/install/navigation_robot_custom_interfaces/share/navigation_robot_custom_interfaces/cmake/navigation_robot_custom_interfaces__rosidl_typesupport_introspection_cppExport.cmake
[4.811s] -- Up-to-date: /home/user/ros2_navigationrobot_ws/install/navigation_robot_custom_interfaces/share/navigation_robot_custom_interfaces/cmake/navigation_robot_custom_interfaces__rosidl_typesupport_introspection_cppExport-noconfig.cmake
[4.811s] -- Up-to-date: /home/user/ros2_navigationrobot_ws/install/navigation_robot_custom_interfaces/share/navigation_robot_custom_interfaces/cmake/navigation_robot_custom_interfaces__rosidl_typesupport_cppExport.cmake
[4.811s] -- Up-to-date: /home/user/ros2_navigationrobot_ws/install/navigation_robot_custom_interfaces/share/navigation_robot_custom_interfaces/cmake/navigation_robot_custom_interfaces__rosidl_typesupport_cppExport-noconfig.cmake
[4.811s] -- Up-to-date: /home/user/ros2_navigationrobot_ws/install/navigation_robot_custom_interfaces/share/navigation_robot_custom_interfaces/cmake/export_navigation_robot_custom_interfaces__rosidl_generator_pyExport.cmake
[4.811s] -- Up-to-date: /home/user/ros2_navigationrobot_ws/install/navigation_robot_custom_interfaces/share/navigation_robot_custom_interfaces/cmake/export_navigation_robot_custom_interfaces__rosidl_generator_pyExport-noconfig.cmake
[4.811s] -- Up-to-date: /home/user/ros2_navigationrobot_ws/install/navigation_robot_custom_interfaces/share/navigation_robot_custom_interfaces/cmake/rosidl_cmake-extras.cmake
[4.811s] -- Up-to-date: /home/user/ros2_navigationrobot_ws/install/navigation_robot_custom_interfaces/share/navigation_robot_custom_interfaces/cmake/ament_cmake_export_dependencies-extras.cmake
[4.811s] -- Up-to-date: /home/user/ros2_navigationrobot_ws/install/navigation_robot_custom_interfaces/share/navigation_robot_custom_interfaces/cmake/ament_cmake_export_include_directories-extras.cmake
[4.812s] -- Up-to-date: /home/user/ros2_navigationrobot_ws/install/navigation_robot_custom_interfaces/share/navigation_robot_custom_interfaces/cmake/ament_cmake_export_libraries-extras.cmake
[4.812s] -- Up-to-date: /home/user/ros2_navigationrobot_ws/install/navigation_robot_custom_interfaces/share/navigation_robot_custom_interfaces/cmake/ament_cmake_export_targets-extras.cmake
[4.812s] -- Up-to-date: /home/user/ros2_navigationrobot_ws/install/navigation_robot_custom_interfaces/share/navigation_robot_custom_interfaces/cmake/rosidl_cmake_export_typesupport_targets-extras.cmake
[4.812s] -- Up-to-date: /home/user/ros2_navigationrobot_ws/install/navigation_robot_custom_interfaces/share/navigation_robot_custom_interfaces/cmake/rosidl_cmake_export_typesupport_libraries-extras.cmake
[4.812s] -- Up-to-date: /home/user/ros2_navigationrobot_ws/install/navigation_robot_custom_interfaces/share/navigation_robot_custom_interfaces/cmake/navigation_robot_custom_interfacesConfig.cmake
[4.812s] -- Up-to-date: /home/user/ros2_navigationrobot_ws/install/navigation_robot_custom_interfaces/share/navigation_robot_custom_interfaces/cmake/navigation_robot_custom_interfacesConfig-version.cmake
[4.812s] -- Up-to-date: /home/user/ros2_navigationrobot_ws/install/navigation_robot_custom_interfaces/share/navigation_robot_custom_interfaces/package.xml
[4.819s] Invoked command in '/home/user/ros2_navigationrobot_ws/build/navigation_robot_custom_interfaces' returned '0': CMAKE_PREFIX_PATH=${CMAKE_PREFIX_PATH}:/home/user/ros2_navigationrobot_ws/install/session7_turtlebot3_robot:/home/simulations/ros2_sims_ws/install/rclrs_tests:/home/simulations/ros2_sims_ws/install/examples_rclrs_minimal_client_service:/home/simulations/ros2_sims_ws/install/sensor_msgs_py:/home/simulations/ros2_sims_ws/install/examples_rclrs_minimal_pub_sub:/home/simulations/ros2_sims_ws/install/examples_rclrs_message_demo:/home/simulations/ros2_sims_ws/install/rclrs:/home/simulations/ros2_sims_ws/install/rosidl_runtime_rs:/opt/ros/humble _=/usr/bin/env /usr/bin/cmake --install /home/user/ros2_navigationrobot_ws/build/navigation_robot_custom_interfaces
