[0.333s] DEBUG:colcon:Command line arguments: ['/usr/bin/colcon', 'build']
[0.333s] DEBUG:colcon:Parsed command line arguments: Namespace(log_base=None, log_level=None, verb_name='build', build_base='build', install_base='install', merge_install=False, symlink_install=False, test_result_base=None, continue_on_error=False, executor='parallel', parallel_workers=8, event_handlers=None, ignore_user_meta=False, metas=['./colcon.meta'], base_paths=['.'], packages_ignore=None, packages_ignore_regex=None, paths=None, packages_up_to=None, packages_up_to_regex=None, packages_above=None, packages_above_and_dependencies=None, packages_above_depth=None, packages_select_by_dep=None, packages_skip_by_dep=None, packages_skip_up_to=None, packages_select_build_failed=False, packages_skip_build_finished=False, packages_select_test_failures=False, packages_skip_test_passed=False, packages_select=None, packages_skip=None, packages_select_regex=None, packages_skip_regex=None, packages_start=None, packages_end=None, lookup_in_workspace=False, cargo_args=None, clean_build=False, cmake_args=None, cmake_target=None, cmake_target_skip_unavailable=False, cmake_clean_cache=False, cmake_clean_first=False, cmake_force_configure=False, ament_cmake_args=None, catkin_cmake_args=None, catkin_skip_building_tests=False, mixin_files=None, mixin=None, verb_parser=<colcon_mixin.mixin.mixin_argument.MixinArgumentDecorator object at 0x7f20b4b0a650>, verb_extension=<colcon_core.verb.build.BuildVerb object at 0x7f20b4b09ae0>, main=<bound method BuildVerb.main of <colcon_core.verb.build.BuildVerb object at 0x7f20b4b09ae0>>, mixin_verb=('build',))
[0.817s] Level 1:colcon.colcon_core.package_discovery:discover_packages(colcon_meta) check parameters
[0.817s] Level 1:colcon.colcon_core.package_discovery:discover_packages(recursive) check parameters
[0.817s] Level 1:colcon.colcon_core.package_discovery:discover_packages(ignore) check parameters
[0.817s] Level 1:colcon.colcon_core.package_discovery:discover_packages(path) check parameters
[0.817s] Level 1:colcon.colcon_core.package_discovery:discover_packages(colcon_meta) discover
[0.817s] Level 1:colcon.colcon_core.package_discovery:discover_packages(recursive) discover
[0.817s] INFO:colcon.colcon_core.package_discovery:Crawling recursively for packages in '/home/user/ros2_navigationrobot_ws'
[0.817s] Level 1:colcon.colcon_core.package_identification:_identify(.) by extensions ['ignore', 'ignore_ament_install']
[0.817s] Level 1:colcon.colcon_core.package_identification:_identify(.) by extension 'ignore'
[0.817s] Level 1:colcon.colcon_core.package_identification:_identify(.) by extension 'ignore_ament_install'
[0.817s] Level 1:colcon.colcon_core.package_identification:_identify(.) by extensions ['colcon_pkg']
[0.817s] Level 1:colcon.colcon_core.package_identification:_identify(.) by extension 'colcon_pkg'
[0.817s] Level 1:colcon.colcon_core.package_identification:_identify(.) by extensions ['colcon_meta']
[0.818s] Level 1:colcon.colcon_core.package_identification:_identify(.) by extension 'colcon_meta'
[0.818s] Level 1:colcon.colcon_core.package_identification:_identify(.) by extensions ['ament_cargo']
[0.818s] Level 1:colcon.colcon_core.package_identification:_identify(.) by extension 'ament_cargo'
[0.818s] Level 1:colcon.colcon_core.package_identification:_identify(.) by extensions ['ros']
[0.818s] Level 1:colcon.colcon_core.package_identification:_identify(.) by extension 'ros'
[0.831s] Level 1:colcon.colcon_core.package_identification:_identify(.) by extensions ['cargo', 'cmake', 'python']
[0.831s] Level 1:colcon.colcon_core.package_identification:_identify(.) by extension 'cargo'
[0.831s] Level 1:colcon.colcon_core.package_identification:_identify(.) by extension 'cmake'
[0.832s] Level 1:colcon.colcon_core.package_identification:_identify(.) by extension 'python'
[0.832s] Level 1:colcon.colcon_core.package_identification:_identify(.) by extensions ['python_setup_py']
[0.832s] Level 1:colcon.colcon_core.package_identification:_identify(.) by extension 'python_setup_py'
[0.832s] Level 1:colcon.colcon_core.package_identification:_identify(build) by extensions ['ignore', 'ignore_ament_install']
[0.832s] Level 1:colcon.colcon_core.package_identification:_identify(build) by extension 'ignore'
[0.832s] Level 1:colcon.colcon_core.package_identification:_identify(build) ignored
[0.832s] Level 1:colcon.colcon_core.package_identification:_identify(install) by extensions ['ignore', 'ignore_ament_install']
[0.832s] Level 1:colcon.colcon_core.package_identification:_identify(install) by extension 'ignore'
[0.832s] Level 1:colcon.colcon_core.package_identification:_identify(install) ignored
[0.832s] Level 1:colcon.colcon_core.package_identification:_identify(log) by extensions ['ignore', 'ignore_ament_install']
[0.832s] Level 1:colcon.colcon_core.package_identification:_identify(log) by extension 'ignore'
[0.833s] Level 1:colcon.colcon_core.package_identification:_identify(log) ignored
[0.833s] Level 1:colcon.colcon_core.package_identification:_identify(src) by extensions ['ignore', 'ignore_ament_install']
[0.833s] Level 1:colcon.colcon_core.package_identification:_identify(src) by extension 'ignore'
[0.833s] Level 1:colcon.colcon_core.package_identification:_identify(src) by extension 'ignore_ament_install'
[0.833s] Level 1:colcon.colcon_core.package_identification:_identify(src) by extensions ['colcon_pkg']
[0.833s] Level 1:colcon.colcon_core.package_identification:_identify(src) by extension 'colcon_pkg'
[0.833s] Level 1:colcon.colcon_core.package_identification:_identify(src) by extensions ['colcon_meta']
[0.833s] Level 1:colcon.colcon_core.package_identification:_identify(src) by extension 'colcon_meta'
[0.833s] Level 1:colcon.colcon_core.package_identification:_identify(src) by extensions ['ament_cargo']
[0.833s] Level 1:colcon.colcon_core.package_identification:_identify(src) by extension 'ament_cargo'
[0.833s] Level 1:colcon.colcon_core.package_identification:_identify(src) by extensions ['ros']
[0.833s] Level 1:colcon.colcon_core.package_identification:_identify(src) by extension 'ros'
[0.833s] Level 1:colcon.colcon_core.package_identification:_identify(src) by extensions ['cargo', 'cmake', 'python']
[0.833s] Level 1:colcon.colcon_core.package_identification:_identify(src) by extension 'cargo'
[0.833s] Level 1:colcon.colcon_core.package_identification:_identify(src) by extension 'cmake'
[0.833s] Level 1:colcon.colcon_core.package_identification:_identify(src) by extension 'python'
[0.833s] Level 1:colcon.colcon_core.package_identification:_identify(src) by extensions ['python_setup_py']
[0.833s] Level 1:colcon.colcon_core.package_identification:_identify(src) by extension 'python_setup_py'
[0.833s] Level 1:colcon.colcon_core.package_identification:_identify(src/navigation_robot_custom_interfaces) by extensions ['ignore', 'ignore_ament_install']
[0.833s] Level 1:colcon.colcon_core.package_identification:_identify(src/navigation_robot_custom_interfaces) by extension 'ignore'
[0.834s] Level 1:colcon.colcon_core.package_identification:_identify(src/navigation_robot_custom_interfaces) by extension 'ignore_ament_install'
[0.834s] Level 1:colcon.colcon_core.package_identification:_identify(src/navigation_robot_custom_interfaces) by extensions ['colcon_pkg']
[0.834s] Level 1:colcon.colcon_core.package_identification:_identify(src/navigation_robot_custom_interfaces) by extension 'colcon_pkg'
[0.834s] Level 1:colcon.colcon_core.package_identification:_identify(src/navigation_robot_custom_interfaces) by extensions ['colcon_meta']
[0.834s] Level 1:colcon.colcon_core.package_identification:_identify(src/navigation_robot_custom_interfaces) by extension 'colcon_meta'
[0.834s] Level 1:colcon.colcon_core.package_identification:_identify(src/navigation_robot_custom_interfaces) by extensions ['ament_cargo']
[0.834s] Level 1:colcon.colcon_core.package_identification:_identify(src/navigation_robot_custom_interfaces) by extension 'ament_cargo'
[0.834s] Level 1:colcon.colcon_core.package_identification:_identify(src/navigation_robot_custom_interfaces) by extensions ['ros']
[0.834s] Level 1:colcon.colcon_core.package_identification:_identify(src/navigation_robot_custom_interfaces) by extension 'ros'
[0.895s] DEBUG:colcon.colcon_core.package_identification:Package 'src/navigation_robot_custom_interfaces' with type 'ros.ament_cmake' and name 'navigation_robot_custom_interfaces'
[0.896s] Level 1:colcon.colcon_core.package_identification:_identify(src/session7_turtlebot3_robot) by extensions ['ignore', 'ignore_ament_install']
[0.896s] Level 1:colcon.colcon_core.package_identification:_identify(src/session7_turtlebot3_robot) by extension 'ignore'
[0.896s] Level 1:colcon.colcon_core.package_identification:_identify(src/session7_turtlebot3_robot) by extension 'ignore_ament_install'
[0.896s] Level 1:colcon.colcon_core.package_identification:_identify(src/session7_turtlebot3_robot) by extensions ['colcon_pkg']
[0.896s] Level 1:colcon.colcon_core.package_identification:_identify(src/session7_turtlebot3_robot) by extension 'colcon_pkg'
[0.896s] Level 1:colcon.colcon_core.package_identification:_identify(src/session7_turtlebot3_robot) by extensions ['colcon_meta']
[0.896s] Level 1:colcon.colcon_core.package_identification:_identify(src/session7_turtlebot3_robot) by extension 'colcon_meta'
[0.896s] Level 1:colcon.colcon_core.package_identification:_identify(src/session7_turtlebot3_robot) by extensions ['ament_cargo']
[0.896s] Level 1:colcon.colcon_core.package_identification:_identify(src/session7_turtlebot3_robot) by extension 'ament_cargo'
[0.896s] Level 1:colcon.colcon_core.package_identification:_identify(src/session7_turtlebot3_robot) by extensions ['ros']
[0.896s] Level 1:colcon.colcon_core.package_identification:_identify(src/session7_turtlebot3_robot) by extension 'ros'
[0.898s] DEBUG:colcon.colcon_core.package_identification:Package 'src/session7_turtlebot3_robot' with type 'ros.ament_python' and name 'session7_turtlebot3_robot'
[0.898s] Level 1:colcon.colcon_core.package_discovery:discover_packages(recursive) using defaults
[0.898s] Level 1:colcon.colcon_core.package_discovery:discover_packages(ignore) discover
[0.898s] Level 1:colcon.colcon_core.package_discovery:discover_packages(ignore) using defaults
[0.898s] Level 1:colcon.colcon_core.package_discovery:discover_packages(path) discover
[0.898s] Level 1:colcon.colcon_core.package_discovery:discover_packages(path) using defaults
[1.007s] Level 5:colcon.colcon_core.verb:set package 'navigation_robot_custom_interfaces' build argument 'lookup_in_workspace' from command line to 'False'
[1.007s] Level 5:colcon.colcon_core.verb:set package 'navigation_robot_custom_interfaces' build argument 'cargo_args' from command line to 'None'
[1.007s] Level 5:colcon.colcon_core.verb:set package 'navigation_robot_custom_interfaces' build argument 'clean_build' from command line to 'False'
[1.007s] Level 5:colcon.colcon_core.verb:set package 'navigation_robot_custom_interfaces' build argument 'cmake_args' from command line to 'None'
[1.007s] Level 5:colcon.colcon_core.verb:set package 'navigation_robot_custom_interfaces' build argument 'cmake_target' from command line to 'None'
[1.007s] Level 5:colcon.colcon_core.verb:set package 'navigation_robot_custom_interfaces' build argument 'cmake_target_skip_unavailable' from command line to 'False'
[1.007s] Level 5:colcon.colcon_core.verb:set package 'navigation_robot_custom_interfaces' build argument 'cmake_clean_cache' from command line to 'False'
[1.007s] Level 5:colcon.colcon_core.verb:set package 'navigation_robot_custom_interfaces' build argument 'cmake_clean_first' from command line to 'False'
[1.007s] Level 5:colcon.colcon_core.verb:set package 'navigation_robot_custom_interfaces' build argument 'cmake_force_configure' from command line to 'False'
[1.007s] Level 5:colcon.colcon_core.verb:set package 'navigation_robot_custom_interfaces' build argument 'ament_cmake_args' from command line to 'None'
[1.007s] Level 5:colcon.colcon_core.verb:set package 'navigation_robot_custom_interfaces' build argument 'catkin_cmake_args' from command line to 'None'
[1.007s] Level 5:colcon.colcon_core.verb:set package 'navigation_robot_custom_interfaces' build argument 'catkin_skip_building_tests' from command line to 'False'
[1.007s] DEBUG:colcon.colcon_core.verb:Building package 'navigation_robot_custom_interfaces' with the following arguments: {'ament_cmake_args': None, 'build_base': '/home/user/ros2_navigationrobot_ws/build/navigation_robot_custom_interfaces', 'cargo_args': None, 'catkin_cmake_args': None, 'catkin_skip_building_tests': False, 'clean_build': False, 'cmake_args': None, 'cmake_clean_cache': False, 'cmake_clean_first': False, 'cmake_force_configure': False, 'cmake_target': None, 'cmake_target_skip_unavailable': False, 'install_base': '/home/user/ros2_navigationrobot_ws/install/navigation_robot_custom_interfaces', 'lookup_in_workspace': False, 'merge_install': False, 'path': '/home/user/ros2_navigationrobot_ws/src/navigation_robot_custom_interfaces', 'symlink_install': False, 'test_result_base': None}
[1.008s] Level 5:colcon.colcon_core.verb:set package 'session7_turtlebot3_robot' build argument 'lookup_in_workspace' from command line to 'False'
[1.008s] Level 5:colcon.colcon_core.verb:set package 'session7_turtlebot3_robot' build argument 'cargo_args' from command line to 'None'
[1.008s] Level 5:colcon.colcon_core.verb:set package 'session7_turtlebot3_robot' build argument 'clean_build' from command line to 'False'
[1.008s] Level 5:colcon.colcon_core.verb:set package 'session7_turtlebot3_robot' build argument 'cmake_args' from command line to 'None'
[1.008s] Level 5:colcon.colcon_core.verb:set package 'session7_turtlebot3_robot' build argument 'cmake_target' from command line to 'None'
[1.008s] Level 5:colcon.colcon_core.verb:set package 'session7_turtlebot3_robot' build argument 'cmake_target_skip_unavailable' from command line to 'False'
[1.008s] Level 5:colcon.colcon_core.verb:set package 'session7_turtlebot3_robot' build argument 'cmake_clean_cache' from command line to 'False'
[1.008s] Level 5:colcon.colcon_core.verb:set package 'session7_turtlebot3_robot' build argument 'cmake_clean_first' from command line to 'False'
[1.008s] Level 5:colcon.colcon_core.verb:set package 'session7_turtlebot3_robot' build argument 'cmake_force_configure' from command line to 'False'
[1.009s] Level 5:colcon.colcon_core.verb:set package 'session7_turtlebot3_robot' build argument 'ament_cmake_args' from command line to 'None'
[1.009s] Level 5:colcon.colcon_core.verb:set package 'session7_turtlebot3_robot' build argument 'catkin_cmake_args' from command line to 'None'
[1.009s] Level 5:colcon.colcon_core.verb:set package 'session7_turtlebot3_robot' build argument 'catkin_skip_building_tests' from command line to 'False'
[1.009s] DEBUG:colcon.colcon_core.verb:Building package 'session7_turtlebot3_robot' with the following arguments: {'ament_cmake_args': None, 'build_base': '/home/user/ros2_navigationrobot_ws/build/session7_turtlebot3_robot', 'cargo_args': None, 'catkin_cmake_args': None, 'catkin_skip_building_tests': False, 'clean_build': False, 'cmake_args': None, 'cmake_clean_cache': False, 'cmake_clean_first': False, 'cmake_force_configure': False, 'cmake_target': None, 'cmake_target_skip_unavailable': False, 'install_base': '/home/user/ros2_navigationrobot_ws/install/session7_turtlebot3_robot', 'lookup_in_workspace': False, 'merge_install': False, 'path': '/home/user/ros2_navigationrobot_ws/src/session7_turtlebot3_robot', 'symlink_install': False, 'test_result_base': None}
[1.009s] INFO:colcon.colcon_core.executor:Executing jobs using 'parallel' executor
[1.010s] DEBUG:colcon.colcon_parallel_executor.executor.parallel:run_until_complete
[1.011s] INFO:colcon.colcon_ros.task.ament_cmake.build:Building ROS package in '/home/user/ros2_navigationrobot_ws/src/navigation_robot_custom_interfaces' with build type 'ament_cmake'
[1.011s] INFO:colcon.colcon_cmake.task.cmake.build:Building CMake package in '/home/user/ros2_navigationrobot_ws/src/navigation_robot_custom_interfaces'
[1.016s] INFO:colcon.colcon_core.plugin_system:Skipping extension 'colcon_core.shell.bat': Not used on non-Windows systems
[1.017s] INFO:colcon.colcon_core.shell:Skip shell extension 'powershell' for command environment: Not usable outside of PowerShell
[1.017s] DEBUG:colcon.colcon_core.shell:Skip shell extension 'dsv' for command environment
[1.101s] DEBUG:colcon.colcon_core.event_handler.log_command:Invoking command in '/home/user/ros2_navigationrobot_ws/build/navigation_robot_custom_interfaces': CMAKE_PREFIX_PATH=${CMAKE_PREFIX_PATH}:/home/user/ros2_navigationrobot_ws/install/session7_turtlebot3_robot:/home/simulations/ros2_sims_ws/install/rclrs_tests:/home/simulations/ros2_sims_ws/install/examples_rclrs_minimal_client_service:/home/simulations/ros2_sims_ws/install/sensor_msgs_py:/home/simulations/ros2_sims_ws/install/examples_rclrs_minimal_pub_sub:/home/simulations/ros2_sims_ws/install/examples_rclrs_message_demo:/home/simulations/ros2_sims_ws/install/rclrs:/home/simulations/ros2_sims_ws/install/rosidl_runtime_rs:/opt/ros/humble _=/usr/bin/env /usr/bin/cmake --build /home/user/ros2_navigationrobot_ws/build/navigation_robot_custom_interfaces -- -j8 -l8
[3.412s] DEBUG:colcon.colcon_core.event_handler.log_command:Invoked command in '/home/user/ros2_navigationrobot_ws/build/navigation_robot_custom_interfaces' returned '0': CMAKE_PREFIX_PATH=${CMAKE_PREFIX_PATH}:/home/user/ros2_navigationrobot_ws/install/session7_turtlebot3_robot:/home/simulations/ros2_sims_ws/install/rclrs_tests:/home/simulations/ros2_sims_ws/install/examples_rclrs_minimal_client_service:/home/simulations/ros2_sims_ws/install/sensor_msgs_py:/home/simulations/ros2_sims_ws/install/examples_rclrs_minimal_pub_sub:/home/simulations/ros2_sims_ws/install/examples_rclrs_message_demo:/home/simulations/ros2_sims_ws/install/rclrs:/home/simulations/ros2_sims_ws/install/rosidl_runtime_rs:/opt/ros/humble _=/usr/bin/env /usr/bin/cmake --build /home/user/ros2_navigationrobot_ws/build/navigation_robot_custom_interfaces -- -j8 -l8
[4.095s] DEBUG:colcon.colcon_core.event_handler.log_command:Invoking command in '/home/user/ros2_navigationrobot_ws/build/navigation_robot_custom_interfaces': CMAKE_PREFIX_PATH=${CMAKE_PREFIX_PATH}:/home/user/ros2_navigationrobot_ws/install/session7_turtlebot3_robot:/home/simulations/ros2_sims_ws/install/rclrs_tests:/home/simulations/ros2_sims_ws/install/examples_rclrs_minimal_client_service:/home/simulations/ros2_sims_ws/install/sensor_msgs_py:/home/simulations/ros2_sims_ws/install/examples_rclrs_minimal_pub_sub:/home/simulations/ros2_sims_ws/install/examples_rclrs_message_demo:/home/simulations/ros2_sims_ws/install/rclrs:/home/simulations/ros2_sims_ws/install/rosidl_runtime_rs:/opt/ros/humble _=/usr/bin/env /usr/bin/cmake --install /home/user/ros2_navigationrobot_ws/build/navigation_robot_custom_interfaces
[4.317s] Level 1:colcon.colcon_core.environment:create_environment_scripts_only(navigation_robot_custom_interfaces)
[4.319s] DEBUG:colcon.colcon_core.event_handler.log_command:Invoked command in '/home/user/ros2_navigationrobot_ws/build/navigation_robot_custom_interfaces' returned '0': CMAKE_PREFIX_PATH=${CMAKE_PREFIX_PATH}:/home/user/ros2_navigationrobot_ws/install/session7_turtlebot3_robot:/home/simulations/ros2_sims_ws/install/rclrs_tests:/home/simulations/ros2_sims_ws/install/examples_rclrs_minimal_client_service:/home/simulations/ros2_sims_ws/install/sensor_msgs_py:/home/simulations/ros2_sims_ws/install/examples_rclrs_minimal_pub_sub:/home/simulations/ros2_sims_ws/install/examples_rclrs_message_demo:/home/simulations/ros2_sims_ws/install/rclrs:/home/simulations/ros2_sims_ws/install/rosidl_runtime_rs:/opt/ros/humble _=/usr/bin/env /usr/bin/cmake --install /home/user/ros2_navigationrobot_ws/build/navigation_robot_custom_interfaces
[4.326s] Level 1:colcon.colcon_core.environment:checking '/home/user/ros2_navigationrobot_ws/install/navigation_robot_custom_interfaces' for CMake module files
[4.326s] Level 1:colcon.colcon_core.environment:checking '/home/user/ros2_navigationrobot_ws/install/navigation_robot_custom_interfaces' for CMake config files
[4.327s] Level 1:colcon.colcon_core.shell:create_environment_hook('navigation_robot_custom_interfaces', 'cmake_prefix_path')
[4.327s] INFO:colcon.colcon_core.shell:Creating environment hook '/home/user/ros2_navigationrobot_ws/install/navigation_robot_custom_interfaces/share/navigation_robot_custom_interfaces/hook/cmake_prefix_path.ps1'
[4.329s] INFO:colcon.colcon_core.shell:Creating environment descriptor '/home/user/ros2_navigationrobot_ws/install/navigation_robot_custom_interfaces/share/navigation_robot_custom_interfaces/hook/cmake_prefix_path.dsv'
[4.330s] INFO:colcon.colcon_core.shell:Creating environment hook '/home/user/ros2_navigationrobot_ws/install/navigation_robot_custom_interfaces/share/navigation_robot_custom_interfaces/hook/cmake_prefix_path.sh'
[4.331s] Level 1:colcon.colcon_core.environment:checking '/home/user/ros2_navigationrobot_ws/install/navigation_robot_custom_interfaces/lib'
[4.331s] Level 1:colcon.colcon_core.shell:create_environment_hook('navigation_robot_custom_interfaces', 'ld_library_path_lib')
[4.331s] INFO:colcon.colcon_core.shell:Creating environment hook '/home/user/ros2_navigationrobot_ws/install/navigation_robot_custom_interfaces/share/navigation_robot_custom_interfaces/hook/ld_library_path_lib.ps1'
[4.332s] INFO:colcon.colcon_core.shell:Creating environment descriptor '/home/user/ros2_navigationrobot_ws/install/navigation_robot_custom_interfaces/share/navigation_robot_custom_interfaces/hook/ld_library_path_lib.dsv'
[4.333s] INFO:colcon.colcon_core.shell:Creating environment hook '/home/user/ros2_navigationrobot_ws/install/navigation_robot_custom_interfaces/share/navigation_robot_custom_interfaces/hook/ld_library_path_lib.sh'
[4.333s] Level 1:colcon.colcon_core.environment:checking '/home/user/ros2_navigationrobot_ws/install/navigation_robot_custom_interfaces/bin'
[4.333s] Level 1:colcon.colcon_core.environment:checking '/home/user/ros2_navigationrobot_ws/install/navigation_robot_custom_interfaces/lib/pkgconfig/navigation_robot_custom_interfaces.pc'
[4.336s] Level 1:colcon.colcon_core.environment:checking '/home/user/ros2_navigationrobot_ws/install/navigation_robot_custom_interfaces/lib/python3.10/site-packages'
[4.337s] Level 1:colcon.colcon_core.environment:checking '/home/user/ros2_navigationrobot_ws/install/navigation_robot_custom_interfaces/bin'
[4.394s] INFO:colcon.colcon_core.shell:Creating package script '/home/user/ros2_navigationrobot_ws/install/navigation_robot_custom_interfaces/share/navigation_robot_custom_interfaces/package.ps1'
[4.395s] INFO:colcon.colcon_core.shell:Creating package descriptor '/home/user/ros2_navigationrobot_ws/install/navigation_robot_custom_interfaces/share/navigation_robot_custom_interfaces/package.dsv'
[4.396s] INFO:colcon.colcon_core.shell:Creating package script '/home/user/ros2_navigationrobot_ws/install/navigation_robot_custom_interfaces/share/navigation_robot_custom_interfaces/package.sh'
[4.397s] INFO:colcon.colcon_core.shell:Creating package script '/home/user/ros2_navigationrobot_ws/install/navigation_robot_custom_interfaces/share/navigation_robot_custom_interfaces/package.bash'
[4.398s] INFO:colcon.colcon_core.shell:Creating package script '/home/user/ros2_navigationrobot_ws/install/navigation_robot_custom_interfaces/share/navigation_robot_custom_interfaces/package.zsh'
[4.399s] Level 1:colcon.colcon_core.environment:create_file_with_runtime_dependencies(/home/user/ros2_navigationrobot_ws/install/navigation_robot_custom_interfaces/share/colcon-core/packages/navigation_robot_custom_interfaces)
[5.010s] Level 1:colcon.colcon_core.environment:create_environment_scripts_only(navigation_robot_custom_interfaces)
[5.010s] Level 1:colcon.colcon_core.environment:checking '/home/user/ros2_navigationrobot_ws/install/navigation_robot_custom_interfaces' for CMake module files
[5.011s] Level 1:colcon.colcon_core.environment:checking '/home/user/ros2_navigationrobot_ws/install/navigation_robot_custom_interfaces' for CMake config files
[5.012s] Level 1:colcon.colcon_core.shell:create_environment_hook('navigation_robot_custom_interfaces', 'cmake_prefix_path')
[5.012s] INFO:colcon.colcon_core.shell:Creating environment hook '/home/user/ros2_navigationrobot_ws/install/navigation_robot_custom_interfaces/share/navigation_robot_custom_interfaces/hook/cmake_prefix_path.ps1'
[5.013s] INFO:colcon.colcon_core.shell:Creating environment descriptor '/home/user/ros2_navigationrobot_ws/install/navigation_robot_custom_interfaces/share/navigation_robot_custom_interfaces/hook/cmake_prefix_path.dsv'
[5.014s] INFO:colcon.colcon_core.shell:Creating environment hook '/home/user/ros2_navigationrobot_ws/install/navigation_robot_custom_interfaces/share/navigation_robot_custom_interfaces/hook/cmake_prefix_path.sh'
[5.015s] Level 1:colcon.colcon_core.environment:checking '/home/user/ros2_navigationrobot_ws/install/navigation_robot_custom_interfaces/lib'
[5.015s] Level 1:colcon.colcon_core.shell:create_environment_hook('navigation_robot_custom_interfaces', 'ld_library_path_lib')
[5.016s] INFO:colcon.colcon_core.shell:Creating environment hook '/home/user/ros2_navigationrobot_ws/install/navigation_robot_custom_interfaces/share/navigation_robot_custom_interfaces/hook/ld_library_path_lib.ps1'
[5.016s] INFO:colcon.colcon_core.shell:Creating environment descriptor '/home/user/ros2_navigationrobot_ws/install/navigation_robot_custom_interfaces/share/navigation_robot_custom_interfaces/hook/ld_library_path_lib.dsv'
[5.016s] INFO:colcon.colcon_core.shell:Creating environment hook '/home/user/ros2_navigationrobot_ws/install/navigation_robot_custom_interfaces/share/navigation_robot_custom_interfaces/hook/ld_library_path_lib.sh'
[5.017s] Level 1:colcon.colcon_core.environment:checking '/home/user/ros2_navigationrobot_ws/install/navigation_robot_custom_interfaces/bin'
[5.017s] Level 1:colcon.colcon_core.environment:checking '/home/user/ros2_navigationrobot_ws/install/navigation_robot_custom_interfaces/lib/pkgconfig/navigation_robot_custom_interfaces.pc'
[5.017s] Level 1:colcon.colcon_core.environment:checking '/home/user/ros2_navigationrobot_ws/install/navigation_robot_custom_interfaces/lib/python3.10/site-packages'
[5.017s] Level 1:colcon.colcon_core.environment:checking '/home/user/ros2_navigationrobot_ws/install/navigation_robot_custom_interfaces/bin'
[5.018s] INFO:colcon.colcon_core.shell:Creating package script '/home/user/ros2_navigationrobot_ws/install/navigation_robot_custom_interfaces/share/navigation_robot_custom_interfaces/package.ps1'
[5.018s] INFO:colcon.colcon_core.shell:Creating package descriptor '/home/user/ros2_navigationrobot_ws/install/navigation_robot_custom_interfaces/share/navigation_robot_custom_interfaces/package.dsv'
[5.019s] INFO:colcon.colcon_core.shell:Creating package script '/home/user/ros2_navigationrobot_ws/install/navigation_robot_custom_interfaces/share/navigation_robot_custom_interfaces/package.sh'
[5.019s] INFO:colcon.colcon_core.shell:Creating package script '/home/user/ros2_navigationrobot_ws/install/navigation_robot_custom_interfaces/share/navigation_robot_custom_interfaces/package.bash'
[5.020s] INFO:colcon.colcon_core.shell:Creating package script '/home/user/ros2_navigationrobot_ws/install/navigation_robot_custom_interfaces/share/navigation_robot_custom_interfaces/package.zsh'
[5.020s] Level 1:colcon.colcon_core.environment:create_file_with_runtime_dependencies(/home/user/ros2_navigationrobot_ws/install/navigation_robot_custom_interfaces/share/colcon-core/packages/navigation_robot_custom_interfaces)
[5.021s] INFO:colcon.colcon_ros.task.ament_python.build:Building ROS package in '/home/user/ros2_navigationrobot_ws/src/session7_turtlebot3_robot' with build type 'ament_python'
[5.021s] Level 1:colcon.colcon_core.shell:create_environment_hook('session7_turtlebot3_robot', 'ament_prefix_path')
[5.021s] INFO:colcon.colcon_core.shell:Creating environment hook '/home/user/ros2_navigationrobot_ws/install/session7_turtlebot3_robot/share/session7_turtlebot3_robot/hook/ament_prefix_path.ps1'
[5.022s] INFO:colcon.colcon_core.shell:Creating environment descriptor '/home/user/ros2_navigationrobot_ws/install/session7_turtlebot3_robot/share/session7_turtlebot3_robot/hook/ament_prefix_path.dsv'
[5.023s] INFO:colcon.colcon_core.shell:Creating environment hook '/home/user/ros2_navigationrobot_ws/install/session7_turtlebot3_robot/share/session7_turtlebot3_robot/hook/ament_prefix_path.sh'
[5.024s] INFO:colcon.colcon_core.shell:Skip shell extension 'powershell' for command environment: Not usable outside of PowerShell
[5.024s] DEBUG:colcon.colcon_core.shell:Skip shell extension 'dsv' for command environment
[6.033s] INFO:colcon.colcon_core.task.python.build:Building Python package in '/home/user/ros2_navigationrobot_ws/src/session7_turtlebot3_robot'
[6.034s] INFO:colcon.colcon_core.shell:Skip shell extension 'powershell' for command environment: Not usable outside of PowerShell
[6.034s] DEBUG:colcon.colcon_core.shell:Skip shell extension 'dsv' for command environment
[7.330s] DEBUG:colcon.colcon_core.event_handler.log_command:Invoking command in '/home/user/ros2_navigationrobot_ws/src/session7_turtlebot3_robot': LD_LIBRARY_PATH=/home/user/ros2_navigationrobot_ws/install/navigation_robot_custom_interfaces/lib:/usr/local/cuda-10.2/lib64:/home/user/.catkin_ws_python3/src/TensorRT-7.0.0.11/lib:/home/simulations/ros2_sims_ws/install/visualization_msgs/lib:/home/simulations/ros2_sims_ws/install/test_msgs/lib:/home/simulations/ros2_sims_ws/install/example_interfaces/lib:/home/simulations/ros2_sims_ws/install/action_msgs/lib:/home/simulations/ros2_sims_ws/install/unique_identifier_msgs/lib:/home/simulations/ros2_sims_ws/install/trajectory_msgs/lib:/home/simulations/ros2_sims_ws/install/stereo_msgs/lib:/home/simulations/ros2_sims_ws/install/std_srvs/lib:/home/simulations/ros2_sims_ws/install/shape_msgs/lib:/home/simulations/ros2_sims_ws/install/sensor_msgs/lib:/home/simulations/ros2_sims_ws/install/nav_msgs/lib:/home/simulations/ros2_sims_ws/install/diagnostic_msgs/lib:/home/simulations/ros2_sims_ws/install/geometry_msgs/lib:/home/simulations/ros2_sims_ws/install/actionlib_msgs/lib:/home/simulations/ros2_sims_ws/install/std_msgs/lib:/home/simulations/ros2_sims_ws/install/statistics_msgs/lib:/home/simulations/ros2_sims_ws/install/rosgraph_msgs/lib:/home/simulations/ros2_sims_ws/install/rclrs_example_msgs/lib:/home/simulations/ros2_sims_ws/install/composition_interfaces/lib:/home/simulations/ros2_sims_ws/install/rcl_interfaces/lib:/home/simulations/ros2_sims_ws/install/lifecycle_msgs/lib:/home/simulations/ros2_sims_ws/install/builtin_interfaces/lib:/opt/ros/humble/opt/rviz_ogre_vendor/lib:/opt/ros/humble/lib/x86_64-linux-gnu:/opt/ros/humble/lib:/usr/local/cuda-10.2/lib64:/home/user/.catkin_ws_python3/src/TensorRT-7.0.0.11/lib:/usr/lib/x86_64-linux-gnu/gazebo-11/plugins:/usr/lib/x86_64-linux-gnu/gazebo-11/plugins:/usr/lib/x86_64-linux-gnu/gazebo-11/plugins PYTHONPATH=/home/user/ros2_navigationrobot_ws/build/session7_turtlebot3_robot/prefix_override:/home/user/ros2_navigationrobot_ws/install/session7_turtlebot3_robot/lib/python3.10/site-packages:${PYTHONPATH} _=/usr/bin/env /usr/bin/python3 -W ignore:setup.py install is deprecated setup.py egg_info --egg-base ../../build/session7_turtlebot3_robot build --build-base /home/user/ros2_navigationrobot_ws/build/session7_turtlebot3_robot/build install --record /home/user/ros2_navigationrobot_ws/build/session7_turtlebot3_robot/install.log --single-version-externally-managed install_data
[8.309s] Level 1:colcon.colcon_core.environment:checking '/home/user/ros2_navigationrobot_ws/install/session7_turtlebot3_robot' for CMake module files
[8.310s] DEBUG:colcon.colcon_core.event_handler.log_command:Invoked command in '/home/user/ros2_navigationrobot_ws/src/session7_turtlebot3_robot' returned '0': LD_LIBRARY_PATH=/home/user/ros2_navigationrobot_ws/install/navigation_robot_custom_interfaces/lib:/usr/local/cuda-10.2/lib64:/home/user/.catkin_ws_python3/src/TensorRT-7.0.0.11/lib:/home/simulations/ros2_sims_ws/install/visualization_msgs/lib:/home/simulations/ros2_sims_ws/install/test_msgs/lib:/home/simulations/ros2_sims_ws/install/example_interfaces/lib:/home/simulations/ros2_sims_ws/install/action_msgs/lib:/home/simulations/ros2_sims_ws/install/unique_identifier_msgs/lib:/home/simulations/ros2_sims_ws/install/trajectory_msgs/lib:/home/simulations/ros2_sims_ws/install/stereo_msgs/lib:/home/simulations/ros2_sims_ws/install/std_srvs/lib:/home/simulations/ros2_sims_ws/install/shape_msgs/lib:/home/simulations/ros2_sims_ws/install/sensor_msgs/lib:/home/simulations/ros2_sims_ws/install/nav_msgs/lib:/home/simulations/ros2_sims_ws/install/diagnostic_msgs/lib:/home/simulations/ros2_sims_ws/install/geometry_msgs/lib:/home/simulations/ros2_sims_ws/install/actionlib_msgs/lib:/home/simulations/ros2_sims_ws/install/std_msgs/lib:/home/simulations/ros2_sims_ws/install/statistics_msgs/lib:/home/simulations/ros2_sims_ws/install/rosgraph_msgs/lib:/home/simulations/ros2_sims_ws/install/rclrs_example_msgs/lib:/home/simulations/ros2_sims_ws/install/composition_interfaces/lib:/home/simulations/ros2_sims_ws/install/rcl_interfaces/lib:/home/simulations/ros2_sims_ws/install/lifecycle_msgs/lib:/home/simulations/ros2_sims_ws/install/builtin_interfaces/lib:/opt/ros/humble/opt/rviz_ogre_vendor/lib:/opt/ros/humble/lib/x86_64-linux-gnu:/opt/ros/humble/lib:/usr/local/cuda-10.2/lib64:/home/user/.catkin_ws_python3/src/TensorRT-7.0.0.11/lib:/usr/lib/x86_64-linux-gnu/gazebo-11/plugins:/usr/lib/x86_64-linux-gnu/gazebo-11/plugins:/usr/lib/x86_64-linux-gnu/gazebo-11/plugins PYTHONPATH=/home/user/ros2_navigationrobot_ws/build/session7_turtlebot3_robot/prefix_override:/home/user/ros2_navigationrobot_ws/install/session7_turtlebot3_robot/lib/python3.10/site-packages:${PYTHONPATH} _=/usr/bin/env /usr/bin/python3 -W ignore:setup.py install is deprecated setup.py egg_info --egg-base ../../build/session7_turtlebot3_robot build --build-base /home/user/ros2_navigationrobot_ws/build/session7_turtlebot3_robot/build install --record /home/user/ros2_navigationrobot_ws/build/session7_turtlebot3_robot/install.log --single-version-externally-managed install_data
[8.310s] Level 1:colcon.colcon_core.environment:checking '/home/user/ros2_navigationrobot_ws/install/session7_turtlebot3_robot' for CMake config files
[8.311s] Level 1:colcon.colcon_core.environment:checking '/home/user/ros2_navigationrobot_ws/install/session7_turtlebot3_robot/lib'
[8.311s] Level 1:colcon.colcon_core.environment:checking '/home/user/ros2_navigationrobot_ws/install/session7_turtlebot3_robot/bin'
[8.311s] Level 1:colcon.colcon_core.environment:checking '/home/user/ros2_navigationrobot_ws/install/session7_turtlebot3_robot/lib/pkgconfig/session7_turtlebot3_robot.pc'
[8.311s] Level 1:colcon.colcon_core.environment:checking '/home/user/ros2_navigationrobot_ws/install/session7_turtlebot3_robot/lib/python3.10/site-packages'
[8.311s] Level 1:colcon.colcon_core.shell:create_environment_hook('session7_turtlebot3_robot', 'pythonpath')
[8.312s] INFO:colcon.colcon_core.shell:Creating environment hook '/home/user/ros2_navigationrobot_ws/install/session7_turtlebot3_robot/share/session7_turtlebot3_robot/hook/pythonpath.ps1'
[8.313s] INFO:colcon.colcon_core.shell:Creating environment descriptor '/home/user/ros2_navigationrobot_ws/install/session7_turtlebot3_robot/share/session7_turtlebot3_robot/hook/pythonpath.dsv'
[8.314s] INFO:colcon.colcon_core.shell:Creating environment hook '/home/user/ros2_navigationrobot_ws/install/session7_turtlebot3_robot/share/session7_turtlebot3_robot/hook/pythonpath.sh'
[8.314s] Level 1:colcon.colcon_core.environment:checking '/home/user/ros2_navigationrobot_ws/install/session7_turtlebot3_robot/bin'
[8.314s] Level 1:colcon.colcon_core.environment:create_environment_scripts_only(session7_turtlebot3_robot)
[8.315s] INFO:colcon.colcon_core.shell:Creating package script '/home/user/ros2_navigationrobot_ws/install/session7_turtlebot3_robot/share/session7_turtlebot3_robot/package.ps1'
[8.315s] INFO:colcon.colcon_core.shell:Creating package descriptor '/home/user/ros2_navigationrobot_ws/install/session7_turtlebot3_robot/share/session7_turtlebot3_robot/package.dsv'
[8.315s] INFO:colcon.colcon_core.shell:Creating package script '/home/user/ros2_navigationrobot_ws/install/session7_turtlebot3_robot/share/session7_turtlebot3_robot/package.sh'
[8.316s] INFO:colcon.colcon_core.shell:Creating package script '/home/user/ros2_navigationrobot_ws/install/session7_turtlebot3_robot/share/session7_turtlebot3_robot/package.bash'
[8.316s] INFO:colcon.colcon_core.shell:Creating package script '/home/user/ros2_navigationrobot_ws/install/session7_turtlebot3_robot/share/session7_turtlebot3_robot/package.zsh'
[8.316s] Level 1:colcon.colcon_core.environment:create_file_with_runtime_dependencies(/home/user/ros2_navigationrobot_ws/install/session7_turtlebot3_robot/share/colcon-core/packages/session7_turtlebot3_robot)
[8.317s] DEBUG:colcon.colcon_parallel_executor.executor.parallel:closing loop
[8.317s] DEBUG:colcon.colcon_parallel_executor.executor.parallel:loop closed
[8.317s] DEBUG:colcon.colcon_parallel_executor.executor.parallel:run_until_complete finished with '0'
[8.317s] DEBUG:colcon.colcon_core.event_reactor:joining thread
[8.329s] INFO:colcon.colcon_core.plugin_system:Skipping extension 'colcon_notification.desktop_notification.notify_send': Could not find 'notify-send'
[8.329s] INFO:colcon.colcon_core.plugin_system:Skipping extension 'colcon_notification.desktop_notification.terminal_notifier': Not used on non-Darwin systems
[8.329s] INFO:colcon.colcon_core.plugin_system:Skipping extension 'colcon_notification.desktop_notification.win32': Not used on non-Windows systems
[8.329s] INFO:colcon.colcon_notification.desktop_notification:Sending desktop notification using 'notify2'
[8.331s] DEBUG:colcon.colcon_notification.desktop_notification.notify2:Failed to initialize notify2: org.freedesktop.DBus.Error.Spawn.ExecFailed: /usr/bin/dbus-launch terminated abnormally without any error message
[8.331s] DEBUG:colcon.colcon_core.event_reactor:joined thread
[8.332s] INFO:colcon.colcon_core.shell:Creating prefix script '/home/user/ros2_navigationrobot_ws/install/local_setup.ps1'
[8.396s] INFO:colcon.colcon_core.shell:Creating prefix util module '/home/user/ros2_navigationrobot_ws/install/_local_setup_util_ps1.py'
[8.398s] INFO:colcon.colcon_core.shell:Creating prefix chain script '/home/user/ros2_navigationrobot_ws/install/setup.ps1'
[8.402s] INFO:colcon.colcon_core.shell:Creating prefix script '/home/user/ros2_navigationrobot_ws/install/local_setup.sh'
[8.403s] INFO:colcon.colcon_core.shell:Creating prefix util module '/home/user/ros2_navigationrobot_ws/install/_local_setup_util_sh.py'
[8.405s] INFO:colcon.colcon_core.shell:Creating prefix chain script '/home/user/ros2_navigationrobot_ws/install/setup.sh'
[8.410s] INFO:colcon.colcon_core.shell:Creating prefix script '/home/user/ros2_navigationrobot_ws/install/local_setup.bash'
[8.410s] INFO:colcon.colcon_core.shell:Creating prefix chain script '/home/user/ros2_navigationrobot_ws/install/setup.bash'
[8.413s] INFO:colcon.colcon_core.shell:Creating prefix script '/home/user/ros2_navigationrobot_ws/install/local_setup.zsh'
[8.413s] INFO:colcon.colcon_core.shell:Creating prefix chain script '/home/user/ros2_navigationrobot_ws/install/setup.zsh'
