[0.516s] DEBUG:colcon:Command line arguments: ['/usr/bin/colcon', 'build']
[0.516s] DEBUG:colcon:Parsed command line arguments: Namespace(log_base=None, log_level=None, verb_name='build', build_base='build', install_base='install', merge_install=False, symlink_install=False, test_result_base=None, continue_on_error=False, executor='parallel', parallel_workers=4, event_handlers=None, ignore_user_meta=False, metas=['./colcon.meta'], base_paths=['.'], packages_ignore=None, packages_ignore_regex=None, paths=None, packages_up_to=None, packages_up_to_regex=None, packages_above=None, packages_above_and_dependencies=None, packages_above_depth=None, packages_select_by_dep=None, packages_skip_by_dep=None, packages_skip_up_to=None, packages_select_build_failed=False, packages_skip_build_finished=False, packages_select_test_failures=False, packages_skip_test_passed=False, packages_select=None, packages_skip=None, packages_select_regex=None, packages_skip_regex=None, packages_start=None, packages_end=None, allow_overriding=[], cmake_args=None, cmake_target=None, cmake_target_skip_unavailable=False, cmake_clean_cache=False, cmake_clean_first=False, cmake_force_configure=False, ament_cmake_args=None, catkin_cmake_args=None, catkin_skip_building_tests=False, mixin_files=None, mixin=None, verb_parser=<colcon_mixin.mixin.mixin_argument.MixinArgumentDecorator object at 0x767bb2d36c20>, verb_extension=<colcon_core.verb.build.BuildVerb object at 0x767bb2ef04c0>, main=<bound method BuildVerb.main of <colcon_core.verb.build.BuildVerb object at 0x767bb2ef04c0>>, mixin_verb=('build',))
[1.001s] Level 1:colcon.colcon_core.package_discovery:discover_packages(colcon_meta) check parameters
[1.001s] Level 1:colcon.colcon_core.package_discovery:discover_packages(recursive) check parameters
[1.001s] Level 1:colcon.colcon_core.package_discovery:discover_packages(ignore) check parameters
[1.001s] Level 1:colcon.colcon_core.package_discovery:discover_packages(path) check parameters
[1.001s] Level 1:colcon.colcon_core.package_discovery:discover_packages(colcon_meta) discover
[1.002s] Level 1:colcon.colcon_core.package_discovery:discover_packages(recursive) discover
[1.002s] INFO:colcon.colcon_core.package_discovery:Crawling recursively for packages in '/home/razanhmede/session7_navigation_robot/session7_assignment_razan'
[1.002s] Level 1:colcon.colcon_core.package_identification:_identify(.) by extensions ['ignore', 'ignore_ament_install']
[1.002s] Level 1:colcon.colcon_core.package_identification:_identify(.) by extension 'ignore'
[1.003s] Level 1:colcon.colcon_core.package_identification:_identify(.) by extension 'ignore_ament_install'
[1.003s] Level 1:colcon.colcon_core.package_identification:_identify(.) by extensions ['colcon_pkg']
[1.003s] Level 1:colcon.colcon_core.package_identification:_identify(.) by extension 'colcon_pkg'
[1.003s] Level 1:colcon.colcon_core.package_identification:_identify(.) by extensions ['colcon_meta']
[1.003s] Level 1:colcon.colcon_core.package_identification:_identify(.) by extension 'colcon_meta'
[1.003s] Level 1:colcon.colcon_core.package_identification:_identify(.) by extensions ['ros']
[1.004s] Level 1:colcon.colcon_core.package_identification:_identify(.) by extension 'ros'
[1.023s] Level 1:colcon.colcon_core.package_identification:_identify(.) by extensions ['cmake', 'python']
[1.024s] Level 1:colcon.colcon_core.package_identification:_identify(.) by extension 'cmake'
[1.024s] Level 1:colcon.colcon_core.package_identification:_identify(.) by extension 'python'
[1.024s] Level 1:colcon.colcon_core.package_identification:_identify(.) by extensions ['python_setup_py']
[1.024s] Level 1:colcon.colcon_core.package_identification:_identify(.) by extension 'python_setup_py'
[1.025s] Level 1:colcon.colcon_core.package_identification:_identify(build) by extensions ['ignore', 'ignore_ament_install']
[1.025s] Level 1:colcon.colcon_core.package_identification:_identify(build) by extension 'ignore'
[1.025s] Level 1:colcon.colcon_core.package_identification:_identify(build) ignored
[1.025s] Level 1:colcon.colcon_core.package_identification:_identify(install) by extensions ['ignore', 'ignore_ament_install']
[1.026s] Level 1:colcon.colcon_core.package_identification:_identify(install) by extension 'ignore'
[1.026s] Level 1:colcon.colcon_core.package_identification:_identify(install) ignored
[1.026s] Level 1:colcon.colcon_core.package_identification:_identify(log) by extensions ['ignore', 'ignore_ament_install']
[1.026s] Level 1:colcon.colcon_core.package_identification:_identify(log) by extension 'ignore'
[1.026s] Level 1:colcon.colcon_core.package_identification:_identify(log) ignored
[1.027s] Level 1:colcon.colcon_core.package_identification:_identify(src) by extensions ['ignore', 'ignore_ament_install']
[1.027s] Level 1:colcon.colcon_core.package_identification:_identify(src) by extension 'ignore'
[1.027s] Level 1:colcon.colcon_core.package_identification:_identify(src) by extension 'ignore_ament_install'
[1.027s] Level 1:colcon.colcon_core.package_identification:_identify(src) by extensions ['colcon_pkg']
[1.027s] Level 1:colcon.colcon_core.package_identification:_identify(src) by extension 'colcon_pkg'
[1.028s] Level 1:colcon.colcon_core.package_identification:_identify(src) by extensions ['colcon_meta']
[1.028s] Level 1:colcon.colcon_core.package_identification:_identify(src) by extension 'colcon_meta'
[1.028s] Level 1:colcon.colcon_core.package_identification:_identify(src) by extensions ['ros']
[1.028s] Level 1:colcon.colcon_core.package_identification:_identify(src) by extension 'ros'
[1.028s] Level 1:colcon.colcon_core.package_identification:_identify(src) by extensions ['cmake', 'python']
[1.029s] Level 1:colcon.colcon_core.package_identification:_identify(src) by extension 'cmake'
[1.029s] Level 1:colcon.colcon_core.package_identification:_identify(src) by extension 'python'
[1.029s] Level 1:colcon.colcon_core.package_identification:_identify(src) by extensions ['python_setup_py']
[1.029s] Level 1:colcon.colcon_core.package_identification:_identify(src) by extension 'python_setup_py'
[1.030s] Level 1:colcon.colcon_core.package_identification:_identify(src/navigation_robot_custom_interfaces) by extensions ['ignore', 'ignore_ament_install']
[1.030s] Level 1:colcon.colcon_core.package_identification:_identify(src/navigation_robot_custom_interfaces) by extension 'ignore'
[1.030s] Level 1:colcon.colcon_core.package_identification:_identify(src/navigation_robot_custom_interfaces) by extension 'ignore_ament_install'
[1.030s] Level 1:colcon.colcon_core.package_identification:_identify(src/navigation_robot_custom_interfaces) by extensions ['colcon_pkg']
[1.030s] Level 1:colcon.colcon_core.package_identification:_identify(src/navigation_robot_custom_interfaces) by extension 'colcon_pkg'
[1.031s] Level 1:colcon.colcon_core.package_identification:_identify(src/navigation_robot_custom_interfaces) by extensions ['colcon_meta']
[1.031s] Level 1:colcon.colcon_core.package_identification:_identify(src/navigation_robot_custom_interfaces) by extension 'colcon_meta'
[1.031s] Level 1:colcon.colcon_core.package_identification:_identify(src/navigation_robot_custom_interfaces) by extensions ['ros']
[1.031s] Level 1:colcon.colcon_core.package_identification:_identify(src/navigation_robot_custom_interfaces) by extension 'ros'
[1.035s] DEBUG:colcon.colcon_core.package_identification:Package 'src/navigation_robot_custom_interfaces' with type 'ros.ament_cmake' and name 'navigation_robot_custom_interfaces'
[1.035s] Level 1:colcon.colcon_core.package_identification:_identify(src/session7_turtlebot3_robot) by extensions ['ignore', 'ignore_ament_install']
[1.036s] Level 1:colcon.colcon_core.package_identification:_identify(src/session7_turtlebot3_robot) by extension 'ignore'
[1.036s] Level 1:colcon.colcon_core.package_identification:_identify(src/session7_turtlebot3_robot) by extension 'ignore_ament_install'
[1.036s] Level 1:colcon.colcon_core.package_identification:_identify(src/session7_turtlebot3_robot) by extensions ['colcon_pkg']
[1.036s] Level 1:colcon.colcon_core.package_identification:_identify(src/session7_turtlebot3_robot) by extension 'colcon_pkg'
[1.037s] Level 1:colcon.colcon_core.package_identification:_identify(src/session7_turtlebot3_robot) by extensions ['colcon_meta']
[1.037s] Level 1:colcon.colcon_core.package_identification:_identify(src/session7_turtlebot3_robot) by extension 'colcon_meta'
[1.037s] Level 1:colcon.colcon_core.package_identification:_identify(src/session7_turtlebot3_robot) by extensions ['ros']
[1.037s] Level 1:colcon.colcon_core.package_identification:_identify(src/session7_turtlebot3_robot) by extension 'ros'
[1.039s] DEBUG:colcon.colcon_core.package_identification:Package 'src/session7_turtlebot3_robot' with type 'ros.ament_python' and name 'session7_turtlebot3_robot'
[1.039s] Level 1:colcon.colcon_core.package_discovery:discover_packages(recursive) using defaults
[1.039s] Level 1:colcon.colcon_core.package_discovery:discover_packages(ignore) discover
[1.040s] Level 1:colcon.colcon_core.package_discovery:discover_packages(ignore) using defaults
[1.040s] Level 1:colcon.colcon_core.package_discovery:discover_packages(path) discover
[1.040s] Level 1:colcon.colcon_core.package_discovery:discover_packages(path) using defaults
[1.122s] Level 1:colcon.colcon_core.package_discovery:discover_packages(prefix_path) check parameters
[1.122s] Level 1:colcon.colcon_core.package_discovery:discover_packages(prefix_path) discover
[1.124s] DEBUG:colcon.colcon_installed_package_information.package_discovery:Found 2 installed packages in /home/razanhmede/session7_navigation_robot/session7_assignment_razan/install
[1.127s] DEBUG:colcon.colcon_installed_package_information.package_discovery:Found 377 installed packages in /opt/ros/humble
[1.130s] Level 1:colcon.colcon_core.package_discovery:discover_packages(prefix_path) using defaults
[1.345s] Level 5:colcon.colcon_core.verb:set package 'navigation_robot_custom_interfaces' build argument 'cmake_args' from command line to 'None'
[1.345s] Level 5:colcon.colcon_core.verb:set package 'navigation_robot_custom_interfaces' build argument 'cmake_target' from command line to 'None'
[1.345s] Level 5:colcon.colcon_core.verb:set package 'navigation_robot_custom_interfaces' build argument 'cmake_target_skip_unavailable' from command line to 'False'
[1.345s] Level 5:colcon.colcon_core.verb:set package 'navigation_robot_custom_interfaces' build argument 'cmake_clean_cache' from command line to 'False'
[1.345s] Level 5:colcon.colcon_core.verb:set package 'navigation_robot_custom_interfaces' build argument 'cmake_clean_first' from command line to 'False'
[1.346s] Level 5:colcon.colcon_core.verb:set package 'navigation_robot_custom_interfaces' build argument 'cmake_force_configure' from command line to 'False'
[1.346s] Level 5:colcon.colcon_core.verb:set package 'navigation_robot_custom_interfaces' build argument 'ament_cmake_args' from command line to 'None'
[1.346s] Level 5:colcon.colcon_core.verb:set package 'navigation_robot_custom_interfaces' build argument 'catkin_cmake_args' from command line to 'None'
[1.346s] Level 5:colcon.colcon_core.verb:set package 'navigation_robot_custom_interfaces' build argument 'catkin_skip_building_tests' from command line to 'False'
[1.346s] DEBUG:colcon.colcon_core.verb:Building package 'navigation_robot_custom_interfaces' with the following arguments: {'ament_cmake_args': None, 'build_base': '/home/razanhmede/session7_navigation_robot/session7_assignment_razan/build/navigation_robot_custom_interfaces', 'catkin_cmake_args': None, 'catkin_skip_building_tests': False, 'cmake_args': None, 'cmake_clean_cache': False, 'cmake_clean_first': False, 'cmake_force_configure': False, 'cmake_target': None, 'cmake_target_skip_unavailable': False, 'install_base': '/home/razanhmede/session7_navigation_robot/session7_assignment_razan/install/navigation_robot_custom_interfaces', 'merge_install': False, 'path': '/home/razanhmede/session7_navigation_robot/session7_assignment_razan/src/navigation_robot_custom_interfaces', 'symlink_install': False, 'test_result_base': None}
[1.347s] Level 5:colcon.colcon_core.verb:set package 'session7_turtlebot3_robot' build argument 'cmake_args' from command line to 'None'
[1.347s] Level 5:colcon.colcon_core.verb:set package 'session7_turtlebot3_robot' build argument 'cmake_target' from command line to 'None'
[1.347s] Level 5:colcon.colcon_core.verb:set package 'session7_turtlebot3_robot' build argument 'cmake_target_skip_unavailable' from command line to 'False'
[1.347s] Level 5:colcon.colcon_core.verb:set package 'session7_turtlebot3_robot' build argument 'cmake_clean_cache' from command line to 'False'
[1.348s] Level 5:colcon.colcon_core.verb:set package 'session7_turtlebot3_robot' build argument 'cmake_clean_first' from command line to 'False'
[1.348s] Level 5:colcon.colcon_core.verb:set package 'session7_turtlebot3_robot' build argument 'cmake_force_configure' from command line to 'False'
[1.348s] Level 5:colcon.colcon_core.verb:set package 'session7_turtlebot3_robot' build argument 'ament_cmake_args' from command line to 'None'
[1.348s] Level 5:colcon.colcon_core.verb:set package 'session7_turtlebot3_robot' build argument 'catkin_cmake_args' from command line to 'None'
[1.348s] Level 5:colcon.colcon_core.verb:set package 'session7_turtlebot3_robot' build argument 'catkin_skip_building_tests' from command line to 'False'
[1.348s] DEBUG:colcon.colcon_core.verb:Building package 'session7_turtlebot3_robot' with the following arguments: {'ament_cmake_args': None, 'build_base': '/home/razanhmede/session7_navigation_robot/session7_assignment_razan/build/session7_turtlebot3_robot', 'catkin_cmake_args': None, 'catkin_skip_building_tests': False, 'cmake_args': None, 'cmake_clean_cache': False, 'cmake_clean_first': False, 'cmake_force_configure': False, 'cmake_target': None, 'cmake_target_skip_unavailable': False, 'install_base': '/home/razanhmede/session7_navigation_robot/session7_assignment_razan/install/session7_turtlebot3_robot', 'merge_install': False, 'path': '/home/razanhmede/session7_navigation_robot/session7_assignment_razan/src/session7_turtlebot3_robot', 'symlink_install': False, 'test_result_base': None}
[1.349s] INFO:colcon.colcon_core.executor:Executing jobs using 'parallel' executor
[1.350s] DEBUG:colcon.colcon_parallel_executor.executor.parallel:run_until_complete
[1.350s] INFO:colcon.colcon_ros.task.ament_cmake.build:Building ROS package in '/home/razanhmede/session7_navigation_robot/session7_assignment_razan/src/navigation_robot_custom_interfaces' with build type 'ament_cmake'
[1.350s] INFO:colcon.colcon_cmake.task.cmake.build:Building CMake package in '/home/razanhmede/session7_navigation_robot/session7_assignment_razan/src/navigation_robot_custom_interfaces'
[1.354s] INFO:colcon.colcon_core.plugin_system:Skipping extension 'colcon_core.shell.bat': Not used on non-Windows systems
[1.354s] INFO:colcon.colcon_core.shell:Skip shell extension 'powershell' for command environment: Not usable outside of PowerShell
[1.354s] DEBUG:colcon.colcon_core.shell:Skip shell extension 'dsv' for command environment
[1.391s] DEBUG:colcon.colcon_core.event_handler.log_command:Invoking command in '/home/razanhmede/session7_navigation_robot/session7_assignment_razan/build/navigation_robot_custom_interfaces': CMAKE_PREFIX_PATH=${CMAKE_PREFIX_PATH}:/home/razanhmede/session7_navigation_robot/session7_assignment_razan/install/session7_turtlebot3_robot:/opt/ros/humble /usr/bin/cmake --build /home/razanhmede/session7_navigation_robot/session7_assignment_razan/build/navigation_robot_custom_interfaces -- -j4 -l4
[3.014s] DEBUG:colcon.colcon_core.event_handler.log_command:Invoked command in '/home/razanhmede/session7_navigation_robot/session7_assignment_razan/build/navigation_robot_custom_interfaces' returned '0': CMAKE_PREFIX_PATH=${CMAKE_PREFIX_PATH}:/home/razanhmede/session7_navigation_robot/session7_assignment_razan/install/session7_turtlebot3_robot:/opt/ros/humble /usr/bin/cmake --build /home/razanhmede/session7_navigation_robot/session7_assignment_razan/build/navigation_robot_custom_interfaces -- -j4 -l4
[3.409s] DEBUG:colcon.colcon_core.event_handler.log_command:Invoking command in '/home/razanhmede/session7_navigation_robot/session7_assignment_razan/build/navigation_robot_custom_interfaces': CMAKE_PREFIX_PATH=${CMAKE_PREFIX_PATH}:/home/razanhmede/session7_navigation_robot/session7_assignment_razan/install/session7_turtlebot3_robot:/opt/ros/humble /usr/bin/cmake --install /home/razanhmede/session7_navigation_robot/session7_assignment_razan/build/navigation_robot_custom_interfaces
[3.551s] Level 1:colcon.colcon_core.environment:create_environment_scripts_only(navigation_robot_custom_interfaces)
[3.551s] DEBUG:colcon.colcon_core.event_handler.log_command:Invoked command in '/home/razanhmede/session7_navigation_robot/session7_assignment_razan/build/navigation_robot_custom_interfaces' returned '0': CMAKE_PREFIX_PATH=${CMAKE_PREFIX_PATH}:/home/razanhmede/session7_navigation_robot/session7_assignment_razan/install/session7_turtlebot3_robot:/opt/ros/humble /usr/bin/cmake --install /home/razanhmede/session7_navigation_robot/session7_assignment_razan/build/navigation_robot_custom_interfaces
[3.556s] Level 1:colcon.colcon_core.environment:checking '/home/razanhmede/session7_navigation_robot/session7_assignment_razan/install/navigation_robot_custom_interfaces' for CMake module files
[3.557s] Level 1:colcon.colcon_core.environment:checking '/home/razanhmede/session7_navigation_robot/session7_assignment_razan/install/navigation_robot_custom_interfaces' for CMake config files
[3.557s] Level 1:colcon.colcon_core.shell:create_environment_hook('navigation_robot_custom_interfaces', 'cmake_prefix_path')
[3.557s] INFO:colcon.colcon_core.shell:Creating environment hook '/home/razanhmede/session7_navigation_robot/session7_assignment_razan/install/navigation_robot_custom_interfaces/share/navigation_robot_custom_interfaces/hook/cmake_prefix_path.ps1'
[3.559s] INFO:colcon.colcon_core.shell:Creating environment descriptor '/home/razanhmede/session7_navigation_robot/session7_assignment_razan/install/navigation_robot_custom_interfaces/share/navigation_robot_custom_interfaces/hook/cmake_prefix_path.dsv'
[3.559s] INFO:colcon.colcon_core.shell:Creating environment hook '/home/razanhmede/session7_navigation_robot/session7_assignment_razan/install/navigation_robot_custom_interfaces/share/navigation_robot_custom_interfaces/hook/cmake_prefix_path.sh'
[3.561s] Level 1:colcon.colcon_core.environment:checking '/home/razanhmede/session7_navigation_robot/session7_assignment_razan/install/navigation_robot_custom_interfaces/lib'
[3.561s] Level 1:colcon.colcon_core.shell:create_environment_hook('navigation_robot_custom_interfaces', 'ld_library_path_lib')
[3.562s] INFO:colcon.colcon_core.shell:Creating environment hook '/home/razanhmede/session7_navigation_robot/session7_assignment_razan/install/navigation_robot_custom_interfaces/share/navigation_robot_custom_interfaces/hook/ld_library_path_lib.ps1'
[3.562s] INFO:colcon.colcon_core.shell:Creating environment descriptor '/home/razanhmede/session7_navigation_robot/session7_assignment_razan/install/navigation_robot_custom_interfaces/share/navigation_robot_custom_interfaces/hook/ld_library_path_lib.dsv'
[3.563s] INFO:colcon.colcon_core.shell:Creating environment hook '/home/razanhmede/session7_navigation_robot/session7_assignment_razan/install/navigation_robot_custom_interfaces/share/navigation_robot_custom_interfaces/hook/ld_library_path_lib.sh'
[3.563s] Level 1:colcon.colcon_core.environment:checking '/home/razanhmede/session7_navigation_robot/session7_assignment_razan/install/navigation_robot_custom_interfaces/bin'
[3.564s] Level 1:colcon.colcon_core.environment:checking '/home/razanhmede/session7_navigation_robot/session7_assignment_razan/install/navigation_robot_custom_interfaces/lib/pkgconfig/navigation_robot_custom_interfaces.pc'
[3.564s] Level 1:colcon.colcon_core.environment:checking '/home/razanhmede/session7_navigation_robot/session7_assignment_razan/install/navigation_robot_custom_interfaces/lib/python3.10/site-packages'
[3.564s] Level 1:colcon.colcon_core.environment:checking '/home/razanhmede/session7_navigation_robot/session7_assignment_razan/install/navigation_robot_custom_interfaces/bin'
[3.564s] INFO:colcon.colcon_core.shell:Creating package script '/home/razanhmede/session7_navigation_robot/session7_assignment_razan/install/navigation_robot_custom_interfaces/share/navigation_robot_custom_interfaces/package.ps1'
[3.566s] INFO:colcon.colcon_core.shell:Creating package descriptor '/home/razanhmede/session7_navigation_robot/session7_assignment_razan/install/navigation_robot_custom_interfaces/share/navigation_robot_custom_interfaces/package.dsv'
[3.566s] INFO:colcon.colcon_core.shell:Creating package script '/home/razanhmede/session7_navigation_robot/session7_assignment_razan/install/navigation_robot_custom_interfaces/share/navigation_robot_custom_interfaces/package.sh'
[3.567s] INFO:colcon.colcon_core.shell:Creating package script '/home/razanhmede/session7_navigation_robot/session7_assignment_razan/install/navigation_robot_custom_interfaces/share/navigation_robot_custom_interfaces/package.bash'
[3.568s] INFO:colcon.colcon_core.shell:Creating package script '/home/razanhmede/session7_navigation_robot/session7_assignment_razan/install/navigation_robot_custom_interfaces/share/navigation_robot_custom_interfaces/package.zsh'
[3.584s] Level 1:colcon.colcon_core.environment:create_file_with_runtime_dependencies(/home/razanhmede/session7_navigation_robot/session7_assignment_razan/install/navigation_robot_custom_interfaces/share/colcon-core/packages/navigation_robot_custom_interfaces)
[4.035s] Level 1:colcon.colcon_core.environment:create_environment_scripts_only(navigation_robot_custom_interfaces)
[4.035s] Level 1:colcon.colcon_core.environment:checking '/home/razanhmede/session7_navigation_robot/session7_assignment_razan/install/navigation_robot_custom_interfaces' for CMake module files
[4.036s] Level 1:colcon.colcon_core.environment:checking '/home/razanhmede/session7_navigation_robot/session7_assignment_razan/install/navigation_robot_custom_interfaces' for CMake config files
[4.037s] Level 1:colcon.colcon_core.shell:create_environment_hook('navigation_robot_custom_interfaces', 'cmake_prefix_path')
[4.037s] INFO:colcon.colcon_core.shell:Creating environment hook '/home/razanhmede/session7_navigation_robot/session7_assignment_razan/install/navigation_robot_custom_interfaces/share/navigation_robot_custom_interfaces/hook/cmake_prefix_path.ps1'
[4.038s] INFO:colcon.colcon_core.shell:Creating environment descriptor '/home/razanhmede/session7_navigation_robot/session7_assignment_razan/install/navigation_robot_custom_interfaces/share/navigation_robot_custom_interfaces/hook/cmake_prefix_path.dsv'
[4.039s] INFO:colcon.colcon_core.shell:Creating environment hook '/home/razanhmede/session7_navigation_robot/session7_assignment_razan/install/navigation_robot_custom_interfaces/share/navigation_robot_custom_interfaces/hook/cmake_prefix_path.sh'
[4.039s] Level 1:colcon.colcon_core.environment:checking '/home/razanhmede/session7_navigation_robot/session7_assignment_razan/install/navigation_robot_custom_interfaces/lib'
[4.040s] Level 1:colcon.colcon_core.shell:create_environment_hook('navigation_robot_custom_interfaces', 'ld_library_path_lib')
[4.040s] INFO:colcon.colcon_core.shell:Creating environment hook '/home/razanhmede/session7_navigation_robot/session7_assignment_razan/install/navigation_robot_custom_interfaces/share/navigation_robot_custom_interfaces/hook/ld_library_path_lib.ps1'
[4.041s] INFO:colcon.colcon_core.shell:Creating environment descriptor '/home/razanhmede/session7_navigation_robot/session7_assignment_razan/install/navigation_robot_custom_interfaces/share/navigation_robot_custom_interfaces/hook/ld_library_path_lib.dsv'
[4.041s] INFO:colcon.colcon_core.shell:Creating environment hook '/home/razanhmede/session7_navigation_robot/session7_assignment_razan/install/navigation_robot_custom_interfaces/share/navigation_robot_custom_interfaces/hook/ld_library_path_lib.sh'
[4.042s] Level 1:colcon.colcon_core.environment:checking '/home/razanhmede/session7_navigation_robot/session7_assignment_razan/install/navigation_robot_custom_interfaces/bin'
[4.042s] Level 1:colcon.colcon_core.environment:checking '/home/razanhmede/session7_navigation_robot/session7_assignment_razan/install/navigation_robot_custom_interfaces/lib/pkgconfig/navigation_robot_custom_interfaces.pc'
[4.043s] Level 1:colcon.colcon_core.environment:checking '/home/razanhmede/session7_navigation_robot/session7_assignment_razan/install/navigation_robot_custom_interfaces/lib/python3.10/site-packages'
[4.043s] Level 1:colcon.colcon_core.environment:checking '/home/razanhmede/session7_navigation_robot/session7_assignment_razan/install/navigation_robot_custom_interfaces/bin'
[4.044s] INFO:colcon.colcon_core.shell:Creating package script '/home/razanhmede/session7_navigation_robot/session7_assignment_razan/install/navigation_robot_custom_interfaces/share/navigation_robot_custom_interfaces/package.ps1'
[4.045s] INFO:colcon.colcon_core.shell:Creating package descriptor '/home/razanhmede/session7_navigation_robot/session7_assignment_razan/install/navigation_robot_custom_interfaces/share/navigation_robot_custom_interfaces/package.dsv'
[4.046s] INFO:colcon.colcon_core.shell:Creating package script '/home/razanhmede/session7_navigation_robot/session7_assignment_razan/install/navigation_robot_custom_interfaces/share/navigation_robot_custom_interfaces/package.sh'
[4.047s] INFO:colcon.colcon_core.shell:Creating package script '/home/razanhmede/session7_navigation_robot/session7_assignment_razan/install/navigation_robot_custom_interfaces/share/navigation_robot_custom_interfaces/package.bash'
[4.048s] INFO:colcon.colcon_core.shell:Creating package script '/home/razanhmede/session7_navigation_robot/session7_assignment_razan/install/navigation_robot_custom_interfaces/share/navigation_robot_custom_interfaces/package.zsh'
[4.054s] Level 1:colcon.colcon_core.environment:create_file_with_runtime_dependencies(/home/razanhmede/session7_navigation_robot/session7_assignment_razan/install/navigation_robot_custom_interfaces/share/colcon-core/packages/navigation_robot_custom_interfaces)
[4.057s] INFO:colcon.colcon_ros.task.ament_python.build:Building ROS package in '/home/razanhmede/session7_navigation_robot/session7_assignment_razan/src/session7_turtlebot3_robot' with build type 'ament_python'
[4.058s] Level 1:colcon.colcon_core.shell:create_environment_hook('session7_turtlebot3_robot', 'ament_prefix_path')
[4.058s] INFO:colcon.colcon_core.shell:Creating environment hook '/home/razanhmede/session7_navigation_robot/session7_assignment_razan/install/session7_turtlebot3_robot/share/session7_turtlebot3_robot/hook/ament_prefix_path.ps1'
[4.059s] INFO:colcon.colcon_core.shell:Creating environment descriptor '/home/razanhmede/session7_navigation_robot/session7_assignment_razan/install/session7_turtlebot3_robot/share/session7_turtlebot3_robot/hook/ament_prefix_path.dsv'
[4.060s] INFO:colcon.colcon_core.shell:Creating environment hook '/home/razanhmede/session7_navigation_robot/session7_assignment_razan/install/session7_turtlebot3_robot/share/session7_turtlebot3_robot/hook/ament_prefix_path.sh'
[4.062s] INFO:colcon.colcon_core.shell:Skip shell extension 'powershell' for command environment: Not usable outside of PowerShell
[4.062s] DEBUG:colcon.colcon_core.shell:Skip shell extension 'dsv' for command environment
[4.631s] INFO:colcon.colcon_core.task.python.build:Building Python package in '/home/razanhmede/session7_navigation_robot/session7_assignment_razan/src/session7_turtlebot3_robot'
[4.632s] INFO:colcon.colcon_core.shell:Skip shell extension 'powershell' for command environment: Not usable outside of PowerShell
[4.632s] DEBUG:colcon.colcon_core.shell:Skip shell extension 'dsv' for command environment
[5.764s] DEBUG:colcon.colcon_core.event_handler.log_command:Invoking command in '/home/razanhmede/session7_navigation_robot/session7_assignment_razan/src/session7_turtlebot3_robot': PYTHONPATH=/home/razanhmede/session7_navigation_robot/session7_assignment_razan/build/session7_turtlebot3_robot/prefix_override:/usr/lib/python3/dist-packages/colcon_core/task/python/colcon_distutils_commands:/home/razanhmede/session7_navigation_robot/session7_assignment_razan/install/session7_turtlebot3_robot/lib/python3.10/site-packages:${PYTHONPATH} /usr/bin/python3 -W ignore:setup.py install is deprecated setup.py egg_info --egg-base ../../build/session7_turtlebot3_robot build --build-base /home/razanhmede/session7_navigation_robot/session7_assignment_razan/build/session7_turtlebot3_robot/build install --record /home/razanhmede/session7_navigation_robot/session7_assignment_razan/build/session7_turtlebot3_robot/install.log --single-version-externally-managed install_data
[6.511s] Level 1:colcon.colcon_core.environment:checking '/home/razanhmede/session7_navigation_robot/session7_assignment_razan/install/session7_turtlebot3_robot' for CMake module files
[6.511s] DEBUG:colcon.colcon_core.event_handler.log_command:Invoked command in '/home/razanhmede/session7_navigation_robot/session7_assignment_razan/src/session7_turtlebot3_robot' returned '0': PYTHONPATH=/home/razanhmede/session7_navigation_robot/session7_assignment_razan/build/session7_turtlebot3_robot/prefix_override:/usr/lib/python3/dist-packages/colcon_core/task/python/colcon_distutils_commands:/home/razanhmede/session7_navigation_robot/session7_assignment_razan/install/session7_turtlebot3_robot/lib/python3.10/site-packages:${PYTHONPATH} /usr/bin/python3 -W ignore:setup.py install is deprecated setup.py egg_info --egg-base ../../build/session7_turtlebot3_robot build --build-base /home/razanhmede/session7_navigation_robot/session7_assignment_razan/build/session7_turtlebot3_robot/build install --record /home/razanhmede/session7_navigation_robot/session7_assignment_razan/build/session7_turtlebot3_robot/install.log --single-version-externally-managed install_data
[6.516s] Level 1:colcon.colcon_core.environment:checking '/home/razanhmede/session7_navigation_robot/session7_assignment_razan/install/session7_turtlebot3_robot' for CMake config files
[6.517s] Level 1:colcon.colcon_core.environment:checking '/home/razanhmede/session7_navigation_robot/session7_assignment_razan/install/session7_turtlebot3_robot/lib'
[6.518s] Level 1:colcon.colcon_core.environment:checking '/home/razanhmede/session7_navigation_robot/session7_assignment_razan/install/session7_turtlebot3_robot/bin'
[6.518s] Level 1:colcon.colcon_core.environment:checking '/home/razanhmede/session7_navigation_robot/session7_assignment_razan/install/session7_turtlebot3_robot/lib/pkgconfig/session7_turtlebot3_robot.pc'
[6.518s] Level 1:colcon.colcon_core.environment:checking '/home/razanhmede/session7_navigation_robot/session7_assignment_razan/install/session7_turtlebot3_robot/lib/python3.10/site-packages'
[6.518s] Level 1:colcon.colcon_core.shell:create_environment_hook('session7_turtlebot3_robot', 'pythonpath')
[6.518s] INFO:colcon.colcon_core.shell:Creating environment hook '/home/razanhmede/session7_navigation_robot/session7_assignment_razan/install/session7_turtlebot3_robot/share/session7_turtlebot3_robot/hook/pythonpath.ps1'
[6.519s] INFO:colcon.colcon_core.shell:Creating environment descriptor '/home/razanhmede/session7_navigation_robot/session7_assignment_razan/install/session7_turtlebot3_robot/share/session7_turtlebot3_robot/hook/pythonpath.dsv'
[6.520s] INFO:colcon.colcon_core.shell:Creating environment hook '/home/razanhmede/session7_navigation_robot/session7_assignment_razan/install/session7_turtlebot3_robot/share/session7_turtlebot3_robot/hook/pythonpath.sh'
[6.521s] Level 1:colcon.colcon_core.environment:checking '/home/razanhmede/session7_navigation_robot/session7_assignment_razan/install/session7_turtlebot3_robot/bin'
[6.521s] Level 1:colcon.colcon_core.environment:create_environment_scripts_only(session7_turtlebot3_robot)
[6.521s] INFO:colcon.colcon_core.shell:Creating package script '/home/razanhmede/session7_navigation_robot/session7_assignment_razan/install/session7_turtlebot3_robot/share/session7_turtlebot3_robot/package.ps1'
[6.522s] INFO:colcon.colcon_core.shell:Creating package descriptor '/home/razanhmede/session7_navigation_robot/session7_assignment_razan/install/session7_turtlebot3_robot/share/session7_turtlebot3_robot/package.dsv'
[6.523s] INFO:colcon.colcon_core.shell:Creating package script '/home/razanhmede/session7_navigation_robot/session7_assignment_razan/install/session7_turtlebot3_robot/share/session7_turtlebot3_robot/package.sh'
[6.523s] INFO:colcon.colcon_core.shell:Creating package script '/home/razanhmede/session7_navigation_robot/session7_assignment_razan/install/session7_turtlebot3_robot/share/session7_turtlebot3_robot/package.bash'
[6.524s] INFO:colcon.colcon_core.shell:Creating package script '/home/razanhmede/session7_navigation_robot/session7_assignment_razan/install/session7_turtlebot3_robot/share/session7_turtlebot3_robot/package.zsh'
[6.525s] Level 1:colcon.colcon_core.environment:create_file_with_runtime_dependencies(/home/razanhmede/session7_navigation_robot/session7_assignment_razan/install/session7_turtlebot3_robot/share/colcon-core/packages/session7_turtlebot3_robot)
[6.525s] DEBUG:colcon.colcon_parallel_executor.executor.parallel:closing loop
[6.526s] DEBUG:colcon.colcon_parallel_executor.executor.parallel:loop closed
[6.527s] DEBUG:colcon.colcon_parallel_executor.executor.parallel:run_until_complete finished with '0'
[6.527s] DEBUG:colcon.colcon_core.event_reactor:joining thread
[6.566s] INFO:colcon.colcon_core.plugin_system:Skipping extension 'colcon_notification.desktop_notification.terminal_notifier': Not used on non-Darwin systems
[6.566s] INFO:colcon.colcon_core.plugin_system:Skipping extension 'colcon_notification.desktop_notification.win32': Not used on non-Windows systems
[6.566s] INFO:colcon.colcon_notification.desktop_notification:Sending desktop notification using 'notify2'
[6.587s] DEBUG:colcon.colcon_core.event_reactor:joined thread
[6.588s] INFO:colcon.colcon_core.shell:Creating prefix script '/home/razanhmede/session7_navigation_robot/session7_assignment_razan/install/local_setup.ps1'
[6.589s] INFO:colcon.colcon_core.shell:Creating prefix util module '/home/razanhmede/session7_navigation_robot/session7_assignment_razan/install/_local_setup_util_ps1.py'
[6.591s] INFO:colcon.colcon_core.shell:Creating prefix chain script '/home/razanhmede/session7_navigation_robot/session7_assignment_razan/install/setup.ps1'
[6.593s] INFO:colcon.colcon_core.shell:Creating prefix script '/home/razanhmede/session7_navigation_robot/session7_assignment_razan/install/local_setup.sh'
[6.593s] INFO:colcon.colcon_core.shell:Creating prefix util module '/home/razanhmede/session7_navigation_robot/session7_assignment_razan/install/_local_setup_util_sh.py'
[6.594s] INFO:colcon.colcon_core.shell:Creating prefix chain script '/home/razanhmede/session7_navigation_robot/session7_assignment_razan/install/setup.sh'
[6.596s] INFO:colcon.colcon_core.shell:Creating prefix script '/home/razanhmede/session7_navigation_robot/session7_assignment_razan/install/local_setup.bash'
[6.597s] INFO:colcon.colcon_core.shell:Creating prefix chain script '/home/razanhmede/session7_navigation_robot/session7_assignment_razan/install/setup.bash'
[6.599s] INFO:colcon.colcon_core.shell:Creating prefix script '/home/razanhmede/session7_navigation_robot/session7_assignment_razan/install/local_setup.zsh'
[6.606s] INFO:colcon.colcon_core.shell:Creating prefix chain script '/home/razanhmede/session7_navigation_robot/session7_assignment_razan/install/setup.zsh'
