[0.019s] Invoking command in '/home/razanhmede/session7_navigation_robot/session7_assignment_razan/build/navigation_robot_custom_interfaces': CMAKE_PREFIX_PATH=${CMAKE_PREFIX_PATH}:/home/razanhmede/session7_navigation_robot/session7_assignment_razan/install/session7_turtlebot3_robot:/opt/ros/humble /usr/bin/cmake --build /home/razanhmede/session7_navigation_robot/session7_assignment_razan/build/navigation_robot_custom_interfaces -- -j4 -l4
[0.183s] [  2%] Built target navigation_robot_custom_interfaces__cpp
[0.267s] [  2%] Built target ament_cmake_python_copy_navigation_robot_custom_interfaces
[0.341s] [ 12%] Built target navigation_robot_custom_interfaces__rosidl_typesupport_fastrtps_cpp
[0.433s] [ 23%] Built target navigation_robot_custom_interfaces__rosidl_typesupport_introspection_cpp
[1.623s] running egg_info
[1.625s] writing navigation_robot_custom_interfaces.egg-info/PKG-INFO
[1.627s] writing dependency_links to navigation_robot_custom_interfaces.egg-info/dependency_links.txt
[1.628s] writing top-level names to navigation_robot_custom_interfaces.egg-info/top_level.txt
[1.647s] reading manifest file 'navigation_robot_custom_interfaces.egg-info/SOURCES.txt'
[1.648s] writing manifest file 'navigation_robot_custom_interfaces.egg-info/SOURCES.txt'
[1.754s] [ 23%] Built target ament_cmake_python_build_navigation_robot_custom_interfaces_egg
[1.849s] [ 33%] Built target navigation_robot_custom_interfaces__rosidl_typesupport_cpp
[1.995s] [ 43%] Built target navigation_robot_custom_interfaces__rosidl_generator_c
[2.107s] [ 53%] Built target navigation_robot_custom_interfaces__rosidl_typesupport_fastrtps_c
[2.175s] [ 64%] Built target navigation_robot_custom_interfaces__rosidl_typesupport_c
[2.283s] [ 74%] Built target navigation_robot_custom_interfaces__rosidl_typesupport_introspection_c
[2.361s] [ 74%] Built target navigation_robot_custom_interfaces
[2.450s] [ 76%] Built target navigation_robot_custom_interfaces__py
[2.540s] [ 84%] Built target navigation_robot_custom_interfaces__rosidl_generator_py
[2.631s] [ 89%] Built target navigation_robot_custom_interfaces__rosidl_typesupport_fastrtps_c__pyext
[2.733s] [ 94%] Built target navigation_robot_custom_interfaces__rosidl_typesupport_c__pyext
[2.817s] [100%] Built target navigation_robot_custom_interfaces__rosidl_typesupport_introspection_c__pyext
[2.873s] Invoked command in '/home/razanhmede/session7_navigation_robot/session7_assignment_razan/build/navigation_robot_custom_interfaces' returned '0': CMAKE_PREFIX_PATH=${CMAKE_PREFIX_PATH}:/home/razanhmede/session7_navigation_robot/session7_assignment_razan/install/session7_turtlebot3_robot:/opt/ros/humble /usr/bin/cmake --build /home/razanhmede/session7_navigation_robot/session7_assignment_razan/build/navigation_robot_custom_interfaces -- -j4 -l4
[3.421s] Invoking command in '/home/razanhmede/session7_navigation_robot/session7_assignment_razan/build/navigation_robot_custom_interfaces': CMAKE_PREFIX_PATH=${CMAKE_PREFIX_PATH}:/home/razanhmede/session7_navigation_robot/session7_assignment_razan/install/session7_turtlebot3_robot:/opt/ros/humble /usr/bin/cmake --install /home/razanhmede/session7_navigation_robot/session7_assignment_razan/build/navigation_robot_custom_interfaces
[3.457s] -- Install configuration: ""
[3.457s] -- Up-to-date: /home/razanhmede/session7_navigation_robot/session7_assignment_razan/install/navigation_robot_custom_interfaces/share/ament_index/resource_index/rosidl_interfaces/navigation_robot_custom_interfaces
[3.457s] -- Up-to-date: /home/razanhmede/session7_navigation_robot/session7_assignment_razan/install/navigation_robot_custom_interfaces/include/navigation_robot_custom_interfaces/navigation_robot_custom_interfaces
[3.458s] -- Up-to-date: /home/razanhmede/session7_navigation_robot/session7_assignment_razan/install/navigation_robot_custom_interfaces/include/navigation_robot_custom_interfaces/navigation_robot_custom_interfaces/action
[3.458s] -- Up-to-date: /home/razanhmede/session7_navigation_robot/session7_assignment_razan/install/navigation_robot_custom_interfaces/include/navigation_robot_custom_interfaces/navigation_robot_custom_interfaces/action/detail
[3.458s] -- Up-to-date: /home/razanhmede/session7_navigation_robot/session7_assignment_razan/install/navigation_robot_custom_interfaces/include/navigation_robot_custom_interfaces/navigation_robot_custom_interfaces/action/detail/measure_lap_time__struct.h
[3.458s] -- Up-to-date: /home/razanhmede/session7_navigation_robot/session7_assignment_razan/install/navigation_robot_custom_interfaces/include/navigation_robot_custom_interfaces/navigation_robot_custom_interfaces/action/detail/measure_lap_time__functions.h
[3.459s] -- Up-to-date: /home/razanhmede/session7_navigation_robot/session7_assignment_razan/install/navigation_robot_custom_interfaces/include/navigation_robot_custom_interfaces/navigation_robot_custom_interfaces/action/detail/measure_lap_time__functions.c
[3.459s] -- Up-to-date: /home/razanhmede/session7_navigation_robot/session7_assignment_razan/install/navigation_robot_custom_interfaces/include/navigation_robot_custom_interfaces/navigation_robot_custom_interfaces/action/detail/measure_lap_time__type_support.h
[3.459s] -- Up-to-date: /home/razanhmede/session7_navigation_robot/session7_assignment_razan/install/navigation_robot_custom_interfaces/include/navigation_robot_custom_interfaces/navigation_robot_custom_interfaces/action/measure_lap_time.h
[3.459s] -- Up-to-date: /home/razanhmede/session7_navigation_robot/session7_assignment_razan/install/navigation_robot_custom_interfaces/include/navigation_robot_custom_interfaces/navigation_robot_custom_interfaces/srv
[3.459s] -- Up-to-date: /home/razanhmede/session7_navigation_robot/session7_assignment_razan/install/navigation_robot_custom_interfaces/include/navigation_robot_custom_interfaces/navigation_robot_custom_interfaces/srv/detail
[3.460s] -- Up-to-date: /home/razanhmede/session7_navigation_robot/session7_assignment_razan/install/navigation_robot_custom_interfaces/include/navigation_robot_custom_interfaces/navigation_robot_custom_interfaces/srv/detail/find_closest_wall__type_support.h
[3.460s] -- Up-to-date: /home/razanhmede/session7_navigation_robot/session7_assignment_razan/install/navigation_robot_custom_interfaces/include/navigation_robot_custom_interfaces/navigation_robot_custom_interfaces/srv/detail/find_closest_wall__functions.h
[3.460s] -- Up-to-date: /home/razanhmede/session7_navigation_robot/session7_assignment_razan/install/navigation_robot_custom_interfaces/include/navigation_robot_custom_interfaces/navigation_robot_custom_interfaces/srv/detail/find_closest_wall__struct.h
[3.460s] -- Up-to-date: /home/razanhmede/session7_navigation_robot/session7_assignment_razan/install/navigation_robot_custom_interfaces/include/navigation_robot_custom_interfaces/navigation_robot_custom_interfaces/srv/detail/find_closest_wall__functions.c
[3.461s] -- Up-to-date: /home/razanhmede/session7_navigation_robot/session7_assignment_razan/install/navigation_robot_custom_interfaces/include/navigation_robot_custom_interfaces/navigation_robot_custom_interfaces/srv/find_closest_wall.h
[3.461s] -- Up-to-date: /home/razanhmede/session7_navigation_robot/session7_assignment_razan/install/navigation_robot_custom_interfaces/include/navigation_robot_custom_interfaces/navigation_robot_custom_interfaces/msg
[3.462s] -- Up-to-date: /home/razanhmede/session7_navigation_robot/session7_assignment_razan/install/navigation_robot_custom_interfaces/include/navigation_robot_custom_interfaces/navigation_robot_custom_interfaces/msg/rosidl_generator_c__visibility_control.h
[3.463s] -- Up-to-date: /home/razanhmede/session7_navigation_robot/session7_assignment_razan/install/navigation_robot_custom_interfaces/share/navigation_robot_custom_interfaces/environment/library_path.sh
[3.463s] -- Up-to-date: /home/razanhmede/session7_navigation_robot/session7_assignment_razan/install/navigation_robot_custom_interfaces/share/navigation_robot_custom_interfaces/environment/library_path.dsv
[3.464s] -- Up-to-date: /home/razanhmede/session7_navigation_robot/session7_assignment_razan/install/navigation_robot_custom_interfaces/lib/libnavigation_robot_custom_interfaces__rosidl_generator_c.so
[3.466s] -- Up-to-date: /home/razanhmede/session7_navigation_robot/session7_assignment_razan/install/navigation_robot_custom_interfaces/include/navigation_robot_custom_interfaces/navigation_robot_custom_interfaces
[3.466s] -- Up-to-date: /home/razanhmede/session7_navigation_robot/session7_assignment_razan/install/navigation_robot_custom_interfaces/include/navigation_robot_custom_interfaces/navigation_robot_custom_interfaces/action
[3.466s] -- Up-to-date: /home/razanhmede/session7_navigation_robot/session7_assignment_razan/install/navigation_robot_custom_interfaces/include/navigation_robot_custom_interfaces/navigation_robot_custom_interfaces/action/detail
[3.466s] -- Up-to-date: /home/razanhmede/session7_navigation_robot/session7_assignment_razan/install/navigation_robot_custom_interfaces/include/navigation_robot_custom_interfaces/navigation_robot_custom_interfaces/action/detail/measure_lap_time__rosidl_typesupport_fastrtps_c.h
[3.467s] -- Up-to-date: /home/razanhmede/session7_navigation_robot/session7_assignment_razan/install/navigation_robot_custom_interfaces/include/navigation_robot_custom_interfaces/navigation_robot_custom_interfaces/srv
[3.467s] -- Up-to-date: /home/razanhmede/session7_navigation_robot/session7_assignment_razan/install/navigation_robot_custom_interfaces/include/navigation_robot_custom_interfaces/navigation_robot_custom_interfaces/srv/detail
[3.467s] -- Up-to-date: /home/razanhmede/session7_navigation_robot/session7_assignment_razan/install/navigation_robot_custom_interfaces/include/navigation_robot_custom_interfaces/navigation_robot_custom_interfaces/srv/detail/find_closest_wall__rosidl_typesupport_fastrtps_c.h
[3.468s] -- Up-to-date: /home/razanhmede/session7_navigation_robot/session7_assignment_razan/install/navigation_robot_custom_interfaces/include/navigation_robot_custom_interfaces/navigation_robot_custom_interfaces/msg
[3.468s] -- Up-to-date: /home/razanhmede/session7_navigation_robot/session7_assignment_razan/install/navigation_robot_custom_interfaces/include/navigation_robot_custom_interfaces/navigation_robot_custom_interfaces/msg/rosidl_typesupport_fastrtps_c__visibility_control.h
[3.469s] -- Up-to-date: /home/razanhmede/session7_navigation_robot/session7_assignment_razan/install/navigation_robot_custom_interfaces/lib/libnavigation_robot_custom_interfaces__rosidl_typesupport_fastrtps_c.so
[3.471s] -- Up-to-date: /home/razanhmede/session7_navigation_robot/session7_assignment_razan/install/navigation_robot_custom_interfaces/include/navigation_robot_custom_interfaces/navigation_robot_custom_interfaces
[3.472s] -- Up-to-date: /home/razanhmede/session7_navigation_robot/session7_assignment_razan/install/navigation_robot_custom_interfaces/include/navigation_robot_custom_interfaces/navigation_robot_custom_interfaces/action
[3.472s] -- Up-to-date: /home/razanhmede/session7_navigation_robot/session7_assignment_razan/install/navigation_robot_custom_interfaces/include/navigation_robot_custom_interfaces/navigation_robot_custom_interfaces/action/detail
[3.472s] -- Up-to-date: /home/razanhmede/session7_navigation_robot/session7_assignment_razan/install/navigation_robot_custom_interfaces/include/navigation_robot_custom_interfaces/navigation_robot_custom_interfaces/action/detail/measure_lap_time__traits.hpp
[3.477s] -- Up-to-date: /home/razanhmede/session7_navigation_robot/session7_assignment_razan/install/navigation_robot_custom_interfaces/include/navigation_robot_custom_interfaces/navigation_robot_custom_interfaces/action/detail/measure_lap_time__builder.hpp
[3.477s] -- Up-to-date: /home/razanhmede/session7_navigation_robot/session7_assignment_razan/install/navigation_robot_custom_interfaces/include/navigation_robot_custom_interfaces/navigation_robot_custom_interfaces/action/detail/measure_lap_time__struct.hpp
[3.477s] -- Up-to-date: /home/razanhmede/session7_navigation_robot/session7_assignment_razan/install/navigation_robot_custom_interfaces/include/navigation_robot_custom_interfaces/navigation_robot_custom_interfaces/action/measure_lap_time.hpp
[3.477s] -- Up-to-date: /home/razanhmede/session7_navigation_robot/session7_assignment_razan/install/navigation_robot_custom_interfaces/include/navigation_robot_custom_interfaces/navigation_robot_custom_interfaces/srv
[3.478s] -- Up-to-date: /home/razanhmede/session7_navigation_robot/session7_assignment_razan/install/navigation_robot_custom_interfaces/include/navigation_robot_custom_interfaces/navigation_robot_custom_interfaces/srv/detail
[3.485s] -- Up-to-date: /home/razanhmede/session7_navigation_robot/session7_assignment_razan/install/navigation_robot_custom_interfaces/include/navigation_robot_custom_interfaces/navigation_robot_custom_interfaces/srv/detail/find_closest_wall__builder.hpp
[3.485s] -- Up-to-date: /home/razanhmede/session7_navigation_robot/session7_assignment_razan/install/navigation_robot_custom_interfaces/include/navigation_robot_custom_interfaces/navigation_robot_custom_interfaces/srv/detail/find_closest_wall__struct.hpp
[3.486s] -- Up-to-date: /home/razanhmede/session7_navigation_robot/session7_assignment_razan/install/navigation_robot_custom_interfaces/include/navigation_robot_custom_interfaces/navigation_robot_custom_interfaces/srv/detail/find_closest_wall__traits.hpp
[3.486s] -- Up-to-date: /home/razanhmede/session7_navigation_robot/session7_assignment_razan/install/navigation_robot_custom_interfaces/include/navigation_robot_custom_interfaces/navigation_robot_custom_interfaces/srv/find_closest_wall.hpp
[3.487s] -- Up-to-date: /home/razanhmede/session7_navigation_robot/session7_assignment_razan/install/navigation_robot_custom_interfaces/include/navigation_robot_custom_interfaces/navigation_robot_custom_interfaces
[3.487s] -- Up-to-date: /home/razanhmede/session7_navigation_robot/session7_assignment_razan/install/navigation_robot_custom_interfaces/include/navigation_robot_custom_interfaces/navigation_robot_custom_interfaces/action
[3.487s] -- Up-to-date: /home/razanhmede/session7_navigation_robot/session7_assignment_razan/install/navigation_robot_custom_interfaces/include/navigation_robot_custom_interfaces/navigation_robot_custom_interfaces/action/detail
[3.487s] -- Up-to-date: /home/razanhmede/session7_navigation_robot/session7_assignment_razan/install/navigation_robot_custom_interfaces/include/navigation_robot_custom_interfaces/navigation_robot_custom_interfaces/action/detail/measure_lap_time__rosidl_typesupport_fastrtps_cpp.hpp
[3.488s] -- Up-to-date: /home/razanhmede/session7_navigation_robot/session7_assignment_razan/install/navigation_robot_custom_interfaces/include/navigation_robot_custom_interfaces/navigation_robot_custom_interfaces/action/detail/dds_fastrtps
[3.488s] -- Up-to-date: /home/razanhmede/session7_navigation_robot/session7_assignment_razan/install/navigation_robot_custom_interfaces/include/navigation_robot_custom_interfaces/navigation_robot_custom_interfaces/srv
[3.488s] -- Up-to-date: /home/razanhmede/session7_navigation_robot/session7_assignment_razan/install/navigation_robot_custom_interfaces/include/navigation_robot_custom_interfaces/navigation_robot_custom_interfaces/srv/detail
[3.489s] -- Up-to-date: /home/razanhmede/session7_navigation_robot/session7_assignment_razan/install/navigation_robot_custom_interfaces/include/navigation_robot_custom_interfaces/navigation_robot_custom_interfaces/srv/detail/dds_fastrtps
[3.489s] -- Up-to-date: /home/razanhmede/session7_navigation_robot/session7_assignment_razan/install/navigation_robot_custom_interfaces/include/navigation_robot_custom_interfaces/navigation_robot_custom_interfaces/srv/detail/find_closest_wall__rosidl_typesupport_fastrtps_cpp.hpp
[3.489s] -- Up-to-date: /home/razanhmede/session7_navigation_robot/session7_assignment_razan/install/navigation_robot_custom_interfaces/include/navigation_robot_custom_interfaces/navigation_robot_custom_interfaces/msg
[3.489s] -- Up-to-date: /home/razanhmede/session7_navigation_robot/session7_assignment_razan/install/navigation_robot_custom_interfaces/include/navigation_robot_custom_interfaces/navigation_robot_custom_interfaces/msg/rosidl_typesupport_fastrtps_cpp__visibility_control.h
[3.490s] -- Up-to-date: /home/razanhmede/session7_navigation_robot/session7_assignment_razan/install/navigation_robot_custom_interfaces/lib/libnavigation_robot_custom_interfaces__rosidl_typesupport_fastrtps_cpp.so
[3.491s] -- Up-to-date: /home/razanhmede/session7_navigation_robot/session7_assignment_razan/install/navigation_robot_custom_interfaces/include/navigation_robot_custom_interfaces/navigation_robot_custom_interfaces
[3.491s] -- Up-to-date: /home/razanhmede/session7_navigation_robot/session7_assignment_razan/install/navigation_robot_custom_interfaces/include/navigation_robot_custom_interfaces/navigation_robot_custom_interfaces/action
[3.492s] -- Up-to-date: /home/razanhmede/session7_navigation_robot/session7_assignment_razan/install/navigation_robot_custom_interfaces/include/navigation_robot_custom_interfaces/navigation_robot_custom_interfaces/action/detail
[3.492s] -- Up-to-date: /home/razanhmede/session7_navigation_robot/session7_assignment_razan/install/navigation_robot_custom_interfaces/include/navigation_robot_custom_interfaces/navigation_robot_custom_interfaces/action/detail/measure_lap_time__rosidl_typesupport_introspection_c.h
[3.492s] -- Up-to-date: /home/razanhmede/session7_navigation_robot/session7_assignment_razan/install/navigation_robot_custom_interfaces/include/navigation_robot_custom_interfaces/navigation_robot_custom_interfaces/action/detail/measure_lap_time__type_support.c
[3.492s] -- Up-to-date: /home/razanhmede/session7_navigation_robot/session7_assignment_razan/install/navigation_robot_custom_interfaces/include/navigation_robot_custom_interfaces/navigation_robot_custom_interfaces/srv
[3.492s] -- Up-to-date: /home/razanhmede/session7_navigation_robot/session7_assignment_razan/install/navigation_robot_custom_interfaces/include/navigation_robot_custom_interfaces/navigation_robot_custom_interfaces/srv/detail
[3.493s] -- Up-to-date: /home/razanhmede/session7_navigation_robot/session7_assignment_razan/install/navigation_robot_custom_interfaces/include/navigation_robot_custom_interfaces/navigation_robot_custom_interfaces/srv/detail/find_closest_wall__rosidl_typesupport_introspection_c.h
[3.493s] -- Up-to-date: /home/razanhmede/session7_navigation_robot/session7_assignment_razan/install/navigation_robot_custom_interfaces/include/navigation_robot_custom_interfaces/navigation_robot_custom_interfaces/srv/detail/find_closest_wall__type_support.c
[3.493s] -- Up-to-date: /home/razanhmede/session7_navigation_robot/session7_assignment_razan/install/navigation_robot_custom_interfaces/include/navigation_robot_custom_interfaces/navigation_robot_custom_interfaces/msg
[3.494s] -- Up-to-date: /home/razanhmede/session7_navigation_robot/session7_assignment_razan/install/navigation_robot_custom_interfaces/include/navigation_robot_custom_interfaces/navigation_robot_custom_interfaces/msg/rosidl_typesupport_introspection_c__visibility_control.h
[3.494s] -- Up-to-date: /home/razanhmede/session7_navigation_robot/session7_assignment_razan/install/navigation_robot_custom_interfaces/lib/libnavigation_robot_custom_interfaces__rosidl_typesupport_introspection_c.so
[3.494s] -- Up-to-date: /home/razanhmede/session7_navigation_robot/session7_assignment_razan/install/navigation_robot_custom_interfaces/lib/libnavigation_robot_custom_interfaces__rosidl_typesupport_c.so
[3.494s] -- Up-to-date: /home/razanhmede/session7_navigation_robot/session7_assignment_razan/install/navigation_robot_custom_interfaces/include/navigation_robot_custom_interfaces/navigation_robot_custom_interfaces
[3.495s] -- Up-to-date: /home/razanhmede/session7_navigation_robot/session7_assignment_razan/install/navigation_robot_custom_interfaces/include/navigation_robot_custom_interfaces/navigation_robot_custom_interfaces/action
[3.495s] -- Up-to-date: /home/razanhmede/session7_navigation_robot/session7_assignment_razan/install/navigation_robot_custom_interfaces/include/navigation_robot_custom_interfaces/navigation_robot_custom_interfaces/action/detail
[3.495s] -- Up-to-date: /home/razanhmede/session7_navigation_robot/session7_assignment_razan/install/navigation_robot_custom_interfaces/include/navigation_robot_custom_interfaces/navigation_robot_custom_interfaces/action/detail/measure_lap_time__type_support.cpp
[3.496s] -- Up-to-date: /home/razanhmede/session7_navigation_robot/session7_assignment_razan/install/navigation_robot_custom_interfaces/include/navigation_robot_custom_interfaces/navigation_robot_custom_interfaces/action/detail/measure_lap_time__rosidl_typesupport_introspection_cpp.hpp
[3.496s] -- Up-to-date: /home/razanhmede/session7_navigation_robot/session7_assignment_razan/install/navigation_robot_custom_interfaces/include/navigation_robot_custom_interfaces/navigation_robot_custom_interfaces/srv
[3.496s] -- Up-to-date: /home/razanhmede/session7_navigation_robot/session7_assignment_razan/install/navigation_robot_custom_interfaces/include/navigation_robot_custom_interfaces/navigation_robot_custom_interfaces/srv/detail
[3.497s] -- Up-to-date: /home/razanhmede/session7_navigation_robot/session7_assignment_razan/install/navigation_robot_custom_interfaces/include/navigation_robot_custom_interfaces/navigation_robot_custom_interfaces/srv/detail/find_closest_wall__type_support.cpp
[3.497s] -- Up-to-date: /home/razanhmede/session7_navigation_robot/session7_assignment_razan/install/navigation_robot_custom_interfaces/include/navigation_robot_custom_interfaces/navigation_robot_custom_interfaces/srv/detail/find_closest_wall__rosidl_typesupport_introspection_cpp.hpp
[3.497s] -- Up-to-date: /home/razanhmede/session7_navigation_robot/session7_assignment_razan/install/navigation_robot_custom_interfaces/lib/libnavigation_robot_custom_interfaces__rosidl_typesupport_introspection_cpp.so
[3.497s] -- Up-to-date: /home/razanhmede/session7_navigation_robot/session7_assignment_razan/install/navigation_robot_custom_interfaces/lib/libnavigation_robot_custom_interfaces__rosidl_typesupport_cpp.so
[3.498s] -- Up-to-date: /home/razanhmede/session7_navigation_robot/session7_assignment_razan/install/navigation_robot_custom_interfaces/share/navigation_robot_custom_interfaces/environment/pythonpath.sh
[3.498s] -- Up-to-date: /home/razanhmede/session7_navigation_robot/session7_assignment_razan/install/navigation_robot_custom_interfaces/share/navigation_robot_custom_interfaces/environment/pythonpath.dsv
[3.498s] -- Up-to-date: /home/razanhmede/session7_navigation_robot/session7_assignment_razan/install/navigation_robot_custom_interfaces/local/lib/python3.10/dist-packages/navigation_robot_custom_interfaces-0.0.0-py3.10.egg-info
[3.498s] -- Installing: /home/razanhmede/session7_navigation_robot/session7_assignment_razan/install/navigation_robot_custom_interfaces/local/lib/python3.10/dist-packages/navigation_robot_custom_interfaces-0.0.0-py3.10.egg-info/top_level.txt
[3.504s] -- Installing: /home/razanhmede/session7_navigation_robot/session7_assignment_razan/install/navigation_robot_custom_interfaces/local/lib/python3.10/dist-packages/navigation_robot_custom_interfaces-0.0.0-py3.10.egg-info/dependency_links.txt
[3.505s] -- Installing: /home/razanhmede/session7_navigation_robot/session7_assignment_razan/install/navigation_robot_custom_interfaces/local/lib/python3.10/dist-packages/navigation_robot_custom_interfaces-0.0.0-py3.10.egg-info/PKG-INFO
[3.505s] -- Installing: /home/razanhmede/session7_navigation_robot/session7_assignment_razan/install/navigation_robot_custom_interfaces/local/lib/python3.10/dist-packages/navigation_robot_custom_interfaces-0.0.0-py3.10.egg-info/SOURCES.txt
[3.506s] -- Up-to-date: /home/razanhmede/session7_navigation_robot/session7_assignment_razan/install/navigation_robot_custom_interfaces/local/lib/python3.10/dist-packages/navigation_robot_custom_interfaces
[3.506s] -- Up-to-date: /home/razanhmede/session7_navigation_robot/session7_assignment_razan/install/navigation_robot_custom_interfaces/local/lib/python3.10/dist-packages/navigation_robot_custom_interfaces/navigation_robot_custom_interfaces_s__rosidl_typesupport_c.cpython-310-x86_64-linux-gnu.so
[3.507s] -- Up-to-date: /home/razanhmede/session7_navigation_robot/session7_assignment_razan/install/navigation_robot_custom_interfaces/local/lib/python3.10/dist-packages/navigation_robot_custom_interfaces/navigation_robot_custom_interfaces_s__rosidl_typesupport_introspection_c.cpython-310-x86_64-linux-gnu.so
[3.507s] -- Up-to-date: /home/razanhmede/session7_navigation_robot/session7_assignment_razan/install/navigation_robot_custom_interfaces/local/lib/python3.10/dist-packages/navigation_robot_custom_interfaces/action
[3.507s] -- Up-to-date: /home/razanhmede/session7_navigation_robot/session7_assignment_razan/install/navigation_robot_custom_interfaces/local/lib/python3.10/dist-packages/navigation_robot_custom_interfaces/action/__init__.py
[3.507s] -- Up-to-date: /home/razanhmede/session7_navigation_robot/session7_assignment_razan/install/navigation_robot_custom_interfaces/local/lib/python3.10/dist-packages/navigation_robot_custom_interfaces/action/_measure_lap_time.py
[3.507s] -- Up-to-date: /home/razanhmede/session7_navigation_robot/session7_assignment_razan/install/navigation_robot_custom_interfaces/local/lib/python3.10/dist-packages/navigation_robot_custom_interfaces/action/_measure_lap_time_s.c
[3.508s] -- Up-to-date: /home/razanhmede/session7_navigation_robot/session7_assignment_razan/install/navigation_robot_custom_interfaces/local/lib/python3.10/dist-packages/navigation_robot_custom_interfaces/srv
[3.508s] -- Up-to-date: /home/razanhmede/session7_navigation_robot/session7_assignment_razan/install/navigation_robot_custom_interfaces/local/lib/python3.10/dist-packages/navigation_robot_custom_interfaces/srv/_find_closest_wall.py
[3.508s] -- Up-to-date: /home/razanhmede/session7_navigation_robot/session7_assignment_razan/install/navigation_robot_custom_interfaces/local/lib/python3.10/dist-packages/navigation_robot_custom_interfaces/srv/_find_closest_wall_s.c
[3.508s] -- Up-to-date: /home/razanhmede/session7_navigation_robot/session7_assignment_razan/install/navigation_robot_custom_interfaces/local/lib/python3.10/dist-packages/navigation_robot_custom_interfaces/srv/__init__.py
[3.509s] -- Up-to-date: /home/razanhmede/session7_navigation_robot/session7_assignment_razan/install/navigation_robot_custom_interfaces/local/lib/python3.10/dist-packages/navigation_robot_custom_interfaces/_navigation_robot_custom_interfaces_s.ep.rosidl_typesupport_fastrtps_c.c
[3.509s] -- Up-to-date: /home/razanhmede/session7_navigation_robot/session7_assignment_razan/install/navigation_robot_custom_interfaces/local/lib/python3.10/dist-packages/navigation_robot_custom_interfaces/navigation_robot_custom_interfaces_s__rosidl_typesupport_fastrtps_c.cpython-310-x86_64-linux-gnu.so
[3.509s] -- Up-to-date: /home/razanhmede/session7_navigation_robot/session7_assignment_razan/install/navigation_robot_custom_interfaces/local/lib/python3.10/dist-packages/navigation_robot_custom_interfaces/__init__.py
[3.509s] -- Up-to-date: /home/razanhmede/session7_navigation_robot/session7_assignment_razan/install/navigation_robot_custom_interfaces/local/lib/python3.10/dist-packages/navigation_robot_custom_interfaces/_navigation_robot_custom_interfaces_s.ep.rosidl_typesupport_introspection_c.c
[3.509s] -- Up-to-date: /home/razanhmede/session7_navigation_robot/session7_assignment_razan/install/navigation_robot_custom_interfaces/local/lib/python3.10/dist-packages/navigation_robot_custom_interfaces/libnavigation_robot_custom_interfaces__rosidl_generator_py.so
[3.509s] -- Up-to-date: /home/razanhmede/session7_navigation_robot/session7_assignment_razan/install/navigation_robot_custom_interfaces/local/lib/python3.10/dist-packages/navigation_robot_custom_interfaces/_navigation_robot_custom_interfaces_s.ep.rosidl_typesupport_c.c
[3.625s] Listing '/home/razanhmede/session7_navigation_robot/session7_assignment_razan/install/navigation_robot_custom_interfaces/local/lib/python3.10/dist-packages/navigation_robot_custom_interfaces'...
[3.626s] Listing '/home/razanhmede/session7_navigation_robot/session7_assignment_razan/install/navigation_robot_custom_interfaces/local/lib/python3.10/dist-packages/navigation_robot_custom_interfaces/action'...
[3.626s] Listing '/home/razanhmede/session7_navigation_robot/session7_assignment_razan/install/navigation_robot_custom_interfaces/local/lib/python3.10/dist-packages/navigation_robot_custom_interfaces/srv'...
[3.656s] -- Up-to-date: /home/razanhmede/session7_navigation_robot/session7_assignment_razan/install/navigation_robot_custom_interfaces/local/lib/python3.10/dist-packages/navigation_robot_custom_interfaces/navigation_robot_custom_interfaces_s__rosidl_typesupport_fastrtps_c.cpython-310-x86_64-linux-gnu.so
[3.657s] -- Up-to-date: /home/razanhmede/session7_navigation_robot/session7_assignment_razan/install/navigation_robot_custom_interfaces/local/lib/python3.10/dist-packages/navigation_robot_custom_interfaces/navigation_robot_custom_interfaces_s__rosidl_typesupport_introspection_c.cpython-310-x86_64-linux-gnu.so
[3.658s] -- Up-to-date: /home/razanhmede/session7_navigation_robot/session7_assignment_razan/install/navigation_robot_custom_interfaces/local/lib/python3.10/dist-packages/navigation_robot_custom_interfaces/navigation_robot_custom_interfaces_s__rosidl_typesupport_c.cpython-310-x86_64-linux-gnu.so
[3.658s] -- Up-to-date: /home/razanhmede/session7_navigation_robot/session7_assignment_razan/install/navigation_robot_custom_interfaces/lib/libnavigation_robot_custom_interfaces__rosidl_generator_py.so
[3.659s] -- Up-to-date: /home/razanhmede/session7_navigation_robot/session7_assignment_razan/install/navigation_robot_custom_interfaces/share/navigation_robot_custom_interfaces/srv/FindClosestWall.idl
[3.659s] -- Up-to-date: /home/razanhmede/session7_navigation_robot/session7_assignment_razan/install/navigation_robot_custom_interfaces/share/navigation_robot_custom_interfaces/action/MeasureLapTime.idl
[3.660s] -- Up-to-date: /home/razanhmede/session7_navigation_robot/session7_assignment_razan/install/navigation_robot_custom_interfaces/share/navigation_robot_custom_interfaces/srv/FindClosestWall.srv
[3.660s] -- Up-to-date: /home/razanhmede/session7_navigation_robot/session7_assignment_razan/install/navigation_robot_custom_interfaces/share/navigation_robot_custom_interfaces/srv/FindClosestWall_Request.msg
[3.662s] -- Up-to-date: /home/razanhmede/session7_navigation_robot/session7_assignment_razan/install/navigation_robot_custom_interfaces/share/navigation_robot_custom_interfaces/srv/FindClosestWall_Response.msg
[3.662s] -- Up-to-date: /home/razanhmede/session7_navigation_robot/session7_assignment_razan/install/navigation_robot_custom_interfaces/share/navigation_robot_custom_interfaces/action/MeasureLapTime.action
[3.662s] -- Up-to-date: /home/razanhmede/session7_navigation_robot/session7_assignment_razan/install/navigation_robot_custom_interfaces/share/ament_index/resource_index/package_run_dependencies/navigation_robot_custom_interfaces
[3.663s] -- Up-to-date: /home/razanhmede/session7_navigation_robot/session7_assignment_razan/install/navigation_robot_custom_interfaces/share/ament_index/resource_index/parent_prefix_path/navigation_robot_custom_interfaces
[3.664s] -- Up-to-date: /home/razanhmede/session7_navigation_robot/session7_assignment_razan/install/navigation_robot_custom_interfaces/share/navigation_robot_custom_interfaces/environment/ament_prefix_path.sh
[3.666s] -- Up-to-date: /home/razanhmede/session7_navigation_robot/session7_assignment_razan/install/navigation_robot_custom_interfaces/share/navigation_robot_custom_interfaces/environment/ament_prefix_path.dsv
[3.666s] -- Up-to-date: /home/razanhmede/session7_navigation_robot/session7_assignment_razan/install/navigation_robot_custom_interfaces/share/navigation_robot_custom_interfaces/environment/path.sh
[3.666s] -- Up-to-date: /home/razanhmede/session7_navigation_robot/session7_assignment_razan/install/navigation_robot_custom_interfaces/share/navigation_robot_custom_interfaces/environment/path.dsv
[3.666s] -- Up-to-date: /home/razanhmede/session7_navigation_robot/session7_assignment_razan/install/navigation_robot_custom_interfaces/share/navigation_robot_custom_interfaces/local_setup.bash
[3.666s] -- Up-to-date: /home/razanhmede/session7_navigation_robot/session7_assignment_razan/install/navigation_robot_custom_interfaces/share/navigation_robot_custom_interfaces/local_setup.sh
[3.667s] -- Up-to-date: /home/razanhmede/session7_navigation_robot/session7_assignment_razan/install/navigation_robot_custom_interfaces/share/navigation_robot_custom_interfaces/local_setup.zsh
[3.668s] -- Up-to-date: /home/razanhmede/session7_navigation_robot/session7_assignment_razan/install/navigation_robot_custom_interfaces/share/navigation_robot_custom_interfaces/local_setup.dsv
[3.668s] -- Installing: /home/razanhmede/session7_navigation_robot/session7_assignment_razan/install/navigation_robot_custom_interfaces/share/navigation_robot_custom_interfaces/package.dsv
[3.668s] -- Up-to-date: /home/razanhmede/session7_navigation_robot/session7_assignment_razan/install/navigation_robot_custom_interfaces/share/ament_index/resource_index/packages/navigation_robot_custom_interfaces
[3.669s] -- Up-to-date: /home/razanhmede/session7_navigation_robot/session7_assignment_razan/install/navigation_robot_custom_interfaces/share/navigation_robot_custom_interfaces/cmake/export_navigation_robot_custom_interfaces__rosidl_generator_cExport.cmake
[3.670s] -- Up-to-date: /home/razanhmede/session7_navigation_robot/session7_assignment_razan/install/navigation_robot_custom_interfaces/share/navigation_robot_custom_interfaces/cmake/export_navigation_robot_custom_interfaces__rosidl_generator_cExport-noconfig.cmake
[3.680s] -- Up-to-date: /home/razanhmede/session7_navigation_robot/session7_assignment_razan/install/navigation_robot_custom_interfaces/share/navigation_robot_custom_interfaces/cmake/export_navigation_robot_custom_interfaces__rosidl_typesupport_fastrtps_cExport.cmake
[3.682s] -- Up-to-date: /home/razanhmede/session7_navigation_robot/session7_assignment_razan/install/navigation_robot_custom_interfaces/share/navigation_robot_custom_interfaces/cmake/export_navigation_robot_custom_interfaces__rosidl_typesupport_fastrtps_cExport-noconfig.cmake
[3.684s] -- Up-to-date: /home/razanhmede/session7_navigation_robot/session7_assignment_razan/install/navigation_robot_custom_interfaces/share/navigation_robot_custom_interfaces/cmake/export_navigation_robot_custom_interfaces__rosidl_generator_cppExport.cmake
[3.684s] -- Up-to-date: /home/razanhmede/session7_navigation_robot/session7_assignment_razan/install/navigation_robot_custom_interfaces/share/navigation_robot_custom_interfaces/cmake/export_navigation_robot_custom_interfaces__rosidl_typesupport_fastrtps_cppExport.cmake
[3.685s] -- Up-to-date: /home/razanhmede/session7_navigation_robot/session7_assignment_razan/install/navigation_robot_custom_interfaces/share/navigation_robot_custom_interfaces/cmake/export_navigation_robot_custom_interfaces__rosidl_typesupport_fastrtps_cppExport-noconfig.cmake
[3.685s] -- Up-to-date: /home/razanhmede/session7_navigation_robot/session7_assignment_razan/install/navigation_robot_custom_interfaces/share/navigation_robot_custom_interfaces/cmake/navigation_robot_custom_interfaces__rosidl_typesupport_introspection_cExport.cmake
[3.685s] -- Up-to-date: /home/razanhmede/session7_navigation_robot/session7_assignment_razan/install/navigation_robot_custom_interfaces/share/navigation_robot_custom_interfaces/cmake/navigation_robot_custom_interfaces__rosidl_typesupport_introspection_cExport-noconfig.cmake
[3.685s] -- Up-to-date: /home/razanhmede/session7_navigation_robot/session7_assignment_razan/install/navigation_robot_custom_interfaces/share/navigation_robot_custom_interfaces/cmake/navigation_robot_custom_interfaces__rosidl_typesupport_cExport.cmake
[3.686s] -- Up-to-date: /home/razanhmede/session7_navigation_robot/session7_assignment_razan/install/navigation_robot_custom_interfaces/share/navigation_robot_custom_interfaces/cmake/navigation_robot_custom_interfaces__rosidl_typesupport_cExport-noconfig.cmake
[3.686s] -- Up-to-date: /home/razanhmede/session7_navigation_robot/session7_assignment_razan/install/navigation_robot_custom_interfaces/share/navigation_robot_custom_interfaces/cmake/navigation_robot_custom_interfaces__rosidl_typesupport_introspection_cppExport.cmake
[3.686s] -- Up-to-date: /home/razanhmede/session7_navigation_robot/session7_assignment_razan/install/navigation_robot_custom_interfaces/share/navigation_robot_custom_interfaces/cmake/navigation_robot_custom_interfaces__rosidl_typesupport_introspection_cppExport-noconfig.cmake
[3.686s] -- Up-to-date: /home/razanhmede/session7_navigation_robot/session7_assignment_razan/install/navigation_robot_custom_interfaces/share/navigation_robot_custom_interfaces/cmake/navigation_robot_custom_interfaces__rosidl_typesupport_cppExport.cmake
[3.686s] -- Up-to-date: /home/razanhmede/session7_navigation_robot/session7_assignment_razan/install/navigation_robot_custom_interfaces/share/navigation_robot_custom_interfaces/cmake/navigation_robot_custom_interfaces__rosidl_typesupport_cppExport-noconfig.cmake
[3.686s] -- Up-to-date: /home/razanhmede/session7_navigation_robot/session7_assignment_razan/install/navigation_robot_custom_interfaces/share/navigation_robot_custom_interfaces/cmake/export_navigation_robot_custom_interfaces__rosidl_generator_pyExport.cmake
[3.686s] -- Up-to-date: /home/razanhmede/session7_navigation_robot/session7_assignment_razan/install/navigation_robot_custom_interfaces/share/navigation_robot_custom_interfaces/cmake/export_navigation_robot_custom_interfaces__rosidl_generator_pyExport-noconfig.cmake
[3.687s] -- Up-to-date: /home/razanhmede/session7_navigation_robot/session7_assignment_razan/install/navigation_robot_custom_interfaces/share/navigation_robot_custom_interfaces/cmake/rosidl_cmake-extras.cmake
[3.687s] -- Up-to-date: /home/razanhmede/session7_navigation_robot/session7_assignment_razan/install/navigation_robot_custom_interfaces/share/navigation_robot_custom_interfaces/cmake/ament_cmake_export_dependencies-extras.cmake
[3.687s] -- Up-to-date: /home/razanhmede/session7_navigation_robot/session7_assignment_razan/install/navigation_robot_custom_interfaces/share/navigation_robot_custom_interfaces/cmake/ament_cmake_export_include_directories-extras.cmake
[3.687s] -- Up-to-date: /home/razanhmede/session7_navigation_robot/session7_assignment_razan/install/navigation_robot_custom_interfaces/share/navigation_robot_custom_interfaces/cmake/ament_cmake_export_libraries-extras.cmake
[3.687s] -- Up-to-date: /home/razanhmede/session7_navigation_robot/session7_assignment_razan/install/navigation_robot_custom_interfaces/share/navigation_robot_custom_interfaces/cmake/ament_cmake_export_targets-extras.cmake
[3.687s] -- Up-to-date: /home/razanhmede/session7_navigation_robot/session7_assignment_razan/install/navigation_robot_custom_interfaces/share/navigation_robot_custom_interfaces/cmake/rosidl_cmake_export_typesupport_targets-extras.cmake
[3.688s] -- Up-to-date: /home/razanhmede/session7_navigation_robot/session7_assignment_razan/install/navigation_robot_custom_interfaces/share/navigation_robot_custom_interfaces/cmake/rosidl_cmake_export_typesupport_libraries-extras.cmake
[3.688s] -- Up-to-date: /home/razanhmede/session7_navigation_robot/session7_assignment_razan/install/navigation_robot_custom_interfaces/share/navigation_robot_custom_interfaces/cmake/navigation_robot_custom_interfacesConfig.cmake
[3.688s] -- Up-to-date: /home/razanhmede/session7_navigation_robot/session7_assignment_razan/install/navigation_robot_custom_interfaces/share/navigation_robot_custom_interfaces/cmake/navigation_robot_custom_interfacesConfig-version.cmake
[3.688s] -- Up-to-date: /home/razanhmede/session7_navigation_robot/session7_assignment_razan/install/navigation_robot_custom_interfaces/share/navigation_robot_custom_interfaces/package.xml
[3.705s] Invoked command in '/home/razanhmede/session7_navigation_robot/session7_assignment_razan/build/navigation_robot_custom_interfaces' returned '0': CMAKE_PREFIX_PATH=${CMAKE_PREFIX_PATH}:/home/razanhmede/session7_navigation_robot/session7_assignment_razan/install/session7_turtlebot3_robot:/opt/ros/humble /usr/bin/cmake --install /home/razanhmede/session7_navigation_robot/session7_assignment_razan/build/navigation_robot_custom_interfaces
