[3.306s] Invoking command in '/home/user/ros2_navigationrobot_ws/src/session7_turtlebot3_robot': PYTHONPATH=/home/user/ros2_navigationrobot_ws/build/session7_turtlebot3_robot/prefix_override:/home/user/ros2_navigationrobot_ws/install/session7_turtlebot3_robot/lib/python3.10/site-packages:${PYTHONPATH} _=/usr/bin/env /usr/bin/python3 -W ignore:setup.py install is deprecated setup.py egg_info --egg-base ../../build/session7_turtlebot3_robot build --build-base /home/user/ros2_navigationrobot_ws/build/session7_turtlebot3_robot/build install --record /home/user/ros2_navigationrobot_ws/build/session7_turtlebot3_robot/install.log --single-version-externally-managed install_data
[4.381s] running egg_info
[4.382s] writing ../../build/session7_turtlebot3_robot/session7_turtlebot3_robot.egg-info/PKG-INFO
[4.383s] writing dependency_links to ../../build/session7_turtlebot3_robot/session7_turtlebot3_robot.egg-info/dependency_links.txt
[4.383s] writing entry points to ../../build/session7_turtlebot3_robot/session7_turtlebot3_robot.egg-info/entry_points.txt
[4.383s] writing requirements to ../../build/session7_turtlebot3_robot/session7_turtlebot3_robot.egg-info/requires.txt
[4.383s] writing top-level names to ../../build/session7_turtlebot3_robot/session7_turtlebot3_robot.egg-info/top_level.txt
[4.386s] reading manifest file '../../build/session7_turtlebot3_robot/session7_turtlebot3_robot.egg-info/SOURCES.txt'
[4.388s] writing manifest file '../../build/session7_turtlebot3_robot/session7_turtlebot3_robot.egg-info/SOURCES.txt'
[4.388s] running build
[4.388s] running build_py
[4.389s] copying session7_turtlebot3_robot/robot_driver.py -> /home/user/ros2_navigationrobot_ws/build/session7_turtlebot3_robot/build/lib/session7_turtlebot3_robot
[4.389s] copying session7_turtlebot3_robot/wall_finder_service_server.py -> /home/user/ros2_navigationrobot_ws/build/session7_turtlebot3_robot/build/lib/session7_turtlebot3_robot
[4.390s] running install
[4.390s] running install_lib
[4.391s] copying /home/user/ros2_navigationrobot_ws/build/session7_turtlebot3_robot/build/lib/session7_turtlebot3_robot/robot_driver.py -> /home/user/ros2_navigationrobot_ws/install/session7_turtlebot3_robot/lib/python3.10/site-packages/session7_turtlebot3_robot
[4.392s] copying /home/user/ros2_navigationrobot_ws/build/session7_turtlebot3_robot/build/lib/session7_turtlebot3_robot/wall_finder_service_server.py -> /home/user/ros2_navigationrobot_ws/install/session7_turtlebot3_robot/lib/python3.10/site-packages/session7_turtlebot3_robot
[4.394s] byte-compiling /home/user/ros2_navigationrobot_ws/install/session7_turtlebot3_robot/lib/python3.10/site-packages/session7_turtlebot3_robot/robot_driver.py to robot_driver.cpython-310.pyc
[4.396s] byte-compiling /home/user/ros2_navigationrobot_ws/install/session7_turtlebot3_robot/lib/python3.10/site-packages/session7_turtlebot3_robot/wall_finder_service_server.py to wall_finder_service_server.cpython-310.pyc
[4.396s] running install_data
[4.396s] running install_egg_info
[4.401s] removing '/home/user/ros2_navigationrobot_ws/install/session7_turtlebot3_robot/lib/python3.10/site-packages/session7_turtlebot3_robot-0.0.0-py3.10.egg-info' (and everything under it)
[4.401s] Copying ../../build/session7_turtlebot3_robot/session7_turtlebot3_robot.egg-info to /home/user/ros2_navigationrobot_ws/install/session7_turtlebot3_robot/lib/python3.10/site-packages/session7_turtlebot3_robot-0.0.0-py3.10.egg-info
[4.403s] running install_scripts
[4.477s] Installing lap_time_action_client script to /home/user/ros2_navigationrobot_ws/install/session7_turtlebot3_robot/lib/session7_turtlebot3_robot
[4.477s] Installing lap_time_action_server script to /home/user/ros2_navigationrobot_ws/install/session7_turtlebot3_robot/lib/session7_turtlebot3_robot
[4.477s] Installing robot_driver script to /home/user/ros2_navigationrobot_ws/install/session7_turtlebot3_robot/lib/session7_turtlebot3_robot
[4.477s] Installing wall_finder_service_server script to /home/user/ros2_navigationrobot_ws/install/session7_turtlebot3_robot/lib/session7_turtlebot3_robot
[4.478s] writing list of installed files to '/home/user/ros2_navigationrobot_ws/build/session7_turtlebot3_robot/install.log'
[4.601s] Invoked command in '/home/user/ros2_navigationrobot_ws/src/session7_turtlebot3_robot' returned '0': PYTHONPATH=/home/user/ros2_navigationrobot_ws/build/session7_turtlebot3_robot/prefix_override:/home/user/ros2_navigationrobot_ws/install/session7_turtlebot3_robot/lib/python3.10/site-packages:${PYTHONPATH} _=/usr/bin/env /usr/bin/python3 -W ignore:setup.py install is deprecated setup.py egg_info --egg-base ../../build/session7_turtlebot3_robot build --build-base /home/user/ros2_navigationrobot_ws/build/session7_turtlebot3_robot/build install --record /home/user/ros2_navigationrobot_ws/build/session7_turtlebot3_robot/install.log --single-version-externally-managed install_data
