[1.743s] Invoking command in '/home/razanhmede/session7_navigation_robot/session7_assignment_razan/src/session7_turtlebot3_robot': PYTHONPATH=/home/razanhmede/session7_navigation_robot/session7_assignment_razan/build/session7_turtlebot3_robot/prefix_override:/usr/lib/python3/dist-packages/colcon_core/task/python/colcon_distutils_commands:/home/razanhmede/session7_navigation_robot/session7_assignment_razan/install/session7_turtlebot3_robot/lib/python3.10/site-packages:${PYTHONPATH} /usr/bin/python3 -W ignore:setup.py install is deprecated setup.py egg_info --egg-base ../../build/session7_turtlebot3_robot build --build-base /home/razanhmede/session7_navigation_robot/session7_assignment_razan/build/session7_turtlebot3_robot/build install --record /home/razanhmede/session7_navigation_robot/session7_assignment_razan/build/session7_turtlebot3_robot/install.log --single-version-externally-managed install_data
[2.261s] running egg_info
[2.263s] writing ../../build/session7_turtlebot3_robot/session7_turtlebot3_robot.egg-info/PKG-INFO
[2.268s] writing dependency_links to ../../build/session7_turtlebot3_robot/session7_turtlebot3_robot.egg-info/dependency_links.txt
[2.268s] writing entry points to ../../build/session7_turtlebot3_robot/session7_turtlebot3_robot.egg-info/entry_points.txt
[2.268s] writing requirements to ../../build/session7_turtlebot3_robot/session7_turtlebot3_robot.egg-info/requires.txt
[2.268s] writing top-level names to ../../build/session7_turtlebot3_robot/session7_turtlebot3_robot.egg-info/top_level.txt
[2.277s] reading manifest file '../../build/session7_turtlebot3_robot/session7_turtlebot3_robot.egg-info/SOURCES.txt'
[2.280s] writing manifest file '../../build/session7_turtlebot3_robot/session7_turtlebot3_robot.egg-info/SOURCES.txt'
[2.280s] running build
[2.281s] running build_py
[2.282s] copying session7_turtlebot3_robot/lap_time_action_client.py -> /home/razanhmede/session7_navigation_robot/session7_assignment_razan/build/session7_turtlebot3_robot/build/lib/session7_turtlebot3_robot
[2.285s] copying session7_turtlebot3_robot/lap_time_action_server.py -> /home/razanhmede/session7_navigation_robot/session7_assignment_razan/build/session7_turtlebot3_robot/build/lib/session7_turtlebot3_robot
[2.286s] running install
[2.287s] running install_lib
[2.289s] copying /home/razanhmede/session7_navigation_robot/session7_assignment_razan/build/session7_turtlebot3_robot/build/lib/session7_turtlebot3_robot/lap_time_action_client.py -> /home/razanhmede/session7_navigation_robot/session7_assignment_razan/install/session7_turtlebot3_robot/lib/python3.10/site-packages/session7_turtlebot3_robot
[2.290s] copying /home/razanhmede/session7_navigation_robot/session7_assignment_razan/build/session7_turtlebot3_robot/build/lib/session7_turtlebot3_robot/lap_time_action_server.py -> /home/razanhmede/session7_navigation_robot/session7_assignment_razan/install/session7_turtlebot3_robot/lib/python3.10/site-packages/session7_turtlebot3_robot
[2.292s] byte-compiling /home/razanhmede/session7_navigation_robot/session7_assignment_razan/install/session7_turtlebot3_robot/lib/python3.10/site-packages/session7_turtlebot3_robot/lap_time_action_client.py to lap_time_action_client.cpython-310.pyc
[2.294s] byte-compiling /home/razanhmede/session7_navigation_robot/session7_assignment_razan/install/session7_turtlebot3_robot/lib/python3.10/site-packages/session7_turtlebot3_robot/lap_time_action_server.py to lap_time_action_server.cpython-310.pyc
[2.296s] running install_data
[2.296s] running install_egg_info
[2.305s] removing '/home/razanhmede/session7_navigation_robot/session7_assignment_razan/install/session7_turtlebot3_robot/lib/python3.10/site-packages/session7_turtlebot3_robot-0.0.0-py3.10.egg-info' (and everything under it)
[2.306s] Copying ../../build/session7_turtlebot3_robot/session7_turtlebot3_robot.egg-info to /home/razanhmede/session7_navigation_robot/session7_assignment_razan/install/session7_turtlebot3_robot/lib/python3.10/site-packages/session7_turtlebot3_robot-0.0.0-py3.10.egg-info
[2.308s] running install_scripts
[2.337s] Installing lap_time_action_client script to /home/razanhmede/session7_navigation_robot/session7_assignment_razan/install/session7_turtlebot3_robot/lib/session7_turtlebot3_robot
[2.339s] Installing lap_time_action_server script to /home/razanhmede/session7_navigation_robot/session7_assignment_razan/install/session7_turtlebot3_robot/lib/session7_turtlebot3_robot
[2.340s] Installing robot_driver script to /home/razanhmede/session7_navigation_robot/session7_assignment_razan/install/session7_turtlebot3_robot/lib/session7_turtlebot3_robot
[2.342s] Installing wall_finder_service_server script to /home/razanhmede/session7_navigation_robot/session7_assignment_razan/install/session7_turtlebot3_robot/lib/session7_turtlebot3_robot
[2.344s] writing list of installed files to '/home/razanhmede/session7_navigation_robot/session7_assignment_razan/build/session7_turtlebot3_robot/install.log'
[2.384s] Invoked command in '/home/razanhmede/session7_navigation_robot/session7_assignment_razan/src/session7_turtlebot3_robot' returned '0': PYTHONPATH=/home/razanhmede/session7_navigation_robot/session7_assignment_razan/build/session7_turtlebot3_robot/prefix_override:/usr/lib/python3/dist-packages/colcon_core/task/python/colcon_distutils_commands:/home/razanhmede/session7_navigation_robot/session7_assignment_razan/install/session7_turtlebot3_robot/lib/python3.10/site-packages:${PYTHONPATH} /usr/bin/python3 -W ignore:setup.py install is deprecated setup.py egg_info --egg-base ../../build/session7_turtlebot3_robot build --build-base /home/razanhmede/session7_navigation_robot/session7_assignment_razan/build/session7_turtlebot3_robot/build install --record /home/razanhmede/session7_navigation_robot/session7_assignment_razan/build/session7_turtlebot3_robot/install.log --single-version-externally-managed install_data
