[0.026s] Invoking command in '/home/user/ros2_navigationrobot_ws/build/navigation_robot_custom_interfaces': CMAKE_PREFIX_PATH=${CMAKE_PREFIX_PATH}:/home/user/ros2_navigationrobot_ws/install/session7_turtlebot3_robot:/home/simulations/ros2_sims_ws/install/rclrs_tests:/home/simulations/ros2_sims_ws/install/examples_rclrs_minimal_client_service:/home/simulations/ros2_sims_ws/install/sensor_msgs_py:/home/simulations/ros2_sims_ws/install/examples_rclrs_minimal_pub_sub:/home/simulations/ros2_sims_ws/install/examples_rclrs_message_demo:/home/simulations/ros2_sims_ws/install/rclrs:/home/simulations/ros2_sims_ws/install/rosidl_runtime_rs:/opt/ros/humble _=/usr/bin/env /usr/bin/cmake --build /home/user/ros2_navigationrobot_ws/build/navigation_robot_custom_interfaces -- -j8 -l8
[0.305s] [  2%] [34m[1mGenerating Rust code for ROS interfaces[0m
[0.310s] [  5%] Built target navigation_robot_custom_interfaces__cpp
[0.311s] [ 15%] Built target navigation_robot_custom_interfaces__rosidl_generator_c
[0.323s] [ 15%] Built target ament_cmake_python_copy_navigation_robot_custom_interfaces
[0.590s] [ 25%] Built target navigation_robot_custom_interfaces__rosidl_typesupport_fastrtps_cpp
[0.618s] [ 35%] Built target navigation_robot_custom_interfaces__rosidl_typesupport_introspection_cpp
[0.691s] [ 45%] Built target navigation_robot_custom_interfaces__rosidl_typesupport_cpp
[0.704s] [ 55%] Built target navigation_robot_custom_interfaces__rosidl_typesupport_introspection_c
[0.791s] [ 65%] Built target navigation_robot_custom_interfaces__rosidl_typesupport_fastrtps_c
[0.798s] [ 75%] Built target navigation_robot_custom_interfaces__rosidl_typesupport_c
[1.620s] [ 75%] Built target navigation_robot_custom_interfaces__rs
[1.693s] running egg_info
[1.695s] writing navigation_robot_custom_interfaces.egg-info/PKG-INFO
[1.695s] writing dependency_links to navigation_robot_custom_interfaces.egg-info/dependency_links.txt
[1.697s] writing top-level names to navigation_robot_custom_interfaces.egg-info/top_level.txt
[1.701s] reading manifest file 'navigation_robot_custom_interfaces.egg-info/SOURCES.txt'
[1.702s] writing manifest file 'navigation_robot_custom_interfaces.egg-info/SOURCES.txt'
[1.719s] [ 75%] Built target navigation_robot_custom_interfaces
[1.806s] [ 75%] Built target ament_cmake_python_build_navigation_robot_custom_interfaces_egg
[1.816s] [ 77%] Built target navigation_robot_custom_interfaces__py
[1.916s] [ 85%] Built target navigation_robot_custom_interfaces__rosidl_generator_py
[2.032s] [ 90%] Built target navigation_robot_custom_interfaces__rosidl_typesupport_c__pyext
[2.092s] [100%] Built target navigation_robot_custom_interfaces__rosidl_typesupport_introspection_c__pyext
[2.092s] [100%] Built target navigation_robot_custom_interfaces__rosidl_typesupport_fastrtps_c__pyext
[2.110s] Invoked command in '/home/user/ros2_navigationrobot_ws/build/navigation_robot_custom_interfaces' returned '0': CMAKE_PREFIX_PATH=${CMAKE_PREFIX_PATH}:/home/user/ros2_navigationrobot_ws/install/session7_turtlebot3_robot:/home/simulations/ros2_sims_ws/install/rclrs_tests:/home/simulations/ros2_sims_ws/install/examples_rclrs_minimal_client_service:/home/simulations/ros2_sims_ws/install/sensor_msgs_py:/home/simulations/ros2_sims_ws/install/examples_rclrs_minimal_pub_sub:/home/simulations/ros2_sims_ws/install/examples_rclrs_message_demo:/home/simulations/ros2_sims_ws/install/rclrs:/home/simulations/ros2_sims_ws/install/rosidl_runtime_rs:/opt/ros/humble _=/usr/bin/env /usr/bin/cmake --build /home/user/ros2_navigationrobot_ws/build/navigation_robot_custom_interfaces -- -j8 -l8
[2.693s] Invoking command in '/home/user/ros2_navigationrobot_ws/build/navigation_robot_custom_interfaces': CMAKE_PREFIX_PATH=${CMAKE_PREFIX_PATH}:/home/user/ros2_navigationrobot_ws/install/session7_turtlebot3_robot:/home/simulations/ros2_sims_ws/install/rclrs_tests:/home/simulations/ros2_sims_ws/install/examples_rclrs_minimal_client_service:/home/simulations/ros2_sims_ws/install/sensor_msgs_py:/home/simulations/ros2_sims_ws/install/examples_rclrs_minimal_pub_sub:/home/simulations/ros2_sims_ws/install/examples_rclrs_message_demo:/home/simulations/ros2_sims_ws/install/rclrs:/home/simulations/ros2_sims_ws/install/rosidl_runtime_rs:/opt/ros/humble _=/usr/bin/env /usr/bin/cmake --install /home/user/ros2_navigationrobot_ws/build/navigation_robot_custom_interfaces
[2.707s] -- Install configuration: ""
[2.707s] -- Up-to-date: /home/user/ros2_navigationrobot_ws/install/navigation_robot_custom_interfaces/share/ament_index/resource_index/rosidl_interfaces/navigation_robot_custom_interfaces
[2.707s] -- Up-to-date: /home/user/ros2_navigationrobot_ws/install/navigation_robot_custom_interfaces/include/navigation_robot_custom_interfaces/navigation_robot_custom_interfaces
[2.707s] -- Up-to-date: /home/user/ros2_navigationrobot_ws/install/navigation_robot_custom_interfaces/include/navigation_robot_custom_interfaces/navigation_robot_custom_interfaces/srv
[2.707s] -- Up-to-date: /home/user/ros2_navigationrobot_ws/install/navigation_robot_custom_interfaces/include/navigation_robot_custom_interfaces/navigation_robot_custom_interfaces/srv/detail
[2.707s] -- Up-to-date: /home/user/ros2_navigationrobot_ws/install/navigation_robot_custom_interfaces/include/navigation_robot_custom_interfaces/navigation_robot_custom_interfaces/srv/detail/find_closest_wall__functions.h
[2.707s] -- Up-to-date: /home/user/ros2_navigationrobot_ws/install/navigation_robot_custom_interfaces/include/navigation_robot_custom_interfaces/navigation_robot_custom_interfaces/srv/detail/find_closest_wall__functions.c
[2.708s] -- Up-to-date: /home/user/ros2_navigationrobot_ws/install/navigation_robot_custom_interfaces/include/navigation_robot_custom_interfaces/navigation_robot_custom_interfaces/srv/detail/find_closest_wall__type_support.h
[2.708s] -- Up-to-date: /home/user/ros2_navigationrobot_ws/install/navigation_robot_custom_interfaces/include/navigation_robot_custom_interfaces/navigation_robot_custom_interfaces/srv/detail/find_closest_wall__struct.h
[2.708s] -- Up-to-date: /home/user/ros2_navigationrobot_ws/install/navigation_robot_custom_interfaces/include/navigation_robot_custom_interfaces/navigation_robot_custom_interfaces/srv/find_closest_wall.h
[2.709s] -- Up-to-date: /home/user/ros2_navigationrobot_ws/install/navigation_robot_custom_interfaces/include/navigation_robot_custom_interfaces/navigation_robot_custom_interfaces/msg
[2.709s] -- Up-to-date: /home/user/ros2_navigationrobot_ws/install/navigation_robot_custom_interfaces/include/navigation_robot_custom_interfaces/navigation_robot_custom_interfaces/msg/rosidl_generator_c__visibility_control.h
[2.709s] -- Up-to-date: /home/user/ros2_navigationrobot_ws/install/navigation_robot_custom_interfaces/include/navigation_robot_custom_interfaces/navigation_robot_custom_interfaces/action
[2.710s] -- Up-to-date: /home/user/ros2_navigationrobot_ws/install/navigation_robot_custom_interfaces/include/navigation_robot_custom_interfaces/navigation_robot_custom_interfaces/action/detail
[2.710s] -- Up-to-date: /home/user/ros2_navigationrobot_ws/install/navigation_robot_custom_interfaces/include/navigation_robot_custom_interfaces/navigation_robot_custom_interfaces/action/detail/measure_lap_time__struct.h
[2.711s] -- Up-to-date: /home/user/ros2_navigationrobot_ws/install/navigation_robot_custom_interfaces/include/navigation_robot_custom_interfaces/navigation_robot_custom_interfaces/action/detail/measure_lap_time__type_support.h
[2.711s] -- Up-to-date: /home/user/ros2_navigationrobot_ws/install/navigation_robot_custom_interfaces/include/navigation_robot_custom_interfaces/navigation_robot_custom_interfaces/action/detail/measure_lap_time__functions.h
[2.711s] -- Up-to-date: /home/user/ros2_navigationrobot_ws/install/navigation_robot_custom_interfaces/include/navigation_robot_custom_interfaces/navigation_robot_custom_interfaces/action/detail/measure_lap_time__functions.c
[2.711s] -- Up-to-date: /home/user/ros2_navigationrobot_ws/install/navigation_robot_custom_interfaces/include/navigation_robot_custom_interfaces/navigation_robot_custom_interfaces/action/measure_lap_time.h
[2.712s] -- Up-to-date: /home/user/ros2_navigationrobot_ws/install/navigation_robot_custom_interfaces/share/navigation_robot_custom_interfaces/environment/library_path.sh
[2.712s] -- Up-to-date: /home/user/ros2_navigationrobot_ws/install/navigation_robot_custom_interfaces/share/navigation_robot_custom_interfaces/environment/library_path.dsv
[2.712s] -- Up-to-date: /home/user/ros2_navigationrobot_ws/install/navigation_robot_custom_interfaces/lib/libnavigation_robot_custom_interfaces__rosidl_generator_c.so
[2.712s] -- Up-to-date: /home/user/ros2_navigationrobot_ws/install/navigation_robot_custom_interfaces/include/navigation_robot_custom_interfaces/navigation_robot_custom_interfaces
[2.713s] -- Up-to-date: /home/user/ros2_navigationrobot_ws/install/navigation_robot_custom_interfaces/include/navigation_robot_custom_interfaces/navigation_robot_custom_interfaces/srv
[2.713s] -- Up-to-date: /home/user/ros2_navigationrobot_ws/install/navigation_robot_custom_interfaces/include/navigation_robot_custom_interfaces/navigation_robot_custom_interfaces/srv/detail
[2.713s] -- Up-to-date: /home/user/ros2_navigationrobot_ws/install/navigation_robot_custom_interfaces/include/navigation_robot_custom_interfaces/navigation_robot_custom_interfaces/srv/detail/find_closest_wall__rosidl_typesupport_fastrtps_c.h
[2.713s] -- Up-to-date: /home/user/ros2_navigationrobot_ws/install/navigation_robot_custom_interfaces/include/navigation_robot_custom_interfaces/navigation_robot_custom_interfaces/msg
[2.713s] -- Up-to-date: /home/user/ros2_navigationrobot_ws/install/navigation_robot_custom_interfaces/include/navigation_robot_custom_interfaces/navigation_robot_custom_interfaces/msg/rosidl_typesupport_fastrtps_c__visibility_control.h
[2.714s] -- Up-to-date: /home/user/ros2_navigationrobot_ws/install/navigation_robot_custom_interfaces/include/navigation_robot_custom_interfaces/navigation_robot_custom_interfaces/action
[2.714s] -- Up-to-date: /home/user/ros2_navigationrobot_ws/install/navigation_robot_custom_interfaces/include/navigation_robot_custom_interfaces/navigation_robot_custom_interfaces/action/detail
[2.714s] -- Up-to-date: /home/user/ros2_navigationrobot_ws/install/navigation_robot_custom_interfaces/include/navigation_robot_custom_interfaces/navigation_robot_custom_interfaces/action/detail/measure_lap_time__rosidl_typesupport_fastrtps_c.h
[2.714s] -- Up-to-date: /home/user/ros2_navigationrobot_ws/install/navigation_robot_custom_interfaces/lib/libnavigation_robot_custom_interfaces__rosidl_typesupport_fastrtps_c.so
[2.715s] -- Up-to-date: /home/user/ros2_navigationrobot_ws/install/navigation_robot_custom_interfaces/include/navigation_robot_custom_interfaces/navigation_robot_custom_interfaces
[2.715s] -- Up-to-date: /home/user/ros2_navigationrobot_ws/install/navigation_robot_custom_interfaces/include/navigation_robot_custom_interfaces/navigation_robot_custom_interfaces/srv
[2.715s] -- Up-to-date: /home/user/ros2_navigationrobot_ws/install/navigation_robot_custom_interfaces/include/navigation_robot_custom_interfaces/navigation_robot_custom_interfaces/srv/detail
[2.715s] -- Up-to-date: /home/user/ros2_navigationrobot_ws/install/navigation_robot_custom_interfaces/include/navigation_robot_custom_interfaces/navigation_robot_custom_interfaces/srv/detail/find_closest_wall__traits.hpp
[2.716s] -- Up-to-date: /home/user/ros2_navigationrobot_ws/install/navigation_robot_custom_interfaces/include/navigation_robot_custom_interfaces/navigation_robot_custom_interfaces/srv/detail/find_closest_wall__builder.hpp
[2.716s] -- Up-to-date: /home/user/ros2_navigationrobot_ws/install/navigation_robot_custom_interfaces/include/navigation_robot_custom_interfaces/navigation_robot_custom_interfaces/srv/detail/find_closest_wall__struct.hpp
[2.716s] -- Up-to-date: /home/user/ros2_navigationrobot_ws/install/navigation_robot_custom_interfaces/include/navigation_robot_custom_interfaces/navigation_robot_custom_interfaces/srv/find_closest_wall.hpp
[2.716s] -- Up-to-date: /home/user/ros2_navigationrobot_ws/install/navigation_robot_custom_interfaces/include/navigation_robot_custom_interfaces/navigation_robot_custom_interfaces/action
[2.716s] -- Up-to-date: /home/user/ros2_navigationrobot_ws/install/navigation_robot_custom_interfaces/include/navigation_robot_custom_interfaces/navigation_robot_custom_interfaces/action/detail
[2.716s] -- Up-to-date: /home/user/ros2_navigationrobot_ws/install/navigation_robot_custom_interfaces/include/navigation_robot_custom_interfaces/navigation_robot_custom_interfaces/action/detail/measure_lap_time__builder.hpp
[2.716s] -- Up-to-date: /home/user/ros2_navigationrobot_ws/install/navigation_robot_custom_interfaces/include/navigation_robot_custom_interfaces/navigation_robot_custom_interfaces/action/detail/measure_lap_time__struct.hpp
[2.717s] -- Up-to-date: /home/user/ros2_navigationrobot_ws/install/navigation_robot_custom_interfaces/include/navigation_robot_custom_interfaces/navigation_robot_custom_interfaces/action/detail/measure_lap_time__traits.hpp
[2.717s] -- Up-to-date: /home/user/ros2_navigationrobot_ws/install/navigation_robot_custom_interfaces/include/navigation_robot_custom_interfaces/navigation_robot_custom_interfaces/action/measure_lap_time.hpp
[2.717s] -- Up-to-date: /home/user/ros2_navigationrobot_ws/install/navigation_robot_custom_interfaces/include/navigation_robot_custom_interfaces/navigation_robot_custom_interfaces
[2.717s] -- Up-to-date: /home/user/ros2_navigationrobot_ws/install/navigation_robot_custom_interfaces/include/navigation_robot_custom_interfaces/navigation_robot_custom_interfaces/srv
[2.717s] -- Up-to-date: /home/user/ros2_navigationrobot_ws/install/navigation_robot_custom_interfaces/include/navigation_robot_custom_interfaces/navigation_robot_custom_interfaces/srv/detail
[2.717s] -- Up-to-date: /home/user/ros2_navigationrobot_ws/install/navigation_robot_custom_interfaces/include/navigation_robot_custom_interfaces/navigation_robot_custom_interfaces/srv/detail/dds_fastrtps
[2.717s] -- Up-to-date: /home/user/ros2_navigationrobot_ws/install/navigation_robot_custom_interfaces/include/navigation_robot_custom_interfaces/navigation_robot_custom_interfaces/srv/detail/find_closest_wall__rosidl_typesupport_fastrtps_cpp.hpp
[2.717s] -- Up-to-date: /home/user/ros2_navigationrobot_ws/install/navigation_robot_custom_interfaces/include/navigation_robot_custom_interfaces/navigation_robot_custom_interfaces/msg
[2.718s] -- Up-to-date: /home/user/ros2_navigationrobot_ws/install/navigation_robot_custom_interfaces/include/navigation_robot_custom_interfaces/navigation_robot_custom_interfaces/msg/rosidl_typesupport_fastrtps_cpp__visibility_control.h
[2.718s] -- Up-to-date: /home/user/ros2_navigationrobot_ws/install/navigation_robot_custom_interfaces/include/navigation_robot_custom_interfaces/navigation_robot_custom_interfaces/action
[2.718s] -- Up-to-date: /home/user/ros2_navigationrobot_ws/install/navigation_robot_custom_interfaces/include/navigation_robot_custom_interfaces/navigation_robot_custom_interfaces/action/detail
[2.718s] -- Up-to-date: /home/user/ros2_navigationrobot_ws/install/navigation_robot_custom_interfaces/include/navigation_robot_custom_interfaces/navigation_robot_custom_interfaces/action/detail/measure_lap_time__rosidl_typesupport_fastrtps_cpp.hpp
[2.718s] -- Up-to-date: /home/user/ros2_navigationrobot_ws/install/navigation_robot_custom_interfaces/include/navigation_robot_custom_interfaces/navigation_robot_custom_interfaces/action/detail/dds_fastrtps
[2.718s] -- Up-to-date: /home/user/ros2_navigationrobot_ws/install/navigation_robot_custom_interfaces/lib/libnavigation_robot_custom_interfaces__rosidl_typesupport_fastrtps_cpp.so
[2.718s] -- Up-to-date: /home/user/ros2_navigationrobot_ws/install/navigation_robot_custom_interfaces/include/navigation_robot_custom_interfaces/navigation_robot_custom_interfaces
[2.718s] -- Up-to-date: /home/user/ros2_navigationrobot_ws/install/navigation_robot_custom_interfaces/include/navigation_robot_custom_interfaces/navigation_robot_custom_interfaces/srv
[2.718s] -- Up-to-date: /home/user/ros2_navigationrobot_ws/install/navigation_robot_custom_interfaces/include/navigation_robot_custom_interfaces/navigation_robot_custom_interfaces/srv/detail
[2.718s] -- Up-to-date: /home/user/ros2_navigationrobot_ws/install/navigation_robot_custom_interfaces/include/navigation_robot_custom_interfaces/navigation_robot_custom_interfaces/srv/detail/find_closest_wall__rosidl_typesupport_introspection_c.h
[2.718s] -- Up-to-date: /home/user/ros2_navigationrobot_ws/install/navigation_robot_custom_interfaces/include/navigation_robot_custom_interfaces/navigation_robot_custom_interfaces/srv/detail/find_closest_wall__type_support.c
[2.719s] -- Up-to-date: /home/user/ros2_navigationrobot_ws/install/navigation_robot_custom_interfaces/include/navigation_robot_custom_interfaces/navigation_robot_custom_interfaces/msg
[2.719s] -- Up-to-date: /home/user/ros2_navigationrobot_ws/install/navigation_robot_custom_interfaces/include/navigation_robot_custom_interfaces/navigation_robot_custom_interfaces/msg/rosidl_typesupport_introspection_c__visibility_control.h
[2.719s] -- Up-to-date: /home/user/ros2_navigationrobot_ws/install/navigation_robot_custom_interfaces/include/navigation_robot_custom_interfaces/navigation_robot_custom_interfaces/action
[2.719s] -- Up-to-date: /home/user/ros2_navigationrobot_ws/install/navigation_robot_custom_interfaces/include/navigation_robot_custom_interfaces/navigation_robot_custom_interfaces/action/detail
[2.719s] -- Up-to-date: /home/user/ros2_navigationrobot_ws/install/navigation_robot_custom_interfaces/include/navigation_robot_custom_interfaces/navigation_robot_custom_interfaces/action/detail/measure_lap_time__rosidl_typesupport_introspection_c.h
[2.719s] -- Up-to-date: /home/user/ros2_navigationrobot_ws/install/navigation_robot_custom_interfaces/include/navigation_robot_custom_interfaces/navigation_robot_custom_interfaces/action/detail/measure_lap_time__type_support.c
[2.719s] -- Up-to-date: /home/user/ros2_navigationrobot_ws/install/navigation_robot_custom_interfaces/lib/libnavigation_robot_custom_interfaces__rosidl_typesupport_introspection_c.so
[2.719s] -- Up-to-date: /home/user/ros2_navigationrobot_ws/install/navigation_robot_custom_interfaces/lib/libnavigation_robot_custom_interfaces__rosidl_typesupport_c.so
[2.719s] -- Up-to-date: /home/user/ros2_navigationrobot_ws/install/navigation_robot_custom_interfaces/include/navigation_robot_custom_interfaces/navigation_robot_custom_interfaces
[2.719s] -- Up-to-date: /home/user/ros2_navigationrobot_ws/install/navigation_robot_custom_interfaces/include/navigation_robot_custom_interfaces/navigation_robot_custom_interfaces/srv
[2.719s] -- Up-to-date: /home/user/ros2_navigationrobot_ws/install/navigation_robot_custom_interfaces/include/navigation_robot_custom_interfaces/navigation_robot_custom_interfaces/srv/detail
[2.720s] -- Up-to-date: /home/user/ros2_navigationrobot_ws/install/navigation_robot_custom_interfaces/include/navigation_robot_custom_interfaces/navigation_robot_custom_interfaces/srv/detail/find_closest_wall__type_support.cpp
[2.720s] -- Up-to-date: /home/user/ros2_navigationrobot_ws/install/navigation_robot_custom_interfaces/include/navigation_robot_custom_interfaces/navigation_robot_custom_interfaces/srv/detail/find_closest_wall__rosidl_typesupport_introspection_cpp.hpp
[2.720s] -- Up-to-date: /home/user/ros2_navigationrobot_ws/install/navigation_robot_custom_interfaces/include/navigation_robot_custom_interfaces/navigation_robot_custom_interfaces/action
[2.720s] -- Up-to-date: /home/user/ros2_navigationrobot_ws/install/navigation_robot_custom_interfaces/include/navigation_robot_custom_interfaces/navigation_robot_custom_interfaces/action/detail
[2.720s] -- Up-to-date: /home/user/ros2_navigationrobot_ws/install/navigation_robot_custom_interfaces/include/navigation_robot_custom_interfaces/navigation_robot_custom_interfaces/action/detail/measure_lap_time__type_support.cpp
[2.720s] -- Up-to-date: /home/user/ros2_navigationrobot_ws/install/navigation_robot_custom_interfaces/include/navigation_robot_custom_interfaces/navigation_robot_custom_interfaces/action/detail/measure_lap_time__rosidl_typesupport_introspection_cpp.hpp
[2.720s] -- Up-to-date: /home/user/ros2_navigationrobot_ws/install/navigation_robot_custom_interfaces/lib/libnavigation_robot_custom_interfaces__rosidl_typesupport_introspection_cpp.so
[2.720s] -- Up-to-date: /home/user/ros2_navigationrobot_ws/install/navigation_robot_custom_interfaces/lib/libnavigation_robot_custom_interfaces__rosidl_typesupport_cpp.so
[2.720s] -- Up-to-date: /home/user/ros2_navigationrobot_ws/install/navigation_robot_custom_interfaces/share/ament_index/resource_index/rust_packages/navigation_robot_custom_interfaces
[2.720s] -- Up-to-date: /home/user/ros2_navigationrobot_ws/install/navigation_robot_custom_interfaces/share/navigation_robot_custom_interfaces/rust
[2.720s] -- Installing: /home/user/ros2_navigationrobot_ws/install/navigation_robot_custom_interfaces/share/navigation_robot_custom_interfaces/rust/Cargo.toml
[2.720s] -- Up-to-date: /home/user/ros2_navigationrobot_ws/install/navigation_robot_custom_interfaces/share/navigation_robot_custom_interfaces/rust/src
[2.721s] -- Installing: /home/user/ros2_navigationrobot_ws/install/navigation_robot_custom_interfaces/share/navigation_robot_custom_interfaces/rust/src/srv.rs
[2.721s] -- Installing: /home/user/ros2_navigationrobot_ws/install/navigation_robot_custom_interfaces/share/navigation_robot_custom_interfaces/rust/src/lib.rs
[2.721s] -- Installing: /home/user/ros2_navigationrobot_ws/install/navigation_robot_custom_interfaces/share/navigation_robot_custom_interfaces/rust/build.rs
[2.721s] -- Up-to-date: /home/user/ros2_navigationrobot_ws/install/navigation_robot_custom_interfaces/share/navigation_robot_custom_interfaces/rust
[2.721s] -- Up-to-date: /home/user/ros2_navigationrobot_ws/install/navigation_robot_custom_interfaces/share/navigation_robot_custom_interfaces/rust/Cargo.toml
[2.721s] -- Up-to-date: /home/user/ros2_navigationrobot_ws/install/navigation_robot_custom_interfaces/share/navigation_robot_custom_interfaces/rust/src
[2.721s] -- Up-to-date: /home/user/ros2_navigationrobot_ws/install/navigation_robot_custom_interfaces/share/navigation_robot_custom_interfaces/rust/src/srv.rs
[2.721s] -- Up-to-date: /home/user/ros2_navigationrobot_ws/install/navigation_robot_custom_interfaces/share/navigation_robot_custom_interfaces/rust/src/lib.rs
[2.721s] -- Up-to-date: /home/user/ros2_navigationrobot_ws/install/navigation_robot_custom_interfaces/share/navigation_robot_custom_interfaces/rust/build.rs
[2.721s] -- Up-to-date: /home/user/ros2_navigationrobot_ws/install/navigation_robot_custom_interfaces/share/navigation_robot_custom_interfaces/rust
[2.721s] -- Up-to-date: /home/user/ros2_navigationrobot_ws/install/navigation_robot_custom_interfaces/share/navigation_robot_custom_interfaces/rust/Cargo.toml
[2.721s] -- Up-to-date: /home/user/ros2_navigationrobot_ws/install/navigation_robot_custom_interfaces/share/navigation_robot_custom_interfaces/rust/src
[2.721s] -- Up-to-date: /home/user/ros2_navigationrobot_ws/install/navigation_robot_custom_interfaces/share/navigation_robot_custom_interfaces/rust/src/srv.rs
[2.721s] -- Up-to-date: /home/user/ros2_navigationrobot_ws/install/navigation_robot_custom_interfaces/share/navigation_robot_custom_interfaces/rust/src/lib.rs
[2.721s] -- Up-to-date: /home/user/ros2_navigationrobot_ws/install/navigation_robot_custom_interfaces/share/navigation_robot_custom_interfaces/rust/build.rs
[2.722s] -- Up-to-date: /home/user/ros2_navigationrobot_ws/install/navigation_robot_custom_interfaces/share/navigation_robot_custom_interfaces/environment/pythonpath.sh
[2.722s] -- Up-to-date: /home/user/ros2_navigationrobot_ws/install/navigation_robot_custom_interfaces/share/navigation_robot_custom_interfaces/environment/pythonpath.dsv
[2.722s] -- Up-to-date: /home/user/ros2_navigationrobot_ws/install/navigation_robot_custom_interfaces/local/lib/python3.10/dist-packages/navigation_robot_custom_interfaces-0.0.0-py3.10.egg-info
[2.722s] -- Installing: /home/user/ros2_navigationrobot_ws/install/navigation_robot_custom_interfaces/local/lib/python3.10/dist-packages/navigation_robot_custom_interfaces-0.0.0-py3.10.egg-info/PKG-INFO
[2.722s] -- Installing: /home/user/ros2_navigationrobot_ws/install/navigation_robot_custom_interfaces/local/lib/python3.10/dist-packages/navigation_robot_custom_interfaces-0.0.0-py3.10.egg-info/top_level.txt
[2.722s] -- Installing: /home/user/ros2_navigationrobot_ws/install/navigation_robot_custom_interfaces/local/lib/python3.10/dist-packages/navigation_robot_custom_interfaces-0.0.0-py3.10.egg-info/SOURCES.txt
[2.722s] -- Installing: /home/user/ros2_navigationrobot_ws/install/navigation_robot_custom_interfaces/local/lib/python3.10/dist-packages/navigation_robot_custom_interfaces-0.0.0-py3.10.egg-info/dependency_links.txt
[2.722s] -- Up-to-date: /home/user/ros2_navigationrobot_ws/install/navigation_robot_custom_interfaces/local/lib/python3.10/dist-packages/navigation_robot_custom_interfaces
[2.722s] -- Up-to-date: /home/user/ros2_navigationrobot_ws/install/navigation_robot_custom_interfaces/local/lib/python3.10/dist-packages/navigation_robot_custom_interfaces/libnavigation_robot_custom_interfaces__rosidl_generator_py.so
[2.722s] -- Up-to-date: /home/user/ros2_navigationrobot_ws/install/navigation_robot_custom_interfaces/local/lib/python3.10/dist-packages/navigation_robot_custom_interfaces/_navigation_robot_custom_interfaces_s.ep.rosidl_typesupport_introspection_c.c
[2.722s] -- Up-to-date: /home/user/ros2_navigationrobot_ws/install/navigation_robot_custom_interfaces/local/lib/python3.10/dist-packages/navigation_robot_custom_interfaces/srv
[2.722s] -- Up-to-date: /home/user/ros2_navigationrobot_ws/install/navigation_robot_custom_interfaces/local/lib/python3.10/dist-packages/navigation_robot_custom_interfaces/srv/_find_closest_wall_s.c
[2.722s] -- Up-to-date: /home/user/ros2_navigationrobot_ws/install/navigation_robot_custom_interfaces/local/lib/python3.10/dist-packages/navigation_robot_custom_interfaces/srv/_find_closest_wall.py
[2.722s] -- Up-to-date: /home/user/ros2_navigationrobot_ws/install/navigation_robot_custom_interfaces/local/lib/python3.10/dist-packages/navigation_robot_custom_interfaces/srv/__init__.py
[2.723s] -- Up-to-date: /home/user/ros2_navigationrobot_ws/install/navigation_robot_custom_interfaces/local/lib/python3.10/dist-packages/navigation_robot_custom_interfaces/navigation_robot_custom_interfaces_s__rosidl_typesupport_fastrtps_c.cpython-310-x86_64-linux-gnu.so
[2.723s] -- Up-to-date: /home/user/ros2_navigationrobot_ws/install/navigation_robot_custom_interfaces/local/lib/python3.10/dist-packages/navigation_robot_custom_interfaces/navigation_robot_custom_interfaces_s__rosidl_typesupport_c.cpython-310-x86_64-linux-gnu.so
[2.723s] -- Up-to-date: /home/user/ros2_navigationrobot_ws/install/navigation_robot_custom_interfaces/local/lib/python3.10/dist-packages/navigation_robot_custom_interfaces/__init__.py
[2.723s] -- Up-to-date: /home/user/ros2_navigationrobot_ws/install/navigation_robot_custom_interfaces/local/lib/python3.10/dist-packages/navigation_robot_custom_interfaces/_navigation_robot_custom_interfaces_s.ep.rosidl_typesupport_c.c
[2.723s] -- Up-to-date: /home/user/ros2_navigationrobot_ws/install/navigation_robot_custom_interfaces/local/lib/python3.10/dist-packages/navigation_robot_custom_interfaces/navigation_robot_custom_interfaces_s__rosidl_typesupport_introspection_c.cpython-310-x86_64-linux-gnu.so
[2.723s] -- Up-to-date: /home/user/ros2_navigationrobot_ws/install/navigation_robot_custom_interfaces/local/lib/python3.10/dist-packages/navigation_robot_custom_interfaces/_navigation_robot_custom_interfaces_s.ep.rosidl_typesupport_fastrtps_c.c
[2.723s] -- Up-to-date: /home/user/ros2_navigationrobot_ws/install/navigation_robot_custom_interfaces/local/lib/python3.10/dist-packages/navigation_robot_custom_interfaces/action
[2.723s] -- Up-to-date: /home/user/ros2_navigationrobot_ws/install/navigation_robot_custom_interfaces/local/lib/python3.10/dist-packages/navigation_robot_custom_interfaces/action/_measure_lap_time_s.c
[2.723s] -- Up-to-date: /home/user/ros2_navigationrobot_ws/install/navigation_robot_custom_interfaces/local/lib/python3.10/dist-packages/navigation_robot_custom_interfaces/action/__init__.py
[2.723s] -- Up-to-date: /home/user/ros2_navigationrobot_ws/install/navigation_robot_custom_interfaces/local/lib/python3.10/dist-packages/navigation_robot_custom_interfaces/action/_measure_lap_time.py
[2.830s] Listing '/home/user/ros2_navigationrobot_ws/install/navigation_robot_custom_interfaces/local/lib/python3.10/dist-packages/navigation_robot_custom_interfaces'...
[2.830s] Listing '/home/user/ros2_navigationrobot_ws/install/navigation_robot_custom_interfaces/local/lib/python3.10/dist-packages/navigation_robot_custom_interfaces/action'...
[2.830s] Listing '/home/user/ros2_navigationrobot_ws/install/navigation_robot_custom_interfaces/local/lib/python3.10/dist-packages/navigation_robot_custom_interfaces/srv'...
[2.895s] -- Up-to-date: /home/user/ros2_navigationrobot_ws/install/navigation_robot_custom_interfaces/local/lib/python3.10/dist-packages/navigation_robot_custom_interfaces/navigation_robot_custom_interfaces_s__rosidl_typesupport_fastrtps_c.cpython-310-x86_64-linux-gnu.so
[2.895s] -- Up-to-date: /home/user/ros2_navigationrobot_ws/install/navigation_robot_custom_interfaces/local/lib/python3.10/dist-packages/navigation_robot_custom_interfaces/navigation_robot_custom_interfaces_s__rosidl_typesupport_introspection_c.cpython-310-x86_64-linux-gnu.so
[2.896s] -- Up-to-date: /home/user/ros2_navigationrobot_ws/install/navigation_robot_custom_interfaces/local/lib/python3.10/dist-packages/navigation_robot_custom_interfaces/navigation_robot_custom_interfaces_s__rosidl_typesupport_c.cpython-310-x86_64-linux-gnu.so
[2.897s] -- Up-to-date: /home/user/ros2_navigationrobot_ws/install/navigation_robot_custom_interfaces/lib/libnavigation_robot_custom_interfaces__rosidl_generator_py.so
[2.897s] -- Up-to-date: /home/user/ros2_navigationrobot_ws/install/navigation_robot_custom_interfaces/share/navigation_robot_custom_interfaces/srv/FindClosestWall.idl
[2.897s] -- Up-to-date: /home/user/ros2_navigationrobot_ws/install/navigation_robot_custom_interfaces/share/navigation_robot_custom_interfaces/action/MeasureLapTime.idl
[2.897s] -- Up-to-date: /home/user/ros2_navigationrobot_ws/install/navigation_robot_custom_interfaces/share/navigation_robot_custom_interfaces/srv/FindClosestWall.srv
[2.897s] -- Up-to-date: /home/user/ros2_navigationrobot_ws/install/navigation_robot_custom_interfaces/share/navigation_robot_custom_interfaces/srv/FindClosestWall_Request.msg
[2.897s] -- Up-to-date: /home/user/ros2_navigationrobot_ws/install/navigation_robot_custom_interfaces/share/navigation_robot_custom_interfaces/srv/FindClosestWall_Response.msg
[2.898s] -- Up-to-date: /home/user/ros2_navigationrobot_ws/install/navigation_robot_custom_interfaces/share/navigation_robot_custom_interfaces/action/MeasureLapTime.action
[2.898s] -- Up-to-date: /home/user/ros2_navigationrobot_ws/install/navigation_robot_custom_interfaces/share/ament_index/resource_index/package_run_dependencies/navigation_robot_custom_interfaces
[2.898s] -- Up-to-date: /home/user/ros2_navigationrobot_ws/install/navigation_robot_custom_interfaces/share/ament_index/resource_index/parent_prefix_path/navigation_robot_custom_interfaces
[2.899s] -- Up-to-date: /home/user/ros2_navigationrobot_ws/install/navigation_robot_custom_interfaces/share/navigation_robot_custom_interfaces/environment/ament_prefix_path.sh
[2.899s] -- Up-to-date: /home/user/ros2_navigationrobot_ws/install/navigation_robot_custom_interfaces/share/navigation_robot_custom_interfaces/environment/ament_prefix_path.dsv
[2.899s] -- Up-to-date: /home/user/ros2_navigationrobot_ws/install/navigation_robot_custom_interfaces/share/navigation_robot_custom_interfaces/environment/path.sh
[2.899s] -- Up-to-date: /home/user/ros2_navigationrobot_ws/install/navigation_robot_custom_interfaces/share/navigation_robot_custom_interfaces/environment/path.dsv
[2.900s] -- Up-to-date: /home/user/ros2_navigationrobot_ws/install/navigation_robot_custom_interfaces/share/navigation_robot_custom_interfaces/local_setup.bash
[2.900s] -- Up-to-date: /home/user/ros2_navigationrobot_ws/install/navigation_robot_custom_interfaces/share/navigation_robot_custom_interfaces/local_setup.sh
[2.900s] -- Up-to-date: /home/user/ros2_navigationrobot_ws/install/navigation_robot_custom_interfaces/share/navigation_robot_custom_interfaces/local_setup.zsh
[2.900s] -- Up-to-date: /home/user/ros2_navigationrobot_ws/install/navigation_robot_custom_interfaces/share/navigation_robot_custom_interfaces/local_setup.dsv
[2.900s] -- Installing: /home/user/ros2_navigationrobot_ws/install/navigation_robot_custom_interfaces/share/navigation_robot_custom_interfaces/package.dsv
[2.900s] -- Up-to-date: /home/user/ros2_navigationrobot_ws/install/navigation_robot_custom_interfaces/share/ament_index/resource_index/packages/navigation_robot_custom_interfaces
[2.900s] -- Up-to-date: /home/user/ros2_navigationrobot_ws/install/navigation_robot_custom_interfaces/share/navigation_robot_custom_interfaces/cmake/export_navigation_robot_custom_interfaces__rosidl_generator_cExport.cmake
[2.900s] -- Up-to-date: /home/user/ros2_navigationrobot_ws/install/navigation_robot_custom_interfaces/share/navigation_robot_custom_interfaces/cmake/export_navigation_robot_custom_interfaces__rosidl_generator_cExport-noconfig.cmake
[2.900s] -- Up-to-date: /home/user/ros2_navigationrobot_ws/install/navigation_robot_custom_interfaces/share/navigation_robot_custom_interfaces/cmake/export_navigation_robot_custom_interfaces__rosidl_typesupport_fastrtps_cExport.cmake
[2.901s] -- Up-to-date: /home/user/ros2_navigationrobot_ws/install/navigation_robot_custom_interfaces/share/navigation_robot_custom_interfaces/cmake/export_navigation_robot_custom_interfaces__rosidl_typesupport_fastrtps_cExport-noconfig.cmake
[2.901s] -- Up-to-date: /home/user/ros2_navigationrobot_ws/install/navigation_robot_custom_interfaces/share/navigation_robot_custom_interfaces/cmake/export_navigation_robot_custom_interfaces__rosidl_generator_cppExport.cmake
[2.901s] -- Up-to-date: /home/user/ros2_navigationrobot_ws/install/navigation_robot_custom_interfaces/share/navigation_robot_custom_interfaces/cmake/export_navigation_robot_custom_interfaces__rosidl_typesupport_fastrtps_cppExport.cmake
[2.901s] -- Up-to-date: /home/user/ros2_navigationrobot_ws/install/navigation_robot_custom_interfaces/share/navigation_robot_custom_interfaces/cmake/export_navigation_robot_custom_interfaces__rosidl_typesupport_fastrtps_cppExport-noconfig.cmake
[2.901s] -- Up-to-date: /home/user/ros2_navigationrobot_ws/install/navigation_robot_custom_interfaces/share/navigation_robot_custom_interfaces/cmake/navigation_robot_custom_interfaces__rosidl_typesupport_introspection_cExport.cmake
[2.901s] -- Up-to-date: /home/user/ros2_navigationrobot_ws/install/navigation_robot_custom_interfaces/share/navigation_robot_custom_interfaces/cmake/navigation_robot_custom_interfaces__rosidl_typesupport_introspection_cExport-noconfig.cmake
[2.910s] -- Up-to-date: /home/user/ros2_navigationrobot_ws/install/navigation_robot_custom_interfaces/share/navigation_robot_custom_interfaces/cmake/navigation_robot_custom_interfaces__rosidl_typesupport_cExport.cmake
[2.910s] -- Up-to-date: /home/user/ros2_navigationrobot_ws/install/navigation_robot_custom_interfaces/share/navigation_robot_custom_interfaces/cmake/navigation_robot_custom_interfaces__rosidl_typesupport_cExport-noconfig.cmake
[2.911s] -- Up-to-date: /home/user/ros2_navigationrobot_ws/install/navigation_robot_custom_interfaces/share/navigation_robot_custom_interfaces/cmake/navigation_robot_custom_interfaces__rosidl_typesupport_introspection_cppExport.cmake
[2.911s] -- Up-to-date: /home/user/ros2_navigationrobot_ws/install/navigation_robot_custom_interfaces/share/navigation_robot_custom_interfaces/cmake/navigation_robot_custom_interfaces__rosidl_typesupport_introspection_cppExport-noconfig.cmake
[2.911s] -- Up-to-date: /home/user/ros2_navigationrobot_ws/install/navigation_robot_custom_interfaces/share/navigation_robot_custom_interfaces/cmake/navigation_robot_custom_interfaces__rosidl_typesupport_cppExport.cmake
[2.911s] -- Up-to-date: /home/user/ros2_navigationrobot_ws/install/navigation_robot_custom_interfaces/share/navigation_robot_custom_interfaces/cmake/navigation_robot_custom_interfaces__rosidl_typesupport_cppExport-noconfig.cmake
[2.911s] -- Up-to-date: /home/user/ros2_navigationrobot_ws/install/navigation_robot_custom_interfaces/share/navigation_robot_custom_interfaces/cmake/export_navigation_robot_custom_interfaces__rosidl_generator_pyExport.cmake
[2.911s] -- Up-to-date: /home/user/ros2_navigationrobot_ws/install/navigation_robot_custom_interfaces/share/navigation_robot_custom_interfaces/cmake/export_navigation_robot_custom_interfaces__rosidl_generator_pyExport-noconfig.cmake
[2.912s] -- Up-to-date: /home/user/ros2_navigationrobot_ws/install/navigation_robot_custom_interfaces/share/navigation_robot_custom_interfaces/cmake/rosidl_cmake-extras.cmake
[2.912s] -- Up-to-date: /home/user/ros2_navigationrobot_ws/install/navigation_robot_custom_interfaces/share/navigation_robot_custom_interfaces/cmake/ament_cmake_export_dependencies-extras.cmake
[2.912s] -- Up-to-date: /home/user/ros2_navigationrobot_ws/install/navigation_robot_custom_interfaces/share/navigation_robot_custom_interfaces/cmake/ament_cmake_export_include_directories-extras.cmake
[2.912s] -- Up-to-date: /home/user/ros2_navigationrobot_ws/install/navigation_robot_custom_interfaces/share/navigation_robot_custom_interfaces/cmake/ament_cmake_export_libraries-extras.cmake
[2.912s] -- Up-to-date: /home/user/ros2_navigationrobot_ws/install/navigation_robot_custom_interfaces/share/navigation_robot_custom_interfaces/cmake/ament_cmake_export_targets-extras.cmake
[2.912s] -- Up-to-date: /home/user/ros2_navigationrobot_ws/install/navigation_robot_custom_interfaces/share/navigation_robot_custom_interfaces/cmake/rosidl_cmake_export_typesupport_targets-extras.cmake
[2.913s] -- Up-to-date: /home/user/ros2_navigationrobot_ws/install/navigation_robot_custom_interfaces/share/navigation_robot_custom_interfaces/cmake/rosidl_cmake_export_typesupport_libraries-extras.cmake
[2.913s] -- Up-to-date: /home/user/ros2_navigationrobot_ws/install/navigation_robot_custom_interfaces/share/navigation_robot_custom_interfaces/cmake/navigation_robot_custom_interfacesConfig.cmake
[2.913s] -- Up-to-date: /home/user/ros2_navigationrobot_ws/install/navigation_robot_custom_interfaces/share/navigation_robot_custom_interfaces/cmake/navigation_robot_custom_interfacesConfig-version.cmake
[2.913s] -- Up-to-date: /home/user/ros2_navigationrobot_ws/install/navigation_robot_custom_interfaces/share/navigation_robot_custom_interfaces/package.xml
[2.913s] Invoked command in '/home/user/ros2_navigationrobot_ws/build/navigation_robot_custom_interfaces' returned '0': CMAKE_PREFIX_PATH=${CMAKE_PREFIX_PATH}:/home/user/ros2_navigationrobot_ws/install/session7_turtlebot3_robot:/home/simulations/ros2_sims_ws/install/rclrs_tests:/home/simulations/ros2_sims_ws/install/examples_rclrs_minimal_client_service:/home/simulations/ros2_sims_ws/install/sensor_msgs_py:/home/simulations/ros2_sims_ws/install/examples_rclrs_minimal_pub_sub:/home/simulations/ros2_sims_ws/install/examples_rclrs_message_demo:/home/simulations/ros2_sims_ws/install/rclrs:/home/simulations/ros2_sims_ws/install/rosidl_runtime_rs:/opt/ros/humble _=/usr/bin/env /usr/bin/cmake --install /home/user/ros2_navigationrobot_ws/build/navigation_robot_custom_interfaces
