[0.092s] Invoking command in '/home/razanhmede/session7_navigation_robot/session7_assignment_razan/build/navigation_robot_custom_interfaces': CMAKE_PREFIX_PATH=${CMAKE_PREFIX_PATH}:/home/razanhmede/session7_navigation_robot/session7_assignment_razan/install/session7_turtlebot3_robot:/opt/ros/humble /usr/bin/cmake --build /home/razanhmede/session7_navigation_robot/session7_assignment_razan/build/navigation_robot_custom_interfaces -- -j4 -l4
[0.448s] [  2%] Built target navigation_robot_custom_interfaces__cpp
[0.622s] [  2%] Built target ament_cmake_python_copy_navigation_robot_custom_interfaces
[0.807s] [ 12%] Built target navigation_robot_custom_interfaces__rosidl_typesupport_fastrtps_cpp
[0.921s] [ 23%] Built target navigation_robot_custom_interfaces__rosidl_typesupport_introspection_cpp
[1.865s] running egg_info
[1.867s] writing navigation_robot_custom_interfaces.egg-info/PKG-INFO
[1.868s] writing dependency_links to navigation_robot_custom_interfaces.egg-info/dependency_links.txt
[1.869s] writing top-level names to navigation_robot_custom_interfaces.egg-info/top_level.txt
[1.876s] reading manifest file 'navigation_robot_custom_interfaces.egg-info/SOURCES.txt'
[1.877s] writing manifest file 'navigation_robot_custom_interfaces.egg-info/SOURCES.txt'
[1.954s] [ 23%] Built target ament_cmake_python_build_navigation_robot_custom_interfaces_egg
[2.117s] [ 33%] Built target navigation_robot_custom_interfaces__rosidl_typesupport_cpp
[2.264s] [ 43%] Built target navigation_robot_custom_interfaces__rosidl_generator_c
[2.384s] [ 53%] Built target navigation_robot_custom_interfaces__rosidl_typesupport_fastrtps_c
[2.510s] [ 64%] Built target navigation_robot_custom_interfaces__rosidl_typesupport_c
[2.617s] [ 74%] Built target navigation_robot_custom_interfaces__rosidl_typesupport_introspection_c
[2.691s] [ 74%] Built target navigation_robot_custom_interfaces
[2.823s] [ 76%] Built target navigation_robot_custom_interfaces__py
[2.944s] [ 84%] Built target navigation_robot_custom_interfaces__rosidl_generator_py
[3.036s] [ 89%] Built target navigation_robot_custom_interfaces__rosidl_typesupport_fastrtps_c__pyext
[3.148s] [ 94%] Built target navigation_robot_custom_interfaces__rosidl_typesupport_c__pyext
[3.263s] [100%] Built target navigation_robot_custom_interfaces__rosidl_typesupport_introspection_c__pyext
[3.328s] Invoked command in '/home/razanhmede/session7_navigation_robot/session7_assignment_razan/build/navigation_robot_custom_interfaces' returned '0': CMAKE_PREFIX_PATH=${CMAKE_PREFIX_PATH}:/home/razanhmede/session7_navigation_robot/session7_assignment_razan/install/session7_turtlebot3_robot:/opt/ros/humble /usr/bin/cmake --build /home/razanhmede/session7_navigation_robot/session7_assignment_razan/build/navigation_robot_custom_interfaces -- -j4 -l4
[4.162s] Invoking command in '/home/razanhmede/session7_navigation_robot/session7_assignment_razan/build/navigation_robot_custom_interfaces': CMAKE_PREFIX_PATH=${CMAKE_PREFIX_PATH}:/home/razanhmede/session7_navigation_robot/session7_assignment_razan/install/session7_turtlebot3_robot:/opt/ros/humble /usr/bin/cmake --install /home/razanhmede/session7_navigation_robot/session7_assignment_razan/build/navigation_robot_custom_interfaces
[4.206s] -- Install configuration: ""
[4.207s] -- Up-to-date: /home/razanhmede/session7_navigation_robot/session7_assignment_razan/install/navigation_robot_custom_interfaces/share/ament_index/resource_index/rosidl_interfaces/navigation_robot_custom_interfaces
[4.207s] -- Up-to-date: /home/razanhmede/session7_navigation_robot/session7_assignment_razan/install/navigation_robot_custom_interfaces/include/navigation_robot_custom_interfaces/navigation_robot_custom_interfaces
[4.207s] -- Up-to-date: /home/razanhmede/session7_navigation_robot/session7_assignment_razan/install/navigation_robot_custom_interfaces/include/navigation_robot_custom_interfaces/navigation_robot_custom_interfaces/action
[4.209s] -- Up-to-date: /home/razanhmede/session7_navigation_robot/session7_assignment_razan/install/navigation_robot_custom_interfaces/include/navigation_robot_custom_interfaces/navigation_robot_custom_interfaces/action/detail
[4.221s] -- Up-to-date: /home/razanhmede/session7_navigation_robot/session7_assignment_razan/install/navigation_robot_custom_interfaces/include/navigation_robot_custom_interfaces/navigation_robot_custom_interfaces/action/detail/measure_lap_time__struct.h
[4.222s] -- Up-to-date: /home/razanhmede/session7_navigation_robot/session7_assignment_razan/install/navigation_robot_custom_interfaces/include/navigation_robot_custom_interfaces/navigation_robot_custom_interfaces/action/detail/measure_lap_time__functions.h
[4.223s] -- Up-to-date: /home/razanhmede/session7_navigation_robot/session7_assignment_razan/install/navigation_robot_custom_interfaces/include/navigation_robot_custom_interfaces/navigation_robot_custom_interfaces/action/detail/measure_lap_time__functions.c
[4.223s] -- Up-to-date: /home/razanhmede/session7_navigation_robot/session7_assignment_razan/install/navigation_robot_custom_interfaces/include/navigation_robot_custom_interfaces/navigation_robot_custom_interfaces/action/detail/measure_lap_time__type_support.h
[4.223s] -- Up-to-date: /home/razanhmede/session7_navigation_robot/session7_assignment_razan/install/navigation_robot_custom_interfaces/include/navigation_robot_custom_interfaces/navigation_robot_custom_interfaces/action/measure_lap_time.h
[4.224s] -- Up-to-date: /home/razanhmede/session7_navigation_robot/session7_assignment_razan/install/navigation_robot_custom_interfaces/include/navigation_robot_custom_interfaces/navigation_robot_custom_interfaces/srv
[4.224s] -- Up-to-date: /home/razanhmede/session7_navigation_robot/session7_assignment_razan/install/navigation_robot_custom_interfaces/include/navigation_robot_custom_interfaces/navigation_robot_custom_interfaces/srv/detail
[4.224s] -- Up-to-date: /home/razanhmede/session7_navigation_robot/session7_assignment_razan/install/navigation_robot_custom_interfaces/include/navigation_robot_custom_interfaces/navigation_robot_custom_interfaces/srv/detail/find_closest_wall__type_support.h
[4.225s] -- Up-to-date: /home/razanhmede/session7_navigation_robot/session7_assignment_razan/install/navigation_robot_custom_interfaces/include/navigation_robot_custom_interfaces/navigation_robot_custom_interfaces/srv/detail/find_closest_wall__functions.h
[4.225s] -- Up-to-date: /home/razanhmede/session7_navigation_robot/session7_assignment_razan/install/navigation_robot_custom_interfaces/include/navigation_robot_custom_interfaces/navigation_robot_custom_interfaces/srv/detail/find_closest_wall__struct.h
[4.225s] -- Up-to-date: /home/razanhmede/session7_navigation_robot/session7_assignment_razan/install/navigation_robot_custom_interfaces/include/navigation_robot_custom_interfaces/navigation_robot_custom_interfaces/srv/detail/find_closest_wall__functions.c
[4.226s] -- Up-to-date: /home/razanhmede/session7_navigation_robot/session7_assignment_razan/install/navigation_robot_custom_interfaces/include/navigation_robot_custom_interfaces/navigation_robot_custom_interfaces/srv/find_closest_wall.h
[4.226s] -- Up-to-date: /home/razanhmede/session7_navigation_robot/session7_assignment_razan/install/navigation_robot_custom_interfaces/include/navigation_robot_custom_interfaces/navigation_robot_custom_interfaces/msg
[4.226s] -- Up-to-date: /home/razanhmede/session7_navigation_robot/session7_assignment_razan/install/navigation_robot_custom_interfaces/include/navigation_robot_custom_interfaces/navigation_robot_custom_interfaces/msg/rosidl_generator_c__visibility_control.h
[4.226s] -- Up-to-date: /home/razanhmede/session7_navigation_robot/session7_assignment_razan/install/navigation_robot_custom_interfaces/share/navigation_robot_custom_interfaces/environment/library_path.sh
[4.226s] -- Up-to-date: /home/razanhmede/session7_navigation_robot/session7_assignment_razan/install/navigation_robot_custom_interfaces/share/navigation_robot_custom_interfaces/environment/library_path.dsv
[4.227s] -- Up-to-date: /home/razanhmede/session7_navigation_robot/session7_assignment_razan/install/navigation_robot_custom_interfaces/lib/libnavigation_robot_custom_interfaces__rosidl_generator_c.so
[4.227s] -- Up-to-date: /home/razanhmede/session7_navigation_robot/session7_assignment_razan/install/navigation_robot_custom_interfaces/include/navigation_robot_custom_interfaces/navigation_robot_custom_interfaces
[4.227s] -- Up-to-date: /home/razanhmede/session7_navigation_robot/session7_assignment_razan/install/navigation_robot_custom_interfaces/include/navigation_robot_custom_interfaces/navigation_robot_custom_interfaces/action
[4.227s] -- Up-to-date: /home/razanhmede/session7_navigation_robot/session7_assignment_razan/install/navigation_robot_custom_interfaces/include/navigation_robot_custom_interfaces/navigation_robot_custom_interfaces/action/detail
[4.227s] -- Up-to-date: /home/razanhmede/session7_navigation_robot/session7_assignment_razan/install/navigation_robot_custom_interfaces/include/navigation_robot_custom_interfaces/navigation_robot_custom_interfaces/action/detail/measure_lap_time__rosidl_typesupport_fastrtps_c.h
[4.230s] -- Up-to-date: /home/razanhmede/session7_navigation_robot/session7_assignment_razan/install/navigation_robot_custom_interfaces/include/navigation_robot_custom_interfaces/navigation_robot_custom_interfaces/srv
[4.230s] -- Up-to-date: /home/razanhmede/session7_navigation_robot/session7_assignment_razan/install/navigation_robot_custom_interfaces/include/navigation_robot_custom_interfaces/navigation_robot_custom_interfaces/srv/detail
[4.230s] -- Up-to-date: /home/razanhmede/session7_navigation_robot/session7_assignment_razan/install/navigation_robot_custom_interfaces/include/navigation_robot_custom_interfaces/navigation_robot_custom_interfaces/srv/detail/find_closest_wall__rosidl_typesupport_fastrtps_c.h
[4.231s] -- Up-to-date: /home/razanhmede/session7_navigation_robot/session7_assignment_razan/install/navigation_robot_custom_interfaces/include/navigation_robot_custom_interfaces/navigation_robot_custom_interfaces/msg
[4.231s] -- Up-to-date: /home/razanhmede/session7_navigation_robot/session7_assignment_razan/install/navigation_robot_custom_interfaces/include/navigation_robot_custom_interfaces/navigation_robot_custom_interfaces/msg/rosidl_typesupport_fastrtps_c__visibility_control.h
[4.231s] -- Up-to-date: /home/razanhmede/session7_navigation_robot/session7_assignment_razan/install/navigation_robot_custom_interfaces/lib/libnavigation_robot_custom_interfaces__rosidl_typesupport_fastrtps_c.so
[4.231s] -- Up-to-date: /home/razanhmede/session7_navigation_robot/session7_assignment_razan/install/navigation_robot_custom_interfaces/include/navigation_robot_custom_interfaces/navigation_robot_custom_interfaces
[4.231s] -- Up-to-date: /home/razanhmede/session7_navigation_robot/session7_assignment_razan/install/navigation_robot_custom_interfaces/include/navigation_robot_custom_interfaces/navigation_robot_custom_interfaces/action
[4.232s] -- Up-to-date: /home/razanhmede/session7_navigation_robot/session7_assignment_razan/install/navigation_robot_custom_interfaces/include/navigation_robot_custom_interfaces/navigation_robot_custom_interfaces/action/detail
[4.232s] -- Up-to-date: /home/razanhmede/session7_navigation_robot/session7_assignment_razan/install/navigation_robot_custom_interfaces/include/navigation_robot_custom_interfaces/navigation_robot_custom_interfaces/action/detail/measure_lap_time__traits.hpp
[4.232s] -- Up-to-date: /home/razanhmede/session7_navigation_robot/session7_assignment_razan/install/navigation_robot_custom_interfaces/include/navigation_robot_custom_interfaces/navigation_robot_custom_interfaces/action/detail/measure_lap_time__builder.hpp
[4.232s] -- Up-to-date: /home/razanhmede/session7_navigation_robot/session7_assignment_razan/install/navigation_robot_custom_interfaces/include/navigation_robot_custom_interfaces/navigation_robot_custom_interfaces/action/detail/measure_lap_time__struct.hpp
[4.232s] -- Up-to-date: /home/razanhmede/session7_navigation_robot/session7_assignment_razan/install/navigation_robot_custom_interfaces/include/navigation_robot_custom_interfaces/navigation_robot_custom_interfaces/action/measure_lap_time.hpp
[4.234s] -- Up-to-date: /home/razanhmede/session7_navigation_robot/session7_assignment_razan/install/navigation_robot_custom_interfaces/include/navigation_robot_custom_interfaces/navigation_robot_custom_interfaces/srv
[4.234s] -- Up-to-date: /home/razanhmede/session7_navigation_robot/session7_assignment_razan/install/navigation_robot_custom_interfaces/include/navigation_robot_custom_interfaces/navigation_robot_custom_interfaces/srv/detail
[4.234s] -- Up-to-date: /home/razanhmede/session7_navigation_robot/session7_assignment_razan/install/navigation_robot_custom_interfaces/include/navigation_robot_custom_interfaces/navigation_robot_custom_interfaces/srv/detail/find_closest_wall__builder.hpp
[4.235s] -- Up-to-date: /home/razanhmede/session7_navigation_robot/session7_assignment_razan/install/navigation_robot_custom_interfaces/include/navigation_robot_custom_interfaces/navigation_robot_custom_interfaces/srv/detail/find_closest_wall__struct.hpp
[4.237s] -- Up-to-date: /home/razanhmede/session7_navigation_robot/session7_assignment_razan/install/navigation_robot_custom_interfaces/include/navigation_robot_custom_interfaces/navigation_robot_custom_interfaces/srv/detail/find_closest_wall__traits.hpp
[4.237s] -- Up-to-date: /home/razanhmede/session7_navigation_robot/session7_assignment_razan/install/navigation_robot_custom_interfaces/include/navigation_robot_custom_interfaces/navigation_robot_custom_interfaces/srv/find_closest_wall.hpp
[4.238s] -- Up-to-date: /home/razanhmede/session7_navigation_robot/session7_assignment_razan/install/navigation_robot_custom_interfaces/include/navigation_robot_custom_interfaces/navigation_robot_custom_interfaces
[4.238s] -- Up-to-date: /home/razanhmede/session7_navigation_robot/session7_assignment_razan/install/navigation_robot_custom_interfaces/include/navigation_robot_custom_interfaces/navigation_robot_custom_interfaces/action
[4.238s] -- Up-to-date: /home/razanhmede/session7_navigation_robot/session7_assignment_razan/install/navigation_robot_custom_interfaces/include/navigation_robot_custom_interfaces/navigation_robot_custom_interfaces/action/detail
[4.240s] -- Up-to-date: /home/razanhmede/session7_navigation_robot/session7_assignment_razan/install/navigation_robot_custom_interfaces/include/navigation_robot_custom_interfaces/navigation_robot_custom_interfaces/action/detail/measure_lap_time__rosidl_typesupport_fastrtps_cpp.hpp
[4.241s] -- Up-to-date: /home/razanhmede/session7_navigation_robot/session7_assignment_razan/install/navigation_robot_custom_interfaces/include/navigation_robot_custom_interfaces/navigation_robot_custom_interfaces/action/detail/dds_fastrtps
[4.242s] -- Up-to-date: /home/razanhmede/session7_navigation_robot/session7_assignment_razan/install/navigation_robot_custom_interfaces/include/navigation_robot_custom_interfaces/navigation_robot_custom_interfaces/srv
[4.242s] -- Up-to-date: /home/razanhmede/session7_navigation_robot/session7_assignment_razan/install/navigation_robot_custom_interfaces/include/navigation_robot_custom_interfaces/navigation_robot_custom_interfaces/srv/detail
[4.243s] -- Up-to-date: /home/razanhmede/session7_navigation_robot/session7_assignment_razan/install/navigation_robot_custom_interfaces/include/navigation_robot_custom_interfaces/navigation_robot_custom_interfaces/srv/detail/dds_fastrtps
[4.243s] -- Up-to-date: /home/razanhmede/session7_navigation_robot/session7_assignment_razan/install/navigation_robot_custom_interfaces/include/navigation_robot_custom_interfaces/navigation_robot_custom_interfaces/srv/detail/find_closest_wall__rosidl_typesupport_fastrtps_cpp.hpp
[4.243s] -- Up-to-date: /home/razanhmede/session7_navigation_robot/session7_assignment_razan/install/navigation_robot_custom_interfaces/include/navigation_robot_custom_interfaces/navigation_robot_custom_interfaces/msg
[4.243s] -- Up-to-date: /home/razanhmede/session7_navigation_robot/session7_assignment_razan/install/navigation_robot_custom_interfaces/include/navigation_robot_custom_interfaces/navigation_robot_custom_interfaces/msg/rosidl_typesupport_fastrtps_cpp__visibility_control.h
[4.245s] -- Up-to-date: /home/razanhmede/session7_navigation_robot/session7_assignment_razan/install/navigation_robot_custom_interfaces/lib/libnavigation_robot_custom_interfaces__rosidl_typesupport_fastrtps_cpp.so
[4.245s] -- Up-to-date: /home/razanhmede/session7_navigation_robot/session7_assignment_razan/install/navigation_robot_custom_interfaces/include/navigation_robot_custom_interfaces/navigation_robot_custom_interfaces
[4.245s] -- Up-to-date: /home/razanhmede/session7_navigation_robot/session7_assignment_razan/install/navigation_robot_custom_interfaces/include/navigation_robot_custom_interfaces/navigation_robot_custom_interfaces/action
[4.246s] -- Up-to-date: /home/razanhmede/session7_navigation_robot/session7_assignment_razan/install/navigation_robot_custom_interfaces/include/navigation_robot_custom_interfaces/navigation_robot_custom_interfaces/action/detail
[4.247s] -- Up-to-date: /home/razanhmede/session7_navigation_robot/session7_assignment_razan/install/navigation_robot_custom_interfaces/include/navigation_robot_custom_interfaces/navigation_robot_custom_interfaces/action/detail/measure_lap_time__rosidl_typesupport_introspection_c.h
[4.247s] -- Up-to-date: /home/razanhmede/session7_navigation_robot/session7_assignment_razan/install/navigation_robot_custom_interfaces/include/navigation_robot_custom_interfaces/navigation_robot_custom_interfaces/action/detail/measure_lap_time__type_support.c
[4.249s] -- Up-to-date: /home/razanhmede/session7_navigation_robot/session7_assignment_razan/install/navigation_robot_custom_interfaces/include/navigation_robot_custom_interfaces/navigation_robot_custom_interfaces/srv
[4.249s] -- Up-to-date: /home/razanhmede/session7_navigation_robot/session7_assignment_razan/install/navigation_robot_custom_interfaces/include/navigation_robot_custom_interfaces/navigation_robot_custom_interfaces/srv/detail
[4.250s] -- Up-to-date: /home/razanhmede/session7_navigation_robot/session7_assignment_razan/install/navigation_robot_custom_interfaces/include/navigation_robot_custom_interfaces/navigation_robot_custom_interfaces/srv/detail/find_closest_wall__rosidl_typesupport_introspection_c.h
[4.250s] -- Up-to-date: /home/razanhmede/session7_navigation_robot/session7_assignment_razan/install/navigation_robot_custom_interfaces/include/navigation_robot_custom_interfaces/navigation_robot_custom_interfaces/srv/detail/find_closest_wall__type_support.c
[4.251s] -- Up-to-date: /home/razanhmede/session7_navigation_robot/session7_assignment_razan/install/navigation_robot_custom_interfaces/include/navigation_robot_custom_interfaces/navigation_robot_custom_interfaces/msg
[4.251s] -- Up-to-date: /home/razanhmede/session7_navigation_robot/session7_assignment_razan/install/navigation_robot_custom_interfaces/include/navigation_robot_custom_interfaces/navigation_robot_custom_interfaces/msg/rosidl_typesupport_introspection_c__visibility_control.h
[4.251s] -- Up-to-date: /home/razanhmede/session7_navigation_robot/session7_assignment_razan/install/navigation_robot_custom_interfaces/lib/libnavigation_robot_custom_interfaces__rosidl_typesupport_introspection_c.so
[4.253s] -- Up-to-date: /home/razanhmede/session7_navigation_robot/session7_assignment_razan/install/navigation_robot_custom_interfaces/lib/libnavigation_robot_custom_interfaces__rosidl_typesupport_c.so
[4.253s] -- Up-to-date: /home/razanhmede/session7_navigation_robot/session7_assignment_razan/install/navigation_robot_custom_interfaces/include/navigation_robot_custom_interfaces/navigation_robot_custom_interfaces
[4.253s] -- Up-to-date: /home/razanhmede/session7_navigation_robot/session7_assignment_razan/install/navigation_robot_custom_interfaces/include/navigation_robot_custom_interfaces/navigation_robot_custom_interfaces/action
[4.253s] -- Up-to-date: /home/razanhmede/session7_navigation_robot/session7_assignment_razan/install/navigation_robot_custom_interfaces/include/navigation_robot_custom_interfaces/navigation_robot_custom_interfaces/action/detail
[4.254s] -- Up-to-date: /home/razanhmede/session7_navigation_robot/session7_assignment_razan/install/navigation_robot_custom_interfaces/include/navigation_robot_custom_interfaces/navigation_robot_custom_interfaces/action/detail/measure_lap_time__type_support.cpp
[4.254s] -- Up-to-date: /home/razanhmede/session7_navigation_robot/session7_assignment_razan/install/navigation_robot_custom_interfaces/include/navigation_robot_custom_interfaces/navigation_robot_custom_interfaces/action/detail/measure_lap_time__rosidl_typesupport_introspection_cpp.hpp
[4.254s] -- Up-to-date: /home/razanhmede/session7_navigation_robot/session7_assignment_razan/install/navigation_robot_custom_interfaces/include/navigation_robot_custom_interfaces/navigation_robot_custom_interfaces/srv
[4.254s] -- Up-to-date: /home/razanhmede/session7_navigation_robot/session7_assignment_razan/install/navigation_robot_custom_interfaces/include/navigation_robot_custom_interfaces/navigation_robot_custom_interfaces/srv/detail
[4.254s] -- Up-to-date: /home/razanhmede/session7_navigation_robot/session7_assignment_razan/install/navigation_robot_custom_interfaces/include/navigation_robot_custom_interfaces/navigation_robot_custom_interfaces/srv/detail/find_closest_wall__type_support.cpp
[4.254s] -- Up-to-date: /home/razanhmede/session7_navigation_robot/session7_assignment_razan/install/navigation_robot_custom_interfaces/include/navigation_robot_custom_interfaces/navigation_robot_custom_interfaces/srv/detail/find_closest_wall__rosidl_typesupport_introspection_cpp.hpp
[4.255s] -- Up-to-date: /home/razanhmede/session7_navigation_robot/session7_assignment_razan/install/navigation_robot_custom_interfaces/lib/libnavigation_robot_custom_interfaces__rosidl_typesupport_introspection_cpp.so
[4.255s] -- Up-to-date: /home/razanhmede/session7_navigation_robot/session7_assignment_razan/install/navigation_robot_custom_interfaces/lib/libnavigation_robot_custom_interfaces__rosidl_typesupport_cpp.so
[4.255s] -- Up-to-date: /home/razanhmede/session7_navigation_robot/session7_assignment_razan/install/navigation_robot_custom_interfaces/share/navigation_robot_custom_interfaces/environment/pythonpath.sh
[4.255s] -- Up-to-date: /home/razanhmede/session7_navigation_robot/session7_assignment_razan/install/navigation_robot_custom_interfaces/share/navigation_robot_custom_interfaces/environment/pythonpath.dsv
[4.255s] -- Up-to-date: /home/razanhmede/session7_navigation_robot/session7_assignment_razan/install/navigation_robot_custom_interfaces/local/lib/python3.10/dist-packages/navigation_robot_custom_interfaces-0.0.0-py3.10.egg-info
[4.255s] -- Installing: /home/razanhmede/session7_navigation_robot/session7_assignment_razan/install/navigation_robot_custom_interfaces/local/lib/python3.10/dist-packages/navigation_robot_custom_interfaces-0.0.0-py3.10.egg-info/top_level.txt
[4.255s] -- Installing: /home/razanhmede/session7_navigation_robot/session7_assignment_razan/install/navigation_robot_custom_interfaces/local/lib/python3.10/dist-packages/navigation_robot_custom_interfaces-0.0.0-py3.10.egg-info/dependency_links.txt
[4.256s] -- Installing: /home/razanhmede/session7_navigation_robot/session7_assignment_razan/install/navigation_robot_custom_interfaces/local/lib/python3.10/dist-packages/navigation_robot_custom_interfaces-0.0.0-py3.10.egg-info/PKG-INFO
[4.256s] -- Installing: /home/razanhmede/session7_navigation_robot/session7_assignment_razan/install/navigation_robot_custom_interfaces/local/lib/python3.10/dist-packages/navigation_robot_custom_interfaces-0.0.0-py3.10.egg-info/SOURCES.txt
[4.256s] -- Up-to-date: /home/razanhmede/session7_navigation_robot/session7_assignment_razan/install/navigation_robot_custom_interfaces/local/lib/python3.10/dist-packages/navigation_robot_custom_interfaces
[4.256s] -- Up-to-date: /home/razanhmede/session7_navigation_robot/session7_assignment_razan/install/navigation_robot_custom_interfaces/local/lib/python3.10/dist-packages/navigation_robot_custom_interfaces/navigation_robot_custom_interfaces_s__rosidl_typesupport_c.cpython-310-x86_64-linux-gnu.so
[4.256s] -- Up-to-date: /home/razanhmede/session7_navigation_robot/session7_assignment_razan/install/navigation_robot_custom_interfaces/local/lib/python3.10/dist-packages/navigation_robot_custom_interfaces/navigation_robot_custom_interfaces_s__rosidl_typesupport_introspection_c.cpython-310-x86_64-linux-gnu.so
[4.256s] -- Up-to-date: /home/razanhmede/session7_navigation_robot/session7_assignment_razan/install/navigation_robot_custom_interfaces/local/lib/python3.10/dist-packages/navigation_robot_custom_interfaces/action
[4.256s] -- Up-to-date: /home/razanhmede/session7_navigation_robot/session7_assignment_razan/install/navigation_robot_custom_interfaces/local/lib/python3.10/dist-packages/navigation_robot_custom_interfaces/action/__init__.py
[4.256s] -- Up-to-date: /home/razanhmede/session7_navigation_robot/session7_assignment_razan/install/navigation_robot_custom_interfaces/local/lib/python3.10/dist-packages/navigation_robot_custom_interfaces/action/_measure_lap_time.py
[4.257s] -- Up-to-date: /home/razanhmede/session7_navigation_robot/session7_assignment_razan/install/navigation_robot_custom_interfaces/local/lib/python3.10/dist-packages/navigation_robot_custom_interfaces/action/_measure_lap_time_s.c
[4.257s] -- Up-to-date: /home/razanhmede/session7_navigation_robot/session7_assignment_razan/install/navigation_robot_custom_interfaces/local/lib/python3.10/dist-packages/navigation_robot_custom_interfaces/srv
[4.257s] -- Up-to-date: /home/razanhmede/session7_navigation_robot/session7_assignment_razan/install/navigation_robot_custom_interfaces/local/lib/python3.10/dist-packages/navigation_robot_custom_interfaces/srv/_find_closest_wall.py
[4.257s] -- Up-to-date: /home/razanhmede/session7_navigation_robot/session7_assignment_razan/install/navigation_robot_custom_interfaces/local/lib/python3.10/dist-packages/navigation_robot_custom_interfaces/srv/_find_closest_wall_s.c
[4.257s] -- Up-to-date: /home/razanhmede/session7_navigation_robot/session7_assignment_razan/install/navigation_robot_custom_interfaces/local/lib/python3.10/dist-packages/navigation_robot_custom_interfaces/srv/__init__.py
[4.258s] -- Up-to-date: /home/razanhmede/session7_navigation_robot/session7_assignment_razan/install/navigation_robot_custom_interfaces/local/lib/python3.10/dist-packages/navigation_robot_custom_interfaces/_navigation_robot_custom_interfaces_s.ep.rosidl_typesupport_fastrtps_c.c
[4.259s] -- Up-to-date: /home/razanhmede/session7_navigation_robot/session7_assignment_razan/install/navigation_robot_custom_interfaces/local/lib/python3.10/dist-packages/navigation_robot_custom_interfaces/navigation_robot_custom_interfaces_s__rosidl_typesupport_fastrtps_c.cpython-310-x86_64-linux-gnu.so
[4.260s] -- Up-to-date: /home/razanhmede/session7_navigation_robot/session7_assignment_razan/install/navigation_robot_custom_interfaces/local/lib/python3.10/dist-packages/navigation_robot_custom_interfaces/__init__.py
[4.260s] -- Up-to-date: /home/razanhmede/session7_navigation_robot/session7_assignment_razan/install/navigation_robot_custom_interfaces/local/lib/python3.10/dist-packages/navigation_robot_custom_interfaces/_navigation_robot_custom_interfaces_s.ep.rosidl_typesupport_introspection_c.c
[4.260s] -- Up-to-date: /home/razanhmede/session7_navigation_robot/session7_assignment_razan/install/navigation_robot_custom_interfaces/local/lib/python3.10/dist-packages/navigation_robot_custom_interfaces/libnavigation_robot_custom_interfaces__rosidl_generator_py.so
[4.260s] -- Up-to-date: /home/razanhmede/session7_navigation_robot/session7_assignment_razan/install/navigation_robot_custom_interfaces/local/lib/python3.10/dist-packages/navigation_robot_custom_interfaces/_navigation_robot_custom_interfaces_s.ep.rosidl_typesupport_c.c
[4.323s] Listing '/home/razanhmede/session7_navigation_robot/session7_assignment_razan/install/navigation_robot_custom_interfaces/local/lib/python3.10/dist-packages/navigation_robot_custom_interfaces'...
[4.323s] Listing '/home/razanhmede/session7_navigation_robot/session7_assignment_razan/install/navigation_robot_custom_interfaces/local/lib/python3.10/dist-packages/navigation_robot_custom_interfaces/action'...
[4.324s] Listing '/home/razanhmede/session7_navigation_robot/session7_assignment_razan/install/navigation_robot_custom_interfaces/local/lib/python3.10/dist-packages/navigation_robot_custom_interfaces/srv'...
[4.363s] -- Up-to-date: /home/razanhmede/session7_navigation_robot/session7_assignment_razan/install/navigation_robot_custom_interfaces/local/lib/python3.10/dist-packages/navigation_robot_custom_interfaces/navigation_robot_custom_interfaces_s__rosidl_typesupport_fastrtps_c.cpython-310-x86_64-linux-gnu.so
[4.363s] -- Up-to-date: /home/razanhmede/session7_navigation_robot/session7_assignment_razan/install/navigation_robot_custom_interfaces/local/lib/python3.10/dist-packages/navigation_robot_custom_interfaces/navigation_robot_custom_interfaces_s__rosidl_typesupport_introspection_c.cpython-310-x86_64-linux-gnu.so
[4.363s] -- Up-to-date: /home/razanhmede/session7_navigation_robot/session7_assignment_razan/install/navigation_robot_custom_interfaces/local/lib/python3.10/dist-packages/navigation_robot_custom_interfaces/navigation_robot_custom_interfaces_s__rosidl_typesupport_c.cpython-310-x86_64-linux-gnu.so
[4.363s] -- Up-to-date: /home/razanhmede/session7_navigation_robot/session7_assignment_razan/install/navigation_robot_custom_interfaces/lib/libnavigation_robot_custom_interfaces__rosidl_generator_py.so
[4.363s] -- Up-to-date: /home/razanhmede/session7_navigation_robot/session7_assignment_razan/install/navigation_robot_custom_interfaces/share/navigation_robot_custom_interfaces/srv/FindClosestWall.idl
[4.364s] -- Up-to-date: /home/razanhmede/session7_navigation_robot/session7_assignment_razan/install/navigation_robot_custom_interfaces/share/navigation_robot_custom_interfaces/action/MeasureLapTime.idl
[4.364s] -- Up-to-date: /home/razanhmede/session7_navigation_robot/session7_assignment_razan/install/navigation_robot_custom_interfaces/share/navigation_robot_custom_interfaces/srv/FindClosestWall.srv
[4.364s] -- Up-to-date: /home/razanhmede/session7_navigation_robot/session7_assignment_razan/install/navigation_robot_custom_interfaces/share/navigation_robot_custom_interfaces/srv/FindClosestWall_Request.msg
[4.364s] -- Up-to-date: /home/razanhmede/session7_navigation_robot/session7_assignment_razan/install/navigation_robot_custom_interfaces/share/navigation_robot_custom_interfaces/srv/FindClosestWall_Response.msg
[4.364s] -- Up-to-date: /home/razanhmede/session7_navigation_robot/session7_assignment_razan/install/navigation_robot_custom_interfaces/share/navigation_robot_custom_interfaces/action/MeasureLapTime.action
[4.365s] -- Up-to-date: /home/razanhmede/session7_navigation_robot/session7_assignment_razan/install/navigation_robot_custom_interfaces/share/ament_index/resource_index/package_run_dependencies/navigation_robot_custom_interfaces
[4.365s] -- Up-to-date: /home/razanhmede/session7_navigation_robot/session7_assignment_razan/install/navigation_robot_custom_interfaces/share/ament_index/resource_index/parent_prefix_path/navigation_robot_custom_interfaces
[4.365s] -- Up-to-date: /home/razanhmede/session7_navigation_robot/session7_assignment_razan/install/navigation_robot_custom_interfaces/share/navigation_robot_custom_interfaces/environment/ament_prefix_path.sh
[4.366s] -- Up-to-date: /home/razanhmede/session7_navigation_robot/session7_assignment_razan/install/navigation_robot_custom_interfaces/share/navigation_robot_custom_interfaces/environment/ament_prefix_path.dsv
[4.366s] -- Up-to-date: /home/razanhmede/session7_navigation_robot/session7_assignment_razan/install/navigation_robot_custom_interfaces/share/navigation_robot_custom_interfaces/environment/path.sh
[4.366s] -- Up-to-date: /home/razanhmede/session7_navigation_robot/session7_assignment_razan/install/navigation_robot_custom_interfaces/share/navigation_robot_custom_interfaces/environment/path.dsv
[4.366s] -- Up-to-date: /home/razanhmede/session7_navigation_robot/session7_assignment_razan/install/navigation_robot_custom_interfaces/share/navigation_robot_custom_interfaces/local_setup.bash
[4.366s] -- Up-to-date: /home/razanhmede/session7_navigation_robot/session7_assignment_razan/install/navigation_robot_custom_interfaces/share/navigation_robot_custom_interfaces/local_setup.sh
[4.366s] -- Up-to-date: /home/razanhmede/session7_navigation_robot/session7_assignment_razan/install/navigation_robot_custom_interfaces/share/navigation_robot_custom_interfaces/local_setup.zsh
[4.366s] -- Up-to-date: /home/razanhmede/session7_navigation_robot/session7_assignment_razan/install/navigation_robot_custom_interfaces/share/navigation_robot_custom_interfaces/local_setup.dsv
[4.366s] -- Installing: /home/razanhmede/session7_navigation_robot/session7_assignment_razan/install/navigation_robot_custom_interfaces/share/navigation_robot_custom_interfaces/package.dsv
[4.367s] -- Up-to-date: /home/razanhmede/session7_navigation_robot/session7_assignment_razan/install/navigation_robot_custom_interfaces/share/ament_index/resource_index/packages/navigation_robot_custom_interfaces
[4.367s] -- Up-to-date: /home/razanhmede/session7_navigation_robot/session7_assignment_razan/install/navigation_robot_custom_interfaces/share/navigation_robot_custom_interfaces/cmake/export_navigation_robot_custom_interfaces__rosidl_generator_cExport.cmake
[4.367s] -- Up-to-date: /home/razanhmede/session7_navigation_robot/session7_assignment_razan/install/navigation_robot_custom_interfaces/share/navigation_robot_custom_interfaces/cmake/export_navigation_robot_custom_interfaces__rosidl_generator_cExport-noconfig.cmake
[4.367s] -- Up-to-date: /home/razanhmede/session7_navigation_robot/session7_assignment_razan/install/navigation_robot_custom_interfaces/share/navigation_robot_custom_interfaces/cmake/export_navigation_robot_custom_interfaces__rosidl_typesupport_fastrtps_cExport.cmake
[4.367s] -- Up-to-date: /home/razanhmede/session7_navigation_robot/session7_assignment_razan/install/navigation_robot_custom_interfaces/share/navigation_robot_custom_interfaces/cmake/export_navigation_robot_custom_interfaces__rosidl_typesupport_fastrtps_cExport-noconfig.cmake
[4.368s] -- Up-to-date: /home/razanhmede/session7_navigation_robot/session7_assignment_razan/install/navigation_robot_custom_interfaces/share/navigation_robot_custom_interfaces/cmake/export_navigation_robot_custom_interfaces__rosidl_generator_cppExport.cmake
[4.368s] -- Up-to-date: /home/razanhmede/session7_navigation_robot/session7_assignment_razan/install/navigation_robot_custom_interfaces/share/navigation_robot_custom_interfaces/cmake/export_navigation_robot_custom_interfaces__rosidl_typesupport_fastrtps_cppExport.cmake
[4.368s] -- Up-to-date: /home/razanhmede/session7_navigation_robot/session7_assignment_razan/install/navigation_robot_custom_interfaces/share/navigation_robot_custom_interfaces/cmake/export_navigation_robot_custom_interfaces__rosidl_typesupport_fastrtps_cppExport-noconfig.cmake
[4.369s] -- Up-to-date: /home/razanhmede/session7_navigation_robot/session7_assignment_razan/install/navigation_robot_custom_interfaces/share/navigation_robot_custom_interfaces/cmake/navigation_robot_custom_interfaces__rosidl_typesupport_introspection_cExport.cmake
[4.369s] -- Up-to-date: /home/razanhmede/session7_navigation_robot/session7_assignment_razan/install/navigation_robot_custom_interfaces/share/navigation_robot_custom_interfaces/cmake/navigation_robot_custom_interfaces__rosidl_typesupport_introspection_cExport-noconfig.cmake
[4.376s] -- Up-to-date: /home/razanhmede/session7_navigation_robot/session7_assignment_razan/install/navigation_robot_custom_interfaces/share/navigation_robot_custom_interfaces/cmake/navigation_robot_custom_interfaces__rosidl_typesupport_cExport.cmake
[4.377s] -- Up-to-date: /home/razanhmede/session7_navigation_robot/session7_assignment_razan/install/navigation_robot_custom_interfaces/share/navigation_robot_custom_interfaces/cmake/navigation_robot_custom_interfaces__rosidl_typesupport_cExport-noconfig.cmake
[4.377s] -- Up-to-date: /home/razanhmede/session7_navigation_robot/session7_assignment_razan/install/navigation_robot_custom_interfaces/share/navigation_robot_custom_interfaces/cmake/navigation_robot_custom_interfaces__rosidl_typesupport_introspection_cppExport.cmake
[4.378s] -- Up-to-date: /home/razanhmede/session7_navigation_robot/session7_assignment_razan/install/navigation_robot_custom_interfaces/share/navigation_robot_custom_interfaces/cmake/navigation_robot_custom_interfaces__rosidl_typesupport_introspection_cppExport-noconfig.cmake
[4.378s] -- Up-to-date: /home/razanhmede/session7_navigation_robot/session7_assignment_razan/install/navigation_robot_custom_interfaces/share/navigation_robot_custom_interfaces/cmake/navigation_robot_custom_interfaces__rosidl_typesupport_cppExport.cmake
[4.379s] -- Up-to-date: /home/razanhmede/session7_navigation_robot/session7_assignment_razan/install/navigation_robot_custom_interfaces/share/navigation_robot_custom_interfaces/cmake/navigation_robot_custom_interfaces__rosidl_typesupport_cppExport-noconfig.cmake
[4.379s] -- Up-to-date: /home/razanhmede/session7_navigation_robot/session7_assignment_razan/install/navigation_robot_custom_interfaces/share/navigation_robot_custom_interfaces/cmake/export_navigation_robot_custom_interfaces__rosidl_generator_pyExport.cmake
[4.379s] -- Up-to-date: /home/razanhmede/session7_navigation_robot/session7_assignment_razan/install/navigation_robot_custom_interfaces/share/navigation_robot_custom_interfaces/cmake/export_navigation_robot_custom_interfaces__rosidl_generator_pyExport-noconfig.cmake
[4.380s] -- Up-to-date: /home/razanhmede/session7_navigation_robot/session7_assignment_razan/install/navigation_robot_custom_interfaces/share/navigation_robot_custom_interfaces/cmake/rosidl_cmake-extras.cmake
[4.380s] -- Up-to-date: /home/razanhmede/session7_navigation_robot/session7_assignment_razan/install/navigation_robot_custom_interfaces/share/navigation_robot_custom_interfaces/cmake/ament_cmake_export_dependencies-extras.cmake
[4.381s] -- Up-to-date: /home/razanhmede/session7_navigation_robot/session7_assignment_razan/install/navigation_robot_custom_interfaces/share/navigation_robot_custom_interfaces/cmake/ament_cmake_export_include_directories-extras.cmake
[4.381s] -- Up-to-date: /home/razanhmede/session7_navigation_robot/session7_assignment_razan/install/navigation_robot_custom_interfaces/share/navigation_robot_custom_interfaces/cmake/ament_cmake_export_libraries-extras.cmake
[4.381s] -- Up-to-date: /home/razanhmede/session7_navigation_robot/session7_assignment_razan/install/navigation_robot_custom_interfaces/share/navigation_robot_custom_interfaces/cmake/ament_cmake_export_targets-extras.cmake
[4.388s] -- Up-to-date: /home/razanhmede/session7_navigation_robot/session7_assignment_razan/install/navigation_robot_custom_interfaces/share/navigation_robot_custom_interfaces/cmake/rosidl_cmake_export_typesupport_targets-extras.cmake
[4.388s] -- Up-to-date: /home/razanhmede/session7_navigation_robot/session7_assignment_razan/install/navigation_robot_custom_interfaces/share/navigation_robot_custom_interfaces/cmake/rosidl_cmake_export_typesupport_libraries-extras.cmake
[4.390s] -- Up-to-date: /home/razanhmede/session7_navigation_robot/session7_assignment_razan/install/navigation_robot_custom_interfaces/share/navigation_robot_custom_interfaces/cmake/navigation_robot_custom_interfacesConfig.cmake
[4.391s] -- Up-to-date: /home/razanhmede/session7_navigation_robot/session7_assignment_razan/install/navigation_robot_custom_interfaces/share/navigation_robot_custom_interfaces/cmake/navigation_robot_custom_interfacesConfig-version.cmake
[4.391s] -- Up-to-date: /home/razanhmede/session7_navigation_robot/session7_assignment_razan/install/navigation_robot_custom_interfaces/share/navigation_robot_custom_interfaces/package.xml
[4.397s] Invoked command in '/home/razanhmede/session7_navigation_robot/session7_assignment_razan/build/navigation_robot_custom_interfaces' returned '0': CMAKE_PREFIX_PATH=${CMAKE_PREFIX_PATH}:/home/razanhmede/session7_navigation_robot/session7_assignment_razan/install/session7_turtlebot3_robot:/opt/ros/humble /usr/bin/cmake --install /home/razanhmede/session7_navigation_robot/session7_assignment_razan/build/navigation_robot_custom_interfaces
