[1.976s] Invoking command in '/home/razanhmede/session7_navigation_robot/session7_assignment_razan/src/session7_turtlebot3_robot': PYTHONPATH=/home/razanhmede/session7_navigation_robot/session7_assignment_razan/build/session7_turtlebot3_robot/prefix_override:/usr/lib/python3/dist-packages/colcon_core/task/python/colcon_distutils_commands:/home/razanhmede/session7_navigation_robot/session7_assignment_razan/install/session7_turtlebot3_robot/lib/python3.10/site-packages:${PYTHONPATH} /usr/bin/python3 -W ignore:setup.py install is deprecated setup.py egg_info --egg-base ../../build/session7_turtlebot3_robot build --build-base /home/razanhmede/session7_navigation_robot/session7_assignment_razan/build/session7_turtlebot3_robot/build install --record /home/razanhmede/session7_navigation_robot/session7_assignment_razan/build/session7_turtlebot3_robot/install.log --single-version-externally-managed install_data
[3.032s] running egg_info
[3.034s] writing ../../build/session7_turtlebot3_robot/session7_turtlebot3_robot.egg-info/PKG-INFO
[3.048s] writing dependency_links to ../../build/session7_turtlebot3_robot/session7_turtlebot3_robot.egg-info/dependency_links.txt
[3.049s] writing entry points to ../../build/session7_turtlebot3_robot/session7_turtlebot3_robot.egg-info/entry_points.txt
[3.051s] writing requirements to ../../build/session7_turtlebot3_robot/session7_turtlebot3_robot.egg-info/requires.txt
[3.051s] writing top-level names to ../../build/session7_turtlebot3_robot/session7_turtlebot3_robot.egg-info/top_level.txt
[3.056s] reading manifest file '../../build/session7_turtlebot3_robot/session7_turtlebot3_robot.egg-info/SOURCES.txt'
[3.061s] writing manifest file '../../build/session7_turtlebot3_robot/session7_turtlebot3_robot.egg-info/SOURCES.txt'
[3.062s] running build
[3.062s] running build_py
[3.063s] copying session7_turtlebot3_robot/lap_time_action_server.py -> /home/razanhmede/session7_navigation_robot/session7_assignment_razan/build/session7_turtlebot3_robot/build/lib/session7_turtlebot3_robot
[3.067s] running install
[3.070s] running install_lib
[3.074s] copying /home/razanhmede/session7_navigation_robot/session7_assignment_razan/build/session7_turtlebot3_robot/build/lib/session7_turtlebot3_robot/lap_time_action_server.py -> /home/razanhmede/session7_navigation_robot/session7_assignment_razan/install/session7_turtlebot3_robot/lib/python3.10/site-packages/session7_turtlebot3_robot
[3.079s] byte-compiling /home/razanhmede/session7_navigation_robot/session7_assignment_razan/install/session7_turtlebot3_robot/lib/python3.10/site-packages/session7_turtlebot3_robot/lap_time_action_server.py to lap_time_action_server.cpython-310.pyc
[3.084s] running install_data
[3.084s] running install_egg_info
[3.103s] removing '/home/razanhmede/session7_navigation_robot/session7_assignment_razan/install/session7_turtlebot3_robot/lib/python3.10/site-packages/session7_turtlebot3_robot-0.0.0-py3.10.egg-info' (and everything under it)
[3.105s] Copying ../../build/session7_turtlebot3_robot/session7_turtlebot3_robot.egg-info to /home/razanhmede/session7_navigation_robot/session7_assignment_razan/install/session7_turtlebot3_robot/lib/python3.10/site-packages/session7_turtlebot3_robot-0.0.0-py3.10.egg-info
[3.114s] running install_scripts
[3.182s] Installing lap_time_action_client script to /home/razanhmede/session7_navigation_robot/session7_assignment_razan/install/session7_turtlebot3_robot/lib/session7_turtlebot3_robot
[3.185s] Installing lap_time_action_server script to /home/razanhmede/session7_navigation_robot/session7_assignment_razan/install/session7_turtlebot3_robot/lib/session7_turtlebot3_robot
[3.187s] Installing robot_driver script to /home/razanhmede/session7_navigation_robot/session7_assignment_razan/install/session7_turtlebot3_robot/lib/session7_turtlebot3_robot
[3.188s] Installing wall_finder_service_server script to /home/razanhmede/session7_navigation_robot/session7_assignment_razan/install/session7_turtlebot3_robot/lib/session7_turtlebot3_robot
[3.191s] writing list of installed files to '/home/razanhmede/session7_navigation_robot/session7_assignment_razan/build/session7_turtlebot3_robot/install.log'
[3.262s] Invoked command in '/home/razanhmede/session7_navigation_robot/session7_assignment_razan/src/session7_turtlebot3_robot' returned '0': PYTHONPATH=/home/razanhmede/session7_navigation_robot/session7_assignment_razan/build/session7_turtlebot3_robot/prefix_override:/usr/lib/python3/dist-packages/colcon_core/task/python/colcon_distutils_commands:/home/razanhmede/session7_navigation_robot/session7_assignment_razan/install/session7_turtlebot3_robot/lib/python3.10/site-packages:${PYTHONPATH} /usr/bin/python3 -W ignore:setup.py install is deprecated setup.py egg_info --egg-base ../../build/session7_turtlebot3_robot build --build-base /home/razanhmede/session7_navigation_robot/session7_assignment_razan/build/session7_turtlebot3_robot/build install --record /home/razanhmede/session7_navigation_robot/session7_assignment_razan/build/session7_turtlebot3_robot/install.log --single-version-externally-managed install_data
