[0.024s] Invoking command in '/home/razanhmede/session7_navigation_robot/session7_assignment_razan/build/navigation_robot_custom_interfaces': CMAKE_PREFIX_PATH=${CMAKE_PREFIX_PATH}:/home/razanhmede/session7_navigation_robot/session7_assignment_razan/install/session7_turtlebot3_robot:/opt/ros/humble /usr/bin/cmake --build /home/razanhmede/session7_navigation_robot/session7_assignment_razan/build/navigation_robot_custom_interfaces -- -j4 -l4
[0.259s] [  2%] Built target navigation_robot_custom_interfaces__cpp
[0.337s] [  2%] Built target ament_cmake_python_copy_navigation_robot_custom_interfaces
[0.414s] [ 12%] Built target navigation_robot_custom_interfaces__rosidl_typesupport_fastrtps_cpp
[0.508s] [ 23%] Built target navigation_robot_custom_interfaces__rosidl_typesupport_introspection_cpp
[1.052s] running egg_info
[1.053s] writing navigation_robot_custom_interfaces.egg-info/PKG-INFO
[1.053s] writing dependency_links to navigation_robot_custom_interfaces.egg-info/dependency_links.txt
[1.053s] writing top-level names to navigation_robot_custom_interfaces.egg-info/top_level.txt
[1.056s] reading manifest file 'navigation_robot_custom_interfaces.egg-info/SOURCES.txt'
[1.058s] writing manifest file 'navigation_robot_custom_interfaces.egg-info/SOURCES.txt'
[1.107s] [ 23%] Built target ament_cmake_python_build_navigation_robot_custom_interfaces_egg
[1.189s] [ 33%] Built target navigation_robot_custom_interfaces__rosidl_typesupport_cpp
[1.252s] [ 43%] Built target navigation_robot_custom_interfaces__rosidl_generator_c
[1.325s] [ 53%] Built target navigation_robot_custom_interfaces__rosidl_typesupport_fastrtps_c
[1.433s] [ 64%] Built target navigation_robot_custom_interfaces__rosidl_typesupport_c
[1.485s] [ 74%] Built target navigation_robot_custom_interfaces__rosidl_typesupport_introspection_c
[1.549s] [ 74%] Built target navigation_robot_custom_interfaces
[1.623s] [ 76%] Built target navigation_robot_custom_interfaces__py
[1.700s] [ 84%] Built target navigation_robot_custom_interfaces__rosidl_generator_py
[1.774s] [ 89%] Built target navigation_robot_custom_interfaces__rosidl_typesupport_fastrtps_c__pyext
[1.836s] [ 94%] Built target navigation_robot_custom_interfaces__rosidl_typesupport_c__pyext
[1.920s] [100%] Built target navigation_robot_custom_interfaces__rosidl_typesupport_introspection_c__pyext
[1.948s] Invoked command in '/home/razanhmede/session7_navigation_robot/session7_assignment_razan/build/navigation_robot_custom_interfaces' returned '0': CMAKE_PREFIX_PATH=${CMAKE_PREFIX_PATH}:/home/razanhmede/session7_navigation_robot/session7_assignment_razan/install/session7_turtlebot3_robot:/opt/ros/humble /usr/bin/cmake --build /home/razanhmede/session7_navigation_robot/session7_assignment_razan/build/navigation_robot_custom_interfaces -- -j4 -l4
[2.312s] Invoking command in '/home/razanhmede/session7_navigation_robot/session7_assignment_razan/build/navigation_robot_custom_interfaces': CMAKE_PREFIX_PATH=${CMAKE_PREFIX_PATH}:/home/razanhmede/session7_navigation_robot/session7_assignment_razan/install/session7_turtlebot3_robot:/opt/ros/humble /usr/bin/cmake --install /home/razanhmede/session7_navigation_robot/session7_assignment_razan/build/navigation_robot_custom_interfaces
[2.337s] -- Install configuration: ""
[2.338s] -- Up-to-date: /home/razanhmede/session7_navigation_robot/session7_assignment_razan/install/navigation_robot_custom_interfaces/share/ament_index/resource_index/rosidl_interfaces/navigation_robot_custom_interfaces
[2.339s] -- Up-to-date: /home/razanhmede/session7_navigation_robot/session7_assignment_razan/install/navigation_robot_custom_interfaces/include/navigation_robot_custom_interfaces/navigation_robot_custom_interfaces
[2.339s] -- Up-to-date: /home/razanhmede/session7_navigation_robot/session7_assignment_razan/install/navigation_robot_custom_interfaces/include/navigation_robot_custom_interfaces/navigation_robot_custom_interfaces/action
[2.339s] -- Up-to-date: /home/razanhmede/session7_navigation_robot/session7_assignment_razan/install/navigation_robot_custom_interfaces/include/navigation_robot_custom_interfaces/navigation_robot_custom_interfaces/action/detail
[2.339s] -- Up-to-date: /home/razanhmede/session7_navigation_robot/session7_assignment_razan/install/navigation_robot_custom_interfaces/include/navigation_robot_custom_interfaces/navigation_robot_custom_interfaces/action/detail/measure_lap_time__struct.h
[2.340s] -- Up-to-date: /home/razanhmede/session7_navigation_robot/session7_assignment_razan/install/navigation_robot_custom_interfaces/include/navigation_robot_custom_interfaces/navigation_robot_custom_interfaces/action/detail/measure_lap_time__functions.h
[2.340s] -- Up-to-date: /home/razanhmede/session7_navigation_robot/session7_assignment_razan/install/navigation_robot_custom_interfaces/include/navigation_robot_custom_interfaces/navigation_robot_custom_interfaces/action/detail/measure_lap_time__functions.c
[2.340s] -- Up-to-date: /home/razanhmede/session7_navigation_robot/session7_assignment_razan/install/navigation_robot_custom_interfaces/include/navigation_robot_custom_interfaces/navigation_robot_custom_interfaces/action/detail/measure_lap_time__type_support.h
[2.340s] -- Up-to-date: /home/razanhmede/session7_navigation_robot/session7_assignment_razan/install/navigation_robot_custom_interfaces/include/navigation_robot_custom_interfaces/navigation_robot_custom_interfaces/action/measure_lap_time.h
[2.341s] -- Up-to-date: /home/razanhmede/session7_navigation_robot/session7_assignment_razan/install/navigation_robot_custom_interfaces/include/navigation_robot_custom_interfaces/navigation_robot_custom_interfaces/srv
[2.341s] -- Up-to-date: /home/razanhmede/session7_navigation_robot/session7_assignment_razan/install/navigation_robot_custom_interfaces/include/navigation_robot_custom_interfaces/navigation_robot_custom_interfaces/srv/detail
[2.342s] -- Up-to-date: /home/razanhmede/session7_navigation_robot/session7_assignment_razan/install/navigation_robot_custom_interfaces/include/navigation_robot_custom_interfaces/navigation_robot_custom_interfaces/srv/detail/find_closest_wall__type_support.h
[2.342s] -- Up-to-date: /home/razanhmede/session7_navigation_robot/session7_assignment_razan/install/navigation_robot_custom_interfaces/include/navigation_robot_custom_interfaces/navigation_robot_custom_interfaces/srv/detail/find_closest_wall__functions.h
[2.342s] -- Up-to-date: /home/razanhmede/session7_navigation_robot/session7_assignment_razan/install/navigation_robot_custom_interfaces/include/navigation_robot_custom_interfaces/navigation_robot_custom_interfaces/srv/detail/find_closest_wall__struct.h
[2.345s] -- Up-to-date: /home/razanhmede/session7_navigation_robot/session7_assignment_razan/install/navigation_robot_custom_interfaces/include/navigation_robot_custom_interfaces/navigation_robot_custom_interfaces/srv/detail/find_closest_wall__functions.c
[2.346s] -- Up-to-date: /home/razanhmede/session7_navigation_robot/session7_assignment_razan/install/navigation_robot_custom_interfaces/include/navigation_robot_custom_interfaces/navigation_robot_custom_interfaces/srv/find_closest_wall.h
[2.347s] -- Up-to-date: /home/razanhmede/session7_navigation_robot/session7_assignment_razan/install/navigation_robot_custom_interfaces/include/navigation_robot_custom_interfaces/navigation_robot_custom_interfaces/msg
[2.347s] -- Up-to-date: /home/razanhmede/session7_navigation_robot/session7_assignment_razan/install/navigation_robot_custom_interfaces/include/navigation_robot_custom_interfaces/navigation_robot_custom_interfaces/msg/rosidl_generator_c__visibility_control.h
[2.347s] -- Up-to-date: /home/razanhmede/session7_navigation_robot/session7_assignment_razan/install/navigation_robot_custom_interfaces/share/navigation_robot_custom_interfaces/environment/library_path.sh
[2.347s] -- Up-to-date: /home/razanhmede/session7_navigation_robot/session7_assignment_razan/install/navigation_robot_custom_interfaces/share/navigation_robot_custom_interfaces/environment/library_path.dsv
[2.347s] -- Up-to-date: /home/razanhmede/session7_navigation_robot/session7_assignment_razan/install/navigation_robot_custom_interfaces/lib/libnavigation_robot_custom_interfaces__rosidl_generator_c.so
[2.347s] -- Up-to-date: /home/razanhmede/session7_navigation_robot/session7_assignment_razan/install/navigation_robot_custom_interfaces/include/navigation_robot_custom_interfaces/navigation_robot_custom_interfaces
[2.347s] -- Up-to-date: /home/razanhmede/session7_navigation_robot/session7_assignment_razan/install/navigation_robot_custom_interfaces/include/navigation_robot_custom_interfaces/navigation_robot_custom_interfaces/action
[2.348s] -- Up-to-date: /home/razanhmede/session7_navigation_robot/session7_assignment_razan/install/navigation_robot_custom_interfaces/include/navigation_robot_custom_interfaces/navigation_robot_custom_interfaces/action/detail
[2.348s] -- Up-to-date: /home/razanhmede/session7_navigation_robot/session7_assignment_razan/install/navigation_robot_custom_interfaces/include/navigation_robot_custom_interfaces/navigation_robot_custom_interfaces/action/detail/measure_lap_time__rosidl_typesupport_fastrtps_c.h
[2.348s] -- Up-to-date: /home/razanhmede/session7_navigation_robot/session7_assignment_razan/install/navigation_robot_custom_interfaces/include/navigation_robot_custom_interfaces/navigation_robot_custom_interfaces/srv
[2.348s] -- Up-to-date: /home/razanhmede/session7_navigation_robot/session7_assignment_razan/install/navigation_robot_custom_interfaces/include/navigation_robot_custom_interfaces/navigation_robot_custom_interfaces/srv/detail
[2.348s] -- Up-to-date: /home/razanhmede/session7_navigation_robot/session7_assignment_razan/install/navigation_robot_custom_interfaces/include/navigation_robot_custom_interfaces/navigation_robot_custom_interfaces/srv/detail/find_closest_wall__rosidl_typesupport_fastrtps_c.h
[2.348s] -- Up-to-date: /home/razanhmede/session7_navigation_robot/session7_assignment_razan/install/navigation_robot_custom_interfaces/include/navigation_robot_custom_interfaces/navigation_robot_custom_interfaces/msg
[2.348s] -- Up-to-date: /home/razanhmede/session7_navigation_robot/session7_assignment_razan/install/navigation_robot_custom_interfaces/include/navigation_robot_custom_interfaces/navigation_robot_custom_interfaces/msg/rosidl_typesupport_fastrtps_c__visibility_control.h
[2.348s] -- Up-to-date: /home/razanhmede/session7_navigation_robot/session7_assignment_razan/install/navigation_robot_custom_interfaces/lib/libnavigation_robot_custom_interfaces__rosidl_typesupport_fastrtps_c.so
[2.348s] -- Up-to-date: /home/razanhmede/session7_navigation_robot/session7_assignment_razan/install/navigation_robot_custom_interfaces/include/navigation_robot_custom_interfaces/navigation_robot_custom_interfaces
[2.348s] -- Up-to-date: /home/razanhmede/session7_navigation_robot/session7_assignment_razan/install/navigation_robot_custom_interfaces/include/navigation_robot_custom_interfaces/navigation_robot_custom_interfaces/action
[2.349s] -- Up-to-date: /home/razanhmede/session7_navigation_robot/session7_assignment_razan/install/navigation_robot_custom_interfaces/include/navigation_robot_custom_interfaces/navigation_robot_custom_interfaces/action/detail
[2.349s] -- Up-to-date: /home/razanhmede/session7_navigation_robot/session7_assignment_razan/install/navigation_robot_custom_interfaces/include/navigation_robot_custom_interfaces/navigation_robot_custom_interfaces/action/detail/measure_lap_time__traits.hpp
[2.349s] -- Up-to-date: /home/razanhmede/session7_navigation_robot/session7_assignment_razan/install/navigation_robot_custom_interfaces/include/navigation_robot_custom_interfaces/navigation_robot_custom_interfaces/action/detail/measure_lap_time__builder.hpp
[2.349s] -- Up-to-date: /home/razanhmede/session7_navigation_robot/session7_assignment_razan/install/navigation_robot_custom_interfaces/include/navigation_robot_custom_interfaces/navigation_robot_custom_interfaces/action/detail/measure_lap_time__struct.hpp
[2.349s] -- Up-to-date: /home/razanhmede/session7_navigation_robot/session7_assignment_razan/install/navigation_robot_custom_interfaces/include/navigation_robot_custom_interfaces/navigation_robot_custom_interfaces/action/measure_lap_time.hpp
[2.349s] -- Up-to-date: /home/razanhmede/session7_navigation_robot/session7_assignment_razan/install/navigation_robot_custom_interfaces/include/navigation_robot_custom_interfaces/navigation_robot_custom_interfaces/srv
[2.349s] -- Up-to-date: /home/razanhmede/session7_navigation_robot/session7_assignment_razan/install/navigation_robot_custom_interfaces/include/navigation_robot_custom_interfaces/navigation_robot_custom_interfaces/srv/detail
[2.349s] -- Up-to-date: /home/razanhmede/session7_navigation_robot/session7_assignment_razan/install/navigation_robot_custom_interfaces/include/navigation_robot_custom_interfaces/navigation_robot_custom_interfaces/srv/detail/find_closest_wall__builder.hpp
[2.349s] -- Up-to-date: /home/razanhmede/session7_navigation_robot/session7_assignment_razan/install/navigation_robot_custom_interfaces/include/navigation_robot_custom_interfaces/navigation_robot_custom_interfaces/srv/detail/find_closest_wall__struct.hpp
[2.349s] -- Up-to-date: /home/razanhmede/session7_navigation_robot/session7_assignment_razan/install/navigation_robot_custom_interfaces/include/navigation_robot_custom_interfaces/navigation_robot_custom_interfaces/srv/detail/find_closest_wall__traits.hpp
[2.349s] -- Up-to-date: /home/razanhmede/session7_navigation_robot/session7_assignment_razan/install/navigation_robot_custom_interfaces/include/navigation_robot_custom_interfaces/navigation_robot_custom_interfaces/srv/find_closest_wall.hpp
[2.350s] -- Up-to-date: /home/razanhmede/session7_navigation_robot/session7_assignment_razan/install/navigation_robot_custom_interfaces/include/navigation_robot_custom_interfaces/navigation_robot_custom_interfaces
[2.350s] -- Up-to-date: /home/razanhmede/session7_navigation_robot/session7_assignment_razan/install/navigation_robot_custom_interfaces/include/navigation_robot_custom_interfaces/navigation_robot_custom_interfaces/action
[2.350s] -- Up-to-date: /home/razanhmede/session7_navigation_robot/session7_assignment_razan/install/navigation_robot_custom_interfaces/include/navigation_robot_custom_interfaces/navigation_robot_custom_interfaces/action/detail
[2.350s] -- Up-to-date: /home/razanhmede/session7_navigation_robot/session7_assignment_razan/install/navigation_robot_custom_interfaces/include/navigation_robot_custom_interfaces/navigation_robot_custom_interfaces/action/detail/measure_lap_time__rosidl_typesupport_fastrtps_cpp.hpp
[2.350s] -- Up-to-date: /home/razanhmede/session7_navigation_robot/session7_assignment_razan/install/navigation_robot_custom_interfaces/include/navigation_robot_custom_interfaces/navigation_robot_custom_interfaces/action/detail/dds_fastrtps
[2.352s] -- Up-to-date: /home/razanhmede/session7_navigation_robot/session7_assignment_razan/install/navigation_robot_custom_interfaces/include/navigation_robot_custom_interfaces/navigation_robot_custom_interfaces/srv
[2.352s] -- Up-to-date: /home/razanhmede/session7_navigation_robot/session7_assignment_razan/install/navigation_robot_custom_interfaces/include/navigation_robot_custom_interfaces/navigation_robot_custom_interfaces/srv/detail
[2.352s] -- Up-to-date: /home/razanhmede/session7_navigation_robot/session7_assignment_razan/install/navigation_robot_custom_interfaces/include/navigation_robot_custom_interfaces/navigation_robot_custom_interfaces/srv/detail/dds_fastrtps
[2.352s] -- Up-to-date: /home/razanhmede/session7_navigation_robot/session7_assignment_razan/install/navigation_robot_custom_interfaces/include/navigation_robot_custom_interfaces/navigation_robot_custom_interfaces/srv/detail/find_closest_wall__rosidl_typesupport_fastrtps_cpp.hpp
[2.352s] -- Up-to-date: /home/razanhmede/session7_navigation_robot/session7_assignment_razan/install/navigation_robot_custom_interfaces/include/navigation_robot_custom_interfaces/navigation_robot_custom_interfaces/msg
[2.352s] -- Up-to-date: /home/razanhmede/session7_navigation_robot/session7_assignment_razan/install/navigation_robot_custom_interfaces/include/navigation_robot_custom_interfaces/navigation_robot_custom_interfaces/msg/rosidl_typesupport_fastrtps_cpp__visibility_control.h
[2.352s] -- Up-to-date: /home/razanhmede/session7_navigation_robot/session7_assignment_razan/install/navigation_robot_custom_interfaces/lib/libnavigation_robot_custom_interfaces__rosidl_typesupport_fastrtps_cpp.so
[2.352s] -- Up-to-date: /home/razanhmede/session7_navigation_robot/session7_assignment_razan/install/navigation_robot_custom_interfaces/include/navigation_robot_custom_interfaces/navigation_robot_custom_interfaces
[2.353s] -- Up-to-date: /home/razanhmede/session7_navigation_robot/session7_assignment_razan/install/navigation_robot_custom_interfaces/include/navigation_robot_custom_interfaces/navigation_robot_custom_interfaces/action
[2.353s] -- Up-to-date: /home/razanhmede/session7_navigation_robot/session7_assignment_razan/install/navigation_robot_custom_interfaces/include/navigation_robot_custom_interfaces/navigation_robot_custom_interfaces/action/detail
[2.353s] -- Up-to-date: /home/razanhmede/session7_navigation_robot/session7_assignment_razan/install/navigation_robot_custom_interfaces/include/navigation_robot_custom_interfaces/navigation_robot_custom_interfaces/action/detail/measure_lap_time__rosidl_typesupport_introspection_c.h
[2.354s] -- Up-to-date: /home/razanhmede/session7_navigation_robot/session7_assignment_razan/install/navigation_robot_custom_interfaces/include/navigation_robot_custom_interfaces/navigation_robot_custom_interfaces/action/detail/measure_lap_time__type_support.c
[2.354s] -- Up-to-date: /home/razanhmede/session7_navigation_robot/session7_assignment_razan/install/navigation_robot_custom_interfaces/include/navigation_robot_custom_interfaces/navigation_robot_custom_interfaces/srv
[2.354s] -- Up-to-date: /home/razanhmede/session7_navigation_robot/session7_assignment_razan/install/navigation_robot_custom_interfaces/include/navigation_robot_custom_interfaces/navigation_robot_custom_interfaces/srv/detail
[2.354s] -- Up-to-date: /home/razanhmede/session7_navigation_robot/session7_assignment_razan/install/navigation_robot_custom_interfaces/include/navigation_robot_custom_interfaces/navigation_robot_custom_interfaces/srv/detail/find_closest_wall__rosidl_typesupport_introspection_c.h
[2.354s] -- Up-to-date: /home/razanhmede/session7_navigation_robot/session7_assignment_razan/install/navigation_robot_custom_interfaces/include/navigation_robot_custom_interfaces/navigation_robot_custom_interfaces/srv/detail/find_closest_wall__type_support.c
[2.354s] -- Up-to-date: /home/razanhmede/session7_navigation_robot/session7_assignment_razan/install/navigation_robot_custom_interfaces/include/navigation_robot_custom_interfaces/navigation_robot_custom_interfaces/msg
[2.355s] -- Up-to-date: /home/razanhmede/session7_navigation_robot/session7_assignment_razan/install/navigation_robot_custom_interfaces/include/navigation_robot_custom_interfaces/navigation_robot_custom_interfaces/msg/rosidl_typesupport_introspection_c__visibility_control.h
[2.355s] -- Up-to-date: /home/razanhmede/session7_navigation_robot/session7_assignment_razan/install/navigation_robot_custom_interfaces/lib/libnavigation_robot_custom_interfaces__rosidl_typesupport_introspection_c.so
[2.355s] -- Up-to-date: /home/razanhmede/session7_navigation_robot/session7_assignment_razan/install/navigation_robot_custom_interfaces/lib/libnavigation_robot_custom_interfaces__rosidl_typesupport_c.so
[2.355s] -- Up-to-date: /home/razanhmede/session7_navigation_robot/session7_assignment_razan/install/navigation_robot_custom_interfaces/include/navigation_robot_custom_interfaces/navigation_robot_custom_interfaces
[2.355s] -- Up-to-date: /home/razanhmede/session7_navigation_robot/session7_assignment_razan/install/navigation_robot_custom_interfaces/include/navigation_robot_custom_interfaces/navigation_robot_custom_interfaces/action
[2.355s] -- Up-to-date: /home/razanhmede/session7_navigation_robot/session7_assignment_razan/install/navigation_robot_custom_interfaces/include/navigation_robot_custom_interfaces/navigation_robot_custom_interfaces/action/detail
[2.355s] -- Up-to-date: /home/razanhmede/session7_navigation_robot/session7_assignment_razan/install/navigation_robot_custom_interfaces/include/navigation_robot_custom_interfaces/navigation_robot_custom_interfaces/action/detail/measure_lap_time__type_support.cpp
[2.355s] -- Up-to-date: /home/razanhmede/session7_navigation_robot/session7_assignment_razan/install/navigation_robot_custom_interfaces/include/navigation_robot_custom_interfaces/navigation_robot_custom_interfaces/action/detail/measure_lap_time__rosidl_typesupport_introspection_cpp.hpp
[2.355s] -- Up-to-date: /home/razanhmede/session7_navigation_robot/session7_assignment_razan/install/navigation_robot_custom_interfaces/include/navigation_robot_custom_interfaces/navigation_robot_custom_interfaces/srv
[2.355s] -- Up-to-date: /home/razanhmede/session7_navigation_robot/session7_assignment_razan/install/navigation_robot_custom_interfaces/include/navigation_robot_custom_interfaces/navigation_robot_custom_interfaces/srv/detail
[2.355s] -- Up-to-date: /home/razanhmede/session7_navigation_robot/session7_assignment_razan/install/navigation_robot_custom_interfaces/include/navigation_robot_custom_interfaces/navigation_robot_custom_interfaces/srv/detail/find_closest_wall__type_support.cpp
[2.355s] -- Up-to-date: /home/razanhmede/session7_navigation_robot/session7_assignment_razan/install/navigation_robot_custom_interfaces/include/navigation_robot_custom_interfaces/navigation_robot_custom_interfaces/srv/detail/find_closest_wall__rosidl_typesupport_introspection_cpp.hpp
[2.356s] -- Up-to-date: /home/razanhmede/session7_navigation_robot/session7_assignment_razan/install/navigation_robot_custom_interfaces/lib/libnavigation_robot_custom_interfaces__rosidl_typesupport_introspection_cpp.so
[2.356s] -- Up-to-date: /home/razanhmede/session7_navigation_robot/session7_assignment_razan/install/navigation_robot_custom_interfaces/lib/libnavigation_robot_custom_interfaces__rosidl_typesupport_cpp.so
[2.356s] -- Up-to-date: /home/razanhmede/session7_navigation_robot/session7_assignment_razan/install/navigation_robot_custom_interfaces/share/navigation_robot_custom_interfaces/environment/pythonpath.sh
[2.356s] -- Up-to-date: /home/razanhmede/session7_navigation_robot/session7_assignment_razan/install/navigation_robot_custom_interfaces/share/navigation_robot_custom_interfaces/environment/pythonpath.dsv
[2.356s] -- Up-to-date: /home/razanhmede/session7_navigation_robot/session7_assignment_razan/install/navigation_robot_custom_interfaces/local/lib/python3.10/dist-packages/navigation_robot_custom_interfaces-0.0.0-py3.10.egg-info
[2.356s] -- Installing: /home/razanhmede/session7_navigation_robot/session7_assignment_razan/install/navigation_robot_custom_interfaces/local/lib/python3.10/dist-packages/navigation_robot_custom_interfaces-0.0.0-py3.10.egg-info/top_level.txt
[2.356s] -- Installing: /home/razanhmede/session7_navigation_robot/session7_assignment_razan/install/navigation_robot_custom_interfaces/local/lib/python3.10/dist-packages/navigation_robot_custom_interfaces-0.0.0-py3.10.egg-info/dependency_links.txt
[2.356s] -- Installing: /home/razanhmede/session7_navigation_robot/session7_assignment_razan/install/navigation_robot_custom_interfaces/local/lib/python3.10/dist-packages/navigation_robot_custom_interfaces-0.0.0-py3.10.egg-info/PKG-INFO
[2.356s] -- Installing: /home/razanhmede/session7_navigation_robot/session7_assignment_razan/install/navigation_robot_custom_interfaces/local/lib/python3.10/dist-packages/navigation_robot_custom_interfaces-0.0.0-py3.10.egg-info/SOURCES.txt
[2.356s] -- Up-to-date: /home/razanhmede/session7_navigation_robot/session7_assignment_razan/install/navigation_robot_custom_interfaces/local/lib/python3.10/dist-packages/navigation_robot_custom_interfaces
[2.357s] -- Up-to-date: /home/razanhmede/session7_navigation_robot/session7_assignment_razan/install/navigation_robot_custom_interfaces/local/lib/python3.10/dist-packages/navigation_robot_custom_interfaces/navigation_robot_custom_interfaces_s__rosidl_typesupport_c.cpython-310-x86_64-linux-gnu.so
[2.357s] -- Up-to-date: /home/razanhmede/session7_navigation_robot/session7_assignment_razan/install/navigation_robot_custom_interfaces/local/lib/python3.10/dist-packages/navigation_robot_custom_interfaces/navigation_robot_custom_interfaces_s__rosidl_typesupport_introspection_c.cpython-310-x86_64-linux-gnu.so
[2.357s] -- Up-to-date: /home/razanhmede/session7_navigation_robot/session7_assignment_razan/install/navigation_robot_custom_interfaces/local/lib/python3.10/dist-packages/navigation_robot_custom_interfaces/action
[2.357s] -- Up-to-date: /home/razanhmede/session7_navigation_robot/session7_assignment_razan/install/navigation_robot_custom_interfaces/local/lib/python3.10/dist-packages/navigation_robot_custom_interfaces/action/__init__.py
[2.357s] -- Up-to-date: /home/razanhmede/session7_navigation_robot/session7_assignment_razan/install/navigation_robot_custom_interfaces/local/lib/python3.10/dist-packages/navigation_robot_custom_interfaces/action/_measure_lap_time.py
[2.357s] -- Up-to-date: /home/razanhmede/session7_navigation_robot/session7_assignment_razan/install/navigation_robot_custom_interfaces/local/lib/python3.10/dist-packages/navigation_robot_custom_interfaces/action/_measure_lap_time_s.c
[2.358s] -- Up-to-date: /home/razanhmede/session7_navigation_robot/session7_assignment_razan/install/navigation_robot_custom_interfaces/local/lib/python3.10/dist-packages/navigation_robot_custom_interfaces/srv
[2.358s] -- Up-to-date: /home/razanhmede/session7_navigation_robot/session7_assignment_razan/install/navigation_robot_custom_interfaces/local/lib/python3.10/dist-packages/navigation_robot_custom_interfaces/srv/_find_closest_wall.py
[2.358s] -- Up-to-date: /home/razanhmede/session7_navigation_robot/session7_assignment_razan/install/navigation_robot_custom_interfaces/local/lib/python3.10/dist-packages/navigation_robot_custom_interfaces/srv/_find_closest_wall_s.c
[2.358s] -- Up-to-date: /home/razanhmede/session7_navigation_robot/session7_assignment_razan/install/navigation_robot_custom_interfaces/local/lib/python3.10/dist-packages/navigation_robot_custom_interfaces/srv/__init__.py
[2.358s] -- Up-to-date: /home/razanhmede/session7_navigation_robot/session7_assignment_razan/install/navigation_robot_custom_interfaces/local/lib/python3.10/dist-packages/navigation_robot_custom_interfaces/_navigation_robot_custom_interfaces_s.ep.rosidl_typesupport_fastrtps_c.c
[2.358s] -- Up-to-date: /home/razanhmede/session7_navigation_robot/session7_assignment_razan/install/navigation_robot_custom_interfaces/local/lib/python3.10/dist-packages/navigation_robot_custom_interfaces/navigation_robot_custom_interfaces_s__rosidl_typesupport_fastrtps_c.cpython-310-x86_64-linux-gnu.so
[2.358s] -- Up-to-date: /home/razanhmede/session7_navigation_robot/session7_assignment_razan/install/navigation_robot_custom_interfaces/local/lib/python3.10/dist-packages/navigation_robot_custom_interfaces/__init__.py
[2.358s] -- Up-to-date: /home/razanhmede/session7_navigation_robot/session7_assignment_razan/install/navigation_robot_custom_interfaces/local/lib/python3.10/dist-packages/navigation_robot_custom_interfaces/_navigation_robot_custom_interfaces_s.ep.rosidl_typesupport_introspection_c.c
[2.359s] -- Up-to-date: /home/razanhmede/session7_navigation_robot/session7_assignment_razan/install/navigation_robot_custom_interfaces/local/lib/python3.10/dist-packages/navigation_robot_custom_interfaces/libnavigation_robot_custom_interfaces__rosidl_generator_py.so
[2.359s] -- Up-to-date: /home/razanhmede/session7_navigation_robot/session7_assignment_razan/install/navigation_robot_custom_interfaces/local/lib/python3.10/dist-packages/navigation_robot_custom_interfaces/_navigation_robot_custom_interfaces_s.ep.rosidl_typesupport_c.c
[2.426s] Listing '/home/razanhmede/session7_navigation_robot/session7_assignment_razan/install/navigation_robot_custom_interfaces/local/lib/python3.10/dist-packages/navigation_robot_custom_interfaces'...
[2.426s] Listing '/home/razanhmede/session7_navigation_robot/session7_assignment_razan/install/navigation_robot_custom_interfaces/local/lib/python3.10/dist-packages/navigation_robot_custom_interfaces/action'...
[2.426s] Listing '/home/razanhmede/session7_navigation_robot/session7_assignment_razan/install/navigation_robot_custom_interfaces/local/lib/python3.10/dist-packages/navigation_robot_custom_interfaces/srv'...
[2.445s] -- Up-to-date: /home/razanhmede/session7_navigation_robot/session7_assignment_razan/install/navigation_robot_custom_interfaces/local/lib/python3.10/dist-packages/navigation_robot_custom_interfaces/navigation_robot_custom_interfaces_s__rosidl_typesupport_fastrtps_c.cpython-310-x86_64-linux-gnu.so
[2.446s] -- Up-to-date: /home/razanhmede/session7_navigation_robot/session7_assignment_razan/install/navigation_robot_custom_interfaces/local/lib/python3.10/dist-packages/navigation_robot_custom_interfaces/navigation_robot_custom_interfaces_s__rosidl_typesupport_introspection_c.cpython-310-x86_64-linux-gnu.so
[2.446s] -- Up-to-date: /home/razanhmede/session7_navigation_robot/session7_assignment_razan/install/navigation_robot_custom_interfaces/local/lib/python3.10/dist-packages/navigation_robot_custom_interfaces/navigation_robot_custom_interfaces_s__rosidl_typesupport_c.cpython-310-x86_64-linux-gnu.so
[2.446s] -- Up-to-date: /home/razanhmede/session7_navigation_robot/session7_assignment_razan/install/navigation_robot_custom_interfaces/lib/libnavigation_robot_custom_interfaces__rosidl_generator_py.so
[2.446s] -- Up-to-date: /home/razanhmede/session7_navigation_robot/session7_assignment_razan/install/navigation_robot_custom_interfaces/share/navigation_robot_custom_interfaces/srv/FindClosestWall.idl
[2.446s] -- Up-to-date: /home/razanhmede/session7_navigation_robot/session7_assignment_razan/install/navigation_robot_custom_interfaces/share/navigation_robot_custom_interfaces/action/MeasureLapTime.idl
[2.446s] -- Up-to-date: /home/razanhmede/session7_navigation_robot/session7_assignment_razan/install/navigation_robot_custom_interfaces/share/navigation_robot_custom_interfaces/srv/FindClosestWall.srv
[2.446s] -- Up-to-date: /home/razanhmede/session7_navigation_robot/session7_assignment_razan/install/navigation_robot_custom_interfaces/share/navigation_robot_custom_interfaces/srv/FindClosestWall_Request.msg
[2.446s] -- Up-to-date: /home/razanhmede/session7_navigation_robot/session7_assignment_razan/install/navigation_robot_custom_interfaces/share/navigation_robot_custom_interfaces/srv/FindClosestWall_Response.msg
[2.447s] -- Up-to-date: /home/razanhmede/session7_navigation_robot/session7_assignment_razan/install/navigation_robot_custom_interfaces/share/navigation_robot_custom_interfaces/action/MeasureLapTime.action
[2.447s] -- Up-to-date: /home/razanhmede/session7_navigation_robot/session7_assignment_razan/install/navigation_robot_custom_interfaces/share/ament_index/resource_index/package_run_dependencies/navigation_robot_custom_interfaces
[2.447s] -- Up-to-date: /home/razanhmede/session7_navigation_robot/session7_assignment_razan/install/navigation_robot_custom_interfaces/share/ament_index/resource_index/parent_prefix_path/navigation_robot_custom_interfaces
[2.447s] -- Up-to-date: /home/razanhmede/session7_navigation_robot/session7_assignment_razan/install/navigation_robot_custom_interfaces/share/navigation_robot_custom_interfaces/environment/ament_prefix_path.sh
[2.447s] -- Up-to-date: /home/razanhmede/session7_navigation_robot/session7_assignment_razan/install/navigation_robot_custom_interfaces/share/navigation_robot_custom_interfaces/environment/ament_prefix_path.dsv
[2.447s] -- Up-to-date: /home/razanhmede/session7_navigation_robot/session7_assignment_razan/install/navigation_robot_custom_interfaces/share/navigation_robot_custom_interfaces/environment/path.sh
[2.448s] -- Up-to-date: /home/razanhmede/session7_navigation_robot/session7_assignment_razan/install/navigation_robot_custom_interfaces/share/navigation_robot_custom_interfaces/environment/path.dsv
[2.448s] -- Up-to-date: /home/razanhmede/session7_navigation_robot/session7_assignment_razan/install/navigation_robot_custom_interfaces/share/navigation_robot_custom_interfaces/local_setup.bash
[2.448s] -- Up-to-date: /home/razanhmede/session7_navigation_robot/session7_assignment_razan/install/navigation_robot_custom_interfaces/share/navigation_robot_custom_interfaces/local_setup.sh
[2.448s] -- Up-to-date: /home/razanhmede/session7_navigation_robot/session7_assignment_razan/install/navigation_robot_custom_interfaces/share/navigation_robot_custom_interfaces/local_setup.zsh
[2.448s] -- Up-to-date: /home/razanhmede/session7_navigation_robot/session7_assignment_razan/install/navigation_robot_custom_interfaces/share/navigation_robot_custom_interfaces/local_setup.dsv
[2.448s] -- Installing: /home/razanhmede/session7_navigation_robot/session7_assignment_razan/install/navigation_robot_custom_interfaces/share/navigation_robot_custom_interfaces/package.dsv
[2.448s] -- Up-to-date: /home/razanhmede/session7_navigation_robot/session7_assignment_razan/install/navigation_robot_custom_interfaces/share/ament_index/resource_index/packages/navigation_robot_custom_interfaces
[2.448s] -- Up-to-date: /home/razanhmede/session7_navigation_robot/session7_assignment_razan/install/navigation_robot_custom_interfaces/share/navigation_robot_custom_interfaces/cmake/export_navigation_robot_custom_interfaces__rosidl_generator_cExport.cmake
[2.448s] -- Up-to-date: /home/razanhmede/session7_navigation_robot/session7_assignment_razan/install/navigation_robot_custom_interfaces/share/navigation_robot_custom_interfaces/cmake/export_navigation_robot_custom_interfaces__rosidl_generator_cExport-noconfig.cmake
[2.449s] -- Up-to-date: /home/razanhmede/session7_navigation_robot/session7_assignment_razan/install/navigation_robot_custom_interfaces/share/navigation_robot_custom_interfaces/cmake/export_navigation_robot_custom_interfaces__rosidl_typesupport_fastrtps_cExport.cmake
[2.449s] -- Up-to-date: /home/razanhmede/session7_navigation_robot/session7_assignment_razan/install/navigation_robot_custom_interfaces/share/navigation_robot_custom_interfaces/cmake/export_navigation_robot_custom_interfaces__rosidl_typesupport_fastrtps_cExport-noconfig.cmake
[2.449s] -- Up-to-date: /home/razanhmede/session7_navigation_robot/session7_assignment_razan/install/navigation_robot_custom_interfaces/share/navigation_robot_custom_interfaces/cmake/export_navigation_robot_custom_interfaces__rosidl_generator_cppExport.cmake
[2.449s] -- Up-to-date: /home/razanhmede/session7_navigation_robot/session7_assignment_razan/install/navigation_robot_custom_interfaces/share/navigation_robot_custom_interfaces/cmake/export_navigation_robot_custom_interfaces__rosidl_typesupport_fastrtps_cppExport.cmake
[2.449s] -- Up-to-date: /home/razanhmede/session7_navigation_robot/session7_assignment_razan/install/navigation_robot_custom_interfaces/share/navigation_robot_custom_interfaces/cmake/export_navigation_robot_custom_interfaces__rosidl_typesupport_fastrtps_cppExport-noconfig.cmake
[2.449s] -- Up-to-date: /home/razanhmede/session7_navigation_robot/session7_assignment_razan/install/navigation_robot_custom_interfaces/share/navigation_robot_custom_interfaces/cmake/navigation_robot_custom_interfaces__rosidl_typesupport_introspection_cExport.cmake
[2.449s] -- Up-to-date: /home/razanhmede/session7_navigation_robot/session7_assignment_razan/install/navigation_robot_custom_interfaces/share/navigation_robot_custom_interfaces/cmake/navigation_robot_custom_interfaces__rosidl_typesupport_introspection_cExport-noconfig.cmake
[2.450s] -- Up-to-date: /home/razanhmede/session7_navigation_robot/session7_assignment_razan/install/navigation_robot_custom_interfaces/share/navigation_robot_custom_interfaces/cmake/navigation_robot_custom_interfaces__rosidl_typesupport_cExport.cmake
[2.450s] -- Up-to-date: /home/razanhmede/session7_navigation_robot/session7_assignment_razan/install/navigation_robot_custom_interfaces/share/navigation_robot_custom_interfaces/cmake/navigation_robot_custom_interfaces__rosidl_typesupport_cExport-noconfig.cmake
[2.450s] -- Up-to-date: /home/razanhmede/session7_navigation_robot/session7_assignment_razan/install/navigation_robot_custom_interfaces/share/navigation_robot_custom_interfaces/cmake/navigation_robot_custom_interfaces__rosidl_typesupport_introspection_cppExport.cmake
[2.450s] -- Up-to-date: /home/razanhmede/session7_navigation_robot/session7_assignment_razan/install/navigation_robot_custom_interfaces/share/navigation_robot_custom_interfaces/cmake/navigation_robot_custom_interfaces__rosidl_typesupport_introspection_cppExport-noconfig.cmake
[2.450s] -- Up-to-date: /home/razanhmede/session7_navigation_robot/session7_assignment_razan/install/navigation_robot_custom_interfaces/share/navigation_robot_custom_interfaces/cmake/navigation_robot_custom_interfaces__rosidl_typesupport_cppExport.cmake
[2.450s] -- Up-to-date: /home/razanhmede/session7_navigation_robot/session7_assignment_razan/install/navigation_robot_custom_interfaces/share/navigation_robot_custom_interfaces/cmake/navigation_robot_custom_interfaces__rosidl_typesupport_cppExport-noconfig.cmake
[2.450s] -- Up-to-date: /home/razanhmede/session7_navigation_robot/session7_assignment_razan/install/navigation_robot_custom_interfaces/share/navigation_robot_custom_interfaces/cmake/export_navigation_robot_custom_interfaces__rosidl_generator_pyExport.cmake
[2.450s] -- Up-to-date: /home/razanhmede/session7_navigation_robot/session7_assignment_razan/install/navigation_robot_custom_interfaces/share/navigation_robot_custom_interfaces/cmake/export_navigation_robot_custom_interfaces__rosidl_generator_pyExport-noconfig.cmake
[2.451s] -- Up-to-date: /home/razanhmede/session7_navigation_robot/session7_assignment_razan/install/navigation_robot_custom_interfaces/share/navigation_robot_custom_interfaces/cmake/rosidl_cmake-extras.cmake
[2.451s] -- Up-to-date: /home/razanhmede/session7_navigation_robot/session7_assignment_razan/install/navigation_robot_custom_interfaces/share/navigation_robot_custom_interfaces/cmake/ament_cmake_export_dependencies-extras.cmake
[2.455s] -- Up-to-date: /home/razanhmede/session7_navigation_robot/session7_assignment_razan/install/navigation_robot_custom_interfaces/share/navigation_robot_custom_interfaces/cmake/ament_cmake_export_include_directories-extras.cmake
[2.455s] -- Up-to-date: /home/razanhmede/session7_navigation_robot/session7_assignment_razan/install/navigation_robot_custom_interfaces/share/navigation_robot_custom_interfaces/cmake/ament_cmake_export_libraries-extras.cmake
[2.455s] -- Up-to-date: /home/razanhmede/session7_navigation_robot/session7_assignment_razan/install/navigation_robot_custom_interfaces/share/navigation_robot_custom_interfaces/cmake/ament_cmake_export_targets-extras.cmake
[2.455s] -- Up-to-date: /home/razanhmede/session7_navigation_robot/session7_assignment_razan/install/navigation_robot_custom_interfaces/share/navigation_robot_custom_interfaces/cmake/rosidl_cmake_export_typesupport_targets-extras.cmake
[2.455s] -- Up-to-date: /home/razanhmede/session7_navigation_robot/session7_assignment_razan/install/navigation_robot_custom_interfaces/share/navigation_robot_custom_interfaces/cmake/rosidl_cmake_export_typesupport_libraries-extras.cmake
[2.455s] -- Up-to-date: /home/razanhmede/session7_navigation_robot/session7_assignment_razan/install/navigation_robot_custom_interfaces/share/navigation_robot_custom_interfaces/cmake/navigation_robot_custom_interfacesConfig.cmake
[2.455s] -- Up-to-date: /home/razanhmede/session7_navigation_robot/session7_assignment_razan/install/navigation_robot_custom_interfaces/share/navigation_robot_custom_interfaces/cmake/navigation_robot_custom_interfacesConfig-version.cmake
[2.456s] -- Up-to-date: /home/razanhmede/session7_navigation_robot/session7_assignment_razan/install/navigation_robot_custom_interfaces/share/navigation_robot_custom_interfaces/package.xml
[2.456s] Invoked command in '/home/razanhmede/session7_navigation_robot/session7_assignment_razan/build/navigation_robot_custom_interfaces' returned '0': CMAKE_PREFIX_PATH=${CMAKE_PREFIX_PATH}:/home/razanhmede/session7_navigation_robot/session7_assignment_razan/install/session7_turtlebot3_robot:/opt/ros/humble /usr/bin/cmake --install /home/razanhmede/session7_navigation_robot/session7_assignment_razan/build/navigation_robot_custom_interfaces
