[1.239s] Invoking command in '/home/razanhmede/session7_navigation_robot/session7_assignment_razan/src/session7_turtlebot3_robot': PYTHONPATH=/home/razanhmede/session7_navigation_robot/session7_assignment_razan/build/session7_turtlebot3_robot/prefix_override:/usr/lib/python3/dist-packages/colcon_core/task/python/colcon_distutils_commands:/home/razanhmede/session7_navigation_robot/session7_assignment_razan/install/session7_turtlebot3_robot/lib/python3.10/site-packages:${PYTHONPATH} /usr/bin/python3 -W ignore:setup.py install is deprecated setup.py egg_info --egg-base ../../build/session7_turtlebot3_robot build --build-base /home/razanhmede/session7_navigation_robot/session7_assignment_razan/build/session7_turtlebot3_robot/build install --record /home/razanhmede/session7_navigation_robot/session7_assignment_razan/build/session7_turtlebot3_robot/install.log --single-version-externally-managed install_data
[1.656s] running egg_info
[1.659s] writing ../../build/session7_turtlebot3_robot/session7_turtlebot3_robot.egg-info/PKG-INFO
[1.661s] writing dependency_links to ../../build/session7_turtlebot3_robot/session7_turtlebot3_robot.egg-info/dependency_links.txt
[1.663s] writing entry points to ../../build/session7_turtlebot3_robot/session7_turtlebot3_robot.egg-info/entry_points.txt
[1.665s] writing requirements to ../../build/session7_turtlebot3_robot/session7_turtlebot3_robot.egg-info/requires.txt
[1.667s] writing top-level names to ../../build/session7_turtlebot3_robot/session7_turtlebot3_robot.egg-info/top_level.txt
[1.672s] reading manifest file '../../build/session7_turtlebot3_robot/session7_turtlebot3_robot.egg-info/SOURCES.txt'
[1.676s] writing manifest file '../../build/session7_turtlebot3_robot/session7_turtlebot3_robot.egg-info/SOURCES.txt'
[1.678s] running build
[1.678s] running build_py
[1.680s] copying session7_turtlebot3_robot/lap_time_action_server.py -> /home/razanhmede/session7_navigation_robot/session7_assignment_razan/build/session7_turtlebot3_robot/build/lib/session7_turtlebot3_robot
[1.684s] running install
[1.685s] running install_lib
[1.687s] copying /home/razanhmede/session7_navigation_robot/session7_assignment_razan/build/session7_turtlebot3_robot/build/lib/session7_turtlebot3_robot/lap_time_action_server.py -> /home/razanhmede/session7_navigation_robot/session7_assignment_razan/install/session7_turtlebot3_robot/lib/python3.10/site-packages/session7_turtlebot3_robot
[1.689s] byte-compiling /home/razanhmede/session7_navigation_robot/session7_assignment_razan/install/session7_turtlebot3_robot/lib/python3.10/site-packages/session7_turtlebot3_robot/lap_time_action_server.py to lap_time_action_server.cpython-310.pyc
[1.691s] running install_data
[1.692s] running install_egg_info
[1.695s] removing '/home/razanhmede/session7_navigation_robot/session7_assignment_razan/install/session7_turtlebot3_robot/lib/python3.10/site-packages/session7_turtlebot3_robot-0.0.0-py3.10.egg-info' (and everything under it)
[1.696s] Copying ../../build/session7_turtlebot3_robot/session7_turtlebot3_robot.egg-info to /home/razanhmede/session7_navigation_robot/session7_assignment_razan/install/session7_turtlebot3_robot/lib/python3.10/site-packages/session7_turtlebot3_robot-0.0.0-py3.10.egg-info
[1.698s] running install_scripts
[1.731s] Installing lap_time_action_client script to /home/razanhmede/session7_navigation_robot/session7_assignment_razan/install/session7_turtlebot3_robot/lib/session7_turtlebot3_robot
[1.734s] Installing lap_time_action_server script to /home/razanhmede/session7_navigation_robot/session7_assignment_razan/install/session7_turtlebot3_robot/lib/session7_turtlebot3_robot
[1.736s] Installing robot_driver script to /home/razanhmede/session7_navigation_robot/session7_assignment_razan/install/session7_turtlebot3_robot/lib/session7_turtlebot3_robot
[1.737s] Installing wall_finder_service_server script to /home/razanhmede/session7_navigation_robot/session7_assignment_razan/install/session7_turtlebot3_robot/lib/session7_turtlebot3_robot
[1.739s] writing list of installed files to '/home/razanhmede/session7_navigation_robot/session7_assignment_razan/build/session7_turtlebot3_robot/install.log'
[1.788s] Invoked command in '/home/razanhmede/session7_navigation_robot/session7_assignment_razan/src/session7_turtlebot3_robot' returned '0': PYTHONPATH=/home/razanhmede/session7_navigation_robot/session7_assignment_razan/build/session7_turtlebot3_robot/prefix_override:/usr/lib/python3/dist-packages/colcon_core/task/python/colcon_distutils_commands:/home/razanhmede/session7_navigation_robot/session7_assignment_razan/install/session7_turtlebot3_robot/lib/python3.10/site-packages:${PYTHONPATH} /usr/bin/python3 -W ignore:setup.py install is deprecated setup.py egg_info --egg-base ../../build/session7_turtlebot3_robot build --build-base /home/razanhmede/session7_navigation_robot/session7_assignment_razan/build/session7_turtlebot3_robot/build install --record /home/razanhmede/session7_navigation_robot/session7_assignment_razan/build/session7_turtlebot3_robot/install.log --single-version-externally-managed install_data
